[32m[I 2022-06-22 19:18:57,403][0m A new study created in memory with name: no-name-281f0553-89ad-4fde-ba51-3850a05e9b99[0m
/home/erussek/.conda/envs/pDL/lib/python3.8/site-packages/optuna/distributions.py:560: UserWarning: The distribution is specified by [2, 200] and step=5, but the range is not divisible by `step`. It will be replaced by [2, 197].
  warnings.warn(
[32m[I 2022-06-22 19:21:12,109][0m Trial 0 finished with value: 5.031781962029302 and parameters: {'hidden_size': 192, 'lr': 0.0009701952576133487}. Best is trial 0 with value: 5.031781962029302.[0m
/home/erussek/.conda/envs/pDL/lib/python3.8/site-packages/optuna/distributions.py:560: UserWarning: The distribution is specified by [2, 200] and step=5, but the range is not divisible by `step`. It will be replaced by [2, 197].
  warnings.warn(
[32m[I 2022-06-22 19:23:05,405][0m Trial 1 finished with value: 5.095003155221097 and parameters: {'hidden_size': 92, 'lr': 0.00022334498245959309}. Best is trial 0 with value: 5.031781962029302.[0m
/home/erussek/.conda/envs/pDL/lib/python3.8/site-packages/optuna/distributions.py:560: UserWarning: The distribution is specified by [2, 200] and step=5, but the range is not divisible by `step`. It will be replaced by [2, 197].
  warnings.warn(
[32m[I 2022-06-22 19:24:59,770][0m Trial 2 finished with value: 4.98767579593976 and parameters: {'hidden_size': 97, 'lr': 0.0020474347732184926}. Best is trial 2 with value: 4.98767579593976.[0m
/home/erussek/.conda/envs/pDL/lib/python3.8/site-packages/optuna/distributions.py:560: UserWarning: The distribution is specified by [2, 200] and step=5, but the range is not divisible by `step`. It will be replaced by [2, 197].
  warnings.warn(
[32m[I 2022-06-22 19:26:53,090][0m Trial 3 finished with value: 5.082475811433853 and parameters: {'hidden_size': 92, 'lr': 0.0002841825250162934}. Best is trial 2 with value: 4.98767579593976.[0m
/home/erussek/.conda/envs/pDL/lib/python3.8/site-packages/optuna/distributions.py:560: UserWarning: The distribution is specified by [2, 200] and step=5, but the range is not divisible by `step`. It will be replaced by [2, 197].
  warnings.warn(
[32m[I 2022-06-22 19:28:55,059][0m Trial 4 finished with value: 5.067934071895561 and parameters: {'hidden_size': 147, 'lr': 0.00030235458253490563}. Best is trial 2 with value: 4.98767579593976.[0m
/home/erussek/.conda/envs/pDL/lib/python3.8/site-packages/optuna/distributions.py:560: UserWarning: The distribution is specified by [2, 200] and step=5, but the range is not divisible by `step`. It will be replaced by [2, 197].
  warnings.warn(
[32m[I 2022-06-22 19:30:59,096][0m Trial 5 finished with value: 5.04810312363616 and parameters: {'hidden_size': 187, 'lr': 0.0007922177343305686}. Best is trial 2 with value: 4.98767579593976.[0m
/home/erussek/.conda/envs/pDL/lib/python3.8/site-packages/optuna/distributions.py:560: UserWarning: The distribution is specified by [2, 200] and step=5, but the range is not divisible by `step`. It will be replaced by [2, 197].
  warnings.warn(
[32m[I 2022-06-22 19:33:03,633][0m Trial 6 finished with value: 5.031231761856359 and parameters: {'hidden_size': 197, 'lr': 0.0007209141129247569}. Best is trial 2 with value: 4.98767579593976.[0m
/home/erussek/.conda/envs/pDL/lib/python3.8/site-packages/optuna/distributions.py:560: UserWarning: The distribution is specified by [2, 200] and step=5, but the range is not divisible by `step`. It will be replaced by [2, 197].
  warnings.warn(
[32m[I 2022-06-22 19:35:04,751][0m Trial 7 finished with value: 5.039214550189569 and parameters: {'hidden_size': 137, 'lr': 0.0059338581505470195}. Best is trial 2 with value: 4.98767579593976.[0m
/home/erussek/.conda/envs/pDL/lib/python3.8/site-packages/optuna/distributions.py:560: UserWarning: The distribution is specified by [2, 200] and step=5, but the range is not divisible by `step`. It will be replaced by [2, 197].
  warnings.warn(
[32m[I 2022-06-22 19:36:57,973][0m Trial 8 finished with value: 5.012091927392534 and parameters: {'hidden_size': 92, 'lr': 0.0012014746258611174}. Best is trial 2 with value: 4.98767579593976.[0m
/home/erussek/.conda/envs/pDL/lib/python3.8/site-packages/optuna/distributions.py:560: UserWarning: The distribution is specified by [2, 200] and step=5, but the range is not divisible by `step`. It will be replaced by [2, 197].
  warnings.warn(
[32m[I 2022-06-22 19:38:52,092][0m Trial 9 finished with value: 5.135788204613477 and parameters: {'hidden_size': 72, 'lr': 0.00022921376398241577}. Best is trial 2 with value: 4.98767579593976.[0m
/home/erussek/.conda/envs/pDL/lib/python3.8/site-packages/optuna/distributions.py:560: UserWarning: The distribution is specified by [2, 200] and step=5, but the range is not divisible by `step`. It will be replaced by [2, 197].
  warnings.warn(
[32m[I 2022-06-22 19:40:44,961][0m Trial 10 finished with value: 5.171900945077632 and parameters: {'hidden_size': 2, 'lr': 0.005134312586995304}. Best is trial 2 with value: 4.98767579593976.[0m
/home/erussek/.conda/envs/pDL/lib/python3.8/site-packages/optuna/distributions.py:560: UserWarning: The distribution is specified by [2, 200] and step=5, but the range is not divisible by `step`. It will be replaced by [2, 197].
  warnings.warn(
[32m[I 2022-06-22 19:42:38,607][0m Trial 11 finished with value: 5.0339916188188765 and parameters: {'hidden_size': 47, 'lr': 0.0026743999031662575}. Best is trial 2 with value: 4.98767579593976.[0m
/home/erussek/.conda/envs/pDL/lib/python3.8/site-packages/optuna/distributions.py:560: UserWarning: The distribution is specified by [2, 200] and step=5, but the range is not divisible by `step`. It will be replaced by [2, 197].
  warnings.warn(
[32m[I 2022-06-22 19:44:34,621][0m Trial 12 finished with value: 4.983880966443869 and parameters: {'hidden_size': 122, 'lr': 0.002197679185112924}. Best is trial 12 with value: 4.983880966443869.[0m
/home/erussek/.conda/envs/pDL/lib/python3.8/site-packages/optuna/distributions.py:560: UserWarning: The distribution is specified by [2, 200] and step=5, but the range is not divisible by `step`. It will be replaced by [2, 197].
  warnings.warn(
[32m[I 2022-06-22 19:46:34,689][0m Trial 13 finished with value: 4.999745343657981 and parameters: {'hidden_size': 132, 'lr': 0.002218977211973949}. Best is trial 12 with value: 4.983880966443869.[0m
/home/erussek/.conda/envs/pDL/lib/python3.8/site-packages/optuna/distributions.py:560: UserWarning: The distribution is specified by [2, 200] and step=5, but the range is not divisible by `step`. It will be replaced by [2, 197].
  warnings.warn(
[32m[I 2022-06-22 19:48:26,313][0m Trial 14 finished with value: 5.005958155236384 and parameters: {'hidden_size': 52, 'lr': 0.002659825692519054}. Best is trial 12 with value: 4.983880966443869.[0m
/home/erussek/.conda/envs/pDL/lib/python3.8/site-packages/optuna/distributions.py:560: UserWarning: The distribution is specified by [2, 200] and step=5, but the range is not divisible by `step`. It will be replaced by [2, 197].
  warnings.warn(
[32m[I 2022-06-22 19:50:22,201][0m Trial 15 finished with value: 5.017122901279704 and parameters: {'hidden_size': 122, 'lr': 0.008116534665939921}. Best is trial 12 with value: 4.983880966443869.[0m
/home/erussek/.conda/envs/pDL/lib/python3.8/site-packages/optuna/distributions.py:560: UserWarning: The distribution is specified by [2, 200] and step=5, but the range is not divisible by `step`. It will be replaced by [2, 197].
  warnings.warn(
[32m[I 2022-06-22 19:52:22,277][0m Trial 16 finished with value: 5.012182048127226 and parameters: {'hidden_size': 152, 'lr': 0.0018480471258421234}. Best is trial 12 with value: 4.983880966443869.[0m
/home/erussek/.conda/envs/pDL/lib/python3.8/site-packages/optuna/distributions.py:560: UserWarning: The distribution is specified by [2, 200] and step=5, but the range is not divisible by `step`. It will be replaced by [2, 197].
  warnings.warn(
[32m[I 2022-06-22 19:54:18,466][0m Trial 17 finished with value: 5.140607106242991 and parameters: {'hidden_size': 117, 'lr': 0.00012057947663424264}. Best is trial 12 with value: 4.983880966443869.[0m
/home/erussek/.conda/envs/pDL/lib/python3.8/site-packages/optuna/distributions.py:560: UserWarning: The distribution is specified by [2, 200] and step=5, but the range is not divisible by `step`. It will be replaced by [2, 197].
  warnings.warn(
[32m[I 2022-06-22 19:56:21,072][0m Trial 18 finished with value: 4.993790578559785 and parameters: {'hidden_size': 167, 'lr': 0.00453607543420681}. Best is trial 12 with value: 4.983880966443869.[0m
/home/erussek/.conda/envs/pDL/lib/python3.8/site-packages/optuna/distributions.py:560: UserWarning: The distribution is specified by [2, 200] and step=5, but the range is not divisible by `step`. It will be replaced by [2, 197].
  warnings.warn(
[32m[I 2022-06-22 19:58:14,529][0m Trial 19 finished with value: 5.071481461790551 and parameters: {'hidden_size': 62, 'lr': 0.0005204725908073729}. Best is trial 12 with value: 4.983880966443869.[0m
/home/erussek/.conda/envs/pDL/lib/python3.8/site-packages/optuna/distributions.py:560: UserWarning: The distribution is specified by [2, 200] and step=5, but the range is not divisible by `step`. It will be replaced by [2, 197].
  warnings.warn(
[32m[I 2022-06-22 20:00:12,121][0m Trial 20 finished with value: 5.001105985285836 and parameters: {'hidden_size': 112, 'lr': 0.0013491736249688735}. Best is trial 12 with value: 4.983880966443869.[0m
/home/erussek/.conda/envs/pDL/lib/python3.8/site-packages/optuna/distributions.py:560: UserWarning: The distribution is specified by [2, 200] and step=5, but the range is not divisible by `step`. It will be replaced by [2, 197].
  warnings.warn(
[32m[I 2022-06-22 20:02:14,596][0m Trial 21 finished with value: 5.006824526225101 and parameters: {'hidden_size': 167, 'lr': 0.004106575630004762}. Best is trial 12 with value: 4.983880966443869.[0m
/home/erussek/.conda/envs/pDL/lib/python3.8/site-packages/optuna/distributions.py:560: UserWarning: The distribution is specified by [2, 200] and step=5, but the range is not divisible by `step`. It will be replaced by [2, 197].
  warnings.warn(
[32m[I 2022-06-22 20:04:15,188][0m Trial 22 finished with value: 5.068110723043679 and parameters: {'hidden_size': 172, 'lr': 0.009794779527781837}. Best is trial 12 with value: 4.983880966443869.[0m
/home/erussek/.conda/envs/pDL/lib/python3.8/site-packages/optuna/distributions.py:560: UserWarning: The distribution is specified by [2, 200] and step=5, but the range is not divisible by `step`. It will be replaced by [2, 197].
  warnings.warn(
[32m[I 2022-06-22 20:06:18,086][0m Trial 23 finished with value: 5.031555085649258 and parameters: {'hidden_size': 162, 'lr': 0.0040921801655457385}. Best is trial 12 with value: 4.983880966443869.[0m
/home/erussek/.conda/envs/pDL/lib/python3.8/site-packages/optuna/distributions.py:560: UserWarning: The distribution is specified by [2, 200] and step=5, but the range is not divisible by `step`. It will be replaced by [2, 197].
  warnings.warn(
[32m[I 2022-06-22 20:08:11,927][0m Trial 24 finished with value: 4.998817368750383 and parameters: {'hidden_size': 77, 'lr': 0.0033183289150565554}. Best is trial 12 with value: 4.983880966443869.[0m
/home/erussek/.conda/envs/pDL/lib/python3.8/site-packages/optuna/distributions.py:560: UserWarning: The distribution is specified by [2, 200] and step=5, but the range is not divisible by `step`. It will be replaced by [2, 197].
  warnings.warn(
[32m[I 2022-06-22 20:10:04,182][0m Trial 25 finished with value: 5.057545066643006 and parameters: {'hidden_size': 22, 'lr': 0.0014858258930727497}. Best is trial 12 with value: 4.983880966443869.[0m
/home/erussek/.conda/envs/pDL/lib/python3.8/site-packages/optuna/distributions.py:560: UserWarning: The distribution is specified by [2, 200] and step=5, but the range is not divisible by `step`. It will be replaced by [2, 197].
  warnings.warn(
[32m[I 2022-06-22 20:11:59,994][0m Trial 26 finished with value: 4.984956830243906 and parameters: {'hidden_size': 107, 'lr': 0.0017743356057987616}. Best is trial 12 with value: 4.983880966443869.[0m
/home/erussek/.conda/envs/pDL/lib/python3.8/site-packages/optuna/distributions.py:560: UserWarning: The distribution is specified by [2, 200] and step=5, but the range is not divisible by `step`. It will be replaced by [2, 197].
  warnings.warn(
[32m[I 2022-06-22 20:13:55,855][0m Trial 27 finished with value: 4.991093221837213 and parameters: {'hidden_size': 107, 'lr': 0.0018129471371190566}. Best is trial 12 with value: 4.983880966443869.[0m
/home/erussek/.conda/envs/pDL/lib/python3.8/site-packages/optuna/distributions.py:560: UserWarning: The distribution is specified by [2, 200] and step=5, but the range is not divisible by `step`. It will be replaced by [2, 197].
  warnings.warn(
[32m[I 2022-06-22 20:15:51,909][0m Trial 28 finished with value: 5.046117077830812 and parameters: {'hidden_size': 127, 'lr': 0.0006459206545329359}. Best is trial 12 with value: 4.983880966443869.[0m
/home/erussek/.conda/envs/pDL/lib/python3.8/site-packages/optuna/distributions.py:560: UserWarning: The distribution is specified by [2, 200] and step=5, but the range is not divisible by `step`. It will be replaced by [2, 197].
  warnings.warn(
[32m[I 2022-06-22 20:17:46,169][0m Trial 29 finished with value: 5.02556370555515 and parameters: {'hidden_size': 102, 'lr': 0.0010138519721509416}. Best is trial 12 with value: 4.983880966443869.[0m
/home/erussek/.conda/envs/pDL/lib/python3.8/site-packages/optuna/distributions.py:560: UserWarning: The distribution is specified by [2, 200] and step=5, but the range is not divisible by `step`. It will be replaced by [2, 197].
  warnings.warn(
[32m[I 2022-06-22 20:19:40,131][0m Trial 30 finished with value: 5.091440871300679 and parameters: {'hidden_size': 72, 'lr': 0.0004589389075368216}. Best is trial 12 with value: 4.983880966443869.[0m
/home/erussek/.conda/envs/pDL/lib/python3.8/site-packages/optuna/distributions.py:560: UserWarning: The distribution is specified by [2, 200] and step=5, but the range is not divisible by `step`. It will be replaced by [2, 197].
  warnings.warn(
[32m[I 2022-06-22 20:21:35,922][0m Trial 31 finished with value: 4.981893063354736 and parameters: {'hidden_size': 107, 'lr': 0.001821224083865977}. Best is trial 31 with value: 4.981893063354736.[0m
/home/erussek/.conda/envs/pDL/lib/python3.8/site-packages/optuna/distributions.py:560: UserWarning: The distribution is specified by [2, 200] and step=5, but the range is not divisible by `step`. It will be replaced by [2, 197].
  warnings.warn(
[32m[I 2022-06-22 20:23:29,399][0m Trial 32 finished with value: 4.997034140112458 and parameters: {'hidden_size': 82, 'lr': 0.0018245346493019371}. Best is trial 31 with value: 4.981893063354736.[0m
/home/erussek/.conda/envs/pDL/lib/python3.8/site-packages/optuna/distributions.py:560: UserWarning: The distribution is specified by [2, 200] and step=5, but the range is not divisible by `step`. It will be replaced by [2, 197].
  warnings.warn(
[32m[I 2022-06-22 20:25:22,290][0m Trial 33 finished with value: 4.994746908793529 and parameters: {'hidden_size': 92, 'lr': 0.0029507903734385583}. Best is trial 31 with value: 4.981893063354736.[0m
/home/erussek/.conda/envs/pDL/lib/python3.8/site-packages/optuna/distributions.py:560: UserWarning: The distribution is specified by [2, 200] and step=5, but the range is not divisible by `step`. It will be replaced by [2, 197].
  warnings.warn(
[32m[I 2022-06-22 20:27:16,256][0m Trial 34 finished with value: 5.01949140883591 and parameters: {'hidden_size': 102, 'lr': 0.001009537018477194}. Best is trial 31 with value: 4.981893063354736.[0m
/home/erussek/.conda/envs/pDL/lib/python3.8/site-packages/optuna/distributions.py:560: UserWarning: The distribution is specified by [2, 200] and step=5, but the range is not divisible by `step`. It will be replaced by [2, 197].
  warnings.warn(
[32m[I 2022-06-22 20:29:17,470][0m Trial 35 finished with value: 4.986816539616346 and parameters: {'hidden_size': 147, 'lr': 0.002296621313868569}. Best is trial 31 with value: 4.981893063354736.[0m
/home/erussek/.conda/envs/pDL/lib/python3.8/site-packages/optuna/distributions.py:560: UserWarning: The distribution is specified by [2, 200] and step=5, but the range is not divisible by `step`. It will be replaced by [2, 197].
  warnings.warn(
[32m[I 2022-06-22 20:31:18,699][0m Trial 36 finished with value: 4.992441386556808 and parameters: {'hidden_size': 147, 'lr': 0.001542036404773272}. Best is trial 31 with value: 4.981893063354736.[0m
/home/erussek/.conda/envs/pDL/lib/python3.8/site-packages/optuna/distributions.py:560: UserWarning: The distribution is specified by [2, 200] and step=5, but the range is not divisible by `step`. It will be replaced by [2, 197].
  warnings.warn(
[32m[I 2022-06-22 20:33:19,291][0m Trial 37 finished with value: 5.002596083546722 and parameters: {'hidden_size': 137, 'lr': 0.002357650434122058}. Best is trial 31 with value: 4.981893063354736.[0m
/home/erussek/.conda/envs/pDL/lib/python3.8/site-packages/optuna/distributions.py:560: UserWarning: The distribution is specified by [2, 200] and step=5, but the range is not divisible by `step`. It will be replaced by [2, 197].
  warnings.warn(
[32m[I 2022-06-22 20:35:22,745][0m Trial 38 finished with value: 5.0191874858969765 and parameters: {'hidden_size': 182, 'lr': 0.003654333407503448}. Best is trial 31 with value: 4.981893063354736.[0m
/home/erussek/.conda/envs/pDL/lib/python3.8/site-packages/optuna/distributions.py:560: UserWarning: The distribution is specified by [2, 200] and step=5, but the range is not divisible by `step`. It will be replaced by [2, 197].
  warnings.warn(
[32m[I 2022-06-22 20:37:22,295][0m Trial 39 finished with value: 5.003422911966961 and parameters: {'hidden_size': 152, 'lr': 0.006008350174112123}. Best is trial 31 with value: 4.981893063354736.[0m
/home/erussek/.conda/envs/pDL/lib/python3.8/site-packages/optuna/distributions.py:560: UserWarning: The distribution is specified by [2, 200] and step=5, but the range is not divisible by `step`. It will be replaced by [2, 197].
  warnings.warn(
[32m[I 2022-06-22 20:39:19,419][0m Trial 40 finished with value: 5.012327437211548 and parameters: {'hidden_size': 112, 'lr': 0.001132842652272422}. Best is trial 31 with value: 4.981893063354736.[0m
/home/erussek/.conda/envs/pDL/lib/python3.8/site-packages/optuna/distributions.py:560: UserWarning: The distribution is specified by [2, 200] and step=5, but the range is not divisible by `step`. It will be replaced by [2, 197].
  warnings.warn(
[32m[I 2022-06-22 20:41:12,439][0m Trial 41 finished with value: 4.98266308824323 and parameters: {'hidden_size': 87, 'lr': 0.00214399836805147}. Best is trial 31 with value: 4.981893063354736.[0m
/home/erussek/.conda/envs/pDL/lib/python3.8/site-packages/optuna/distributions.py:560: UserWarning: The distribution is specified by [2, 200] and step=5, but the range is not divisible by `step`. It will be replaced by [2, 197].
  warnings.warn(
[32m[I 2022-06-22 20:43:07,934][0m Trial 42 finished with value: 5.002684522873309 and parameters: {'hidden_size': 122, 'lr': 0.0022681713878780823}. Best is trial 31 with value: 4.981893063354736.[0m
/home/erussek/.conda/envs/pDL/lib/python3.8/site-packages/optuna/distributions.py:560: UserWarning: The distribution is specified by [2, 200] and step=5, but the range is not divisible by `step`. It will be replaced by [2, 197].
  warnings.warn(
[32m[I 2022-06-22 20:45:01,057][0m Trial 43 finished with value: 5.048385094779707 and parameters: {'hidden_size': 87, 'lr': 0.0008193045887616643}. Best is trial 31 with value: 4.981893063354736.[0m
/home/erussek/.conda/envs/pDL/lib/python3.8/site-packages/optuna/distributions.py:560: UserWarning: The distribution is specified by [2, 200] and step=5, but the range is not divisible by `step`. It will be replaced by [2, 197].
  warnings.warn(
[32m[I 2022-06-22 20:47:01,510][0m Trial 44 finished with value: 4.996403609401286 and parameters: {'hidden_size': 137, 'lr': 0.0015231076192179895}. Best is trial 31 with value: 4.981893063354736.[0m
/home/erussek/.conda/envs/pDL/lib/python3.8/site-packages/optuna/distributions.py:560: UserWarning: The distribution is specified by [2, 200] and step=5, but the range is not divisible by `step`. It will be replaced by [2, 197].
  warnings.warn(
[32m[I 2022-06-22 20:48:55,319][0m Trial 45 finished with value: 5.0084418584992125 and parameters: {'hidden_size': 102, 'lr': 0.0028571658542793435}. Best is trial 31 with value: 4.981893063354736.[0m
/home/erussek/.conda/envs/pDL/lib/python3.8/site-packages/optuna/distributions.py:560: UserWarning: The distribution is specified by [2, 200] and step=5, but the range is not divisible by `step`. It will be replaced by [2, 197].
  warnings.warn(
[32m[I 2022-06-22 20:50:50,823][0m Trial 46 finished with value: 4.994452756131962 and parameters: {'hidden_size': 127, 'lr': 0.002023544473282323}. Best is trial 31 with value: 4.981893063354736.[0m
/home/erussek/.conda/envs/pDL/lib/python3.8/site-packages/optuna/distributions.py:560: UserWarning: The distribution is specified by [2, 200] and step=5, but the range is not divisible by `step`. It will be replaced by [2, 197].
  warnings.warn(
[32m[I 2022-06-22 20:52:44,138][0m Trial 47 finished with value: 5.032065508803699 and parameters: {'hidden_size': 67, 'lr': 0.0012384744298878335}. Best is trial 31 with value: 4.981893063354736.[0m
/home/erussek/.conda/envs/pDL/lib/python3.8/site-packages/optuna/distributions.py:560: UserWarning: The distribution is specified by [2, 200] and step=5, but the range is not divisible by `step`. It will be replaced by [2, 197].
  warnings.warn(
[32m[I 2022-06-22 20:54:36,587][0m Trial 48 finished with value: 5.001188473916695 and parameters: {'hidden_size': 92, 'lr': 0.0033067817241737947}. Best is trial 31 with value: 4.981893063354736.[0m
/home/erussek/.conda/envs/pDL/lib/python3.8/site-packages/optuna/distributions.py:560: UserWarning: The distribution is specified by [2, 200] and step=5, but the range is not divisible by `step`. It will be replaced by [2, 197].
  warnings.warn(
[32m[I 2022-06-22 20:56:36,740][0m Trial 49 finished with value: 5.019520843952475 and parameters: {'hidden_size': 142, 'lr': 0.0008467696543028688}. Best is trial 31 with value: 4.981893063354736.[0m
/home/erussek/.conda/envs/pDL/lib/python3.8/site-packages/optuna/distributions.py:560: UserWarning: The distribution is specified by [2, 200] and step=5, but the range is not divisible by `step`. It will be replaced by [2, 197].
  warnings.warn(
[32m[I 2022-06-22 20:58:29,410][0m Trial 50 finished with value: 5.021489510730043 and parameters: {'hidden_size': 57, 'lr': 0.0057012542400232185}. Best is trial 31 with value: 4.981893063354736.[0m
/home/erussek/.conda/envs/pDL/lib/python3.8/site-packages/optuna/distributions.py:560: UserWarning: The distribution is specified by [2, 200] and step=5, but the range is not divisible by `step`. It will be replaced by [2, 197].
  warnings.warn(
[32m[I 2022-06-22 21:00:24,949][0m Trial 51 finished with value: 4.996112584304565 and parameters: {'hidden_size': 117, 'lr': 0.0024789657286528074}. Best is trial 31 with value: 4.981893063354736.[0m
/home/erussek/.conda/envs/pDL/lib/python3.8/site-packages/optuna/distributions.py:560: UserWarning: The distribution is specified by [2, 200] and step=5, but the range is not divisible by `step`. It will be replaced by [2, 197].
  warnings.warn(
[32m[I 2022-06-22 21:02:18,585][0m Trial 52 finished with value: 5.001445259388522 and parameters: {'hidden_size': 97, 'lr': 0.0016170602795551258}. Best is trial 31 with value: 4.981893063354736.[0m
/home/erussek/.conda/envs/pDL/lib/python3.8/site-packages/optuna/distributions.py:560: UserWarning: The distribution is specified by [2, 200] and step=5, but the range is not divisible by `step`. It will be replaced by [2, 197].
  warnings.warn(
[32m[I 2022-06-22 21:04:11,687][0m Trial 53 finished with value: 5.000091361060796 and parameters: {'hidden_size': 82, 'lr': 0.0018416072245448936}. Best is trial 31 with value: 4.981893063354736.[0m
/home/erussek/.conda/envs/pDL/lib/python3.8/site-packages/optuna/distributions.py:560: UserWarning: The distribution is specified by [2, 200] and step=5, but the range is not divisible by `step`. It will be replaced by [2, 197].
  warnings.warn(
[32m[I 2022-06-22 21:06:08,455][0m Trial 54 finished with value: 4.984117213994379 and parameters: {'hidden_size': 112, 'lr': 0.0020970991228066115}. Best is trial 31 with value: 4.981893063354736.[0m
/home/erussek/.conda/envs/pDL/lib/python3.8/site-packages/optuna/distributions.py:560: UserWarning: The distribution is specified by [2, 200] and step=5, but the range is not divisible by `step`. It will be replaced by [2, 197].
  warnings.warn(
[32m[I 2022-06-22 21:08:05,275][0m Trial 55 finished with value: 4.9973478508056655 and parameters: {'hidden_size': 112, 'lr': 0.0021815818059895673}. Best is trial 31 with value: 4.981893063354736.[0m
/home/erussek/.conda/envs/pDL/lib/python3.8/site-packages/optuna/distributions.py:560: UserWarning: The distribution is specified by [2, 200] and step=5, but the range is not divisible by `step`. It will be replaced by [2, 197].
  warnings.warn(
[32m[I 2022-06-22 21:10:00,539][0m Trial 56 finished with value: 5.003231919262077 and parameters: {'hidden_size': 127, 'lr': 0.0013194649285565574}. Best is trial 31 with value: 4.981893063354736.[0m
/home/erussek/.conda/envs/pDL/lib/python3.8/site-packages/optuna/distributions.py:560: UserWarning: The distribution is specified by [2, 200] and step=5, but the range is not divisible by `step`. It will be replaced by [2, 197].
  warnings.warn(
[32m[I 2022-06-22 21:11:53,932][0m Trial 57 finished with value: 5.016649108575645 and parameters: {'hidden_size': 37, 'lr': 0.002900150147340789}. Best is trial 31 with value: 4.981893063354736.[0m
/home/erussek/.conda/envs/pDL/lib/python3.8/site-packages/optuna/distributions.py:560: UserWarning: The distribution is specified by [2, 200] and step=5, but the range is not divisible by `step`. It will be replaced by [2, 197].
  warnings.warn(
[32m[I 2022-06-22 21:13:55,447][0m Trial 58 finished with value: 5.13037534109609 and parameters: {'hidden_size': 157, 'lr': 0.00011188002731180259}. Best is trial 31 with value: 4.981893063354736.[0m
/home/erussek/.conda/envs/pDL/lib/python3.8/site-packages/optuna/distributions.py:560: UserWarning: The distribution is specified by [2, 200] and step=5, but the range is not divisible by `step`. It will be replaced by [2, 197].
  warnings.warn(
[32m[I 2022-06-22 21:15:50,408][0m Trial 59 finished with value: 5.025475840982188 and parameters: {'hidden_size': 107, 'lr': 0.0036683580056165385}. Best is trial 31 with value: 4.981893063354736.[0m
/home/erussek/.conda/envs/pDL/lib/python3.8/site-packages/optuna/distributions.py:560: UserWarning: The distribution is specified by [2, 200] and step=5, but the range is not divisible by `step`. It will be replaced by [2, 197].
  warnings.warn(
[32m[I 2022-06-22 21:17:45,761][0m Trial 60 finished with value: 5.020716402007126 and parameters: {'hidden_size': 117, 'lr': 0.004798535578705724}. Best is trial 31 with value: 4.981893063354736.[0m
/home/erussek/.conda/envs/pDL/lib/python3.8/site-packages/optuna/distributions.py:560: UserWarning: The distribution is specified by [2, 200] and step=5, but the range is not divisible by `step`. It will be replaced by [2, 197].
  warnings.warn(
[32m[I 2022-06-22 21:19:38,696][0m Trial 61 finished with value: 4.998274119463529 and parameters: {'hidden_size': 87, 'lr': 0.0020405828026661636}. Best is trial 31 with value: 4.981893063354736.[0m
/home/erussek/.conda/envs/pDL/lib/python3.8/site-packages/optuna/distributions.py:560: UserWarning: The distribution is specified by [2, 200] and step=5, but the range is not divisible by `step`. It will be replaced by [2, 197].
  warnings.warn(
[32m[I 2022-06-22 21:21:32,230][0m Trial 62 finished with value: 5.004512299915893 and parameters: {'hidden_size': 97, 'lr': 0.002489909016680353}. Best is trial 31 with value: 4.981893063354736.[0m
/home/erussek/.conda/envs/pDL/lib/python3.8/site-packages/optuna/distributions.py:560: UserWarning: The distribution is specified by [2, 200] and step=5, but the range is not divisible by `step`. It will be replaced by [2, 197].
  warnings.warn(
[32m[I 2022-06-22 21:23:27,176][0m Trial 63 finished with value: 4.978601412225166 and parameters: {'hidden_size': 107, 'lr': 0.001688198445139174}. Best is trial 63 with value: 4.978601412225166.[0m
/home/erussek/.conda/envs/pDL/lib/python3.8/site-packages/optuna/distributions.py:560: UserWarning: The distribution is specified by [2, 200] and step=5, but the range is not divisible by `step`. It will be replaced by [2, 197].
  warnings.warn(
[32m[I 2022-06-22 21:25:26,593][0m Trial 64 finished with value: 5.003242646877042 and parameters: {'hidden_size': 132, 'lr': 0.00165653774164859}. Best is trial 63 with value: 4.978601412225166.[0m
/home/erussek/.conda/envs/pDL/lib/python3.8/site-packages/optuna/distributions.py:560: UserWarning: The distribution is specified by [2, 200] and step=5, but the range is not divisible by `step`. It will be replaced by [2, 197].
  warnings.warn(
[32m[I 2022-06-22 21:27:21,909][0m Trial 65 finished with value: 4.998418768145211 and parameters: {'hidden_size': 122, 'lr': 0.001146071140862266}. Best is trial 63 with value: 4.978601412225166.[0m
/home/erussek/.conda/envs/pDL/lib/python3.8/site-packages/optuna/distributions.py:560: UserWarning: The distribution is specified by [2, 200] and step=5, but the range is not divisible by `step`. It will be replaced by [2, 197].
  warnings.warn(
[32m[I 2022-06-22 21:29:15,002][0m Trial 66 finished with value: 5.027822185608246 and parameters: {'hidden_size': 77, 'lr': 0.0013942760948779033}. Best is trial 63 with value: 4.978601412225166.[0m
/home/erussek/.conda/envs/pDL/lib/python3.8/site-packages/optuna/distributions.py:560: UserWarning: The distribution is specified by [2, 200] and step=5, but the range is not divisible by `step`. It will be replaced by [2, 197].
  warnings.warn(
[32m[I 2022-06-22 21:31:10,067][0m Trial 67 finished with value: 4.982244033857741 and parameters: {'hidden_size': 107, 'lr': 0.0018557405271190472}. Best is trial 63 with value: 4.978601412225166.[0m
/home/erussek/.conda/envs/pDL/lib/python3.8/site-packages/optuna/distributions.py:560: UserWarning: The distribution is specified by [2, 200] and step=5, but the range is not divisible by `step`. It will be replaced by [2, 197].
  warnings.warn(
[32m[I 2022-06-22 21:33:04,938][0m Trial 68 finished with value: 4.987294341896621 and parameters: {'hidden_size': 107, 'lr': 0.0017548124818537985}. Best is trial 63 with value: 4.978601412225166.[0m
/home/erussek/.conda/envs/pDL/lib/python3.8/site-packages/optuna/distributions.py:560: UserWarning: The distribution is specified by [2, 200] and step=5, but the range is not divisible by `step`. It will be replaced by [2, 197].
  warnings.warn(
[32m[I 2022-06-22 21:35:01,771][0m Trial 69 finished with value: 5.019077249930244 and parameters: {'hidden_size': 112, 'lr': 0.003230076273332065}. Best is trial 63 with value: 4.978601412225166.[0m
/home/erussek/.conda/envs/pDL/lib/python3.8/site-packages/optuna/distributions.py:560: UserWarning: The distribution is specified by [2, 200] and step=5, but the range is not divisible by `step`. It will be replaced by [2, 197].
  warnings.warn(
[32m[I 2022-06-22 21:36:55,408][0m Trial 70 finished with value: 5.041128955333089 and parameters: {'hidden_size': 97, 'lr': 0.0009100742687580461}. Best is trial 63 with value: 4.978601412225166.[0m
/home/erussek/.conda/envs/pDL/lib/python3.8/site-packages/optuna/distributions.py:560: UserWarning: The distribution is specified by [2, 200] and step=5, but the range is not divisible by `step`. It will be replaced by [2, 197].
  warnings.warn(
[32m[I 2022-06-22 21:38:48,265][0m Trial 71 finished with value: 4.993636288807731 and parameters: {'hidden_size': 87, 'lr': 0.0020341699744136823}. Best is trial 63 with value: 4.978601412225166.[0m
/home/erussek/.conda/envs/pDL/lib/python3.8/site-packages/optuna/distributions.py:560: UserWarning: The distribution is specified by [2, 200] and step=5, but the range is not divisible by `step`. It will be replaced by [2, 197].
  warnings.warn(
[32m[I 2022-06-22 21:40:43,636][0m Trial 72 finished with value: 4.9846280424375085 and parameters: {'hidden_size': 117, 'lr': 0.0025371468790074364}. Best is trial 63 with value: 4.978601412225166.[0m
/home/erussek/.conda/envs/pDL/lib/python3.8/site-packages/optuna/distributions.py:560: UserWarning: The distribution is specified by [2, 200] and step=5, but the range is not divisible by `step`. It will be replaced by [2, 197].
  warnings.warn(
[32m[I 2022-06-22 21:42:38,647][0m Trial 73 finished with value: 5.027255946634368 and parameters: {'hidden_size': 107, 'lr': 0.0013620169974700204}. Best is trial 63 with value: 4.978601412225166.[0m
/home/erussek/.conda/envs/pDL/lib/python3.8/site-packages/optuna/distributions.py:560: UserWarning: The distribution is specified by [2, 200] and step=5, but the range is not divisible by `step`. It will be replaced by [2, 197].
  warnings.warn(
[32m[I 2022-06-22 21:44:33,925][0m Trial 74 finished with value: 4.980501898386719 and parameters: {'hidden_size': 117, 'lr': 0.0026344635844739034}. Best is trial 63 with value: 4.978601412225166.[0m
/home/erussek/.conda/envs/pDL/lib/python3.8/site-packages/optuna/distributions.py:560: UserWarning: The distribution is specified by [2, 200] and step=5, but the range is not divisible by `step`. It will be replaced by [2, 197].
  warnings.warn(
[32m[I 2022-06-22 21:46:29,096][0m Trial 75 finished with value: 5.00691280742003 and parameters: {'hidden_size': 122, 'lr': 0.0027955353854436493}. Best is trial 63 with value: 4.978601412225166.[0m
/home/erussek/.conda/envs/pDL/lib/python3.8/site-packages/optuna/distributions.py:560: UserWarning: The distribution is specified by [2, 200] and step=5, but the range is not divisible by `step`. It will be replaced by [2, 197].
  warnings.warn(
[32m[I 2022-06-22 21:48:24,500][0m Trial 76 finished with value: 5.020041053220344 and parameters: {'hidden_size': 117, 'lr': 0.003953984897963906}. Best is trial 63 with value: 4.978601412225166.[0m
/home/erussek/.conda/envs/pDL/lib/python3.8/site-packages/optuna/distributions.py:560: UserWarning: The distribution is specified by [2, 200] and step=5, but the range is not divisible by `step`. It will be replaced by [2, 197].
  warnings.warn(
[32m[I 2022-06-22 21:50:23,774][0m Trial 77 finished with value: 5.129955071111647 and parameters: {'hidden_size': 132, 'lr': 0.00017122103310041005}. Best is trial 63 with value: 4.978601412225166.[0m
/home/erussek/.conda/envs/pDL/lib/python3.8/site-packages/optuna/distributions.py:560: UserWarning: The distribution is specified by [2, 200] and step=5, but the range is not divisible by `step`. It will be replaced by [2, 197].
  warnings.warn(
[32m[I 2022-06-22 21:52:17,326][0m Trial 78 finished with value: 5.00105135526303 and parameters: {'hidden_size': 102, 'lr': 0.0031911837907096334}. Best is trial 63 with value: 4.978601412225166.[0m
/home/erussek/.conda/envs/pDL/lib/python3.8/site-packages/optuna/distributions.py:560: UserWarning: The distribution is specified by [2, 200] and step=5, but the range is not divisible by `step`. It will be replaced by [2, 197].
  warnings.warn(
[32m[I 2022-06-22 21:54:09,673][0m Trial 79 finished with value: 4.982883102915198 and parameters: {'hidden_size': 92, 'lr': 0.0024948403857492775}. Best is trial 63 with value: 4.978601412225166.[0m
/home/erussek/.conda/envs/pDL/lib/python3.8/site-packages/optuna/distributions.py:560: UserWarning: The distribution is specified by [2, 200] and step=5, but the range is not divisible by `step`. It will be replaced by [2, 197].
  warnings.warn(
[32m[I 2022-06-22 21:56:01,966][0m Trial 80 finished with value: 5.016007963086213 and parameters: {'hidden_size': 92, 'lr': 0.0019633895500061047}. Best is trial 63 with value: 4.978601412225166.[0m
/home/erussek/.conda/envs/pDL/lib/python3.8/site-packages/optuna/distributions.py:560: UserWarning: The distribution is specified by [2, 200] and step=5, but the range is not divisible by `step`. It will be replaced by [2, 197].
  warnings.warn(
[32m[I 2022-06-22 21:57:54,844][0m Trial 81 finished with value: 5.01390969070216 and parameters: {'hidden_size': 82, 'lr': 0.0025414826122809615}. Best is trial 63 with value: 4.978601412225166.[0m
/home/erussek/.conda/envs/pDL/lib/python3.8/site-packages/optuna/distributions.py:560: UserWarning: The distribution is specified by [2, 200] and step=5, but the range is not divisible by `step`. It will be replaced by [2, 197].
  warnings.warn(
[32m[I 2022-06-22 21:59:51,516][0m Trial 82 finished with value: 5.064024692689869 and parameters: {'hidden_size': 112, 'lr': 0.0022925189030969413}. Best is trial 63 with value: 4.978601412225166.[0m
/home/erussek/.conda/envs/pDL/lib/python3.8/site-packages/optuna/distributions.py:560: UserWarning: The distribution is specified by [2, 200] and step=5, but the range is not divisible by `step`. It will be replaced by [2, 197].
  warnings.warn(
[32m[I 2022-06-22 22:01:46,665][0m Trial 83 finished with value: 5.017265792349389 and parameters: {'hidden_size': 127, 'lr': 0.0027274948391811577}. Best is trial 63 with value: 4.978601412225166.[0m
/home/erussek/.conda/envs/pDL/lib/python3.8/site-packages/optuna/distributions.py:560: UserWarning: The distribution is specified by [2, 200] and step=5, but the range is not divisible by `step`. It will be replaced by [2, 197].
  warnings.warn(
[32m[I 2022-06-22 22:03:40,129][0m Trial 84 finished with value: 5.008937485086781 and parameters: {'hidden_size': 102, 'lr': 0.0015392670112646665}. Best is trial 63 with value: 4.978601412225166.[0m
/home/erussek/.conda/envs/pDL/lib/python3.8/site-packages/optuna/distributions.py:560: UserWarning: The distribution is specified by [2, 200] and step=5, but the range is not divisible by `step`. It will be replaced by [2, 197].
  warnings.warn(
[32m[I 2022-06-22 22:05:35,392][0m Trial 85 finished with value: 4.9901093586077305 and parameters: {'hidden_size': 117, 'lr': 0.0021677123431243423}. Best is trial 63 with value: 4.978601412225166.[0m
/home/erussek/.conda/envs/pDL/lib/python3.8/site-packages/optuna/distributions.py:560: UserWarning: The distribution is specified by [2, 200] and step=5, but the range is not divisible by `step`. It will be replaced by [2, 197].
  warnings.warn(
[32m[I 2022-06-22 22:07:28,965][0m Trial 86 finished with value: 5.0482149901829665 and parameters: {'hidden_size': 97, 'lr': 0.0006625647859727084}. Best is trial 63 with value: 4.978601412225166.[0m
/home/erussek/.conda/envs/pDL/lib/python3.8/site-packages/optuna/distributions.py:560: UserWarning: The distribution is specified by [2, 200] and step=5, but the range is not divisible by `step`. It will be replaced by [2, 197].
  warnings.warn(
[32m[I 2022-06-22 22:09:22,172][0m Trial 87 finished with value: 5.0053853618503386 and parameters: {'hidden_size': 72, 'lr': 0.0036296848051816334}. Best is trial 63 with value: 4.978601412225166.[0m
/home/erussek/.conda/envs/pDL/lib/python3.8/site-packages/optuna/distributions.py:560: UserWarning: The distribution is specified by [2, 200] and step=5, but the range is not divisible by `step`. It will be replaced by [2, 197].
  warnings.warn(
[32m[I 2022-06-22 22:11:14,562][0m Trial 88 finished with value: 4.9843995031565616 and parameters: {'hidden_size': 92, 'lr': 0.0017268403150892074}. Best is trial 63 with value: 4.978601412225166.[0m
/home/erussek/.conda/envs/pDL/lib/python3.8/site-packages/optuna/distributions.py:560: UserWarning: The distribution is specified by [2, 200] and step=5, but the range is not divisible by `step`. It will be replaced by [2, 197].
  warnings.warn(
[32m[I 2022-06-22 22:13:07,414][0m Trial 89 finished with value: 5.0312862158508525 and parameters: {'hidden_size': 87, 'lr': 0.0010494545081184577}. Best is trial 63 with value: 4.978601412225166.[0m
/home/erussek/.conda/envs/pDL/lib/python3.8/site-packages/optuna/distributions.py:560: UserWarning: The distribution is specified by [2, 200] and step=5, but the range is not divisible by `step`. It will be replaced by [2, 197].
  warnings.warn(
[32m[I 2022-06-22 22:15:00,424][0m Trial 90 finished with value: 5.006628340017169 and parameters: {'hidden_size': 77, 'lr': 0.0017528427367807064}. Best is trial 63 with value: 4.978601412225166.[0m
/home/erussek/.conda/envs/pDL/lib/python3.8/site-packages/optuna/distributions.py:560: UserWarning: The distribution is specified by [2, 200] and step=5, but the range is not divisible by `step`. It will be replaced by [2, 197].
  warnings.warn(
[32m[I 2022-06-22 22:16:55,448][0m Trial 91 finished with value: 4.994069514292914 and parameters: {'hidden_size': 107, 'lr': 0.002532767218453127}. Best is trial 63 with value: 4.978601412225166.[0m
/home/erussek/.conda/envs/pDL/lib/python3.8/site-packages/optuna/distributions.py:560: UserWarning: The distribution is specified by [2, 200] and step=5, but the range is not divisible by `step`. It will be replaced by [2, 197].
  warnings.warn(
[32m[I 2022-06-22 22:18:47,829][0m Trial 92 finished with value: 4.9808047592792555 and parameters: {'hidden_size': 92, 'lr': 0.0019324765905026746}. Best is trial 63 with value: 4.978601412225166.[0m
/home/erussek/.conda/envs/pDL/lib/python3.8/site-packages/optuna/distributions.py:560: UserWarning: The distribution is specified by [2, 200] and step=5, but the range is not divisible by `step`. It will be replaced by [2, 197].
  warnings.warn(
[32m[I 2022-06-22 22:20:40,055][0m Trial 93 finished with value: 4.978524340481215 and parameters: {'hidden_size': 92, 'lr': 0.0019260129757659558}. Best is trial 93 with value: 4.978524340481215.[0m
/home/erussek/.conda/envs/pDL/lib/python3.8/site-packages/optuna/distributions.py:560: UserWarning: The distribution is specified by [2, 200] and step=5, but the range is not divisible by `step`. It will be replaced by [2, 197].
  warnings.warn(
[32m[I 2022-06-22 22:22:33,565][0m Trial 94 finished with value: 4.9733313522021385 and parameters: {'hidden_size': 97, 'lr': 0.001973158751580135}. Best is trial 94 with value: 4.9733313522021385.[0m
/home/erussek/.conda/envs/pDL/lib/python3.8/site-packages/optuna/distributions.py:560: UserWarning: The distribution is specified by [2, 200] and step=5, but the range is not divisible by `step`. It will be replaced by [2, 197].
  warnings.warn(
[32m[I 2022-06-22 22:24:26,637][0m Trial 95 finished with value: 5.028016716356314 and parameters: {'hidden_size': 67, 'lr': 0.0014322376589913336}. Best is trial 94 with value: 4.9733313522021385.[0m
/home/erussek/.conda/envs/pDL/lib/python3.8/site-packages/optuna/distributions.py:560: UserWarning: The distribution is specified by [2, 200] and step=5, but the range is not divisible by `step`. It will be replaced by [2, 197].
  warnings.warn(
[32m[I 2022-06-22 22:26:19,538][0m Trial 96 finished with value: 5.044009756606917 and parameters: {'hidden_size': 82, 'lr': 0.0012664546859324788}. Best is trial 94 with value: 4.9733313522021385.[0m
/home/erussek/.conda/envs/pDL/lib/python3.8/site-packages/optuna/distributions.py:560: UserWarning: The distribution is specified by [2, 200] and step=5, but the range is not divisible by `step`. It will be replaced by [2, 197].
  warnings.warn(
[32m[I 2022-06-22 22:28:13,104][0m Trial 97 finished with value: 4.977614700259991 and parameters: {'hidden_size': 97, 'lr': 0.00196538865292228}. Best is trial 94 with value: 4.9733313522021385.[0m
/home/erussek/.conda/envs/pDL/lib/python3.8/site-packages/optuna/distributions.py:560: UserWarning: The distribution is specified by [2, 200] and step=5, but the range is not divisible by `step`. It will be replaced by [2, 197].
  warnings.warn(
[32m[I 2022-06-22 22:30:06,610][0m Trial 98 finished with value: 4.998350073334198 and parameters: {'hidden_size': 102, 'lr': 0.003109373916009907}. Best is trial 94 with value: 4.9733313522021385.[0m
/home/erussek/.conda/envs/pDL/lib/python3.8/site-packages/optuna/distributions.py:560: UserWarning: The distribution is specified by [2, 200] and step=5, but the range is not divisible by `step`. It will be replaced by [2, 197].
  warnings.warn(
[32m[I 2022-06-22 22:31:58,975][0m Trial 99 finished with value: 4.9795424894700435 and parameters: {'hidden_size': 92, 'lr': 0.001920245360068778}. Best is trial 94 with value: 4.9733313522021385.[0m
/home/erussek/.conda/envs/pDL/lib/python3.8/site-packages/optuna/distributions.py:560: UserWarning: The distribution is specified by [2, 200] and step=5, but the range is not divisible by `step`. It will be replaced by [2, 197].
  warnings.warn(
[32m[I 2022-06-22 22:33:51,815][0m Trial 100 finished with value: 5.015823885054351 and parameters: {'hidden_size': 87, 'lr': 0.0019335072621985664}. Best is trial 94 with value: 4.9733313522021385.[0m
/home/erussek/.conda/envs/pDL/lib/python3.8/site-packages/optuna/distributions.py:560: UserWarning: The distribution is specified by [2, 200] and step=5, but the range is not divisible by `step`. It will be replaced by [2, 197].
  warnings.warn(
[32m[I 2022-06-22 22:35:44,104][0m Trial 101 finished with value: 4.9895434922582815 and parameters: {'hidden_size': 92, 'lr': 0.001575240820638774}. Best is trial 94 with value: 4.9733313522021385.[0m
/home/erussek/.conda/envs/pDL/lib/python3.8/site-packages/optuna/distributions.py:560: UserWarning: The distribution is specified by [2, 200] and step=5, but the range is not divisible by `step`. It will be replaced by [2, 197].
  warnings.warn(
[32m[I 2022-06-22 22:37:37,635][0m Trial 102 finished with value: 4.981475705221277 and parameters: {'hidden_size': 97, 'lr': 0.002304188004118614}. Best is trial 94 with value: 4.9733313522021385.[0m
/home/erussek/.conda/envs/pDL/lib/python3.8/site-packages/optuna/distributions.py:560: UserWarning: The distribution is specified by [2, 200] and step=5, but the range is not divisible by `step`. It will be replaced by [2, 197].
  warnings.warn(
[32m[I 2022-06-22 22:39:31,134][0m Trial 103 finished with value: 4.985206284497062 and parameters: {'hidden_size': 97, 'lr': 0.0023018194615598998}. Best is trial 94 with value: 4.9733313522021385.[0m
/home/erussek/.conda/envs/pDL/lib/python3.8/site-packages/optuna/distributions.py:560: UserWarning: The distribution is specified by [2, 200] and step=5, but the range is not divisible by `step`. It will be replaced by [2, 197].
  warnings.warn(
[32m[I 2022-06-22 22:41:25,918][0m Trial 104 finished with value: 4.985958203463487 and parameters: {'hidden_size': 107, 'lr': 0.0019562895568592106}. Best is trial 94 with value: 4.9733313522021385.[0m
/home/erussek/.conda/envs/pDL/lib/python3.8/site-packages/optuna/distributions.py:560: UserWarning: The distribution is specified by [2, 200] and step=5, but the range is not divisible by `step`. It will be replaced by [2, 197].
  warnings.warn(
[32m[I 2022-06-22 22:43:19,521][0m Trial 105 finished with value: 4.991838436425877 and parameters: {'hidden_size': 97, 'lr': 0.001610374837438663}. Best is trial 94 with value: 4.9733313522021385.[0m
/home/erussek/.conda/envs/pDL/lib/python3.8/site-packages/optuna/distributions.py:560: UserWarning: The distribution is specified by [2, 200] and step=5, but the range is not divisible by `step`. It will be replaced by [2, 197].
  warnings.warn(
[32m[I 2022-06-22 22:45:13,027][0m Trial 106 finished with value: 5.014344991169269 and parameters: {'hidden_size': 102, 'lr': 0.0014554863349301051}. Best is trial 94 with value: 4.9733313522021385.[0m
/home/erussek/.conda/envs/pDL/lib/python3.8/site-packages/optuna/distributions.py:560: UserWarning: The distribution is specified by [2, 200] and step=5, but the range is not divisible by `step`. It will be replaced by [2, 197].
  warnings.warn(
[32m[I 2022-06-22 22:47:05,786][0m Trial 107 finished with value: 4.993376674023237 and parameters: {'hidden_size': 82, 'lr': 0.0018277760409289023}. Best is trial 94 with value: 4.9733313522021385.[0m
/home/erussek/.conda/envs/pDL/lib/python3.8/site-packages/optuna/distributions.py:560: UserWarning: The distribution is specified by [2, 200] and step=5, but the range is not divisible by `step`. It will be replaced by [2, 197].
  warnings.warn(
[32m[I 2022-06-22 22:48:59,023][0m Trial 108 finished with value: 4.999655541666949 and parameters: {'hidden_size': 72, 'lr': 0.0021476247913483192}. Best is trial 94 with value: 4.9733313522021385.[0m
/home/erussek/.conda/envs/pDL/lib/python3.8/site-packages/optuna/distributions.py:560: UserWarning: The distribution is specified by [2, 200] and step=5, but the range is not divisible by `step`. It will be replaced by [2, 197].
  warnings.warn(
[32m[I 2022-06-22 22:50:51,846][0m Trial 109 finished with value: 4.98281825039054 and parameters: {'hidden_size': 87, 'lr': 0.00299538929200097}. Best is trial 94 with value: 4.9733313522021385.[0m
/home/erussek/.conda/envs/pDL/lib/python3.8/site-packages/optuna/distributions.py:560: UserWarning: The distribution is specified by [2, 200] and step=5, but the range is not divisible by `step`. It will be replaced by [2, 197].
  warnings.warn(
[32m[I 2022-06-22 22:52:44,941][0m Trial 110 finished with value: 5.031001861437335 and parameters: {'hidden_size': 77, 'lr': 0.0012049365771335723}. Best is trial 94 with value: 4.9733313522021385.[0m
/home/erussek/.conda/envs/pDL/lib/python3.8/site-packages/optuna/distributions.py:560: UserWarning: The distribution is specified by [2, 200] and step=5, but the range is not divisible by `step`. It will be replaced by [2, 197].
  warnings.warn(
[32m[I 2022-06-22 22:54:37,682][0m Trial 111 finished with value: 5.005057655360726 and parameters: {'hidden_size': 87, 'lr': 0.0028889610218461683}. Best is trial 94 with value: 4.9733313522021385.[0m
/home/erussek/.conda/envs/pDL/lib/python3.8/site-packages/optuna/distributions.py:560: UserWarning: The distribution is specified by [2, 200] and step=5, but the range is not divisible by `step`. It will be replaced by [2, 197].
  warnings.warn(
[32m[I 2022-06-22 22:56:31,167][0m Trial 112 finished with value: 4.986417990983982 and parameters: {'hidden_size': 97, 'lr': 0.0018932619883969752}. Best is trial 94 with value: 4.9733313522021385.[0m
/home/erussek/.conda/envs/pDL/lib/python3.8/site-packages/optuna/distributions.py:560: UserWarning: The distribution is specified by [2, 200] and step=5, but the range is not divisible by `step`. It will be replaced by [2, 197].
  warnings.warn(
[32m[I 2022-06-22 22:58:23,451][0m Trial 113 finished with value: 4.982935836083147 and parameters: {'hidden_size': 92, 'lr': 0.0023620127105749345}. Best is trial 94 with value: 4.9733313522021385.[0m
/home/erussek/.conda/envs/pDL/lib/python3.8/site-packages/optuna/distributions.py:560: UserWarning: The distribution is specified by [2, 200] and step=5, but the range is not divisible by `step`. It will be replaced by [2, 197].
  warnings.warn(
[32m[I 2022-06-22 23:00:17,006][0m Trial 114 finished with value: 4.995063433688367 and parameters: {'hidden_size': 102, 'lr': 0.0035600947984300575}. Best is trial 94 with value: 4.9733313522021385.[0m
/home/erussek/.conda/envs/pDL/lib/python3.8/site-packages/optuna/distributions.py:560: UserWarning: The distribution is specified by [2, 200] and step=5, but the range is not divisible by `step`. It will be replaced by [2, 197].
  warnings.warn(
[32m[I 2022-06-22 23:02:09,805][0m Trial 115 finished with value: 4.991502234022993 and parameters: {'hidden_size': 87, 'lr': 0.0026764656716243796}. Best is trial 94 with value: 4.9733313522021385.[0m
/home/erussek/.conda/envs/pDL/lib/python3.8/site-packages/optuna/distributions.py:560: UserWarning: The distribution is specified by [2, 200] and step=5, but the range is not divisible by `step`. It will be replaced by [2, 197].
  warnings.warn(
[32m[I 2022-06-22 23:04:04,760][0m Trial 116 finished with value: 4.993852756927017 and parameters: {'hidden_size': 107, 'lr': 0.0020998468519921915}. Best is trial 94 with value: 4.9733313522021385.[0m
/home/erussek/.conda/envs/pDL/lib/python3.8/site-packages/optuna/distributions.py:560: UserWarning: The distribution is specified by [2, 200] and step=5, but the range is not divisible by `step`. It will be replaced by [2, 197].
  warnings.warn(
[32m[I 2022-06-22 23:06:01,454][0m Trial 117 finished with value: 5.008435748450735 and parameters: {'hidden_size': 112, 'lr': 0.0015967695617926918}. Best is trial 94 with value: 4.9733313522021385.[0m
/home/erussek/.conda/envs/pDL/lib/python3.8/site-packages/optuna/distributions.py:560: UserWarning: The distribution is specified by [2, 200] and step=5, but the range is not divisible by `step`. It will be replaced by [2, 197].
  warnings.warn(
[32m[I 2022-06-22 23:07:54,970][0m Trial 118 finished with value: 5.020737999303698 and parameters: {'hidden_size': 97, 'lr': 0.004105956897305976}. Best is trial 94 with value: 4.9733313522021385.[0m
/home/erussek/.conda/envs/pDL/lib/python3.8/site-packages/optuna/distributions.py:560: UserWarning: The distribution is specified by [2, 200] and step=5, but the range is not divisible by `step`. It will be replaced by [2, 197].
  warnings.warn(
[32m[I 2022-06-22 23:09:48,062][0m Trial 119 finished with value: 5.085729199167098 and parameters: {'hidden_size': 67, 'lr': 0.0003889384946181996}. Best is trial 94 with value: 4.9733313522021385.[0m
/home/erussek/.conda/envs/pDL/lib/python3.8/site-packages/optuna/distributions.py:560: UserWarning: The distribution is specified by [2, 200] and step=5, but the range is not divisible by `step`. It will be replaced by [2, 197].
  warnings.warn(
[32m[I 2022-06-22 23:11:40,836][0m Trial 120 finished with value: 4.994354936095115 and parameters: {'hidden_size': 82, 'lr': 0.0029480248619163318}. Best is trial 94 with value: 4.9733313522021385.[0m
/home/erussek/.conda/envs/pDL/lib/python3.8/site-packages/optuna/distributions.py:560: UserWarning: The distribution is specified by [2, 200] and step=5, but the range is not divisible by `step`. It will be replaced by [2, 197].
  warnings.warn(
[32m[I 2022-06-22 23:13:33,117][0m Trial 121 finished with value: 5.0764460819326205 and parameters: {'hidden_size': 92, 'lr': 0.0023585705748955894}. Best is trial 94 with value: 4.9733313522021385.[0m
/home/erussek/.conda/envs/pDL/lib/python3.8/site-packages/optuna/distributions.py:560: UserWarning: The distribution is specified by [2, 200] and step=5, but the range is not divisible by `step`. It will be replaced by [2, 197].
  warnings.warn(
[32m[I 2022-06-22 23:15:25,411][0m Trial 122 finished with value: 4.989256963496325 and parameters: {'hidden_size': 92, 'lr': 0.0026317536660658476}. Best is trial 94 with value: 4.9733313522021385.[0m
/home/erussek/.conda/envs/pDL/lib/python3.8/site-packages/optuna/distributions.py:560: UserWarning: The distribution is specified by [2, 200] and step=5, but the range is not divisible by `step`. It will be replaced by [2, 197].
  warnings.warn(
[32m[I 2022-06-22 23:17:18,147][0m Trial 123 finished with value: 5.019750093604783 and parameters: {'hidden_size': 87, 'lr': 0.001708212054722493}. Best is trial 94 with value: 4.9733313522021385.[0m
/home/erussek/.conda/envs/pDL/lib/python3.8/site-packages/optuna/distributions.py:560: UserWarning: The distribution is specified by [2, 200] and step=5, but the range is not divisible by `step`. It will be replaced by [2, 197].
  warnings.warn(
[32m[I 2022-06-22 23:19:11,562][0m Trial 124 finished with value: 5.026546198259395 and parameters: {'hidden_size': 102, 'lr': 0.0020700646195112994}. Best is trial 94 with value: 4.9733313522021385.[0m
/home/erussek/.conda/envs/pDL/lib/python3.8/site-packages/optuna/distributions.py:560: UserWarning: The distribution is specified by [2, 200] and step=5, but the range is not divisible by `step`. It will be replaced by [2, 197].
  warnings.warn(
[32m[I 2022-06-22 23:21:06,443][0m Trial 125 finished with value: 5.014237841593624 and parameters: {'hidden_size': 107, 'lr': 0.0018533333744640472}. Best is trial 94 with value: 4.9733313522021385.[0m
/home/erussek/.conda/envs/pDL/lib/python3.8/site-packages/optuna/distributions.py:560: UserWarning: The distribution is specified by [2, 200] and step=5, but the range is not divisible by `step`. It will be replaced by [2, 197].
  warnings.warn(
[32m[I 2022-06-22 23:22:58,654][0m Trial 126 finished with value: 4.9923376774513155 and parameters: {'hidden_size': 92, 'lr': 0.0022241166053361}. Best is trial 94 with value: 4.9733313522021385.[0m
/home/erussek/.conda/envs/pDL/lib/python3.8/site-packages/optuna/distributions.py:560: UserWarning: The distribution is specified by [2, 200] and step=5, but the range is not divisible by `step`. It will be replaced by [2, 197].
  warnings.warn(
[32m[I 2022-06-22 23:24:51,651][0m Trial 127 finished with value: 4.99741219218806 and parameters: {'hidden_size': 77, 'lr': 0.0024263131024448705}. Best is trial 94 with value: 4.9733313522021385.[0m
/home/erussek/.conda/envs/pDL/lib/python3.8/site-packages/optuna/distributions.py:560: UserWarning: The distribution is specified by [2, 200] and step=5, but the range is not divisible by `step`. It will be replaced by [2, 197].
  warnings.warn(
[32m[I 2022-06-22 23:26:44,319][0m Trial 128 finished with value: 4.994085577820998 and parameters: {'hidden_size': 82, 'lr': 0.003128849848023164}. Best is trial 94 with value: 4.9733313522021385.[0m
/home/erussek/.conda/envs/pDL/lib/python3.8/site-packages/optuna/distributions.py:560: UserWarning: The distribution is specified by [2, 200] and step=5, but the range is not divisible by `step`. It will be replaced by [2, 197].
  warnings.warn(
[32m[I 2022-06-22 23:28:40,903][0m Trial 129 finished with value: 4.997222243709234 and parameters: {'hidden_size': 112, 'lr': 0.001419250275187635}. Best is trial 94 with value: 4.9733313522021385.[0m
/home/erussek/.conda/envs/pDL/lib/python3.8/site-packages/optuna/distributions.py:560: UserWarning: The distribution is specified by [2, 200] and step=5, but the range is not divisible by `step`. It will be replaced by [2, 197].
  warnings.warn(
[32m[I 2022-06-22 23:30:34,514][0m Trial 130 finished with value: 5.016692654385914 and parameters: {'hidden_size': 97, 'lr': 0.004572336883548183}. Best is trial 94 with value: 4.9733313522021385.[0m
/home/erussek/.conda/envs/pDL/lib/python3.8/site-packages/optuna/distributions.py:560: UserWarning: The distribution is specified by [2, 200] and step=5, but the range is not divisible by `step`. It will be replaced by [2, 197].
  warnings.warn(
[32m[I 2022-06-22 23:32:26,829][0m Trial 131 finished with value: 4.975921687067853 and parameters: {'hidden_size': 92, 'lr': 0.0024602299896392997}. Best is trial 94 with value: 4.9733313522021385.[0m
/home/erussek/.conda/envs/pDL/lib/python3.8/site-packages/optuna/distributions.py:560: UserWarning: The distribution is specified by [2, 200] and step=5, but the range is not divisible by `step`. It will be replaced by [2, 197].
  warnings.warn(
[32m[I 2022-06-22 23:34:20,349][0m Trial 132 finished with value: 4.9954097011101535 and parameters: {'hidden_size': 97, 'lr': 0.002709199037833823}. Best is trial 94 with value: 4.9733313522021385.[0m
/home/erussek/.conda/envs/pDL/lib/python3.8/site-packages/optuna/distributions.py:560: UserWarning: The distribution is specified by [2, 200] and step=5, but the range is not divisible by `step`. It will be replaced by [2, 197].
  warnings.warn(
[32m[I 2022-06-22 23:36:13,847][0m Trial 133 finished with value: 4.9976984345271855 and parameters: {'hidden_size': 102, 'lr': 0.003465296996098681}. Best is trial 94 with value: 4.9733313522021385.[0m
/home/erussek/.conda/envs/pDL/lib/python3.8/site-packages/optuna/distributions.py:560: UserWarning: The distribution is specified by [2, 200] and step=5, but the range is not divisible by `step`. It will be replaced by [2, 197].
  warnings.warn(
[32m[I 2022-06-22 23:38:06,611][0m Trial 134 finished with value: 5.0045364193437045 and parameters: {'hidden_size': 87, 'lr': 0.0020159098945406895}. Best is trial 94 with value: 4.9733313522021385.[0m
/home/erussek/.conda/envs/pDL/lib/python3.8/site-packages/optuna/distributions.py:560: UserWarning: The distribution is specified by [2, 200] and step=5, but the range is not divisible by `step`. It will be replaced by [2, 197].
  warnings.warn(
[32m[I 2022-06-22 23:40:01,464][0m Trial 135 finished with value: 5.012811166261741 and parameters: {'hidden_size': 107, 'lr': 0.002225767735435253}. Best is trial 94 with value: 4.9733313522021385.[0m
/home/erussek/.conda/envs/pDL/lib/python3.8/site-packages/optuna/distributions.py:560: UserWarning: The distribution is specified by [2, 200] and step=5, but the range is not divisible by `step`. It will be replaced by [2, 197].
  warnings.warn(
[32m[I 2022-06-22 23:41:53,864][0m Trial 136 finished with value: 4.998480209658608 and parameters: {'hidden_size': 92, 'lr': 0.0017023070709018334}. Best is trial 94 with value: 4.9733313522021385.[0m
/home/erussek/.conda/envs/pDL/lib/python3.8/site-packages/optuna/distributions.py:560: UserWarning: The distribution is specified by [2, 200] and step=5, but the range is not divisible by `step`. It will be replaced by [2, 197].
  warnings.warn(
[32m[I 2022-06-22 23:43:49,179][0m Trial 137 finished with value: 5.006362850931634 and parameters: {'hidden_size': 117, 'lr': 0.0024626644374714218}. Best is trial 94 with value: 4.9733313522021385.[0m
/home/erussek/.conda/envs/pDL/lib/python3.8/site-packages/optuna/distributions.py:560: UserWarning: The distribution is specified by [2, 200] and step=5, but the range is not divisible by `step`. It will be replaced by [2, 197].
  warnings.warn(
[32m[I 2022-06-22 23:45:42,031][0m Trial 138 finished with value: 5.0074954953679045 and parameters: {'hidden_size': 82, 'lr': 0.001960444753989958}. Best is trial 94 with value: 4.9733313522021385.[0m
/home/erussek/.conda/envs/pDL/lib/python3.8/site-packages/optuna/distributions.py:560: UserWarning: The distribution is specified by [2, 200] and step=5, but the range is not divisible by `step`. It will be replaced by [2, 197].
  warnings.warn(
[32m[I 2022-06-22 23:47:35,601][0m Trial 139 finished with value: 5.00467474710926 and parameters: {'hidden_size': 102, 'lr': 0.003065719595237956}. Best is trial 94 with value: 4.9733313522021385.[0m
/home/erussek/.conda/envs/pDL/lib/python3.8/site-packages/optuna/distributions.py:560: UserWarning: The distribution is specified by [2, 200] and step=5, but the range is not divisible by `step`. It will be replaced by [2, 197].
  warnings.warn(
[32m[I 2022-06-22 23:49:29,227][0m Trial 140 finished with value: 4.986843995339739 and parameters: {'hidden_size': 97, 'lr': 0.0017624391096973454}. Best is trial 94 with value: 4.9733313522021385.[0m
/home/erussek/.conda/envs/pDL/lib/python3.8/site-packages/optuna/distributions.py:560: UserWarning: The distribution is specified by [2, 200] and step=5, but the range is not divisible by `step`. It will be replaced by [2, 197].
  warnings.warn(
[32m[I 2022-06-22 23:51:21,653][0m Trial 141 finished with value: 4.991177210085828 and parameters: {'hidden_size': 92, 'lr': 0.002339518345121846}. Best is trial 94 with value: 4.9733313522021385.[0m
/home/erussek/.conda/envs/pDL/lib/python3.8/site-packages/optuna/distributions.py:560: UserWarning: The distribution is specified by [2, 200] and step=5, but the range is not divisible by `step`. It will be replaced by [2, 197].
  warnings.warn(
[32m[I 2022-06-22 23:53:14,431][0m Trial 142 finished with value: 4.99773332850576 and parameters: {'hidden_size': 87, 'lr': 0.0027200866366974283}. Best is trial 94 with value: 4.9733313522021385.[0m
/home/erussek/.conda/envs/pDL/lib/python3.8/site-packages/optuna/distributions.py:560: UserWarning: The distribution is specified by [2, 200] and step=5, but the range is not divisible by `step`. It will be replaced by [2, 197].
  warnings.warn(
[32m[I 2022-06-22 23:55:06,805][0m Trial 143 finished with value: 4.977142452277844 and parameters: {'hidden_size': 92, 'lr': 0.0024488362410536573}. Best is trial 94 with value: 4.9733313522021385.[0m
/home/erussek/.conda/envs/pDL/lib/python3.8/site-packages/optuna/distributions.py:560: UserWarning: The distribution is specified by [2, 200] and step=5, but the range is not divisible by `step`. It will be replaced by [2, 197].
  warnings.warn(
[32m[I 2022-06-22 23:57:00,398][0m Trial 144 finished with value: 4.991403702698963 and parameters: {'hidden_size': 102, 'lr': 0.002138024787619799}. Best is trial 94 with value: 4.9733313522021385.[0m
/home/erussek/.conda/envs/pDL/lib/python3.8/site-packages/optuna/distributions.py:560: UserWarning: The distribution is specified by [2, 200] and step=5, but the range is not divisible by `step`. It will be replaced by [2, 197].
  warnings.warn(
[32m[I 2022-06-22 23:58:52,809][0m Trial 145 finished with value: 4.974462373346739 and parameters: {'hidden_size': 92, 'lr': 0.001876067416582803}. Best is trial 94 with value: 4.9733313522021385.[0m
/home/erussek/.conda/envs/pDL/lib/python3.8/site-packages/optuna/distributions.py:560: UserWarning: The distribution is specified by [2, 200] and step=5, but the range is not divisible by `step`. It will be replaced by [2, 197].
  warnings.warn(
[32m[I 2022-06-23 00:00:49,534][0m Trial 146 finished with value: 4.984230964192966 and parameters: {'hidden_size': 112, 'lr': 0.0018952154589843735}. Best is trial 94 with value: 4.9733313522021385.[0m
/home/erussek/.conda/envs/pDL/lib/python3.8/site-packages/optuna/distributions.py:560: UserWarning: The distribution is specified by [2, 200] and step=5, but the range is not divisible by `step`. It will be replaced by [2, 197].
  warnings.warn(
[32m[I 2022-06-23 00:02:42,486][0m Trial 147 finished with value: 5.007772835512931 and parameters: {'hidden_size': 87, 'lr': 0.0016353662563902398}. Best is trial 94 with value: 4.9733313522021385.[0m
/home/erussek/.conda/envs/pDL/lib/python3.8/site-packages/optuna/distributions.py:560: UserWarning: The distribution is specified by [2, 200] and step=5, but the range is not divisible by `step`. It will be replaced by [2, 197].
  warnings.warn(
[32m[I 2022-06-23 00:04:32,842][0m Trial 148 finished with value: 5.07179115229929 and parameters: {'hidden_size': 12, 'lr': 0.0018959908724940702}. Best is trial 94 with value: 4.9733313522021385.[0m
/home/erussek/.conda/envs/pDL/lib/python3.8/site-packages/optuna/distributions.py:560: UserWarning: The distribution is specified by [2, 200] and step=5, but the range is not divisible by `step`. It will be replaced by [2, 197].
  warnings.warn(
[32m[I 2022-06-23 00:06:36,676][0m Trial 149 finished with value: 5.035093068809424 and parameters: {'hidden_size': 197, 'lr': 0.0013270776778339876}. Best is trial 94 with value: 4.9733313522021385.[0m
train_setting: 0
0
1
2
3
0
1
2
3
0
1
2
3
0
1
2
3
0
1
2
3
0
1
2
3
0
1
2
3
0
1
2
3
0
1
2
3
0
1
2
3
0
1
2
3
0
1
2
3
0
1
2
3
0
1
2
3
0
1
2
3
0
1
2
3
0
1
2
3
0
1
2
3
0
1
2
3
0
1
2
3
0
1
2
3
0
1
2
3
0
1
2
3
0
1
2
3
0
1
2
3
0
1
2
3
0
1
2
3
0
1
2
3
0
1
2
3
0
1
2
3
0
1
2
3
0
1
2
3
0
1
2
3
0
1
2
3
0
1
2
3
0
1
2
3
0
1
2
3
0
1
2
3
0
1
2
3
0
1
2
3
0
1
2
3
0
1
2
3
0
1
2
3
0
1
2
3
0
1
2
3
0
1
2
3
0
1
2
3
0
1
2
3
0
1
2
3
0
1
2
3
0
1
2
3
0
1
2
3
0
1
2
3
0
1
2
3
0
1
2
3
0
1
2
3
0
1
2
3
0
1
2
3
0
1
2
3
0
1
2
3
0
1
2
3
0
1
2
3
0
1
2
3
0
1
2
3
0
1
2
3
0
1
2
3
0
1
2
3
0
1
2
3
0
1
2
3
0
1
2
3
0
1
2
3
0
1
2
3
0
1
2
3
0
1
2
3
0
1
2
3
0
1
2
3
0
1
2
3
0
1
2
3
0
1
2
3
0
1
2
3
0
1
2
3
0
1
2
3
0
1
2
3
0
1
2
3
0
1
2
3
0
1
2
3
0
1
2
3
0
1
2
3
0
1
2
3
0
1
2
3
0
1
2
3
0
1
2
3
0
1
2
3
0
1
2
3
0
1
2
3
0
1
2
3
0
1
2
3
0
1
2
3
0
1
2
3
0
1
2
3
0
1
2
3
0
1
2
3
0
1
2
3
0
1
2
3
0
1
2
3
0
1
2
3
0
1
2
3
0
1
2
3
0
1
2
3
0
1
2
3
0
1
2
3
0
1
2
3
0
1
2
3
0
1
2
3
0
1
2
3
0
1
2
3
0
1
2
3
0
1
2
3
0
1
2
3
0
1
2
3
0
1
2
3
0
1
2
3
0
1
2
3
0
1
2
3
0
1
2
3
0
1
2
3
0
1
2
3
0
1
2
3
0
1
2
3
0
1
2
3
0
1
2
3
0
1
2
3
0
1
2
3
0
1
2
3
0
1
2
3
0
1
2
3
0
1
2
3
0
1
2
3
0
1
2
3
0
1
2
3
0
1
2
3
0
1
2
3
0
1
2
3
0
1
2
3
0
1
2
3
0
1
2
3
0
1
2
3
0
1
2
3
0
1
2
3
0
1
2
3
--- 17259.2728536129 seconds ---
