My SLURM_ARRAY_JOB_ID is 47390883.
My SLURM_ARRAY_TASK_ID is 401
Executing on the machine: della-r2c4n11
{'model_name': 'Transformer', 'train_seq_part': 'fix_and_choice', 'n_simulation_sequences_train': 300000.0, 'n_human_sequences_train': 500000.0, 'n_sequences_test': 500, 'n_sequences_final_performance': 500, 'd_model': 32, 'n_layers': 2, 'n_head': 4, 'sim_lr': 0, 'human_lr': 0.0001, 'batch_size': 32, 'run_idx': 1, 'on_cluster': True, 'test_batch_increment_sim': 1000.0, 'test_batch_increment_human': 1000.0, 'save_folder_name': 'Hyper_Param_Search1', 'save_file_name': 'run_1_model_name_Transformer_d_model_32_sim_lr_0_human_lr_0.0001_n_head_4_n_layers_2_nsim_300000.0_nhum_500000.0'}
<class 'float'>
Loading Data
SimpleTransformer(
  (encoder): Linear(in_features=6, out_features=32, bias=True)
  (pos_encoder): PositionalEncoding(
    (dropout): Dropout(p=0, inplace=False)
  )
  (transformer_encoder): TransformerEncoder(
    (layers): ModuleList(
      (0): TransformerEncoderLayer(
        (self_attn): MultiheadAttention(
          (out_proj): NonDynamicallyQuantizableLinear(in_features=32, out_features=32, bias=True)
        )
        (linear1): Linear(in_features=32, out_features=128, bias=True)
        (dropout): Dropout(p=0, inplace=False)
        (linear2): Linear(in_features=128, out_features=32, bias=True)
        (norm1): LayerNorm((32,), eps=1e-05, elementwise_affine=True)
        (norm2): LayerNorm((32,), eps=1e-05, elementwise_affine=True)
        (dropout1): Dropout(p=0, inplace=False)
        (dropout2): Dropout(p=0, inplace=False)
      )
      (1): TransformerEncoderLayer(
        (self_attn): MultiheadAttention(
          (out_proj): NonDynamicallyQuantizableLinear(in_features=32, out_features=32, bias=True)
        )
        (linear1): Linear(in_features=32, out_features=128, bias=True)
        (dropout): Dropout(p=0, inplace=False)
        (linear2): Linear(in_features=128, out_features=32, bias=True)
        (norm1): LayerNorm((32,), eps=1e-05, elementwise_affine=True)
        (norm2): LayerNorm((32,), eps=1e-05, elementwise_affine=True)
        (dropout1): Dropout(p=0, inplace=False)
        (dropout2): Dropout(p=0, inplace=False)
      )
    )
  )
  (decoder): Linear(in_features=32, out_features=3, bias=True)
)
Training the model
Training on simulated data
number of simulation seqeuences: 32032number of human seqeuences: 0 sim test loss: 23.963812232017517 human test loss 27.597487688064575
number of simulation seqeuences: 64032number of human seqeuences: 0 sim test loss: 23.963812232017517 human test loss 27.597487688064575
number of simulation seqeuences: 96032number of human seqeuences: 0 sim test loss: 23.963812232017517 human test loss 27.597487688064575
number of simulation seqeuences: 128032number of human seqeuences: 0 sim test loss: 23.963812232017517 human test loss 27.597487688064575
number of simulation seqeuences: 160032number of human seqeuences: 0 sim test loss: 23.963812232017517 human test loss 27.597487688064575
number of simulation seqeuences: 192032number of human seqeuences: 0 sim test loss: 23.963812232017517 human test loss 27.597487688064575
number of simulation seqeuences: 224032number of human seqeuences: 0 sim test loss: 23.963812232017517 human test loss 27.597487688064575
number of simulation seqeuences: 256032number of human seqeuences: 0 sim test loss: 23.963812232017517 human test loss 27.597487688064575
number of simulation seqeuences: 288032number of human seqeuences: 0 sim test loss: 23.963812232017517 human test loss 27.597487688064575
Training on human data
number of simulation seqeuences: 288032number of human seqeuences: 32000 sim test loss: 5.667662799358368 human test loss 5.936363726854324
number of simulation seqeuences: 288032number of human seqeuences: 64000 sim test loss: 5.7142631113529205 human test loss 5.835929363965988
number of simulation seqeuences: 288032number of human seqeuences: 96000 sim test loss: 5.706025570631027 human test loss 5.824301838874817
number of simulation seqeuences: 288032number of human seqeuences: 128000 sim test loss: 5.694827228784561 human test loss 5.800146132707596
number of simulation seqeuences: 288032number of human seqeuences: 160000 sim test loss: 5.7039534747600555 human test loss 5.781784415245056
number of simulation seqeuences: 288032number of human seqeuences: 192000 sim test loss: 5.753506600856781 human test loss 5.785297632217407
number of simulation seqeuences: 288032number of human seqeuences: 256000 sim test loss: 5.739082396030426 human test loss 5.812064498662949
number of simulation seqeuences: 288032number of human seqeuences: 288000 sim test loss: 5.710468083620071 human test loss 5.828229397535324
number of simulation seqeuences: 288032number of human seqeuences: 320000 sim test loss: 5.741226255893707 human test loss 5.840186834335327
number of simulation seqeuences: 288032number of human seqeuences: 352000 sim test loss: 5.735497623682022 human test loss 5.834812551736832
number of simulation seqeuences: 288032number of human seqeuences: 384000 sim test loss: 5.757253527641296 human test loss 5.828468143939972
number of simulation seqeuences: 288032number of human seqeuences: 416000 sim test loss: 5.832432776689529 human test loss 5.839619606733322
number of simulation seqeuences: 288032number of human seqeuences: 480000 sim test loss: 5.7860265374183655 human test loss 5.891966998577118
Evaluating trained model performance
Saving the model and results
