My SLURM_ARRAY_JOB_ID is 50392197.
My SLURM_ARRAY_TASK_ID is 143
Executing on the machine: della-l01g1
{'model_name': 'Transformer', 'train_seq_part': 'fix_and_choice', 'n_simulation_sequences_train': 0, 'n_human_sequences_train': 1000000.0, 'n_sequences_test': 500, 'n_sequences_final_performance': 500, 'd_model': 512, 'n_layers': 2, 'n_head': 4, 'sim_lr': 0, 'human_lr': 0.0001, 'batch_size': 32, 'dropout': 0.1, 'run_idx': 1, 'on_cluster': True, 'test_batch_increment_sim': 200, 'test_batch_increment_human': 200, 'save_folder_name': 'Hyper_Param_Search_Sequential', 'save_file_name': 'Human_Only_fix_and_choice_all_run_1_model_name_Transformer_d_model_512_sim_lr_0_human_lr_0.0001_n_head_4_n_layers_2', 'fix_unit': 'all'}
<class 'int'>
Loading Data
cuda:0
Training the model
Training on simulated data
Training on human data
number of simulation seqeuences: 0number of human seqeuences: 6400 sim test loss: 5.767182618379593 human test loss 5.891746670007706
number of simulation seqeuences: 0number of human seqeuences: 12800 sim test loss: 5.702731519937515 human test loss 5.857307434082031
number of simulation seqeuences: 0number of human seqeuences: 19200 sim test loss: 5.671770513057709 human test loss 5.881913095712662
number of simulation seqeuences: 0number of human seqeuences: 25600 sim test loss: 5.522140800952911 human test loss 5.882211416959763
number of simulation seqeuences: 0number of human seqeuences: 32000 sim test loss: 5.7323766350746155 human test loss 5.912068784236908
number of simulation seqeuences: 0number of human seqeuences: 38400 sim test loss: 5.674912363290787 human test loss 6.000647455453873
number of simulation seqeuences: 0number of human seqeuences: 51200 sim test loss: 5.71387580037117 human test loss 6.0154933631420135
number of simulation seqeuences: 0number of human seqeuences: 57600 sim test loss: 5.757874101400375 human test loss 5.870875656604767
number of simulation seqeuences: 0number of human seqeuences: 64000 sim test loss: 5.722190961241722 human test loss 5.984405875205994
number of simulation seqeuences: 0number of human seqeuences: 70400 sim test loss: 5.676509767770767 human test loss 5.934653341770172
number of simulation seqeuences: 0number of human seqeuences: 76800 sim test loss: 5.75527036190033 human test loss 5.984986513853073
number of simulation seqeuences: 0number of human seqeuences: 83200 sim test loss: 5.7235646694898605 human test loss 6.023543953895569
number of simulation seqeuences: 0number of human seqeuences: 96000 sim test loss: 5.8267907202243805 human test loss 6.071984887123108
number of simulation seqeuences: 0number of human seqeuences: 102400 sim test loss: 5.912247747182846 human test loss 5.92656871676445
number of simulation seqeuences: 0number of human seqeuences: 108800 sim test loss: 5.929201424121857 human test loss 6.052801549434662
number of simulation seqeuences: 0number of human seqeuences: 115200 sim test loss: 5.990116685628891 human test loss 5.888471037149429
number of simulation seqeuences: 0number of human seqeuences: 121600 sim test loss: 5.93118143081665 human test loss 5.974652796983719
number of simulation seqeuences: 0number of human seqeuences: 128000 sim test loss: 5.902380555868149 human test loss 6.041577726602554
number of simulation seqeuences: 0number of human seqeuences: 140800 sim test loss: 6.065591514110565 human test loss 6.198900461196899
number of simulation seqeuences: 0number of human seqeuences: 147200 sim test loss: 6.14857017993927 human test loss 6.103385150432587
number of simulation seqeuences: 0number of human seqeuences: 153600 sim test loss: 5.994364231824875 human test loss 6.05024728178978
number of simulation seqeuences: 0number of human seqeuences: 160000 sim test loss: 6.212052166461945 human test loss 6.130940407514572
number of simulation seqeuences: 0number of human seqeuences: 166400 sim test loss: 6.163621425628662 human test loss 6.167756527662277
number of simulation seqeuences: 0number of human seqeuences: 172800 sim test loss: 6.526614099740982 human test loss 6.333765357732773
number of simulation seqeuences: 0number of human seqeuences: 185600 sim test loss: 6.627957999706268 human test loss 6.449324131011963
number of simulation seqeuences: 0number of human seqeuences: 192000 sim test loss: 6.214509129524231 human test loss 6.178199619054794
number of simulation seqeuences: 0number of human seqeuences: 198400 sim test loss: 6.693736672401428 human test loss 6.519995898008347
number of simulation seqeuences: 0number of human seqeuences: 204800 sim test loss: 6.427987724542618 human test loss 6.218728482723236
number of simulation seqeuences: 0number of human seqeuences: 211200 sim test loss: 6.599044770002365 human test loss 6.395394712686539
number of simulation seqeuences: 0number of human seqeuences: 217600 sim test loss: 6.408551961183548 human test loss 6.301674097776413
number of simulation seqeuences: 0number of human seqeuences: 230400 sim test loss: 6.762693792581558 human test loss 6.457726866006851
number of simulation seqeuences: 0number of human seqeuences: 236800 sim test loss: 6.381449103355408 human test loss 6.221818327903748
number of simulation seqeuences: 0number of human seqeuences: 243200 sim test loss: 6.829248696565628 human test loss 6.776038825511932
number of simulation seqeuences: 0number of human seqeuences: 249600 sim test loss: 6.526650637388229 human test loss 6.288601636886597
number of simulation seqeuences: 0number of human seqeuences: 256000 sim test loss: 6.963813960552216 human test loss 6.747064620256424
number of simulation seqeuences: 0number of human seqeuences: 262400 sim test loss: 6.476837307214737 human test loss 6.330511599779129
number of simulation seqeuences: 0number of human seqeuences: 275200 sim test loss: 6.5480349361896515 human test loss 6.285763114690781
number of simulation seqeuences: 0number of human seqeuences: 281600 sim test loss: 7.127244979143143 human test loss 6.538904368877411
number of simulation seqeuences: 0number of human seqeuences: 288000 sim test loss: 6.588117301464081 human test loss 6.273441731929779
number of simulation seqeuences: 0number of human seqeuences: 294400 sim test loss: 7.093918353319168 human test loss 6.602042943239212
number of simulation seqeuences: 0number of human seqeuences: 300800 sim test loss: 6.719514936208725 human test loss 6.3780218064785
number of simulation seqeuences: 0number of human seqeuences: 307200 sim test loss: 6.728995203971863 human test loss 6.373687297105789
number of simulation seqeuences: 0number of human seqeuences: 320000 sim test loss: 6.73908856511116 human test loss 6.434813529253006
number of simulation seqeuences: 0number of human seqeuences: 326400 sim test loss: 7.213304132223129 human test loss 6.690795660018921
number of simulation seqeuences: 0number of human seqeuences: 332800 sim test loss: 7.0212222039699554 human test loss 6.424345880746841
number of simulation seqeuences: 0number of human seqeuences: 339200 sim test loss: 7.237552583217621 human test loss 6.637648344039917
number of simulation seqeuences: 0number of human seqeuences: 345600 sim test loss: 7.1979851722717285 human test loss 6.490416496992111
number of simulation seqeuences: 0number of human seqeuences: 352000 sim test loss: 7.17657607793808 human test loss 6.567225337028503
number of simulation seqeuences: 0number of human seqeuences: 364800 sim test loss: 7.16902169585228 human test loss 6.747170686721802
number of simulation seqeuences: 0number of human seqeuences: 371200 sim test loss: 7.313710570335388 human test loss 6.567294955253601
number of simulation seqeuences: 0number of human seqeuences: 377600 sim test loss: 7.4077233374118805 human test loss 6.8224489986896515
number of simulation seqeuences: 0number of human seqeuences: 384000 sim test loss: 7.2457011342048645 human test loss 6.65364146232605
number of simulation seqeuences: 0number of human seqeuences: 390400 sim test loss: 7.085436642169952 human test loss 6.618936538696289
number of simulation seqeuences: 0number of human seqeuences: 396800 sim test loss: 6.9593505859375 human test loss 6.52426540851593
number of simulation seqeuences: 0number of human seqeuences: 409600 sim test loss: 7.047391265630722 human test loss 6.62885981798172
number of simulation seqeuences: 0number of human seqeuences: 416000 sim test loss: 7.414324134588242 human test loss 6.668963044881821
number of simulation seqeuences: 0number of human seqeuences: 422400 sim test loss: 7.231411665678024 human test loss 6.825661778450012
number of simulation seqeuences: 0number of human seqeuences: 428800 sim test loss: 7.117151260375977 human test loss 6.6849068105220795
number of simulation seqeuences: 0number of human seqeuences: 435200 sim test loss: 7.33113694190979 human test loss 6.776182591915131
number of simulation seqeuences: 0number of human seqeuences: 441600 sim test loss: 7.1979212164878845 human test loss 6.560986250638962
number of simulation seqeuences: 0number of human seqeuences: 454400 sim test loss: 7.354238450527191 human test loss 6.56943279504776
number of simulation seqeuences: 0number of human seqeuences: 460800 sim test loss: 7.346995949745178 human test loss 6.9182456731796265
number of simulation seqeuences: 0number of human seqeuences: 467200 sim test loss: 7.244284600019455 human test loss 6.5790771543979645
number of simulation seqeuences: 0number of human seqeuences: 473600 sim test loss: 7.3798398077487946 human test loss 6.813175618648529
number of simulation seqeuences: 0number of human seqeuences: 480000 sim test loss: 7.412995308637619 human test loss 6.655636042356491
number of simulation seqeuences: 0number of human seqeuences: 486400 sim test loss: 7.4506725668907166 human test loss 6.917397826910019
number of simulation seqeuences: 0number of human seqeuences: 499200 sim test loss: 7.711846858263016 human test loss 6.90395587682724
number of simulation seqeuences: 0number of human seqeuences: 505600 sim test loss: 7.350282311439514 human test loss 6.811013400554657
number of simulation seqeuences: 0number of human seqeuences: 512000 sim test loss: 7.51389667391777 human test loss 6.8284372091293335
number of simulation seqeuences: 0number of human seqeuences: 518400 sim test loss: 7.330533057451248 human test loss 6.673591166734695
number of simulation seqeuences: 0number of human seqeuences: 524800 sim test loss: 7.555216670036316 human test loss 6.911377787590027
number of simulation seqeuences: 0number of human seqeuences: 531200 sim test loss: 7.42660665512085 human test loss 6.801913648843765
number of simulation seqeuences: 0number of human seqeuences: 544000 sim test loss: 7.547344326972961 human test loss 6.993980407714844
number of simulation seqeuences: 0number of human seqeuences: 550400 sim test loss: 7.499583899974823 human test loss 6.780644059181213
number of simulation seqeuences: 0number of human seqeuences: 556800 sim test loss: 7.744519531726837 human test loss 7.040579110383987
number of simulation seqeuences: 0number of human seqeuences: 563200 sim test loss: 7.575169771909714 human test loss 6.748260200023651
number of simulation seqeuences: 0number of human seqeuences: 569600 sim test loss: 7.645486414432526 human test loss 6.936107277870178
number of simulation seqeuences: 0number of human seqeuences: 576000 sim test loss: 7.692708760499954 human test loss 6.914226859807968
number of simulation seqeuences: 0number of human seqeuences: 588800 sim test loss: 7.733987271785736 human test loss 6.973632276058197
number of simulation seqeuences: 0number of human seqeuences: 595200 sim test loss: 7.349600553512573 human test loss 6.876230359077454
number of simulation seqeuences: 0number of human seqeuences: 601600 sim test loss: 7.738682001829147 human test loss 6.89955461025238
number of simulation seqeuences: 0number of human seqeuences: 608000 sim test loss: 7.325774818658829 human test loss 6.924454718828201
number of simulation seqeuences: 0number of human seqeuences: 614400 sim test loss: 7.673077762126923 human test loss 6.987236529588699
number of simulation seqeuences: 0number of human seqeuences: 620800 sim test loss: 7.492049872875214 human test loss 7.00302517414093
number of simulation seqeuences: 0number of human seqeuences: 633600 sim test loss: 7.671744734048843 human test loss 6.9860818684101105
number of simulation seqeuences: 0number of human seqeuences: 640000 sim test loss: 7.726504415273666 human test loss 6.965573638677597
number of simulation seqeuences: 0number of human seqeuences: 646400 sim test loss: 7.582034200429916 human test loss 7.066319286823273
number of simulation seqeuences: 0number of human seqeuences: 652800 sim test loss: 7.4536550641059875 human test loss 7.024269908666611
number of simulation seqeuences: 0number of human seqeuences: 659200 sim test loss: 7.756793916225433 human test loss 7.117539137601852
number of simulation seqeuences: 0number of human seqeuences: 665600 sim test loss: 7.683819979429245 human test loss 7.134926527738571
number of simulation seqeuences: 0number of human seqeuences: 678400 sim test loss: 7.650642663240433 human test loss 7.286724656820297
number of simulation seqeuences: 0number of human seqeuences: 684800 sim test loss: 7.580211371183395 human test loss 6.994114279747009
number of simulation seqeuences: 0number of human seqeuences: 691200 sim test loss: 7.6888777911663055 human test loss 7.342564553022385
number of simulation seqeuences: 0number of human seqeuences: 697600 sim test loss: 7.477795392274857 human test loss 6.813162565231323
number of simulation seqeuences: 0number of human seqeuences: 704000 sim test loss: 7.731571614742279 human test loss 7.53045979142189
number of simulation seqeuences: 0number of human seqeuences: 710400 sim test loss: 7.407568454742432 human test loss 6.852738231420517
number of simulation seqeuences: 0number of human seqeuences: 723200 sim test loss: 7.762566268444061 human test loss 6.984023898839951
number of simulation seqeuences: 0number of human seqeuences: 729600 sim test loss: 7.603807061910629 human test loss 7.41375195980072
number of simulation seqeuences: 0number of human seqeuences: 736000 sim test loss: 7.580978244543076 human test loss 6.980299085378647
number of simulation seqeuences: 0number of human seqeuences: 742400 sim test loss: 7.637958854436874 human test loss 7.227405786514282
number of simulation seqeuences: 0number of human seqeuences: 748800 sim test loss: 7.5086720287799835 human test loss 7.081778466701508
number of simulation seqeuences: 0number of human seqeuences: 755200 sim test loss: 7.676138281822205 human test loss 7.3224358558654785
number of simulation seqeuences: 0number of human seqeuences: 768000 sim test loss: 7.5573296546936035 human test loss 7.151349872350693
number of simulation seqeuences: 0number of human seqeuences: 774400 sim test loss: 7.558883041143417 human test loss 7.2084400951862335
number of simulation seqeuences: 0number of human seqeuences: 780800 sim test loss: 7.6426292061805725 human test loss 7.333214193582535
number of simulation seqeuences: 0number of human seqeuences: 787200 sim test loss: 7.507094085216522 human test loss 7.0316919684410095
number of simulation seqeuences: 0number of human seqeuences: 793600 sim test loss: 7.697119414806366 human test loss 7.402718901634216
number of simulation seqeuences: 0number of human seqeuences: 800000 sim test loss: 7.373153328895569 human test loss 6.949828505516052
number of simulation seqeuences: 0number of human seqeuences: 812800 sim test loss: 7.539481341838837 human test loss 7.072572082281113
number of simulation seqeuences: 0number of human seqeuences: 819200 sim test loss: 7.895399808883667 human test loss 7.554795324802399
number of simulation seqeuences: 0number of human seqeuences: 825600 sim test loss: 7.49541512131691 human test loss 7.12694251537323
number of simulation seqeuences: 0number of human seqeuences: 832000 sim test loss: 7.903896778821945 human test loss 7.422529608011246
number of simulation seqeuences: 0number of human seqeuences: 838400 sim test loss: 7.406382918357849 human test loss 7.05900964140892
number of simulation seqeuences: 0number of human seqeuences: 844800 sim test loss: 7.888302028179169 human test loss 7.337323218584061
number of simulation seqeuences: 0number of human seqeuences: 857600 sim test loss: 7.887925356626511 human test loss 7.268743872642517
number of simulation seqeuences: 0number of human seqeuences: 864000 sim test loss: 7.9635202288627625 human test loss 7.339948892593384
number of simulation seqeuences: 0number of human seqeuences: 870400 sim test loss: 7.598148465156555 human test loss 7.1135313510894775
number of simulation seqeuences: 0number of human seqeuences: 876800 sim test loss: 7.856415808200836 human test loss 7.293841063976288
number of simulation seqeuences: 0number of human seqeuences: 883200 sim test loss: 7.593853682279587 human test loss 7.12745201587677
number of simulation seqeuences: 0number of human seqeuences: 889600 sim test loss: 7.977103650569916 human test loss 7.331354975700378
number of simulation seqeuences: 0number of human seqeuences: 902400 sim test loss: 8.059543579816818 human test loss 7.294945120811462
number of simulation seqeuences: 0number of human seqeuences: 908800 sim test loss: 7.739499479532242 human test loss 7.256926745176315
number of simulation seqeuences: 0number of human seqeuences: 915200 sim test loss: 7.966739356517792 human test loss 7.3313795030117035
number of simulation seqeuences: 0number of human seqeuences: 921600 sim test loss: 7.622716724872589 human test loss 7.229106217622757
number of simulation seqeuences: 0number of human seqeuences: 928000 sim test loss: 7.852937489748001 human test loss 7.322138458490372
number of simulation seqeuences: 0number of human seqeuences: 934400 sim test loss: 7.615748375654221 human test loss 7.149928063154221
number of simulation seqeuences: 0number of human seqeuences: 947200 sim test loss: 7.760453581809998 human test loss 7.342288613319397
number of simulation seqeuences: 0number of human seqeuences: 953600 sim test loss: 7.812915533781052 human test loss 7.2727141082286835
number of simulation seqeuences: 0number of human seqeuences: 960000 sim test loss: 7.8376593589782715 human test loss 7.361854076385498
number of simulation seqeuences: 0number of human seqeuences: 966400 sim test loss: 7.639347195625305 human test loss 7.215151637792587
number of simulation seqeuences: 0number of human seqeuences: 972800 sim test loss: 7.843705743551254 human test loss 7.300323337316513
number of simulation seqeuences: 0number of human seqeuences: 979200 sim test loss: 7.829213798046112 human test loss 7.23391130566597
number of simulation seqeuences: 0number of human seqeuences: 992000 sim test loss: 7.8301272094249725 human test loss 7.329960107803345
number of simulation seqeuences: 0number of human seqeuences: 998400 sim test loss: 7.7429854571819305 human test loss 7.3014183938503265
number of simulation seqeuences: 0number of human seqeuences: 1004800 sim test loss: 7.87725505232811 human test loss 7.484534829854965
Evaluating trained model performance
Saving results
