[32m[I 2022-06-22 21:31:18,255][0m A new study created in memory with name: no-name-93e967da-ce20-40db-9ac3-dac60adb824a[0m
/home/erussek/.conda/envs/pDL/lib/python3.8/site-packages/optuna/distributions.py:560: UserWarning: The distribution is specified by [2, 200] and step=5, but the range is not divisible by `step`. It will be replaced by [2, 197].
  warnings.warn(
[32m[I 2022-06-22 21:31:34,069][0m Trial 0 finished with value: 4.8504554721289495 and parameters: {'hidden_size': 187, 'lr': 0.000153742536876662}. Best is trial 0 with value: 4.8504554721289495.[0m
/home/erussek/.conda/envs/pDL/lib/python3.8/site-packages/optuna/distributions.py:560: UserWarning: The distribution is specified by [2, 200] and step=5, but the range is not divisible by `step`. It will be replaced by [2, 197].
  warnings.warn(
[32m[I 2022-06-22 21:31:47,684][0m Trial 1 finished with value: 4.854540666147933 and parameters: {'hidden_size': 127, 'lr': 0.0005837097244979806}. Best is trial 0 with value: 4.8504554721289495.[0m
/home/erussek/.conda/envs/pDL/lib/python3.8/site-packages/optuna/distributions.py:560: UserWarning: The distribution is specified by [2, 200] and step=5, but the range is not divisible by `step`. It will be replaced by [2, 197].
  warnings.warn(
[32m[I 2022-06-22 21:32:01,268][0m Trial 2 finished with value: 4.905284112684248 and parameters: {'hidden_size': 187, 'lr': 0.004931814983400751}. Best is trial 0 with value: 4.8504554721289495.[0m
/home/erussek/.conda/envs/pDL/lib/python3.8/site-packages/optuna/distributions.py:560: UserWarning: The distribution is specified by [2, 200] and step=5, but the range is not divisible by `step`. It will be replaced by [2, 197].
  warnings.warn(
[32m[I 2022-06-22 21:32:14,854][0m Trial 3 finished with value: 4.856902801540231 and parameters: {'hidden_size': 132, 'lr': 0.000756840350990066}. Best is trial 0 with value: 4.8504554721289495.[0m
/home/erussek/.conda/envs/pDL/lib/python3.8/site-packages/optuna/distributions.py:560: UserWarning: The distribution is specified by [2, 200] and step=5, but the range is not divisible by `step`. It will be replaced by [2, 197].
  warnings.warn(
[32m[I 2022-06-22 21:32:28,271][0m Trial 4 finished with value: 4.861422942252532 and parameters: {'hidden_size': 97, 'lr': 0.00010523840703131107}. Best is trial 0 with value: 4.8504554721289495.[0m
/home/erussek/.conda/envs/pDL/lib/python3.8/site-packages/optuna/distributions.py:560: UserWarning: The distribution is specified by [2, 200] and step=5, but the range is not divisible by `step`. It will be replaced by [2, 197].
  warnings.warn(
[32m[I 2022-06-22 21:32:41,715][0m Trial 5 finished with value: 4.8503880635876975 and parameters: {'hidden_size': 32, 'lr': 0.0003782042275735696}. Best is trial 5 with value: 4.8503880635876975.[0m
/home/erussek/.conda/envs/pDL/lib/python3.8/site-packages/optuna/distributions.py:560: UserWarning: The distribution is specified by [2, 200] and step=5, but the range is not divisible by `step`. It will be replaced by [2, 197].
  warnings.warn(
[32m[I 2022-06-22 21:32:55,116][0m Trial 6 finished with value: 4.868913586939495 and parameters: {'hidden_size': 87, 'lr': 0.002165819816608855}. Best is trial 5 with value: 4.8503880635876975.[0m
/home/erussek/.conda/envs/pDL/lib/python3.8/site-packages/optuna/distributions.py:560: UserWarning: The distribution is specified by [2, 200] and step=5, but the range is not divisible by `step`. It will be replaced by [2, 197].
  warnings.warn(
[32m[I 2022-06-22 21:33:08,705][0m Trial 7 finished with value: 4.854295521898245 and parameters: {'hidden_size': 157, 'lr': 0.0004857706967849471}. Best is trial 5 with value: 4.8503880635876975.[0m
/home/erussek/.conda/envs/pDL/lib/python3.8/site-packages/optuna/distributions.py:560: UserWarning: The distribution is specified by [2, 200] and step=5, but the range is not divisible by `step`. It will be replaced by [2, 197].
  warnings.warn(
[32m[I 2022-06-22 21:33:22,268][0m Trial 8 finished with value: 4.907288918460072 and parameters: {'hidden_size': 197, 'lr': 0.005084646098048026}. Best is trial 5 with value: 4.8503880635876975.[0m
/home/erussek/.conda/envs/pDL/lib/python3.8/site-packages/optuna/distributions.py:560: UserWarning: The distribution is specified by [2, 200] and step=5, but the range is not divisible by `step`. It will be replaced by [2, 197].
  warnings.warn(
[32m[I 2022-06-22 21:33:35,649][0m Trial 9 finished with value: 8.981319309349402 and parameters: {'hidden_size': 12, 'lr': 0.0001259484350897216}. Best is trial 5 with value: 4.8503880635876975.[0m
/home/erussek/.conda/envs/pDL/lib/python3.8/site-packages/optuna/distributions.py:560: UserWarning: The distribution is specified by [2, 200] and step=5, but the range is not divisible by `step`. It will be replaced by [2, 197].
  warnings.warn(
[32m[I 2022-06-22 21:33:49,051][0m Trial 10 finished with value: 5.610626623091716 and parameters: {'hidden_size': 12, 'lr': 0.0002874789365582105}. Best is trial 5 with value: 4.8503880635876975.[0m
/home/erussek/.conda/envs/pDL/lib/python3.8/site-packages/optuna/distributions.py:560: UserWarning: The distribution is specified by [2, 200] and step=5, but the range is not divisible by `step`. It will be replaced by [2, 197].
  warnings.warn(
[32m[I 2022-06-22 21:34:02,474][0m Trial 11 finished with value: 4.850148775513438 and parameters: {'hidden_size': 57, 'lr': 0.00023636666417163355}. Best is trial 11 with value: 4.850148775513438.[0m
/home/erussek/.conda/envs/pDL/lib/python3.8/site-packages/optuna/distributions.py:560: UserWarning: The distribution is specified by [2, 200] and step=5, but the range is not divisible by `step`. It will be replaced by [2, 197].
  warnings.warn(
[32m[I 2022-06-22 21:34:15,909][0m Trial 12 finished with value: 4.8501743429296305 and parameters: {'hidden_size': 52, 'lr': 0.0002544939534873247}. Best is trial 11 with value: 4.850148775513438.[0m
/home/erussek/.conda/envs/pDL/lib/python3.8/site-packages/optuna/distributions.py:560: UserWarning: The distribution is specified by [2, 200] and step=5, but the range is not divisible by `step`. It will be replaced by [2, 197].
  warnings.warn(
[32m[I 2022-06-22 21:34:29,322][0m Trial 13 finished with value: 4.861500696282686 and parameters: {'hidden_size': 57, 'lr': 0.0018462810675482849}. Best is trial 11 with value: 4.850148775513438.[0m
/home/erussek/.conda/envs/pDL/lib/python3.8/site-packages/optuna/distributions.py:560: UserWarning: The distribution is specified by [2, 200] and step=5, but the range is not divisible by `step`. It will be replaced by [2, 197].
  warnings.warn(
[32m[I 2022-06-22 21:34:42,759][0m Trial 14 finished with value: 4.850129872446023 and parameters: {'hidden_size': 62, 'lr': 0.00023660359683022136}. Best is trial 14 with value: 4.850129872446023.[0m
/home/erussek/.conda/envs/pDL/lib/python3.8/site-packages/optuna/distributions.py:560: UserWarning: The distribution is specified by [2, 200] and step=5, but the range is not divisible by `step`. It will be replaced by [2, 197].
  warnings.warn(
[32m[I 2022-06-22 21:34:56,163][0m Trial 15 finished with value: 4.857661350435851 and parameters: {'hidden_size': 62, 'lr': 0.0013030430330894318}. Best is trial 14 with value: 4.850129872446023.[0m
/home/erussek/.conda/envs/pDL/lib/python3.8/site-packages/optuna/distributions.py:560: UserWarning: The distribution is specified by [2, 200] and step=5, but the range is not divisible by `step`. It will be replaced by [2, 197].
  warnings.warn(
[32m[I 2022-06-22 21:35:09,616][0m Trial 16 finished with value: 4.850226529200159 and parameters: {'hidden_size': 77, 'lr': 0.00023256457611071658}. Best is trial 14 with value: 4.850129872446023.[0m
/home/erussek/.conda/envs/pDL/lib/python3.8/site-packages/optuna/distributions.py:560: UserWarning: The distribution is specified by [2, 200] and step=5, but the range is not divisible by `step`. It will be replaced by [2, 197].
  warnings.warn(
[32m[I 2022-06-22 21:35:23,196][0m Trial 17 finished with value: 4.85029422954469 and parameters: {'hidden_size': 122, 'lr': 0.00018429143111955878}. Best is trial 14 with value: 4.850129872446023.[0m
/home/erussek/.conda/envs/pDL/lib/python3.8/site-packages/optuna/distributions.py:560: UserWarning: The distribution is specified by [2, 200] and step=5, but the range is not divisible by `step`. It will be replaced by [2, 197].
  warnings.warn(
[32m[I 2022-06-22 21:35:36,603][0m Trial 18 finished with value: 4.852999250501127 and parameters: {'hidden_size': 42, 'lr': 0.0008843648753836568}. Best is trial 14 with value: 4.850129872446023.[0m
/home/erussek/.conda/envs/pDL/lib/python3.8/site-packages/optuna/distributions.py:560: UserWarning: The distribution is specified by [2, 200] and step=5, but the range is not divisible by `step`. It will be replaced by [2, 197].
  warnings.warn(
[32m[I 2022-06-22 21:35:50,042][0m Trial 19 finished with value: 4.8513110765040155 and parameters: {'hidden_size': 72, 'lr': 0.0004114977407944582}. Best is trial 14 with value: 4.850129872446023.[0m
/home/erussek/.conda/envs/pDL/lib/python3.8/site-packages/optuna/distributions.py:560: UserWarning: The distribution is specified by [2, 200] and step=5, but the range is not divisible by `step`. It will be replaced by [2, 197].
  warnings.warn(
[32m[I 2022-06-22 21:36:03,458][0m Trial 20 finished with value: 4.893525717467565 and parameters: {'hidden_size': 27, 'lr': 0.009815536775998893}. Best is trial 14 with value: 4.850129872446023.[0m
/home/erussek/.conda/envs/pDL/lib/python3.8/site-packages/optuna/distributions.py:560: UserWarning: The distribution is specified by [2, 200] and step=5, but the range is not divisible by `step`. It will be replaced by [2, 197].
  warnings.warn(
[32m[I 2022-06-22 21:36:16,896][0m Trial 21 finished with value: 4.850184165675874 and parameters: {'hidden_size': 52, 'lr': 0.0002801922522365704}. Best is trial 14 with value: 4.850129872446023.[0m
/home/erussek/.conda/envs/pDL/lib/python3.8/site-packages/optuna/distributions.py:560: UserWarning: The distribution is specified by [2, 200] and step=5, but the range is not divisible by `step`. It will be replaced by [2, 197].
  warnings.warn(
[32m[I 2022-06-22 21:36:30,331][0m Trial 22 finished with value: 4.850481855006896 and parameters: {'hidden_size': 107, 'lr': 0.00022308311531114944}. Best is trial 14 with value: 4.850129872446023.[0m
/home/erussek/.conda/envs/pDL/lib/python3.8/site-packages/optuna/distributions.py:560: UserWarning: The distribution is specified by [2, 200] and step=5, but the range is not divisible by `step`. It will be replaced by [2, 197].
  warnings.warn(
[32m[I 2022-06-22 21:36:43,782][0m Trial 23 finished with value: 5.23900788259262 and parameters: {'hidden_size': 32, 'lr': 0.00015796022647270418}. Best is trial 14 with value: 4.850129872446023.[0m
/home/erussek/.conda/envs/pDL/lib/python3.8/site-packages/optuna/distributions.py:560: UserWarning: The distribution is specified by [2, 200] and step=5, but the range is not divisible by `step`. It will be replaced by [2, 197].
  warnings.warn(
[32m[I 2022-06-22 21:36:57,190][0m Trial 24 finished with value: 8.536841506155138 and parameters: {'hidden_size': 2, 'lr': 0.00029870562763957407}. Best is trial 14 with value: 4.850129872446023.[0m
/home/erussek/.conda/envs/pDL/lib/python3.8/site-packages/optuna/distributions.py:560: UserWarning: The distribution is specified by [2, 200] and step=5, but the range is not divisible by `step`. It will be replaced by [2, 197].
  warnings.warn(
[32m[I 2022-06-22 21:37:10,617][0m Trial 25 finished with value: 5.008102574246183 and parameters: {'hidden_size': 72, 'lr': 0.00010283882418898111}. Best is trial 14 with value: 4.850129872446023.[0m
/home/erussek/.conda/envs/pDL/lib/python3.8/site-packages/optuna/distributions.py:560: UserWarning: The distribution is specified by [2, 200] and step=5, but the range is not divisible by `step`. It will be replaced by [2, 197].
  warnings.warn(
[32m[I 2022-06-22 21:37:24,048][0m Trial 26 finished with value: 4.851692771026328 and parameters: {'hidden_size': 47, 'lr': 0.0005934124049736471}. Best is trial 14 with value: 4.850129872446023.[0m
/home/erussek/.conda/envs/pDL/lib/python3.8/site-packages/optuna/distributions.py:560: UserWarning: The distribution is specified by [2, 200] and step=5, but the range is not divisible by `step`. It will be replaced by [2, 197].
  warnings.warn(
[32m[I 2022-06-22 21:37:37,503][0m Trial 27 finished with value: 4.85124171142694 and parameters: {'hidden_size': 92, 'lr': 0.0003545485499770803}. Best is trial 14 with value: 4.850129872446023.[0m
/home/erussek/.conda/envs/pDL/lib/python3.8/site-packages/optuna/distributions.py:560: UserWarning: The distribution is specified by [2, 200] and step=5, but the range is not divisible by `step`. It will be replaced by [2, 197].
  warnings.warn(
[32m[I 2022-06-22 21:37:50,922][0m Trial 28 finished with value: 4.850320042057318 and parameters: {'hidden_size': 112, 'lr': 0.00020134770473242402}. Best is trial 14 with value: 4.850129872446023.[0m
/home/erussek/.conda/envs/pDL/lib/python3.8/site-packages/optuna/distributions.py:560: UserWarning: The distribution is specified by [2, 200] and step=5, but the range is not divisible by `step`. It will be replaced by [2, 197].
  warnings.warn(
[32m[I 2022-06-22 21:38:04,348][0m Trial 29 finished with value: 4.8515700380032865 and parameters: {'hidden_size': 82, 'lr': 0.00014374453770594513}. Best is trial 14 with value: 4.850129872446023.[0m
/home/erussek/.conda/envs/pDL/lib/python3.8/site-packages/optuna/distributions.py:560: UserWarning: The distribution is specified by [2, 200] and step=5, but the range is not divisible by `step`. It will be replaced by [2, 197].
  warnings.warn(
[32m[I 2022-06-22 21:38:17,785][0m Trial 30 finished with value: 4.857289885970908 and parameters: {'hidden_size': 62, 'lr': 0.0012544428579485828}. Best is trial 14 with value: 4.850129872446023.[0m
/home/erussek/.conda/envs/pDL/lib/python3.8/site-packages/optuna/distributions.py:560: UserWarning: The distribution is specified by [2, 200] and step=5, but the range is not divisible by `step`. It will be replaced by [2, 197].
  warnings.warn(
[32m[I 2022-06-22 21:38:31,212][0m Trial 31 finished with value: 4.850253025525358 and parameters: {'hidden_size': 47, 'lr': 0.00028121771441929266}. Best is trial 14 with value: 4.850129872446023.[0m
/home/erussek/.conda/envs/pDL/lib/python3.8/site-packages/optuna/distributions.py:560: UserWarning: The distribution is specified by [2, 200] and step=5, but the range is not divisible by `step`. It will be replaced by [2, 197].
  warnings.warn(
[32m[I 2022-06-22 21:38:44,650][0m Trial 32 finished with value: 4.852180459549729 and parameters: {'hidden_size': 57, 'lr': 0.0005969701640279429}. Best is trial 14 with value: 4.850129872446023.[0m
/home/erussek/.conda/envs/pDL/lib/python3.8/site-packages/optuna/distributions.py:560: UserWarning: The distribution is specified by [2, 200] and step=5, but the range is not divisible by `step`. It will be replaced by [2, 197].
  warnings.warn(
[32m[I 2022-06-22 21:38:58,050][0m Trial 33 finished with value: 4.879228691094663 and parameters: {'hidden_size': 42, 'lr': 0.00018898009388289668}. Best is trial 14 with value: 4.850129872446023.[0m
/home/erussek/.conda/envs/pDL/lib/python3.8/site-packages/optuna/distributions.py:560: UserWarning: The distribution is specified by [2, 200] and step=5, but the range is not divisible by `step`. It will be replaced by [2, 197].
  warnings.warn(
[32m[I 2022-06-22 21:39:11,444][0m Trial 34 finished with value: 4.851573093180162 and parameters: {'hidden_size': 67, 'lr': 0.0004628753470591522}. Best is trial 14 with value: 4.850129872446023.[0m
/home/erussek/.conda/envs/pDL/lib/python3.8/site-packages/optuna/distributions.py:560: UserWarning: The distribution is specified by [2, 200] and step=5, but the range is not divisible by `step`. It will be replaced by [2, 197].
  warnings.warn(
[32m[I 2022-06-22 21:39:24,830][0m Trial 35 finished with value: 4.871402587612826 and parameters: {'hidden_size': 27, 'lr': 0.00026137191318236646}. Best is trial 14 with value: 4.850129872446023.[0m
/home/erussek/.conda/envs/pDL/lib/python3.8/site-packages/optuna/distributions.py:560: UserWarning: The distribution is specified by [2, 200] and step=5, but the range is not divisible by `step`. It will be replaced by [2, 197].
  warnings.warn(
[32m[I 2022-06-22 21:39:38,252][0m Trial 36 finished with value: 6.080753885486215 and parameters: {'hidden_size': 17, 'lr': 0.00013925420151374545}. Best is trial 14 with value: 4.850129872446023.[0m
/home/erussek/.conda/envs/pDL/lib/python3.8/site-packages/optuna/distributions.py:560: UserWarning: The distribution is specified by [2, 200] and step=5, but the range is not divisible by `step`. It will be replaced by [2, 197].
  warnings.warn(
[32m[I 2022-06-22 21:39:51,805][0m Trial 37 finished with value: 4.852522890180082 and parameters: {'hidden_size': 152, 'lr': 0.000358990027106809}. Best is trial 14 with value: 4.850129872446023.[0m
/home/erussek/.conda/envs/pDL/lib/python3.8/site-packages/optuna/distributions.py:560: UserWarning: The distribution is specified by [2, 200] and step=5, but the range is not divisible by `step`. It will be replaced by [2, 197].
  warnings.warn(
[32m[I 2022-06-22 21:40:05,182][0m Trial 38 finished with value: 4.852695898614376 and parameters: {'hidden_size': 52, 'lr': 0.0007509720106229213}. Best is trial 14 with value: 4.850129872446023.[0m
/home/erussek/.conda/envs/pDL/lib/python3.8/site-packages/optuna/distributions.py:560: UserWarning: The distribution is specified by [2, 200] and step=5, but the range is not divisible by `step`. It will be replaced by [2, 197].
  warnings.warn(
[32m[I 2022-06-22 21:40:18,551][0m Trial 39 finished with value: 4.8500449068262395 and parameters: {'hidden_size': 97, 'lr': 0.0001692662700615459}. Best is trial 39 with value: 4.8500449068262395.[0m
/home/erussek/.conda/envs/pDL/lib/python3.8/site-packages/optuna/distributions.py:560: UserWarning: The distribution is specified by [2, 200] and step=5, but the range is not divisible by `step`. It will be replaced by [2, 197].
  warnings.warn(
[32m[I 2022-06-22 21:40:31,903][0m Trial 40 finished with value: 4.8520386373569355 and parameters: {'hidden_size': 102, 'lr': 0.0001185304588122481}. Best is trial 39 with value: 4.8500449068262395.[0m
/home/erussek/.conda/envs/pDL/lib/python3.8/site-packages/optuna/distributions.py:560: UserWarning: The distribution is specified by [2, 200] and step=5, but the range is not divisible by `step`. It will be replaced by [2, 197].
  warnings.warn(
[32m[I 2022-06-22 21:40:45,275][0m Trial 41 finished with value: 4.850236319816372 and parameters: {'hidden_size': 87, 'lr': 0.00015388234486390988}. Best is trial 39 with value: 4.8500449068262395.[0m
/home/erussek/.conda/envs/pDL/lib/python3.8/site-packages/optuna/distributions.py:560: UserWarning: The distribution is specified by [2, 200] and step=5, but the range is not divisible by `step`. It will be replaced by [2, 197].
  warnings.warn(
[32m[I 2022-06-22 21:40:58,775][0m Trial 42 finished with value: 4.850416528163585 and parameters: {'hidden_size': 147, 'lr': 0.00018005795953281864}. Best is trial 39 with value: 4.8500449068262395.[0m
/home/erussek/.conda/envs/pDL/lib/python3.8/site-packages/optuna/distributions.py:560: UserWarning: The distribution is specified by [2, 200] and step=5, but the range is not divisible by `step`. It will be replaced by [2, 197].
  warnings.warn(
[32m[I 2022-06-22 21:41:12,315][0m Trial 43 finished with value: 4.851410772141055 and parameters: {'hidden_size': 172, 'lr': 0.00024208481338178247}. Best is trial 39 with value: 4.8500449068262395.[0m
/home/erussek/.conda/envs/pDL/lib/python3.8/site-packages/optuna/distributions.py:560: UserWarning: The distribution is specified by [2, 200] and step=5, but the range is not divisible by `step`. It will be replaced by [2, 197].
  warnings.warn(
[32m[I 2022-06-22 21:41:25,658][0m Trial 44 finished with value: 4.850286192457441 and parameters: {'hidden_size': 37, 'lr': 0.00031757747852595637}. Best is trial 39 with value: 4.8500449068262395.[0m
/home/erussek/.conda/envs/pDL/lib/python3.8/site-packages/optuna/distributions.py:560: UserWarning: The distribution is specified by [2, 200] and step=5, but the range is not divisible by `step`. It will be replaced by [2, 197].
  warnings.warn(
[32m[I 2022-06-22 21:41:39,025][0m Trial 45 finished with value: 4.852023420199542 and parameters: {'hidden_size': 82, 'lr': 0.000476710635886665}. Best is trial 39 with value: 4.8500449068262395.[0m
/home/erussek/.conda/envs/pDL/lib/python3.8/site-packages/optuna/distributions.py:560: UserWarning: The distribution is specified by [2, 200] and step=5, but the range is not divisible by `step`. It will be replaced by [2, 197].
  warnings.warn(
[32m[I 2022-06-22 21:41:52,535][0m Trial 46 finished with value: 4.878988637661659 and parameters: {'hidden_size': 117, 'lr': 0.0026246834986767844}. Best is trial 39 with value: 4.8500449068262395.[0m
/home/erussek/.conda/envs/pDL/lib/python3.8/site-packages/optuna/distributions.py:560: UserWarning: The distribution is specified by [2, 200] and step=5, but the range is not divisible by `step`. It will be replaced by [2, 197].
  warnings.warn(
[32m[I 2022-06-22 21:42:05,842][0m Trial 47 finished with value: 4.850118169291529 and parameters: {'hidden_size': 67, 'lr': 0.0002140843495831085}. Best is trial 39 with value: 4.8500449068262395.[0m
/home/erussek/.conda/envs/pDL/lib/python3.8/site-packages/optuna/distributions.py:560: UserWarning: The distribution is specified by [2, 200] and step=5, but the range is not divisible by `step`. It will be replaced by [2, 197].
  warnings.warn(
[32m[I 2022-06-22 21:42:19,203][0m Trial 48 finished with value: 4.852482077216064 and parameters: {'hidden_size': 97, 'lr': 0.00011989487223620324}. Best is trial 39 with value: 4.8500449068262395.[0m
/home/erussek/.conda/envs/pDL/lib/python3.8/site-packages/optuna/distributions.py:560: UserWarning: The distribution is specified by [2, 200] and step=5, but the range is not divisible by `step`. It will be replaced by [2, 197].
  warnings.warn(
[32m[I 2022-06-22 21:42:32,682][0m Trial 49 finished with value: 4.850281441982515 and parameters: {'hidden_size': 132, 'lr': 0.0001739770445325431}. Best is trial 39 with value: 4.8500449068262395.[0m
/home/erussek/.conda/envs/pDL/lib/python3.8/site-packages/optuna/distributions.py:560: UserWarning: The distribution is specified by [2, 200] and step=5, but the range is not divisible by `step`. It will be replaced by [2, 197].
  warnings.warn(
[32m[I 2022-06-22 21:42:46,003][0m Trial 50 finished with value: 4.850130776971312 and parameters: {'hidden_size': 67, 'lr': 0.00022069096768912846}. Best is trial 39 with value: 4.8500449068262395.[0m
/home/erussek/.conda/envs/pDL/lib/python3.8/site-packages/optuna/distributions.py:560: UserWarning: The distribution is specified by [2, 200] and step=5, but the range is not divisible by `step`. It will be replaced by [2, 197].
  warnings.warn(
[32m[I 2022-06-22 21:42:59,298][0m Trial 51 finished with value: 4.850133386143649 and parameters: {'hidden_size': 67, 'lr': 0.00022245001047130412}. Best is trial 39 with value: 4.8500449068262395.[0m
/home/erussek/.conda/envs/pDL/lib/python3.8/site-packages/optuna/distributions.py:560: UserWarning: The distribution is specified by [2, 200] and step=5, but the range is not divisible by `step`. It will be replaced by [2, 197].
  warnings.warn(
[32m[I 2022-06-22 21:43:12,646][0m Trial 52 finished with value: 4.850172378380381 and parameters: {'hidden_size': 72, 'lr': 0.00021796902097470693}. Best is trial 39 with value: 4.8500449068262395.[0m
/home/erussek/.conda/envs/pDL/lib/python3.8/site-packages/optuna/distributions.py:560: UserWarning: The distribution is specified by [2, 200] and step=5, but the range is not divisible by `step`. It will be replaced by [2, 197].
  warnings.warn(
[32m[I 2022-06-22 21:43:25,984][0m Trial 53 finished with value: 4.850924584609141 and parameters: {'hidden_size': 62, 'lr': 0.00039080671321910313}. Best is trial 39 with value: 4.8500449068262395.[0m
/home/erussek/.conda/envs/pDL/lib/python3.8/site-packages/optuna/distributions.py:560: UserWarning: The distribution is specified by [2, 200] and step=5, but the range is not divisible by `step`. It will be replaced by [2, 197].
  warnings.warn(
[32m[I 2022-06-22 21:43:39,354][0m Trial 54 finished with value: 4.850137684623044 and parameters: {'hidden_size': 77, 'lr': 0.00021466544390487684}. Best is trial 39 with value: 4.8500449068262395.[0m
/home/erussek/.conda/envs/pDL/lib/python3.8/site-packages/optuna/distributions.py:560: UserWarning: The distribution is specified by [2, 200] and step=5, but the range is not divisible by `step`. It will be replaced by [2, 197].
  warnings.warn(
[32m[I 2022-06-22 21:43:52,696][0m Trial 55 finished with value: 4.8507476601649495 and parameters: {'hidden_size': 92, 'lr': 0.0001357466045016713}. Best is trial 39 with value: 4.8500449068262395.[0m
/home/erussek/.conda/envs/pDL/lib/python3.8/site-packages/optuna/distributions.py:560: UserWarning: The distribution is specified by [2, 200] and step=5, but the range is not divisible by `step`. It will be replaced by [2, 197].
  warnings.warn(
[32m[I 2022-06-22 21:44:06,058][0m Trial 56 finished with value: 4.850091177393013 and parameters: {'hidden_size': 77, 'lr': 0.0002027283011896234}. Best is trial 39 with value: 4.8500449068262395.[0m
/home/erussek/.conda/envs/pDL/lib/python3.8/site-packages/optuna/distributions.py:560: UserWarning: The distribution is specified by [2, 200] and step=5, but the range is not divisible by `step`. It will be replaced by [2, 197].
  warnings.warn(
[32m[I 2022-06-22 21:44:19,425][0m Trial 57 finished with value: 4.8501899759076466 and parameters: {'hidden_size': 82, 'lr': 0.0001660414598163454}. Best is trial 39 with value: 4.8500449068262395.[0m
/home/erussek/.conda/envs/pDL/lib/python3.8/site-packages/optuna/distributions.py:560: UserWarning: The distribution is specified by [2, 200] and step=5, but the range is not divisible by `step`. It will be replaced by [2, 197].
  warnings.warn(
[32m[I 2022-06-22 21:44:32,731][0m Trial 58 finished with value: 4.988070221892087 and parameters: {'hidden_size': 67, 'lr': 0.00010366726659694474}. Best is trial 39 with value: 4.8500449068262395.[0m
/home/erussek/.conda/envs/pDL/lib/python3.8/site-packages/optuna/distributions.py:560: UserWarning: The distribution is specified by [2, 200] and step=5, but the range is not divisible by `step`. It will be replaced by [2, 197].
  warnings.warn(
[32m[I 2022-06-22 21:44:46,088][0m Trial 59 finished with value: 4.851221067995482 and parameters: {'hidden_size': 102, 'lr': 0.0003242903205420874}. Best is trial 39 with value: 4.8500449068262395.[0m
/home/erussek/.conda/envs/pDL/lib/python3.8/site-packages/optuna/distributions.py:560: UserWarning: The distribution is specified by [2, 200] and step=5, but the range is not divisible by `step`. It will be replaced by [2, 197].
  warnings.warn(
[32m[I 2022-06-22 21:44:59,433][0m Trial 60 finished with value: 4.85020225400656 and parameters: {'hidden_size': 92, 'lr': 0.0002039516907107919}. Best is trial 39 with value: 4.8500449068262395.[0m
/home/erussek/.conda/envs/pDL/lib/python3.8/site-packages/optuna/distributions.py:560: UserWarning: The distribution is specified by [2, 200] and step=5, but the range is not divisible by `step`. It will be replaced by [2, 197].
  warnings.warn(
[32m[I 2022-06-22 21:45:12,806][0m Trial 61 finished with value: 4.850319899609087 and parameters: {'hidden_size': 77, 'lr': 0.00024904129657387226}. Best is trial 39 with value: 4.8500449068262395.[0m
/home/erussek/.conda/envs/pDL/lib/python3.8/site-packages/optuna/distributions.py:560: UserWarning: The distribution is specified by [2, 200] and step=5, but the range is not divisible by `step`. It will be replaced by [2, 197].
  warnings.warn(
[32m[I 2022-06-22 21:45:26,155][0m Trial 62 finished with value: 4.850145215605041 and parameters: {'hidden_size': 77, 'lr': 0.00021666012665636397}. Best is trial 39 with value: 4.8500449068262395.[0m
/home/erussek/.conda/envs/pDL/lib/python3.8/site-packages/optuna/distributions.py:560: UserWarning: The distribution is specified by [2, 200] and step=5, but the range is not divisible by `step`. It will be replaced by [2, 197].
  warnings.warn(
[32m[I 2022-06-22 21:45:39,485][0m Trial 63 finished with value: 4.897184398621511 and parameters: {'hidden_size': 67, 'lr': 0.00011990236672675488}. Best is trial 39 with value: 4.8500449068262395.[0m
/home/erussek/.conda/envs/pDL/lib/python3.8/site-packages/optuna/distributions.py:560: UserWarning: The distribution is specified by [2, 200] and step=5, but the range is not divisible by `step`. It will be replaced by [2, 197].
  warnings.warn(
[32m[I 2022-06-22 21:45:52,832][0m Trial 64 finished with value: 4.850038911102676 and parameters: {'hidden_size': 87, 'lr': 0.00017865409135599565}. Best is trial 64 with value: 4.850038911102676.[0m
/home/erussek/.conda/envs/pDL/lib/python3.8/site-packages/optuna/distributions.py:560: UserWarning: The distribution is specified by [2, 200] and step=5, but the range is not divisible by `step`. It will be replaced by [2, 197].
  warnings.warn(
[32m[I 2022-06-22 21:46:06,190][0m Trial 65 finished with value: 4.850136191377872 and parameters: {'hidden_size': 87, 'lr': 0.00015845079753376494}. Best is trial 64 with value: 4.850038911102676.[0m
/home/erussek/.conda/envs/pDL/lib/python3.8/site-packages/optuna/distributions.py:560: UserWarning: The distribution is specified by [2, 200] and step=5, but the range is not divisible by `step`. It will be replaced by [2, 197].
  warnings.warn(
[32m[I 2022-06-22 21:46:19,557][0m Trial 66 finished with value: 4.886441016853542 and parameters: {'hidden_size': 107, 'lr': 0.003551933345384001}. Best is trial 64 with value: 4.850038911102676.[0m
/home/erussek/.conda/envs/pDL/lib/python3.8/site-packages/optuna/distributions.py:560: UserWarning: The distribution is specified by [2, 200] and step=5, but the range is not divisible by `step`. It will be replaced by [2, 197].
  warnings.warn(
[32m[I 2022-06-22 21:46:32,911][0m Trial 67 finished with value: 4.850331295887425 and parameters: {'hidden_size': 62, 'lr': 0.0002839407601131067}. Best is trial 64 with value: 4.850038911102676.[0m
/home/erussek/.conda/envs/pDL/lib/python3.8/site-packages/optuna/distributions.py:560: UserWarning: The distribution is specified by [2, 200] and step=5, but the range is not divisible by `step`. It will be replaced by [2, 197].
  warnings.warn(
[32m[I 2022-06-22 21:46:46,274][0m Trial 68 finished with value: 4.857113559366647 and parameters: {'hidden_size': 52, 'lr': 0.00018184799396080422}. Best is trial 64 with value: 4.850038911102676.[0m
/home/erussek/.conda/envs/pDL/lib/python3.8/site-packages/optuna/distributions.py:560: UserWarning: The distribution is specified by [2, 200] and step=5, but the range is not divisible by `step`. It will be replaced by [2, 197].
  warnings.warn(
[32m[I 2022-06-22 21:46:59,620][0m Trial 69 finished with value: 4.851399047197667 and parameters: {'hidden_size': 72, 'lr': 0.00042433753348995875}. Best is trial 64 with value: 4.850038911102676.[0m
/home/erussek/.conda/envs/pDL/lib/python3.8/site-packages/optuna/distributions.py:560: UserWarning: The distribution is specified by [2, 200] and step=5, but the range is not divisible by `step`. It will be replaced by [2, 197].
  warnings.warn(
[32m[I 2022-06-22 21:47:13,007][0m Trial 70 finished with value: 4.852614795657951 and parameters: {'hidden_size': 87, 'lr': 0.000541412740631525}. Best is trial 64 with value: 4.850038911102676.[0m
/home/erussek/.conda/envs/pDL/lib/python3.8/site-packages/optuna/distributions.py:560: UserWarning: The distribution is specified by [2, 200] and step=5, but the range is not divisible by `step`. It will be replaced by [2, 197].
  warnings.warn(
[32m[I 2022-06-22 21:47:26,361][0m Trial 71 finished with value: 4.850107312393249 and parameters: {'hidden_size': 92, 'lr': 0.00015260925832100616}. Best is trial 64 with value: 4.850038911102676.[0m
/home/erussek/.conda/envs/pDL/lib/python3.8/site-packages/optuna/distributions.py:560: UserWarning: The distribution is specified by [2, 200] and step=5, but the range is not divisible by `step`. It will be replaced by [2, 197].
  warnings.warn(
[32m[I 2022-06-22 21:47:39,882][0m Trial 72 finished with value: 4.8500400018066205 and parameters: {'hidden_size': 117, 'lr': 0.00013413375673558}. Best is trial 64 with value: 4.850038911102676.[0m
/home/erussek/.conda/envs/pDL/lib/python3.8/site-packages/optuna/distributions.py:560: UserWarning: The distribution is specified by [2, 200] and step=5, but the range is not divisible by `step`. It will be replaced by [2, 197].
  warnings.warn(
[32m[I 2022-06-22 21:47:53,382][0m Trial 73 finished with value: 4.850022998608639 and parameters: {'hidden_size': 122, 'lr': 0.0001369967454497819}. Best is trial 73 with value: 4.850022998608639.[0m
/home/erussek/.conda/envs/pDL/lib/python3.8/site-packages/optuna/distributions.py:560: UserWarning: The distribution is specified by [2, 200] and step=5, but the range is not divisible by `step`. It will be replaced by [2, 197].
  warnings.warn(
[32m[I 2022-06-22 21:48:06,918][0m Trial 74 finished with value: 4.849999135534223 and parameters: {'hidden_size': 137, 'lr': 0.00013167573225914185}. Best is trial 74 with value: 4.849999135534223.[0m
/home/erussek/.conda/envs/pDL/lib/python3.8/site-packages/optuna/distributions.py:560: UserWarning: The distribution is specified by [2, 200] and step=5, but the range is not divisible by `step`. It will be replaced by [2, 197].
  warnings.warn(
[32m[I 2022-06-22 21:48:20,436][0m Trial 75 finished with value: 4.850034287621514 and parameters: {'hidden_size': 127, 'lr': 0.00013037583295719368}. Best is trial 74 with value: 4.849999135534223.[0m
/home/erussek/.conda/envs/pDL/lib/python3.8/site-packages/optuna/distributions.py:560: UserWarning: The distribution is specified by [2, 200] and step=5, but the range is not divisible by `step`. It will be replaced by [2, 197].
  warnings.warn(
[32m[I 2022-06-22 21:48:33,959][0m Trial 76 finished with value: 4.8500155324590954 and parameters: {'hidden_size': 142, 'lr': 0.0001277816849792013}. Best is trial 74 with value: 4.849999135534223.[0m
/home/erussek/.conda/envs/pDL/lib/python3.8/site-packages/optuna/distributions.py:560: UserWarning: The distribution is specified by [2, 200] and step=5, but the range is not divisible by `step`. It will be replaced by [2, 197].
  warnings.warn(
[32m[I 2022-06-22 21:48:47,493][0m Trial 77 finished with value: 4.850020617933493 and parameters: {'hidden_size': 142, 'lr': 0.00012945726801384113}. Best is trial 74 with value: 4.849999135534223.[0m
/home/erussek/.conda/envs/pDL/lib/python3.8/site-packages/optuna/distributions.py:560: UserWarning: The distribution is specified by [2, 200] and step=5, but the range is not divisible by `step`. It will be replaced by [2, 197].
  warnings.warn(
[32m[I 2022-06-22 21:49:01,005][0m Trial 78 finished with value: 4.85002375721321 and parameters: {'hidden_size': 142, 'lr': 0.00012929868589628613}. Best is trial 74 with value: 4.849999135534223.[0m
/home/erussek/.conda/envs/pDL/lib/python3.8/site-packages/optuna/distributions.py:560: UserWarning: The distribution is specified by [2, 200] and step=5, but the range is not divisible by `step`. It will be replaced by [2, 197].
  warnings.warn(
[32m[I 2022-06-22 21:49:14,544][0m Trial 79 finished with value: 4.8500282590810535 and parameters: {'hidden_size': 142, 'lr': 0.00013307135233915835}. Best is trial 74 with value: 4.849999135534223.[0m
/home/erussek/.conda/envs/pDL/lib/python3.8/site-packages/optuna/distributions.py:560: UserWarning: The distribution is specified by [2, 200] and step=5, but the range is not divisible by `step`. It will be replaced by [2, 197].
  warnings.warn(
[32m[I 2022-06-22 21:49:28,063][0m Trial 80 finished with value: 4.850235611734561 and parameters: {'hidden_size': 142, 'lr': 0.00011045239057860537}. Best is trial 74 with value: 4.849999135534223.[0m
/home/erussek/.conda/envs/pDL/lib/python3.8/site-packages/optuna/distributions.py:560: UserWarning: The distribution is specified by [2, 200] and step=5, but the range is not divisible by `step`. It will be replaced by [2, 197].
  warnings.warn(
[32m[I 2022-06-22 21:49:41,601][0m Trial 81 finished with value: 4.850000817209444 and parameters: {'hidden_size': 137, 'lr': 0.00013243169562601986}. Best is trial 74 with value: 4.849999135534223.[0m
/home/erussek/.conda/envs/pDL/lib/python3.8/site-packages/optuna/distributions.py:560: UserWarning: The distribution is specified by [2, 200] and step=5, but the range is not divisible by `step`. It will be replaced by [2, 197].
  warnings.warn(
[32m[I 2022-06-22 21:49:55,101][0m Trial 82 finished with value: 4.850674545680973 and parameters: {'hidden_size': 137, 'lr': 0.00010265495550497467}. Best is trial 74 with value: 4.849999135534223.[0m
/home/erussek/.conda/envs/pDL/lib/python3.8/site-packages/optuna/distributions.py:560: UserWarning: The distribution is specified by [2, 200] and step=5, but the range is not divisible by `step`. It will be replaced by [2, 197].
  warnings.warn(
[32m[I 2022-06-22 21:50:08,614][0m Trial 83 finished with value: 4.850076162288497 and parameters: {'hidden_size': 162, 'lr': 0.00012954580549254566}. Best is trial 74 with value: 4.849999135534223.[0m
/home/erussek/.conda/envs/pDL/lib/python3.8/site-packages/optuna/distributions.py:560: UserWarning: The distribution is specified by [2, 200] and step=5, but the range is not divisible by `step`. It will be replaced by [2, 197].
  warnings.warn(
[32m[I 2022-06-22 21:50:22,120][0m Trial 84 finished with value: 4.850215148452608 and parameters: {'hidden_size': 127, 'lr': 0.00011852145637516583}. Best is trial 74 with value: 4.849999135534223.[0m
/home/erussek/.conda/envs/pDL/lib/python3.8/site-packages/optuna/distributions.py:560: UserWarning: The distribution is specified by [2, 200] and step=5, but the range is not divisible by `step`. It will be replaced by [2, 197].
  warnings.warn(
[32m[I 2022-06-22 21:50:35,626][0m Trial 85 finished with value: 4.850205255951375 and parameters: {'hidden_size': 162, 'lr': 0.0001431778373759037}. Best is trial 74 with value: 4.849999135534223.[0m
/home/erussek/.conda/envs/pDL/lib/python3.8/site-packages/optuna/distributions.py:560: UserWarning: The distribution is specified by [2, 200] and step=5, but the range is not divisible by `step`. It will be replaced by [2, 197].
  warnings.warn(
[32m[I 2022-06-22 21:50:49,156][0m Trial 86 finished with value: 4.850230854658098 and parameters: {'hidden_size': 142, 'lr': 0.0001104901452519865}. Best is trial 74 with value: 4.849999135534223.[0m
/home/erussek/.conda/envs/pDL/lib/python3.8/site-packages/optuna/distributions.py:560: UserWarning: The distribution is specified by [2, 200] and step=5, but the range is not divisible by `step`. It will be replaced by [2, 197].
  warnings.warn(
[32m[I 2022-06-22 21:51:02,660][0m Trial 87 finished with value: 4.850057186260724 and parameters: {'hidden_size': 127, 'lr': 0.00012724776372506126}. Best is trial 74 with value: 4.849999135534223.[0m
/home/erussek/.conda/envs/pDL/lib/python3.8/site-packages/optuna/distributions.py:560: UserWarning: The distribution is specified by [2, 200] and step=5, but the range is not divisible by `step`. It will be replaced by [2, 197].
  warnings.warn(
[32m[I 2022-06-22 21:51:16,186][0m Trial 88 finished with value: 4.850200810444645 and parameters: {'hidden_size': 152, 'lr': 0.00015020024751056615}. Best is trial 74 with value: 4.849999135534223.[0m
/home/erussek/.conda/envs/pDL/lib/python3.8/site-packages/optuna/distributions.py:560: UserWarning: The distribution is specified by [2, 200] and step=5, but the range is not divisible by `step`. It will be replaced by [2, 197].
  warnings.warn(
[32m[I 2022-06-22 21:51:29,684][0m Trial 89 finished with value: 4.851708099608537 and parameters: {'hidden_size': 132, 'lr': 0.00010103682261715305}. Best is trial 74 with value: 4.849999135534223.[0m
/home/erussek/.conda/envs/pDL/lib/python3.8/site-packages/optuna/distributions.py:560: UserWarning: The distribution is specified by [2, 200] and step=5, but the range is not divisible by `step`. It will be replaced by [2, 197].
  warnings.warn(
[32m[I 2022-06-22 21:51:43,233][0m Trial 90 finished with value: 4.85014430329528 and parameters: {'hidden_size': 177, 'lr': 0.00013059203747919942}. Best is trial 74 with value: 4.849999135534223.[0m
/home/erussek/.conda/envs/pDL/lib/python3.8/site-packages/optuna/distributions.py:560: UserWarning: The distribution is specified by [2, 200] and step=5, but the range is not divisible by `step`. It will be replaced by [2, 197].
  warnings.warn(
[32m[I 2022-06-22 21:51:56,763][0m Trial 91 finished with value: 4.850103199176691 and parameters: {'hidden_size': 117, 'lr': 0.00016530830161152004}. Best is trial 74 with value: 4.849999135534223.[0m
/home/erussek/.conda/envs/pDL/lib/python3.8/site-packages/optuna/distributions.py:560: UserWarning: The distribution is specified by [2, 200] and step=5, but the range is not divisible by `step`. It will be replaced by [2, 197].
  warnings.warn(
[32m[I 2022-06-22 21:52:10,301][0m Trial 92 finished with value: 4.850021904317732 and parameters: {'hidden_size': 122, 'lr': 0.0001406387947225015}. Best is trial 74 with value: 4.849999135534223.[0m
/home/erussek/.conda/envs/pDL/lib/python3.8/site-packages/optuna/distributions.py:560: UserWarning: The distribution is specified by [2, 200] and step=5, but the range is not divisible by `step`. It will be replaced by [2, 197].
  warnings.warn(
[32m[I 2022-06-22 21:52:23,809][0m Trial 93 finished with value: 4.850059234683859 and parameters: {'hidden_size': 137, 'lr': 0.00011509140954635706}. Best is trial 74 with value: 4.849999135534223.[0m
/home/erussek/.conda/envs/pDL/lib/python3.8/site-packages/optuna/distributions.py:560: UserWarning: The distribution is specified by [2, 200] and step=5, but the range is not divisible by `step`. It will be replaced by [2, 197].
  warnings.warn(
[32m[I 2022-06-22 21:52:37,324][0m Trial 94 finished with value: 4.850087869831297 and parameters: {'hidden_size': 147, 'lr': 0.00014103715291900664}. Best is trial 74 with value: 4.849999135534223.[0m
/home/erussek/.conda/envs/pDL/lib/python3.8/site-packages/optuna/distributions.py:560: UserWarning: The distribution is specified by [2, 200] and step=5, but the range is not divisible by `step`. It will be replaced by [2, 197].
  warnings.warn(
[32m[I 2022-06-22 21:52:50,828][0m Trial 95 finished with value: 4.850354884024924 and parameters: {'hidden_size': 127, 'lr': 0.00018727856003749037}. Best is trial 74 with value: 4.849999135534223.[0m
/home/erussek/.conda/envs/pDL/lib/python3.8/site-packages/optuna/distributions.py:560: UserWarning: The distribution is specified by [2, 200] and step=5, but the range is not divisible by `step`. It will be replaced by [2, 197].
  warnings.warn(
[32m[I 2022-06-22 21:53:04,334][0m Trial 96 finished with value: 4.850067268794691 and parameters: {'hidden_size': 122, 'lr': 0.0001515399280412827}. Best is trial 74 with value: 4.849999135534223.[0m
/home/erussek/.conda/envs/pDL/lib/python3.8/site-packages/optuna/distributions.py:560: UserWarning: The distribution is specified by [2, 200] and step=5, but the range is not divisible by `step`. It will be replaced by [2, 197].
  warnings.warn(
[32m[I 2022-06-22 21:53:17,841][0m Trial 97 finished with value: 4.84998793104394 and parameters: {'hidden_size': 137, 'lr': 0.0001279982926625481}. Best is trial 97 with value: 4.84998793104394.[0m
/home/erussek/.conda/envs/pDL/lib/python3.8/site-packages/optuna/distributions.py:560: UserWarning: The distribution is specified by [2, 200] and step=5, but the range is not divisible by `step`. It will be replaced by [2, 197].
  warnings.warn(
[32m[I 2022-06-22 21:53:31,344][0m Trial 98 finished with value: 4.850024461898853 and parameters: {'hidden_size': 142, 'lr': 0.00012323365489130304}. Best is trial 97 with value: 4.84998793104394.[0m
/home/erussek/.conda/envs/pDL/lib/python3.8/site-packages/optuna/distributions.py:560: UserWarning: The distribution is specified by [2, 200] and step=5, but the range is not divisible by `step`. It will be replaced by [2, 197].
  warnings.warn(
[32m[I 2022-06-22 21:53:44,872][0m Trial 99 finished with value: 4.8501197364892 and parameters: {'hidden_size': 137, 'lr': 0.00011247891552574383}. Best is trial 97 with value: 4.84998793104394.[0m
/home/erussek/.conda/envs/pDL/lib/python3.8/site-packages/optuna/distributions.py:560: UserWarning: The distribution is specified by [2, 200] and step=5, but the range is not divisible by `step`. It will be replaced by [2, 197].
  warnings.warn(
[32m[I 2022-06-22 21:53:58,384][0m Trial 100 finished with value: 4.849995048761978 and parameters: {'hidden_size': 157, 'lr': 0.00012169567781792532}. Best is trial 97 with value: 4.84998793104394.[0m
/home/erussek/.conda/envs/pDL/lib/python3.8/site-packages/optuna/distributions.py:560: UserWarning: The distribution is specified by [2, 200] and step=5, but the range is not divisible by `step`. It will be replaced by [2, 197].
  warnings.warn(
[32m[I 2022-06-22 21:54:11,903][0m Trial 101 finished with value: 4.850134737474818 and parameters: {'hidden_size': 157, 'lr': 0.00014007524251571568}. Best is trial 97 with value: 4.84998793104394.[0m
/home/erussek/.conda/envs/pDL/lib/python3.8/site-packages/optuna/distributions.py:560: UserWarning: The distribution is specified by [2, 200] and step=5, but the range is not divisible by `step`. It will be replaced by [2, 197].
  warnings.warn(
[32m[I 2022-06-22 21:54:25,394][0m Trial 102 finished with value: 4.850008841169934 and parameters: {'hidden_size': 147, 'lr': 0.00012388020906076486}. Best is trial 97 with value: 4.84998793104394.[0m
/home/erussek/.conda/envs/pDL/lib/python3.8/site-packages/optuna/distributions.py:560: UserWarning: The distribution is specified by [2, 200] and step=5, but the range is not divisible by `step`. It will be replaced by [2, 197].
  warnings.warn(
[32m[I 2022-06-22 21:54:38,919][0m Trial 103 finished with value: 4.910940431029788 and parameters: {'hidden_size': 152, 'lr': 0.00705901896483625}. Best is trial 97 with value: 4.84998793104394.[0m
/home/erussek/.conda/envs/pDL/lib/python3.8/site-packages/optuna/distributions.py:560: UserWarning: The distribution is specified by [2, 200] and step=5, but the range is not divisible by `step`. It will be replaced by [2, 197].
  warnings.warn(
[32m[I 2022-06-22 21:54:52,429][0m Trial 104 finished with value: 4.850014088057678 and parameters: {'hidden_size': 147, 'lr': 0.00012028653415500741}. Best is trial 97 with value: 4.84998793104394.[0m
/home/erussek/.conda/envs/pDL/lib/python3.8/site-packages/optuna/distributions.py:560: UserWarning: The distribution is specified by [2, 200] and step=5, but the range is not divisible by `step`. It will be replaced by [2, 197].
  warnings.warn(
[32m[I 2022-06-22 21:55:05,951][0m Trial 105 finished with value: 4.849978657751779 and parameters: {'hidden_size': 167, 'lr': 0.00010824899456736423}. Best is trial 105 with value: 4.849978657751779.[0m
/home/erussek/.conda/envs/pDL/lib/python3.8/site-packages/optuna/distributions.py:560: UserWarning: The distribution is specified by [2, 200] and step=5, but the range is not divisible by `step`. It will be replaced by [2, 197].
  warnings.warn(
[32m[I 2022-06-22 21:55:19,490][0m Trial 106 finished with value: 4.849973484129668 and parameters: {'hidden_size': 172, 'lr': 0.00010723142532683413}. Best is trial 106 with value: 4.849973484129668.[0m
/home/erussek/.conda/envs/pDL/lib/python3.8/site-packages/optuna/distributions.py:560: UserWarning: The distribution is specified by [2, 200] and step=5, but the range is not divisible by `step`. It will be replaced by [2, 197].
  warnings.warn(
[32m[I 2022-06-22 21:55:33,020][0m Trial 107 finished with value: 4.849943410457326 and parameters: {'hidden_size': 177, 'lr': 0.00010225687533321735}. Best is trial 107 with value: 4.849943410457326.[0m
/home/erussek/.conda/envs/pDL/lib/python3.8/site-packages/optuna/distributions.py:560: UserWarning: The distribution is specified by [2, 200] and step=5, but the range is not divisible by `step`. It will be replaced by [2, 197].
  warnings.warn(
[32m[I 2022-06-22 21:55:46,550][0m Trial 108 finished with value: 4.849963261513338 and parameters: {'hidden_size': 197, 'lr': 0.00010152867574806062}. Best is trial 107 with value: 4.849943410457326.[0m
/home/erussek/.conda/envs/pDL/lib/python3.8/site-packages/optuna/distributions.py:560: UserWarning: The distribution is specified by [2, 200] and step=5, but the range is not divisible by `step`. It will be replaced by [2, 197].
  warnings.warn(
[32m[I 2022-06-22 21:56:00,047][0m Trial 109 finished with value: 4.850096194638791 and parameters: {'hidden_size': 197, 'lr': 0.00011618664972259028}. Best is trial 107 with value: 4.849943410457326.[0m
/home/erussek/.conda/envs/pDL/lib/python3.8/site-packages/optuna/distributions.py:560: UserWarning: The distribution is specified by [2, 200] and step=5, but the range is not divisible by `step`. It will be replaced by [2, 197].
  warnings.warn(
[32m[I 2022-06-22 21:56:13,564][0m Trial 110 finished with value: 4.849988577651306 and parameters: {'hidden_size': 187, 'lr': 0.00010630506497851777}. Best is trial 107 with value: 4.849943410457326.[0m
/home/erussek/.conda/envs/pDL/lib/python3.8/site-packages/optuna/distributions.py:560: UserWarning: The distribution is specified by [2, 200] and step=5, but the range is not divisible by `step`. It will be replaced by [2, 197].
  warnings.warn(
[32m[I 2022-06-22 21:56:27,072][0m Trial 111 finished with value: 4.849980217088657 and parameters: {'hidden_size': 187, 'lr': 0.00010546551323902353}. Best is trial 107 with value: 4.849943410457326.[0m
/home/erussek/.conda/envs/pDL/lib/python3.8/site-packages/optuna/distributions.py:560: UserWarning: The distribution is specified by [2, 200] and step=5, but the range is not divisible by `step`. It will be replaced by [2, 197].
  warnings.warn(
[32m[I 2022-06-22 21:56:40,587][0m Trial 112 finished with value: 4.8500354962754955 and parameters: {'hidden_size': 187, 'lr': 0.00011223704095214049}. Best is trial 107 with value: 4.849943410457326.[0m
/home/erussek/.conda/envs/pDL/lib/python3.8/site-packages/optuna/distributions.py:560: UserWarning: The distribution is specified by [2, 200] and step=5, but the range is not divisible by `step`. It will be replaced by [2, 197].
  warnings.warn(
[32m[I 2022-06-22 21:56:54,087][0m Trial 113 finished with value: 4.84994834039489 and parameters: {'hidden_size': 177, 'lr': 0.00010169741655091877}. Best is trial 107 with value: 4.849943410457326.[0m
/home/erussek/.conda/envs/pDL/lib/python3.8/site-packages/optuna/distributions.py:560: UserWarning: The distribution is specified by [2, 200] and step=5, but the range is not divisible by `step`. It will be replaced by [2, 197].
  warnings.warn(
[32m[I 2022-06-22 21:57:07,615][0m Trial 114 finished with value: 4.849945319179689 and parameters: {'hidden_size': 177, 'lr': 0.00010231370451442058}. Best is trial 107 with value: 4.849943410457326.[0m
/home/erussek/.conda/envs/pDL/lib/python3.8/site-packages/optuna/distributions.py:560: UserWarning: The distribution is specified by [2, 200] and step=5, but the range is not divisible by `step`. It will be replaced by [2, 197].
  warnings.warn(
[32m[I 2022-06-22 21:57:21,152][0m Trial 115 finished with value: 4.849959428079913 and parameters: {'hidden_size': 177, 'lr': 0.0001072067952326603}. Best is trial 107 with value: 4.849943410457326.[0m
/home/erussek/.conda/envs/pDL/lib/python3.8/site-packages/optuna/distributions.py:560: UserWarning: The distribution is specified by [2, 200] and step=5, but the range is not divisible by `step`. It will be replaced by [2, 197].
  warnings.warn(
[32m[I 2022-06-22 21:57:34,685][0m Trial 116 finished with value: 4.849952520847931 and parameters: {'hidden_size': 177, 'lr': 0.0001052030337415016}. Best is trial 107 with value: 4.849943410457326.[0m
/home/erussek/.conda/envs/pDL/lib/python3.8/site-packages/optuna/distributions.py:560: UserWarning: The distribution is specified by [2, 200] and step=5, but the range is not divisible by `step`. It will be replaced by [2, 197].
  warnings.warn(
[32m[I 2022-06-22 21:57:48,212][0m Trial 117 finished with value: 4.849968788336853 and parameters: {'hidden_size': 182, 'lr': 0.00010029756464837692}. Best is trial 107 with value: 4.849943410457326.[0m
/home/erussek/.conda/envs/pDL/lib/python3.8/site-packages/optuna/distributions.py:560: UserWarning: The distribution is specified by [2, 200] and step=5, but the range is not divisible by `step`. It will be replaced by [2, 197].
  warnings.warn(
[32m[I 2022-06-22 21:58:01,727][0m Trial 118 finished with value: 4.849950214048964 and parameters: {'hidden_size': 177, 'lr': 0.00010491131041572016}. Best is trial 107 with value: 4.849943410457326.[0m
/home/erussek/.conda/envs/pDL/lib/python3.8/site-packages/optuna/distributions.py:560: UserWarning: The distribution is specified by [2, 200] and step=5, but the range is not divisible by `step`. It will be replaced by [2, 197].
  warnings.warn(
[32m[I 2022-06-22 21:58:15,253][0m Trial 119 finished with value: 4.8499610735802285 and parameters: {'hidden_size': 177, 'lr': 0.00010741636809863742}. Best is trial 107 with value: 4.849943410457326.[0m
/home/erussek/.conda/envs/pDL/lib/python3.8/site-packages/optuna/distributions.py:560: UserWarning: The distribution is specified by [2, 200] and step=5, but the range is not divisible by `step`. It will be replaced by [2, 197].
  warnings.warn(
[32m[I 2022-06-22 21:58:28,763][0m Trial 120 finished with value: 4.849949454757529 and parameters: {'hidden_size': 177, 'lr': 0.00010068939629065983}. Best is trial 107 with value: 4.849943410457326.[0m
/home/erussek/.conda/envs/pDL/lib/python3.8/site-packages/optuna/distributions.py:560: UserWarning: The distribution is specified by [2, 200] and step=5, but the range is not divisible by `step`. It will be replaced by [2, 197].
  warnings.warn(
[32m[I 2022-06-22 21:58:42,291][0m Trial 121 finished with value: 4.849947715614578 and parameters: {'hidden_size': 177, 'lr': 0.00010007580407415759}. Best is trial 107 with value: 4.849943410457326.[0m
/home/erussek/.conda/envs/pDL/lib/python3.8/site-packages/optuna/distributions.py:560: UserWarning: The distribution is specified by [2, 200] and step=5, but the range is not divisible by `step`. It will be replaced by [2, 197].
  warnings.warn(
[32m[I 2022-06-22 21:58:55,800][0m Trial 122 finished with value: 4.849942482769413 and parameters: {'hidden_size': 177, 'lr': 0.0001020161298159377}. Best is trial 122 with value: 4.849942482769413.[0m
/home/erussek/.conda/envs/pDL/lib/python3.8/site-packages/optuna/distributions.py:560: UserWarning: The distribution is specified by [2, 200] and step=5, but the range is not divisible by `step`. It will be replaced by [2, 197].
  warnings.warn(
[32m[I 2022-06-22 21:59:09,313][0m Trial 123 finished with value: 4.849947401946089 and parameters: {'hidden_size': 177, 'lr': 0.00010047245297070794}. Best is trial 122 with value: 4.849942482769413.[0m
/home/erussek/.conda/envs/pDL/lib/python3.8/site-packages/optuna/distributions.py:560: UserWarning: The distribution is specified by [2, 200] and step=5, but the range is not divisible by `step`. It will be replaced by [2, 197].
  warnings.warn(
[32m[I 2022-06-22 21:59:22,824][0m Trial 124 finished with value: 4.849985653360431 and parameters: {'hidden_size': 182, 'lr': 0.00010539059208908363}. Best is trial 122 with value: 4.849942482769413.[0m
/home/erussek/.conda/envs/pDL/lib/python3.8/site-packages/optuna/distributions.py:560: UserWarning: The distribution is specified by [2, 200] and step=5, but the range is not divisible by `step`. It will be replaced by [2, 197].
  warnings.warn(
[32m[I 2022-06-22 21:59:36,352][0m Trial 125 finished with value: 4.849939702567615 and parameters: {'hidden_size': 192, 'lr': 0.00010103264240231013}. Best is trial 125 with value: 4.849939702567615.[0m
/home/erussek/.conda/envs/pDL/lib/python3.8/site-packages/optuna/distributions.py:560: UserWarning: The distribution is specified by [2, 200] and step=5, but the range is not divisible by `step`. It will be replaced by [2, 197].
  warnings.warn(
[32m[I 2022-06-22 21:59:49,868][0m Trial 126 finished with value: 4.849967455665525 and parameters: {'hidden_size': 197, 'lr': 0.00010224352122140186}. Best is trial 125 with value: 4.849939702567615.[0m
/home/erussek/.conda/envs/pDL/lib/python3.8/site-packages/optuna/distributions.py:560: UserWarning: The distribution is specified by [2, 200] and step=5, but the range is not divisible by `step`. It will be replaced by [2, 197].
  warnings.warn(
[32m[I 2022-06-22 22:00:03,401][0m Trial 127 finished with value: 4.8500267175263545 and parameters: {'hidden_size': 192, 'lr': 0.00011289861278110813}. Best is trial 125 with value: 4.849939702567615.[0m
/home/erussek/.conda/envs/pDL/lib/python3.8/site-packages/optuna/distributions.py:560: UserWarning: The distribution is specified by [2, 200] and step=5, but the range is not divisible by `step`. It will be replaced by [2, 197].
  warnings.warn(
[32m[I 2022-06-22 22:00:16,940][0m Trial 128 finished with value: 4.868345814538826 and parameters: {'hidden_size': 177, 'lr': 0.0013239415814098633}. Best is trial 125 with value: 4.849939702567615.[0m
/home/erussek/.conda/envs/pDL/lib/python3.8/site-packages/optuna/distributions.py:560: UserWarning: The distribution is specified by [2, 200] and step=5, but the range is not divisible by `step`. It will be replaced by [2, 197].
  warnings.warn(
[32m[I 2022-06-22 22:00:30,458][0m Trial 129 finished with value: 4.8499874989293446 and parameters: {'hidden_size': 172, 'lr': 0.00010071442666177318}. Best is trial 125 with value: 4.849939702567615.[0m
/home/erussek/.conda/envs/pDL/lib/python3.8/site-packages/optuna/distributions.py:560: UserWarning: The distribution is specified by [2, 200] and step=5, but the range is not divisible by `step`. It will be replaced by [2, 197].
  warnings.warn(
[32m[I 2022-06-22 22:00:43,987][0m Trial 130 finished with value: 4.8505506508252685 and parameters: {'hidden_size': 192, 'lr': 0.000162041836011852}. Best is trial 125 with value: 4.849939702567615.[0m
/home/erussek/.conda/envs/pDL/lib/python3.8/site-packages/optuna/distributions.py:560: UserWarning: The distribution is specified by [2, 200] and step=5, but the range is not divisible by `step`. It will be replaced by [2, 197].
  warnings.warn(
[32m[I 2022-06-22 22:00:57,477][0m Trial 131 finished with value: 4.8499481751656255 and parameters: {'hidden_size': 177, 'lr': 0.00010106539990341517}. Best is trial 125 with value: 4.849939702567615.[0m
/home/erussek/.conda/envs/pDL/lib/python3.8/site-packages/optuna/distributions.py:560: UserWarning: The distribution is specified by [2, 200] and step=5, but the range is not divisible by `step`. It will be replaced by [2, 197].
  warnings.warn(
[32m[I 2022-06-22 22:01:10,960][0m Trial 132 finished with value: 4.8499471215524075 and parameters: {'hidden_size': 177, 'lr': 0.00010099047101593594}. Best is trial 125 with value: 4.849939702567615.[0m
/home/erussek/.conda/envs/pDL/lib/python3.8/site-packages/optuna/distributions.py:560: UserWarning: The distribution is specified by [2, 200] and step=5, but the range is not divisible by `step`. It will be replaced by [2, 197].
  warnings.warn(
[32m[I 2022-06-22 22:01:24,442][0m Trial 133 finished with value: 4.850022427823571 and parameters: {'hidden_size': 177, 'lr': 0.00011662672896677787}. Best is trial 125 with value: 4.849939702567615.[0m
/home/erussek/.conda/envs/pDL/lib/python3.8/site-packages/optuna/distributions.py:560: UserWarning: The distribution is specified by [2, 200] and step=5, but the range is not divisible by `step`. It will be replaced by [2, 197].
  warnings.warn(
[32m[I 2022-06-22 22:01:37,934][0m Trial 134 finished with value: 4.850051493292123 and parameters: {'hidden_size': 182, 'lr': 0.00011438493271764584}. Best is trial 125 with value: 4.849939702567615.[0m
/home/erussek/.conda/envs/pDL/lib/python3.8/site-packages/optuna/distributions.py:560: UserWarning: The distribution is specified by [2, 200] and step=5, but the range is not divisible by `step`. It will be replaced by [2, 197].
  warnings.warn(
[32m[I 2022-06-22 22:01:51,404][0m Trial 135 finished with value: 4.8499831720976765 and parameters: {'hidden_size': 167, 'lr': 0.00011233741898695569}. Best is trial 125 with value: 4.849939702567615.[0m
/home/erussek/.conda/envs/pDL/lib/python3.8/site-packages/optuna/distributions.py:560: UserWarning: The distribution is specified by [2, 200] and step=5, but the range is not divisible by `step`. It will be replaced by [2, 197].
  warnings.warn(
[32m[I 2022-06-22 22:02:04,882][0m Trial 136 finished with value: 4.850022177728281 and parameters: {'hidden_size': 167, 'lr': 0.00010153550322978015}. Best is trial 125 with value: 4.849939702567615.[0m
/home/erussek/.conda/envs/pDL/lib/python3.8/site-packages/optuna/distributions.py:560: UserWarning: The distribution is specified by [2, 200] and step=5, but the range is not divisible by `step`. It will be replaced by [2, 197].
  warnings.warn(
[32m[I 2022-06-22 22:02:18,375][0m Trial 137 finished with value: 4.8499471154469385 and parameters: {'hidden_size': 177, 'lr': 0.00010029166259515538}. Best is trial 125 with value: 4.849939702567615.[0m
/home/erussek/.conda/envs/pDL/lib/python3.8/site-packages/optuna/distributions.py:560: UserWarning: The distribution is specified by [2, 200] and step=5, but the range is not divisible by `step`. It will be replaced by [2, 197].
  warnings.warn(
[32m[I 2022-06-22 22:02:31,849][0m Trial 138 finished with value: 4.850416075824623 and parameters: {'hidden_size': 182, 'lr': 0.0001498697918024291}. Best is trial 125 with value: 4.849939702567615.[0m
/home/erussek/.conda/envs/pDL/lib/python3.8/site-packages/optuna/distributions.py:560: UserWarning: The distribution is specified by [2, 200] and step=5, but the range is not divisible by `step`. It will be replaced by [2, 197].
  warnings.warn(
[32m[I 2022-06-22 22:02:45,331][0m Trial 139 finished with value: 4.850011549403511 and parameters: {'hidden_size': 172, 'lr': 0.00011546672341606933}. Best is trial 125 with value: 4.849939702567615.[0m
/home/erussek/.conda/envs/pDL/lib/python3.8/site-packages/optuna/distributions.py:560: UserWarning: The distribution is specified by [2, 200] and step=5, but the range is not divisible by `step`. It will be replaced by [2, 197].
  warnings.warn(
[32m[I 2022-06-22 22:02:58,798][0m Trial 140 finished with value: 4.8499356514742065 and parameters: {'hidden_size': 192, 'lr': 0.0001002995005652193}. Best is trial 140 with value: 4.8499356514742065.[0m
/home/erussek/.conda/envs/pDL/lib/python3.8/site-packages/optuna/distributions.py:560: UserWarning: The distribution is specified by [2, 200] and step=5, but the range is not divisible by `step`. It will be replaced by [2, 197].
  warnings.warn(
[32m[I 2022-06-22 22:03:12,285][0m Trial 141 finished with value: 4.850094053565159 and parameters: {'hidden_size': 192, 'lr': 0.00012033727139438244}. Best is trial 140 with value: 4.8499356514742065.[0m
/home/erussek/.conda/envs/pDL/lib/python3.8/site-packages/optuna/distributions.py:560: UserWarning: The distribution is specified by [2, 200] and step=5, but the range is not divisible by `step`. It will be replaced by [2, 197].
  warnings.warn(
[32m[I 2022-06-22 22:03:25,757][0m Trial 142 finished with value: 4.849943692033941 and parameters: {'hidden_size': 177, 'lr': 0.00010175690918696486}. Best is trial 140 with value: 4.8499356514742065.[0m
/home/erussek/.conda/envs/pDL/lib/python3.8/site-packages/optuna/distributions.py:560: UserWarning: The distribution is specified by [2, 200] and step=5, but the range is not divisible by `step`. It will be replaced by [2, 197].
  warnings.warn(
[32m[I 2022-06-22 22:03:39,241][0m Trial 143 finished with value: 4.849965356070925 and parameters: {'hidden_size': 182, 'lr': 0.000100113252046439}. Best is trial 140 with value: 4.8499356514742065.[0m
/home/erussek/.conda/envs/pDL/lib/python3.8/site-packages/optuna/distributions.py:560: UserWarning: The distribution is specified by [2, 200] and step=5, but the range is not divisible by `step`. It will be replaced by [2, 197].
  warnings.warn(
[32m[I 2022-06-22 22:03:52,702][0m Trial 144 finished with value: 4.850041151390186 and parameters: {'hidden_size': 167, 'lr': 0.00010042549934664079}. Best is trial 140 with value: 4.8499356514742065.[0m
/home/erussek/.conda/envs/pDL/lib/python3.8/site-packages/optuna/distributions.py:560: UserWarning: The distribution is specified by [2, 200] and step=5, but the range is not divisible by `step`. It will be replaced by [2, 197].
  warnings.warn(
[32m[I 2022-06-22 22:04:06,186][0m Trial 145 finished with value: 4.85028147121245 and parameters: {'hidden_size': 172, 'lr': 0.000144837821414912}. Best is trial 140 with value: 4.8499356514742065.[0m
/home/erussek/.conda/envs/pDL/lib/python3.8/site-packages/optuna/distributions.py:560: UserWarning: The distribution is specified by [2, 200] and step=5, but the range is not divisible by `step`. It will be replaced by [2, 197].
  warnings.warn(
[32m[I 2022-06-22 22:04:19,660][0m Trial 146 finished with value: 4.850025116519647 and parameters: {'hidden_size': 162, 'lr': 0.00012269165623421968}. Best is trial 140 with value: 4.8499356514742065.[0m
/home/erussek/.conda/envs/pDL/lib/python3.8/site-packages/optuna/distributions.py:560: UserWarning: The distribution is specified by [2, 200] and step=5, but the range is not divisible by `step`. It will be replaced by [2, 197].
  warnings.warn(
[32m[I 2022-06-22 22:04:33,139][0m Trial 147 finished with value: 4.849935775720509 and parameters: {'hidden_size': 192, 'lr': 0.00010012526410771142}. Best is trial 140 with value: 4.8499356514742065.[0m
/home/erussek/.conda/envs/pDL/lib/python3.8/site-packages/optuna/distributions.py:560: UserWarning: The distribution is specified by [2, 200] and step=5, but the range is not divisible by `step`. It will be replaced by [2, 197].
  warnings.warn(
[32m[I 2022-06-22 22:04:46,631][0m Trial 148 finished with value: 4.8500845295671615 and parameters: {'hidden_size': 192, 'lr': 0.00011875944921720703}. Best is trial 140 with value: 4.8499356514742065.[0m
/home/erussek/.conda/envs/pDL/lib/python3.8/site-packages/optuna/distributions.py:560: UserWarning: The distribution is specified by [2, 200] and step=5, but the range is not divisible by `step`. It will be replaced by [2, 197].
  warnings.warn(
[32m[I 2022-06-22 22:05:00,108][0m Trial 149 finished with value: 4.850036601060179 and parameters: {'hidden_size': 182, 'lr': 0.00011291647134127885}. Best is trial 140 with value: 4.8499356514742065.[0m
train_setting: 2
0
1
2
3
0
1
2
3
0
1
2
3
0
1
2
3
0
1
2
3
0
1
2
3
0
1
2
3
0
1
2
3
0
1
2
3
0
1
2
3
0
1
2
3
0
1
2
3
0
1
2
3
0
1
2
3
0
1
2
3
0
1
2
3
0
1
2
3
0
1
2
3
0
1
2
3
0
1
2
3
0
1
2
3
0
1
2
3
0
1
2
3
0
1
2
3
0
1
2
3
0
1
2
3
0
1
2
3
0
1
2
3
0
1
2
3
0
1
2
3
0
1
2
3
0
1
2
3
0
1
2
3
0
1
2
3
0
1
2
3
0
1
2
3
0
1
2
3
0
1
2
3
0
1
2
3
0
1
2
3
0
1
2
3
0
1
2
3
0
1
2
3
0
1
2
3
0
1
2
3
0
1
2
3
0
1
2
3
0
1
2
3
0
1
2
3
0
1
2
3
0
1
2
3
0
1
2
3
0
1
2
3
0
1
2
3
0
1
2
3
0
1
2
3
0
1
2
3
0
1
2
3
0
1
2
3
0
1
2
3
0
1
2
3
0
1
2
3
0
1
2
3
0
1
2
3
0
1
2
3
0
1
2
3
0
1
2
3
0
1
2
3
0
1
2
3
0
1
2
3
0
1
2
3
0
1
2
3
0
1
2
3
0
1
2
3
0
1
2
3
0
1
2
3
0
1
2
3
0
1
2
3
0
1
2
3
0
1
2
3
0
1
2
3
0
1
2
3
0
1
2
3
0
1
2
3
0
1
2
3
0
1
2
3
0
1
2
3
0
1
2
3
0
1
2
3
0
1
2
3
0
1
2
3
0
1
2
3
0
1
2
3
0
1
2
3
0
1
2
3
0
1
2
3
0
1
2
3
0
1
2
3
0
1
2
3
0
1
2
3
0
1
2
3
0
1
2
3
0
1
2
3
0
1
2
3
0
1
2
3
0
1
2
3
0
1
2
3
0
1
2
3
0
1
2
3
0
1
2
3
0
1
2
3
0
1
2
3
0
1
2
3
0
1
2
3
0
1
2
3
0
1
2
3
0
1
2
3
0
1
2
3
0
1
2
3
0
1
2
3
0
1
2
3
0
1
2
3
0
1
2
3
0
1
2
3
0
1
2
3
0
1
2
3
0
1
2
3
0
1
2
3
0
1
2
3
0
1
2
3
0
1
2
3
0
1
2
3
0
1
2
3
0
1
2
3
0
1
2
3
0
1
2
3
0
1
2
3
0
1
2
3
0
1
2
3
0
1
2
3
0
1
2
3
0
1
2
3
0
1
2
3
0
1
2
3
0
1
2
3
0
1
2
3
0
1
2
3
0
1
2
3
0
1
2
3
0
1
2
3
--- 2021.8523769378662 seconds ---
