My SLURM_ARRAY_JOB_ID is 50569343.
My SLURM_ARRAY_TASK_ID is 10
Executing on the machine: della-l01g2
27
{'model_name': 'GRU', 'train_seq_part': 'fix_and_choice', 'n_simulation_sequences_train': 998432, 'n_human_sequences_train': 1004800, 'n_sequences_test': 500, 'n_sequences_final_performance': 500, 'd_model': 64, 'n_layers': 0, 'n_head': 0, 'sim_lr': 0.001, 'human_lr': 1e-05, 'batch_size': 32, 'dropout': 0.1, 'run_idx': 22, 'on_cluster': True, 'test_batch_increment_sim': 200, 'test_batch_increment_human': 200, 'save_folder_name': 'Sequential_Best_Param_Results_F', 'save_file_name': 'fix_and_choice_Simulated_and_Human_GRU_ID_run_22', 'fix_unit': 'ID'}
<class 'numpy.int64'>
Loading Data
cuda:0
Training the model
Training on simulated data
number of simulation seqeuences: 6432number of human seqeuences: 0 sim test loss: 5.586777597665787 human test loss 5.9032517075538635
number of simulation seqeuences: 12832number of human seqeuences: 0 sim test loss: 5.539182245731354 human test loss 5.9227913320064545
number of simulation seqeuences: 19232number of human seqeuences: 0 sim test loss: 5.488127946853638 human test loss 5.907206356525421
number of simulation seqeuences: 25632number of human seqeuences: 0 sim test loss: 5.474046409130096 human test loss 5.866306453943253
number of simulation seqeuences: 32032number of human seqeuences: 0 sim test loss: 5.450237929821014 human test loss 5.942554324865341
number of simulation seqeuences: 38432number of human seqeuences: 0 sim test loss: 5.419583648443222 human test loss 5.7903686463832855
number of simulation seqeuences: 44832number of human seqeuences: 0 sim test loss: 5.321833491325378 human test loss 5.860727295279503
number of simulation seqeuences: 51232number of human seqeuences: 0 sim test loss: 5.300656422972679 human test loss 5.866464138031006
number of simulation seqeuences: 57632number of human seqeuences: 0 sim test loss: 5.256318002939224 human test loss 5.943294674158096
number of simulation seqeuences: 64032number of human seqeuences: 0 sim test loss: 5.260720267891884 human test loss 5.916952222585678
number of simulation seqeuences: 70432number of human seqeuences: 0 sim test loss: 5.2823073118925095 human test loss 5.860663548111916
number of simulation seqeuences: 76832number of human seqeuences: 0 sim test loss: 5.224705874919891 human test loss 5.925571873784065
number of simulation seqeuences: 83232number of human seqeuences: 0 sim test loss: 5.245249941945076 human test loss 6.011427521705627
number of simulation seqeuences: 89632number of human seqeuences: 0 sim test loss: 5.25067512691021 human test loss 5.997303947806358
number of simulation seqeuences: 96032number of human seqeuences: 0 sim test loss: 5.302431806921959 human test loss 6.167216703295708
number of simulation seqeuences: 102432number of human seqeuences: 0 sim test loss: 5.21085986495018 human test loss 5.93763966858387
number of simulation seqeuences: 108832number of human seqeuences: 0 sim test loss: 5.207284972071648 human test loss 5.954899176955223
number of simulation seqeuences: 115232number of human seqeuences: 0 sim test loss: 5.183453768491745 human test loss 5.978638857603073
number of simulation seqeuences: 121632number of human seqeuences: 0 sim test loss: 5.186328291893005 human test loss 5.9409343004226685
number of simulation seqeuences: 128032number of human seqeuences: 0 sim test loss: 5.191307425498962 human test loss 5.9012258648872375
number of simulation seqeuences: 134432number of human seqeuences: 0 sim test loss: 5.168169021606445 human test loss 6.009256601333618
number of simulation seqeuences: 140832number of human seqeuences: 0 sim test loss: 5.165731802582741 human test loss 5.9460597187280655
number of simulation seqeuences: 147232number of human seqeuences: 0 sim test loss: 5.184114888310432 human test loss 5.895647495985031
number of simulation seqeuences: 153632number of human seqeuences: 0 sim test loss: 5.138717874884605 human test loss 5.9702316373586655
number of simulation seqeuences: 160032number of human seqeuences: 0 sim test loss: 5.156940087676048 human test loss 6.210999816656113
number of simulation seqeuences: 166432number of human seqeuences: 0 sim test loss: 5.158320590853691 human test loss 6.141864508390427
number of simulation seqeuences: 172832number of human seqeuences: 0 sim test loss: 5.154085472226143 human test loss 5.8971464186906815
number of simulation seqeuences: 179232number of human seqeuences: 0 sim test loss: 5.129608154296875 human test loss 6.113123998045921
number of simulation seqeuences: 185632number of human seqeuences: 0 sim test loss: 5.157433778047562 human test loss 5.874070659279823
number of simulation seqeuences: 192032number of human seqeuences: 0 sim test loss: 5.098792761564255 human test loss 6.141881480813026
number of simulation seqeuences: 198432number of human seqeuences: 0 sim test loss: 5.100686848163605 human test loss 6.001031383872032
number of simulation seqeuences: 204832number of human seqeuences: 0 sim test loss: 5.153388202190399 human test loss 5.945043638348579
number of simulation seqeuences: 211232number of human seqeuences: 0 sim test loss: 5.110050797462463 human test loss 5.951476961374283
number of simulation seqeuences: 217632number of human seqeuences: 0 sim test loss: 5.130798399448395 human test loss 5.992007926106453
number of simulation seqeuences: 224032number of human seqeuences: 0 sim test loss: 5.090429201722145 human test loss 6.138297036290169
number of simulation seqeuences: 230432number of human seqeuences: 0 sim test loss: 5.10050106048584 human test loss 5.982470259070396
number of simulation seqeuences: 236832number of human seqeuences: 0 sim test loss: 5.076825335621834 human test loss 6.088175371289253
number of simulation seqeuences: 243232number of human seqeuences: 0 sim test loss: 5.1027099043130875 human test loss 5.899882465600967
number of simulation seqeuences: 249632number of human seqeuences: 0 sim test loss: 5.0775624215602875 human test loss 6.073360159993172
number of simulation seqeuences: 256032number of human seqeuences: 0 sim test loss: 5.09810434281826 human test loss 5.9600004851818085
number of simulation seqeuences: 262432number of human seqeuences: 0 sim test loss: 5.07789808511734 human test loss 6.027756527066231
number of simulation seqeuences: 268832number of human seqeuences: 0 sim test loss: 5.054472967982292 human test loss 6.0557641088962555
number of simulation seqeuences: 275232number of human seqeuences: 0 sim test loss: 5.050168037414551 human test loss 6.033488899469376
number of simulation seqeuences: 281632number of human seqeuences: 0 sim test loss: 5.0644912123680115 human test loss 5.966961488127708
number of simulation seqeuences: 288032number of human seqeuences: 0 sim test loss: 5.082611799240112 human test loss 6.081916585564613
number of simulation seqeuences: 294432number of human seqeuences: 0 sim test loss: 5.058350533246994 human test loss 6.080669239163399
number of simulation seqeuences: 300832number of human seqeuences: 0 sim test loss: 5.0671177059412 human test loss 5.993203207850456
number of simulation seqeuences: 307232number of human seqeuences: 0 sim test loss: 5.073216497898102 human test loss 6.0575316697359085
number of simulation seqeuences: 313632number of human seqeuences: 0 sim test loss: 5.085049003362656 human test loss 5.904543027281761
number of simulation seqeuences: 320032number of human seqeuences: 0 sim test loss: 5.053937837481499 human test loss 6.0171190947294235
number of simulation seqeuences: 326432number of human seqeuences: 0 sim test loss: 5.071670517325401 human test loss 5.9434811770915985
number of simulation seqeuences: 332832number of human seqeuences: 0 sim test loss: 5.044496119022369 human test loss 6.026734933257103
number of simulation seqeuences: 339232number of human seqeuences: 0 sim test loss: 5.060005724430084 human test loss 5.972769230604172
number of simulation seqeuences: 345632number of human seqeuences: 0 sim test loss: 5.0564228147268295 human test loss 6.081444561481476
number of simulation seqeuences: 352032number of human seqeuences: 0 sim test loss: 5.033526316285133 human test loss 6.021706819534302
number of simulation seqeuences: 358432number of human seqeuences: 0 sim test loss: 5.0667073875665665 human test loss 6.014106065034866
number of simulation seqeuences: 364832number of human seqeuences: 0 sim test loss: 5.051264643669128 human test loss 5.959512114524841
number of simulation seqeuences: 371232number of human seqeuences: 0 sim test loss: 5.024369314312935 human test loss 5.9398748725652695
number of simulation seqeuences: 377632number of human seqeuences: 0 sim test loss: 5.022942364215851 human test loss 6.026249930262566
number of simulation seqeuences: 384032number of human seqeuences: 0 sim test loss: 5.009208023548126 human test loss 5.948455348610878
number of simulation seqeuences: 390432number of human seqeuences: 0 sim test loss: 5.076842963695526 human test loss 5.944947823882103
number of simulation seqeuences: 396832number of human seqeuences: 0 sim test loss: 5.04231071472168 human test loss 5.997086599469185
number of simulation seqeuences: 403232number of human seqeuences: 0 sim test loss: 5.034223362803459 human test loss 5.958118781447411
number of simulation seqeuences: 409632number of human seqeuences: 0 sim test loss: 5.082257688045502 human test loss 5.820805981755257
number of simulation seqeuences: 416032number of human seqeuences: 0 sim test loss: 5.015968397259712 human test loss 5.931834265589714
number of simulation seqeuences: 422432number of human seqeuences: 0 sim test loss: 5.014242649078369 human test loss 5.966430529952049
number of simulation seqeuences: 428832number of human seqeuences: 0 sim test loss: 5.053079187870026 human test loss 5.872618556022644
number of simulation seqeuences: 435232number of human seqeuences: 0 sim test loss: 5.036234647035599 human test loss 6.065148413181305
number of simulation seqeuences: 441632number of human seqeuences: 0 sim test loss: 5.033234536647797 human test loss 5.94190688431263
number of simulation seqeuences: 448032number of human seqeuences: 0 sim test loss: 5.0368116199970245 human test loss 5.999004825949669
number of simulation seqeuences: 454432number of human seqeuences: 0 sim test loss: 5.019683167338371 human test loss 6.0421923995018005
number of simulation seqeuences: 460832number of human seqeuences: 0 sim test loss: 5.028537288308144 human test loss 5.924680277705193
number of simulation seqeuences: 467232number of human seqeuences: 0 sim test loss: 5.0531784147024155 human test loss 5.831851154565811
number of simulation seqeuences: 473632number of human seqeuences: 0 sim test loss: 5.018537014722824 human test loss 6.051184311509132
number of simulation seqeuences: 480032number of human seqeuences: 0 sim test loss: 5.068646088242531 human test loss 5.928775638341904
number of simulation seqeuences: 486432number of human seqeuences: 0 sim test loss: 5.0028616935014725 human test loss 5.9675779938697815
number of simulation seqeuences: 492832number of human seqeuences: 0 sim test loss: 4.983079224824905 human test loss 5.970629408955574
number of simulation seqeuences: 499232number of human seqeuences: 0 sim test loss: 5.025410279631615 human test loss 5.927406832575798
number of simulation seqeuences: 505632number of human seqeuences: 0 sim test loss: 5.022371917963028 human test loss 5.866014674305916
number of simulation seqeuences: 512032number of human seqeuences: 0 sim test loss: 4.993138328194618 human test loss 5.900402411818504
number of simulation seqeuences: 518432number of human seqeuences: 0 sim test loss: 4.986801788210869 human test loss 5.916880905628204
number of simulation seqeuences: 524832number of human seqeuences: 0 sim test loss: 4.998470783233643 human test loss 5.936350420117378
number of simulation seqeuences: 531232number of human seqeuences: 0 sim test loss: 4.993595570325851 human test loss 5.878657683730125
number of simulation seqeuences: 537632number of human seqeuences: 0 sim test loss: 4.988611951470375 human test loss 5.942062869668007
number of simulation seqeuences: 544032number of human seqeuences: 0 sim test loss: 5.042893320322037 human test loss 5.846317887306213
number of simulation seqeuences: 550432number of human seqeuences: 0 sim test loss: 5.014210104942322 human test loss 5.876097947359085
number of simulation seqeuences: 556832number of human seqeuences: 0 sim test loss: 5.000483185052872 human test loss 5.925819054245949
number of simulation seqeuences: 563232number of human seqeuences: 0 sim test loss: 5.003246948122978 human test loss 5.93123060464859
number of simulation seqeuences: 569632number of human seqeuences: 0 sim test loss: 4.998301193118095 human test loss 5.976539298892021
number of simulation seqeuences: 576032number of human seqeuences: 0 sim test loss: 4.982592329382896 human test loss 5.908253103494644
number of simulation seqeuences: 582432number of human seqeuences: 0 sim test loss: 4.972008496522903 human test loss 5.906734079122543
number of simulation seqeuences: 588832number of human seqeuences: 0 sim test loss: 5.003280267119408 human test loss 6.076934829354286
number of simulation seqeuences: 595232number of human seqeuences: 0 sim test loss: 5.00190956890583 human test loss 5.931102633476257
number of simulation seqeuences: 601632number of human seqeuences: 0 sim test loss: 5.0068113803863525 human test loss 6.009991005063057
number of simulation seqeuences: 608032number of human seqeuences: 0 sim test loss: 4.9891509264707565 human test loss 5.945896491408348
number of simulation seqeuences: 614432number of human seqeuences: 0 sim test loss: 4.968520432710648 human test loss 5.926766201853752
number of simulation seqeuences: 620832number of human seqeuences: 0 sim test loss: 4.978695243597031 human test loss 5.924995020031929
number of simulation seqeuences: 627232number of human seqeuences: 0 sim test loss: 4.993953064084053 human test loss 5.92981930077076
number of simulation seqeuences: 633632number of human seqeuences: 0 sim test loss: 5.035910978913307 human test loss 5.895548462867737
number of simulation seqeuences: 640032number of human seqeuences: 0 sim test loss: 4.9551921635866165 human test loss 5.9778206795454025
number of simulation seqeuences: 646432number of human seqeuences: 0 sim test loss: 5.003929898142815 human test loss 5.879126340150833
number of simulation seqeuences: 652832number of human seqeuences: 0 sim test loss: 4.972038954496384 human test loss 5.927913576364517
number of simulation seqeuences: 659232number of human seqeuences: 0 sim test loss: 5.020471215248108 human test loss 5.991356253623962
number of simulation seqeuences: 665632number of human seqeuences: 0 sim test loss: 4.9795962870121 human test loss 5.915212333202362
number of simulation seqeuences: 672032number of human seqeuences: 0 sim test loss: 4.986489504575729 human test loss 5.930301278829575
number of simulation seqeuences: 678432number of human seqeuences: 0 sim test loss: 4.992243081331253 human test loss 5.906475260853767
number of simulation seqeuences: 684832number of human seqeuences: 0 sim test loss: 4.989302843809128 human test loss 5.949866712093353
number of simulation seqeuences: 691232number of human seqeuences: 0 sim test loss: 5.002279177308083 human test loss 5.922748446464539
number of simulation seqeuences: 697632number of human seqeuences: 0 sim test loss: 5.03576947748661 human test loss 5.826845854520798
number of simulation seqeuences: 704032number of human seqeuences: 0 sim test loss: 4.992533192038536 human test loss 5.986535295844078
number of simulation seqeuences: 710432number of human seqeuences: 0 sim test loss: 4.969101965427399 human test loss 5.971061885356903
