My SLURM_ARRAY_JOB_ID is 44069345.
My SLURM_ARRAY_TASK_ID is 128
Executing on the machine: della-r4c1n5
{'model_name': 'GRU', 'train_seq_part': 'fix_and_choice', 'n_simulation_sequences_train': 200000, 'n_human_sequences_train': 51200, 'n_sequences_test': 1000.0, 'n_sequences_final_performance': 1000.0, 'd_model': 128, 'n_layers': 2, 'n_head': 2, 'lr': 0.001, 'batch_size': 32, 'run_idx': 8, 'on_cluster': True, 'test_batch_increment': 50}
<class 'numpy.int64'>
Loading Data
SimpleGRU(
  (gru): GRU(6, 128, batch_first=True)
  (linear): Linear(in_features=128, out_features=3, bias=True)
)
Training the model
Training on simulated data
number of simulation seqeuences: 1632number of human seqeuences: 0 sim test loss: 5.295625917373165 human test loss 6.665188697076613
number of simulation seqeuences: 3232number of human seqeuences: 0 sim test loss: 5.211942688111336 human test loss 6.3510208283701255
number of simulation seqeuences: 4832number of human seqeuences: 0 sim test loss: 5.227327031473959 human test loss 6.176215248723184
number of simulation seqeuences: 6432number of human seqeuences: 0 sim test loss: 5.187816766000563 human test loss 6.272312918016987
number of simulation seqeuences: 8032number of human seqeuences: 0 sim test loss: 5.2250711533331105 human test loss 6.192790462124732
number of simulation seqeuences: 9632number of human seqeuences: 0 sim test loss: 5.178230085680561 human test loss 6.273402075613698
number of simulation seqeuences: 11232number of human seqeuences: 0 sim test loss: 5.1618968363731135 human test loss 6.1519340392081965
number of simulation seqeuences: 12832number of human seqeuences: 0 sim test loss: 5.162106006376205 human test loss 6.15043254052439
number of simulation seqeuences: 14432number of human seqeuences: 0 sim test loss: 5.127410619489608 human test loss 6.343014378701487
number of simulation seqeuences: 16032number of human seqeuences: 0 sim test loss: 5.118137605728641 human test loss 6.345022416883899
number of simulation seqeuences: 17632number of human seqeuences: 0 sim test loss: 5.097032354724023 human test loss 6.3156252061167075
number of simulation seqeuences: 19232number of human seqeuences: 0 sim test loss: 5.1280086732679795 human test loss 6.328665594900808
number of simulation seqeuences: 20832number of human seqeuences: 0 sim test loss: 5.097727521773307 human test loss 6.301070136408652
number of simulation seqeuences: 22432number of human seqeuences: 0 sim test loss: 5.072588374537807 human test loss 6.094536458292315
number of simulation seqeuences: 24032number of human seqeuences: 0 sim test loss: 5.064567204444639 human test loss 6.331203799093923
number of simulation seqeuences: 25632number of human seqeuences: 0 sim test loss: 5.059317404224027 human test loss 6.20940657584898
number of simulation seqeuences: 27232number of human seqeuences: 0 sim test loss: 5.019273688716273 human test loss 6.185250759124756
number of simulation seqeuences: 28832number of human seqeuences: 0 sim test loss: 5.026469007615121 human test loss 6.210697820109706
number of simulation seqeuences: 30432number of human seqeuences: 0 sim test loss: 5.0030059814453125 human test loss 6.329819879224224
number of simulation seqeuences: 32032number of human seqeuences: 0 sim test loss: 5.0564986351997625 human test loss 6.117743984345467
number of simulation seqeuences: 33632number of human seqeuences: 0 sim test loss: 4.971279305796469 human test loss 6.105320668989612
number of simulation seqeuences: 35232number of human seqeuences: 0 sim test loss: 5.047331710015574 human test loss 6.076605581468152
number of simulation seqeuences: 36832number of human seqeuences: 0 sim test loss: 4.940910393191922 human test loss 6.167640732180688
number of simulation seqeuences: 38432number of human seqeuences: 0 sim test loss: 5.057900859463599 human test loss 6.582716280414212
number of simulation seqeuences: 40032number of human seqeuences: 0 sim test loss: 4.924230060269756 human test loss 6.194318232997771
number of simulation seqeuences: 41632number of human seqeuences: 0 sim test loss: 4.968117983110489 human test loss 6.136444214851625
number of simulation seqeuences: 43232number of human seqeuences: 0 sim test loss: 4.932988712864537 human test loss 6.164609063056208
number of simulation seqeuences: 44832number of human seqeuences: 0 sim test loss: 4.877871574894074 human test loss 6.331629399330385
number of simulation seqeuences: 46432number of human seqeuences: 0 sim test loss: 4.906657018969136 human test loss 6.168715369316839
number of simulation seqeuences: 48032number of human seqeuences: 0 sim test loss: 4.895399085937008 human test loss 6.163975208036361
number of simulation seqeuences: 49632number of human seqeuences: 0 sim test loss: 5.067359155224215 human test loss 6.083006228170087
number of simulation seqeuences: 51232number of human seqeuences: 0 sim test loss: 4.891213255543863 human test loss 6.270001042273737
number of simulation seqeuences: 52832number of human seqeuences: 0 sim test loss: 4.877126947526009 human test loss 6.202836298173474
number of simulation seqeuences: 54432number of human seqeuences: 0 sim test loss: 4.89266614760122 human test loss 6.171240437415339
number of simulation seqeuences: 56032number of human seqeuences: 0 sim test loss: 4.9118696412732525 human test loss 6.544716281275595
number of simulation seqeuences: 57632number of human seqeuences: 0 sim test loss: 4.870543595283262 human test loss 6.15715515998102
number of simulation seqeuences: 59232number of human seqeuences: 0 sim test loss: 4.903449143132856 human test loss 6.165089007346861
number of simulation seqeuences: 60832number of human seqeuences: 0 sim test loss: 4.848846243273828 human test loss 6.371095549675726
number of simulation seqeuences: 62432number of human seqeuences: 0 sim test loss: 4.849019750472038 human test loss 6.183885543577133
number of simulation seqeuences: 64032number of human seqeuences: 0 sim test loss: 4.842302045514507 human test loss 6.320606908490581
number of simulation seqeuences: 65632number of human seqeuences: 0 sim test loss: 4.838253482695548 human test loss 6.367891311645508
number of simulation seqeuences: 67232number of human seqeuences: 0 sim test loss: 4.825570567961662 human test loss 6.359109755485289
number of simulation seqeuences: 68832number of human seqeuences: 0 sim test loss: 4.928810365738407 human test loss 6.670577080019059
number of simulation seqeuences: 70432number of human seqeuences: 0 sim test loss: 4.855107168997487 human test loss 6.3187385682136785
number of simulation seqeuences: 72032number of human seqeuences: 0 sim test loss: 4.823284756752752 human test loss 6.351263815356839
number of simulation seqeuences: 73632number of human seqeuences: 0 sim test loss: 4.829492230569163 human test loss 6.287166057094451
number of simulation seqeuences: 75232number of human seqeuences: 0 sim test loss: 4.835328532803443 human test loss 6.256964652769027
number of simulation seqeuences: 76832number of human seqeuences: 0 sim test loss: 4.827049739899174 human test loss 6.3578273865484425
number of simulation seqeuences: 78432number of human seqeuences: 0 sim test loss: 4.834492998738443 human test loss 6.320666943826983
number of simulation seqeuences: 80032number of human seqeuences: 0 sim test loss: 4.841927236126315 human test loss 6.185841175817674
number of simulation seqeuences: 81632number of human seqeuences: 0 sim test loss: 4.830834457951207 human test loss 6.384930118437736
number of simulation seqeuences: 83232number of human seqeuences: 0 sim test loss: 4.836499298772504 human test loss 6.215318864391696
number of simulation seqeuences: 84832number of human seqeuences: 0 sim test loss: 4.830895816126177 human test loss 6.275799012953235
number of simulation seqeuences: 86432number of human seqeuences: 0 sim test loss: 4.8294355792384 human test loss 6.43812382605768
number of simulation seqeuences: 88032number of human seqeuences: 0 sim test loss: 4.832108520692395 human test loss 6.232013687010734
number of simulation seqeuences: 89632number of human seqeuences: 0 sim test loss: 4.84457782776125 human test loss 6.212218361516153
number of simulation seqeuences: 91232number of human seqeuences: 0 sim test loss: 4.801306432293307 human test loss 6.323092029940698
number of simulation seqeuences: 92832number of human seqeuences: 0 sim test loss: 4.833814021079771 human test loss 6.523865499804097
number of simulation seqeuences: 94432number of human seqeuences: 0 sim test loss: 4.803340796501406 human test loss 6.363251286168253
number of simulation seqeuences: 96032number of human seqeuences: 0 sim test loss: 4.832638709775863 human test loss 6.2187108070619646
number of simulation seqeuences: 97632number of human seqeuences: 0 sim test loss: 4.812855059100736 human test loss 6.368290516637987
number of simulation seqeuences: 99232number of human seqeuences: 0 sim test loss: 4.907471764472223 human test loss 6.167560715829173
number of simulation seqeuences: 100832number of human seqeuences: 0 sim test loss: 4.839471394015897 human test loss 6.454796452676097
number of simulation seqeuences: 102432number of human seqeuences: 0 sim test loss: 4.835654581746748 human test loss 6.19520870331795
number of simulation seqeuences: 104032number of human seqeuences: 0 sim test loss: 4.803728542020244 human test loss 6.372942847590292
number of simulation seqeuences: 105632number of human seqeuences: 0 sim test loss: 4.882885363794142 human test loss 6.255443742198329
number of simulation seqeuences: 107232number of human seqeuences: 0 sim test loss: 4.820511864077661 human test loss 6.243446319333969
number of simulation seqeuences: 108832number of human seqeuences: 0 sim test loss: 4.800505253576463 human test loss 6.325036218089442
number of simulation seqeuences: 110432number of human seqeuences: 0 sim test loss: 4.800003743940784 human test loss 6.227874140585622
number of simulation seqeuences: 112032number of human seqeuences: 0 sim test loss: 4.773758157607047 human test loss 6.303545874934042
number of simulation seqeuences: 113632number of human seqeuences: 0 sim test loss: 4.782211626729658 human test loss 6.378586999831661
number of simulation seqeuences: 115232number of human seqeuences: 0 sim test loss: 4.78538017888223 human test loss 6.35740981563445
number of simulation seqeuences: 116832number of human seqeuences: 0 sim test loss: 4.791420975039082 human test loss 6.264738928887152
number of simulation seqeuences: 118432number of human seqeuences: 0 sim test loss: 4.785644700450282 human test loss 6.258410330741636
number of simulation seqeuences: 120032number of human seqeuences: 0 sim test loss: 4.788677884686377 human test loss 6.416108254463442
number of simulation seqeuences: 121632number of human seqeuences: 0 sim test loss: 4.774093312601889 human test loss 6.438467456448462
number of simulation seqeuences: 123232number of human seqeuences: 0 sim test loss: 4.776217276050199 human test loss 6.561829997647193
number of simulation seqeuences: 124832number of human seqeuences: 0 sim test loss: 4.840292761402745 human test loss 6.247512017526934
number of simulation seqeuences: 126432number of human seqeuences: 0 sim test loss: 4.776914642703149 human test loss 6.303797768008325
number of simulation seqeuences: 128032number of human seqeuences: 0 sim test loss: 4.850424628103933 human test loss 6.221458250476468
number of simulation seqeuences: 129632number of human seqeuences: 0 sim test loss: 4.786241469844695 human test loss 6.24516345608619
number of simulation seqeuences: 131232number of human seqeuences: 0 sim test loss: 4.7528574620523765 human test loss 6.343592043845884
number of simulation seqeuences: 132832number of human seqeuences: 0 sim test loss: 4.752260138911586 human test loss 6.398534744016586
number of simulation seqeuences: 134432number of human seqeuences: 0 sim test loss: 4.845215497478362 human test loss 6.221872329711914
number of simulation seqeuences: 136032number of human seqeuences: 0 sim test loss: 4.8427729683537635 human test loss 6.184812391957929
number of simulation seqeuences: 137632number of human seqeuences: 0 sim test loss: 4.763620268914007 human test loss 6.411957417764971
number of simulation seqeuences: 139232number of human seqeuences: 0 sim test loss: 4.847214937210083 human test loss 6.378032776617235
number of simulation seqeuences: 140832number of human seqeuences: 0 sim test loss: 4.73633437771951 human test loss 6.422588579116329
number of simulation seqeuences: 142432number of human seqeuences: 0 sim test loss: 4.743350105900919 human test loss 6.453134813616352
number of simulation seqeuences: 144032number of human seqeuences: 0 sim test loss: 4.738595531832788 human test loss 6.652619577223255
number of simulation seqeuences: 145632number of human seqeuences: 0 sim test loss: 4.763770503382529 human test loss 6.343284314678561
number of simulation seqeuences: 147232number of human seqeuences: 0 sim test loss: 4.710392975038098 human test loss 6.525319653172647
number of simulation seqeuences: 148832number of human seqeuences: 0 sim test loss: 4.734110024667555 human test loss 6.3792560638919955
number of simulation seqeuences: 150432number of human seqeuences: 0 sim test loss: 4.717427784396756 human test loss 6.376315870592671
number of simulation seqeuences: 152032number of human seqeuences: 0 sim test loss: 4.678936504548596 human test loss 6.554344884810909
number of simulation seqeuences: 153632number of human seqeuences: 0 sim test loss: 4.689093274454916 human test loss 6.511418511790614
number of simulation seqeuences: 155232number of human seqeuences: 0 sim test loss: 4.774714816001154 human test loss 6.192478318368235
number of simulation seqeuences: 156832number of human seqeuences: 0 sim test loss: 4.68335933070029 human test loss 6.477751178126181
number of simulation seqeuences: 158432number of human seqeuences: 0 sim test loss: 4.768784369191816 human test loss 6.236752894616896
number of simulation seqeuences: 160032number of human seqeuences: 0 sim test loss: 4.726950391646354 human test loss 6.259301200989754
number of simulation seqeuences: 161632number of human seqeuences: 0 sim test loss: 4.713410023720034 human test loss 6.348671528600877
number of simulation seqeuences: 163232number of human seqeuences: 0 sim test loss: 4.765135957348731 human test loss 6.359449971106745
number of simulation seqeuences: 164832number of human seqeuences: 0 sim test loss: 4.68287298756261 human test loss 6.345330745943131
number of simulation seqeuences: 166432number of human seqeuences: 0 sim test loss: 4.701777212081417 human test loss 6.300908627048615
number of simulation seqeuences: 168032number of human seqeuences: 0 sim test loss: 4.69654885415108 human test loss 6.453583963455692
number of simulation seqeuences: 169632number of human seqeuences: 0 sim test loss: 4.735734655011084 human test loss 6.298511382072203
number of simulation seqeuences: 171232number of human seqeuences: 0 sim test loss: 4.682631731033325 human test loss 6.362054532574069
number of simulation seqeuences: 172832number of human seqeuences: 0 sim test loss: 4.705659112622661 human test loss 6.25580495403659
number of simulation seqeuences: 174432number of human seqeuences: 0 sim test loss: 4.692819156954365 human test loss 6.366708447856288
number of simulation seqeuences: 176032number of human seqeuences: 0 sim test loss: 4.673838807690528 human test loss 6.374933304325227
number of simulation seqeuences: 177632number of human seqeuences: 0 sim test loss: 4.745153311760195 human test loss 6.271274566650391
number of simulation seqeuences: 179232number of human seqeuences: 0 sim test loss: 4.696134774915634 human test loss 6.448972871226649
number of simulation seqeuences: 180832number of human seqeuences: 0 sim test loss: 4.719943738752796 human test loss 6.354822451068509
number of simulation seqeuences: 182432number of human seqeuences: 0 sim test loss: 4.708503261689217 human test loss 6.282090540855162
number of simulation seqeuences: 184032number of human seqeuences: 0 sim test loss: 4.737011840266566 human test loss 6.269347375439059
number of simulation seqeuences: 185632number of human seqeuences: 0 sim test loss: 4.692904303150792 human test loss 6.461092149057696
number of simulation seqeuences: 187232number of human seqeuences: 0 sim test loss: 4.656550492009809 human test loss 6.32663313035042
number of simulation seqeuences: 188832number of human seqeuences: 0 sim test loss: 4.700168717292048 human test loss 6.374743153972011
number of simulation seqeuences: 190432number of human seqeuences: 0 sim test loss: 4.6913506292527725 human test loss 6.285218223448722
number of simulation seqeuences: 192032number of human seqeuences: 0 sim test loss: 4.692926183823617 human test loss 6.341365475808421
number of simulation seqeuences: 193632number of human seqeuences: 0 sim test loss: 4.662112474441528 human test loss 6.654022678252189
number of simulation seqeuences: 195232number of human seqeuences: 0 sim test loss: 4.691981884741014 human test loss 6.326228910876859
number of simulation seqeuences: 196832number of human seqeuences: 0 sim test loss: 4.661749524454916 human test loss 6.274010089135939
number of simulation seqeuences: 198432number of human seqeuences: 0 sim test loss: 4.638846058999339 human test loss 6.386416281423261
Training on human data
number of simulation seqeuences: 198432number of human seqeuences: 1600 sim test loss: 5.368066003245692 human test loss 5.914879306670158
number of simulation seqeuences: 198432number of human seqeuences: 3200 sim test loss: 5.13244298196608 human test loss 5.952398330934586
number of simulation seqeuences: 198432number of human seqeuences: 4800 sim test loss: 5.0489608395484185 human test loss 5.917202072758829
number of simulation seqeuences: 198432number of human seqeuences: 6400 sim test loss: 5.100500383684712 human test loss 5.916063970135104
number of simulation seqeuences: 198432number of human seqeuences: 8000 sim test loss: 5.109724413964056 human test loss 5.880191987560641
number of simulation seqeuences: 198432number of human seqeuences: 9600 sim test loss: 5.300204069383683 human test loss 5.863187974499118
number of simulation seqeuences: 198432number of human seqeuences: 11200 sim test loss: 5.165811892478697 human test loss 5.9257086323153585
number of simulation seqeuences: 198432number of human seqeuences: 12800 sim test loss: 5.0736624656185025 human test loss 5.909895496983682
number of simulation seqeuences: 198432number of human seqeuences: 14400 sim test loss: 5.10822912954515 human test loss 5.890115568714757
number of simulation seqeuences: 198432number of human seqeuences: 16000 sim test loss: 5.123806776538972 human test loss 5.869079436025312
number of simulation seqeuences: 198432number of human seqeuences: 17600 sim test loss: 5.259280673919186 human test loss 5.846006224232335
number of simulation seqeuences: 198432number of human seqeuences: 19200 sim test loss: 5.198808223970475 human test loss 5.90823196595715
number of simulation seqeuences: 198432number of human seqeuences: 20800 sim test loss: 5.079001165205432 human test loss 5.909995801987186
number of simulation seqeuences: 198432number of human seqeuences: 22400 sim test loss: 5.1081248637168635 human test loss 5.875827373996858
number of simulation seqeuences: 198432number of human seqeuences: 24000 sim test loss: 5.129373450433055 human test loss 5.860248042691138
number of simulation seqeuences: 198432number of human seqeuences: 25600 sim test loss: 5.191758540368849 human test loss 5.841909839260962
number of simulation seqeuences: 198432number of human seqeuences: 27200 sim test loss: 5.2660285426724345 human test loss 5.896267660202518
number of simulation seqeuences: 198432number of human seqeuences: 28800 sim test loss: 5.063482246091289 human test loss 5.924196689359603
number of simulation seqeuences: 198432number of human seqeuences: 30400 sim test loss: 5.08765039905425 human test loss 5.872575021559192
number of simulation seqeuences: 198432number of human seqeuences: 32000 sim test loss: 5.132931955399052 human test loss 5.857937443640925
number of simulation seqeuences: 198432number of human seqeuences: 33600 sim test loss: 5.172861499171103 human test loss 5.856321842439713
number of simulation seqeuences: 198432number of human seqeuences: 35200 sim test loss: 5.336934389606599 human test loss 5.8917128809036745
number of simulation seqeuences: 198432number of human seqeuences: 36800 sim test loss: 5.03557405933257 human test loss 5.941361227343159
number of simulation seqeuences: 198432number of human seqeuences: 38400 sim test loss: 5.009207979325326 human test loss 5.893951615979595
number of simulation seqeuences: 198432number of human seqeuences: 40000 sim test loss: 5.0953699158084005 human test loss 5.865725025053947
number of simulation seqeuences: 198432number of human seqeuences: 41600 sim test loss: 5.134332918351697 human test loss 5.864276301476263
number of simulation seqeuences: 198432number of human seqeuences: 43200 sim test loss: 5.336162936302923 human test loss 5.872074711707331
number of simulation seqeuences: 198432number of human seqeuences: 44800 sim test loss: 5.076677591569962 human test loss 5.918656149218159
number of simulation seqeuences: 198432number of human seqeuences: 46400 sim test loss: 4.940432886923513 human test loss 5.912488783559492
number of simulation seqeuences: 198432number of human seqeuences: 48000 sim test loss: 5.017352934806578 human test loss 5.88082024358934
number of simulation seqeuences: 198432number of human seqeuences: 51200 sim test loss: 5.2533701158338975 human test loss 5.853022698433168
Evaluating trained model performance
Saving the model and results
