My SLURM_ARRAY_JOB_ID is 47405061.
My SLURM_ARRAY_TASK_ID is 99
Executing on the machine: della-l01g1
{'model_name': 'LSTM', 'train_seq_part': 'fix_and_choice', 'n_simulation_sequences_train': 300000.0, 'n_human_sequences_train': 750000.0, 'n_sequences_test': 500, 'n_sequences_final_performance': 500, 'd_model': 256, 'n_layers': 0, 'n_head': 0, 'sim_lr': 0.001, 'human_lr': 0.001, 'batch_size': 32, 'run_idx': 2, 'on_cluster': True, 'test_batch_increment_sim': 200, 'test_batch_increment_human': 200, 'save_folder_name': 'Hyper_Param_Search2', 'save_file_name': 'run_2_model_name_LSTM_d_model_256_sim_lr_0.001_human_lr_0.001_n_head_0_n_layers_0_nsim_300000.0_nhum_750000.0'}
<class 'float'>
Loading Data
cuda:0
Training the model
Training on simulated data
number of simulation seqeuences: 6432number of human seqeuences: 0 sim test loss: 5.3314365446567535 human test loss 6.1063732504844666
number of simulation seqeuences: 12832number of human seqeuences: 0 sim test loss: 5.405867487192154 human test loss 6.103048741817474
number of simulation seqeuences: 19232number of human seqeuences: 0 sim test loss: 5.284395337104797 human test loss 5.884386017918587
number of simulation seqeuences: 25632number of human seqeuences: 0 sim test loss: 5.233261734247208 human test loss 5.857630342245102
number of simulation seqeuences: 32032number of human seqeuences: 0 sim test loss: 5.237653076648712 human test loss 5.867327123880386
number of simulation seqeuences: 38432number of human seqeuences: 0 sim test loss: 5.216509759426117 human test loss 5.901535511016846
number of simulation seqeuences: 44832number of human seqeuences: 0 sim test loss: 5.233019679784775 human test loss 6.00687038898468
number of simulation seqeuences: 51232number of human seqeuences: 0 sim test loss: 5.191361606121063 human test loss 5.800540328025818
number of simulation seqeuences: 57632number of human seqeuences: 0 sim test loss: 5.236813068389893 human test loss 5.889153748750687
number of simulation seqeuences: 64032number of human seqeuences: 0 sim test loss: 5.18502938747406 human test loss 5.8934760093688965
number of simulation seqeuences: 70432number of human seqeuences: 0 sim test loss: 5.365875869989395 human test loss 5.778381377458572
number of simulation seqeuences: 76832number of human seqeuences: 0 sim test loss: 5.174834683537483 human test loss 5.86826391518116
number of simulation seqeuences: 83232number of human seqeuences: 0 sim test loss: 5.193790078163147 human test loss 5.854889795184135
number of simulation seqeuences: 89632number of human seqeuences: 0 sim test loss: 5.241104751825333 human test loss 5.719318151473999
number of simulation seqeuences: 96032number of human seqeuences: 0 sim test loss: 5.146153494715691 human test loss 5.800965309143066
number of simulation seqeuences: 102432number of human seqeuences: 0 sim test loss: 5.222499400377274 human test loss 5.749471664428711
number of simulation seqeuences: 108832number of human seqeuences: 0 sim test loss: 5.195429593324661 human test loss 5.793792679905891
number of simulation seqeuences: 115232number of human seqeuences: 0 sim test loss: 5.221270143985748 human test loss 5.804178550839424
number of simulation seqeuences: 121632number of human seqeuences: 0 sim test loss: 5.169503033161163 human test loss 5.8119038343429565
number of simulation seqeuences: 128032number of human seqeuences: 0 sim test loss: 5.153684675693512 human test loss 5.81916455924511
number of simulation seqeuences: 134432number of human seqeuences: 0 sim test loss: 5.202862471342087 human test loss 5.7228691428899765
number of simulation seqeuences: 140832number of human seqeuences: 0 sim test loss: 5.034710079431534 human test loss 5.871292382478714
number of simulation seqeuences: 147232number of human seqeuences: 0 sim test loss: 5.003956854343414 human test loss 5.901489898562431
number of simulation seqeuences: 153632number of human seqeuences: 0 sim test loss: 4.966512978076935 human test loss 5.970024824142456
number of simulation seqeuences: 160032number of human seqeuences: 0 sim test loss: 4.991148054599762 human test loss 5.962612971663475
number of simulation seqeuences: 166432number of human seqeuences: 0 sim test loss: 4.960325837135315 human test loss 5.91213271021843
number of simulation seqeuences: 172832number of human seqeuences: 0 sim test loss: 4.996978268027306 human test loss 6.077566042542458
number of simulation seqeuences: 179232number of human seqeuences: 0 sim test loss: 4.95969994366169 human test loss 5.883221283555031
number of simulation seqeuences: 185632number of human seqeuences: 0 sim test loss: 4.92878745496273 human test loss 5.8695193231105804
number of simulation seqeuences: 192032number of human seqeuences: 0 sim test loss: 4.946994438767433 human test loss 5.834494024515152
number of simulation seqeuences: 198432number of human seqeuences: 0 sim test loss: 4.9056554436683655 human test loss 5.9151758551597595
number of simulation seqeuences: 204832number of human seqeuences: 0 sim test loss: 4.88402259349823 human test loss 5.931324601173401
number of simulation seqeuences: 211232number of human seqeuences: 0 sim test loss: 4.872921332716942 human test loss 5.929409846663475
number of simulation seqeuences: 217632number of human seqeuences: 0 sim test loss: 4.851697236299515 human test loss 5.938542723655701
number of simulation seqeuences: 224032number of human seqeuences: 0 sim test loss: 4.872515007853508 human test loss 6.045153096318245
number of simulation seqeuences: 230432number of human seqeuences: 0 sim test loss: 4.84541854262352 human test loss 5.927295908331871
number of simulation seqeuences: 236832number of human seqeuences: 0 sim test loss: 4.794701904058456 human test loss 5.996556654572487
number of simulation seqeuences: 243232number of human seqeuences: 0 sim test loss: 4.922478213906288 human test loss 5.874005571007729
number of simulation seqeuences: 249632number of human seqeuences: 0 sim test loss: 4.879062920808792 human test loss 5.918498769402504
number of simulation seqeuences: 256032number of human seqeuences: 0 sim test loss: 4.874157071113586 human test loss 5.9519165605306625
number of simulation seqeuences: 262432number of human seqeuences: 0 sim test loss: 4.947241306304932 human test loss 5.918138697743416
number of simulation seqeuences: 268832number of human seqeuences: 0 sim test loss: 4.93074706196785 human test loss 6.066316202282906
number of simulation seqeuences: 275232number of human seqeuences: 0 sim test loss: 4.839771717786789 human test loss 6.075431451201439
number of simulation seqeuences: 281632number of human seqeuences: 0 sim test loss: 4.887241244316101 human test loss 6.1765385419130325
number of simulation seqeuences: 288032number of human seqeuences: 0 sim test loss: 4.806733936071396 human test loss 6.034737914800644
number of simulation seqeuences: 294432number of human seqeuences: 0 sim test loss: 4.834780499339104 human test loss 5.973828032612801
Training on human data
number of simulation seqeuences: 294432number of human seqeuences: 6400 sim test loss: 5.369099289178848 human test loss 5.672608256340027
number of simulation seqeuences: 294432number of human seqeuences: 12800 sim test loss: 5.260384261608124 human test loss 5.605218410491943
number of simulation seqeuences: 294432number of human seqeuences: 19200 sim test loss: 5.1366525292396545 human test loss 5.661870792508125
number of simulation seqeuences: 294432number of human seqeuences: 25600 sim test loss: 5.400730460882187 human test loss 5.732532635331154
number of simulation seqeuences: 294432number of human seqeuences: 32000 sim test loss: 5.20262011885643 human test loss 5.667525082826614
number of simulation seqeuences: 294432number of human seqeuences: 38400 sim test loss: 5.438940584659576 human test loss 5.7060327231884
number of simulation seqeuences: 294432number of human seqeuences: 51200 sim test loss: 5.343042820692062 human test loss 5.717111200094223
number of simulation seqeuences: 294432number of human seqeuences: 57600 sim test loss: 5.318429559469223 human test loss 5.699359714984894
number of simulation seqeuences: 294432number of human seqeuences: 64000 sim test loss: 5.326851844787598 human test loss 5.743970155715942
number of simulation seqeuences: 294432number of human seqeuences: 70400 sim test loss: 5.373527467250824 human test loss 5.681615322828293
number of simulation seqeuences: 294432number of human seqeuences: 76800 sim test loss: 5.346691906452179 human test loss 5.756392672657967
number of simulation seqeuences: 294432number of human seqeuences: 83200 sim test loss: 5.579257607460022 human test loss 5.741945058107376
number of simulation seqeuences: 294432number of human seqeuences: 96000 sim test loss: 5.755572468042374 human test loss 5.85162490606308
number of simulation seqeuences: 294432number of human seqeuences: 102400 sim test loss: 5.307609677314758 human test loss 5.6227957755327225
number of simulation seqeuences: 294432number of human seqeuences: 108800 sim test loss: 5.646367847919464 human test loss 5.770497813820839
number of simulation seqeuences: 294432number of human seqeuences: 115200 sim test loss: 5.482686161994934 human test loss 5.732331991195679
number of simulation seqeuences: 294432number of human seqeuences: 121600 sim test loss: 5.5865835547447205 human test loss 5.757207974791527
number of simulation seqeuences: 294432number of human seqeuences: 128000 sim test loss: 5.598367482423782 human test loss 5.77870500087738
number of simulation seqeuences: 294432number of human seqeuences: 140800 sim test loss: 5.896646797657013 human test loss 5.955357640981674
number of simulation seqeuences: 294432number of human seqeuences: 147200 sim test loss: 5.897020578384399 human test loss 5.957145482301712
number of simulation seqeuences: 294432number of human seqeuences: 153600 sim test loss: 5.915071129798889 human test loss 6.002111092209816
number of simulation seqeuences: 294432number of human seqeuences: 160000 sim test loss: 5.939157098531723 human test loss 6.004615500569344
number of simulation seqeuences: 294432number of human seqeuences: 166400 sim test loss: 5.851877361536026 human test loss 5.981535866856575
number of simulation seqeuences: 294432number of human seqeuences: 172800 sim test loss: 5.61966797709465 human test loss 5.759701460599899
number of simulation seqeuences: 294432number of human seqeuences: 185600 sim test loss: 5.944061517715454 human test loss 6.096864148974419
number of simulation seqeuences: 294432number of human seqeuences: 192000 sim test loss: 5.887546956539154 human test loss 6.014313787221909
number of simulation seqeuences: 294432number of human seqeuences: 198400 sim test loss: 6.179827094078064 human test loss 6.13790637254715
number of simulation seqeuences: 294432number of human seqeuences: 204800 sim test loss: 6.044160097837448 human test loss 6.091131776571274
number of simulation seqeuences: 294432number of human seqeuences: 211200 sim test loss: 6.038216084241867 human test loss 6.199099987745285
number of simulation seqeuences: 294432number of human seqeuences: 217600 sim test loss: 6.071647047996521 human test loss 6.046279489994049
number of simulation seqeuences: 294432number of human seqeuences: 230400 sim test loss: 6.403699100017548 human test loss 6.219977006316185
number of simulation seqeuences: 294432number of human seqeuences: 236800 sim test loss: 6.350818961858749 human test loss 6.402517378330231
number of simulation seqeuences: 294432number of human seqeuences: 243200 sim test loss: 6.264059692621231 human test loss 6.171890005469322
number of simulation seqeuences: 294432number of human seqeuences: 249600 sim test loss: 6.516288667917252 human test loss 6.317571520805359
number of simulation seqeuences: 294432number of human seqeuences: 256000 sim test loss: 6.51037785410881 human test loss 6.31823556125164
number of simulation seqeuences: 294432number of human seqeuences: 262400 sim test loss: 6.646036207675934 human test loss 6.340679705142975
number of simulation seqeuences: 294432number of human seqeuences: 275200 sim test loss: 6.885902285575867 human test loss 6.392256855964661
number of simulation seqeuences: 294432number of human seqeuences: 281600 sim test loss: 6.611189901828766 human test loss 6.508596777915955
number of simulation seqeuences: 294432number of human seqeuences: 288000 sim test loss: 6.1305572390556335 human test loss 5.99234876036644
number of simulation seqeuences: 294432number of human seqeuences: 294400 sim test loss: 6.522484570741653 human test loss 6.207372397184372
number of simulation seqeuences: 294432number of human seqeuences: 300800 sim test loss: 6.666254818439484 human test loss 6.2931885570287704
number of simulation seqeuences: 294432number of human seqeuences: 307200 sim test loss: 6.753101319074631 human test loss 6.430637776851654
number of simulation seqeuences: 294432number of human seqeuences: 320000 sim test loss: 6.88234743475914 human test loss 6.610124468803406
number of simulation seqeuences: 294432number of human seqeuences: 326400 sim test loss: 6.948419094085693 human test loss 6.6252322643995285
number of simulation seqeuences: 294432number of human seqeuences: 332800 sim test loss: 6.823926895856857 human test loss 6.712015062570572
number of simulation seqeuences: 294432number of human seqeuences: 339200 sim test loss: 7.238953322172165 human test loss 6.755534008145332
number of simulation seqeuences: 294432number of human seqeuences: 345600 sim test loss: 6.869419127702713 human test loss 6.654986560344696
number of simulation seqeuences: 294432number of human seqeuences: 352000 sim test loss: 6.820084065198898 human test loss 6.621141791343689
number of simulation seqeuences: 294432number of human seqeuences: 364800 sim test loss: 7.0632606744766235 human test loss 6.819143325090408
number of simulation seqeuences: 294432number of human seqeuences: 371200 sim test loss: 6.976448178291321 human test loss 6.6769320368766785
number of simulation seqeuences: 294432number of human seqeuences: 377600 sim test loss: 7.088593572378159 human test loss 6.944176018238068
number of simulation seqeuences: 294432number of human seqeuences: 384000 sim test loss: 7.020739793777466 human test loss 6.854420155286789
number of simulation seqeuences: 294432number of human seqeuences: 390400 sim test loss: 7.075318992137909 human test loss 6.734404504299164
number of simulation seqeuences: 294432number of human seqeuences: 396800 sim test loss: 6.961574047803879 human test loss 6.880751341581345
number of simulation seqeuences: 294432number of human seqeuences: 409600 sim test loss: 7.021252691745758 human test loss 6.9321068823337555
number of simulation seqeuences: 294432number of human seqeuences: 416000 sim test loss: 7.178492218255997 human test loss 6.9045252203941345
number of simulation seqeuences: 294432number of human seqeuences: 422400 sim test loss: 6.825036466121674 human test loss 6.9058434665203094
number of simulation seqeuences: 294432number of human seqeuences: 428800 sim test loss: 7.04033887386322 human test loss 6.802825331687927
number of simulation seqeuences: 294432number of human seqeuences: 435200 sim test loss: 7.171327918767929 human test loss 6.795498996973038
number of simulation seqeuences: 294432number of human seqeuences: 441600 sim test loss: 7.242509335279465 human test loss 7.114723056554794
number of simulation seqeuences: 294432number of human seqeuences: 454400 sim test loss: 7.290843814611435 human test loss 7.251155227422714
number of simulation seqeuences: 294432number of human seqeuences: 460800 sim test loss: 7.274445474147797 human test loss 6.982365250587463
number of simulation seqeuences: 294432number of human seqeuences: 467200 sim test loss: 7.2878002524375916 human test loss 7.217086881399155
number of simulation seqeuences: 294432number of human seqeuences: 473600 sim test loss: 7.144774317741394 human test loss 7.144088476896286
number of simulation seqeuences: 294432number of human seqeuences: 480000 sim test loss: 7.378835082054138 human test loss 7.108734458684921
number of simulation seqeuences: 294432number of human seqeuences: 486400 sim test loss: 7.4461522698402405 human test loss 7.107237845659256
number of simulation seqeuences: 294432number of human seqeuences: 499200 sim test loss: 7.3539473712444305 human test loss 7.206718891859055
number of simulation seqeuences: 294432number of human seqeuences: 505600 sim test loss: 7.547261297702789 human test loss 7.246351659297943
number of simulation seqeuences: 294432number of human seqeuences: 512000 sim test loss: 7.467604905366898 human test loss 7.1978596448898315
number of simulation seqeuences: 294432number of human seqeuences: 518400 sim test loss: 7.6313296258449554 human test loss 7.1233281791210175
number of simulation seqeuences: 294432number of human seqeuences: 524800 sim test loss: 7.222814321517944 human test loss 6.9945520758628845
number of simulation seqeuences: 294432number of human seqeuences: 531200 sim test loss: 7.4640026688575745 human test loss 7.0715785920619965
number of simulation seqeuences: 294432number of human seqeuences: 544000 sim test loss: 7.5919420421123505 human test loss 7.2715326845645905
number of simulation seqeuences: 294432number of human seqeuences: 550400 sim test loss: 7.39692947268486 human test loss 7.2051253616809845
number of simulation seqeuences: 294432number of human seqeuences: 556800 sim test loss: 7.574788421392441 human test loss 7.257063448429108
number of simulation seqeuences: 294432number of human seqeuences: 563200 sim test loss: 7.510641723871231 human test loss 7.238617092370987
number of simulation seqeuences: 294432number of human seqeuences: 569600 sim test loss: 7.554894536733627 human test loss 7.33062869310379
number of simulation seqeuences: 294432number of human seqeuences: 576000 sim test loss: 7.645724922418594 human test loss 7.382822126150131
number of simulation seqeuences: 294432number of human seqeuences: 588800 sim test loss: 7.433343261480331 human test loss 7.129375576972961
number of simulation seqeuences: 294432number of human seqeuences: 595200 sim test loss: 7.495812743902206 human test loss 7.050071984529495
number of simulation seqeuences: 294432number of human seqeuences: 601600 sim test loss: 7.401187062263489 human test loss 7.112852036952972
number of simulation seqeuences: 294432number of human seqeuences: 608000 sim test loss: 7.469045877456665 human test loss 7.3138275146484375
number of simulation seqeuences: 294432number of human seqeuences: 614400 sim test loss: 7.459592491388321 human test loss 7.263225585222244
number of simulation seqeuences: 294432number of human seqeuences: 620800 sim test loss: 7.539447754621506 human test loss 7.355674862861633
number of simulation seqeuences: 294432number of human seqeuences: 633600 sim test loss: 7.5146083533763885 human test loss 7.526667267084122
number of simulation seqeuences: 294432number of human seqeuences: 640000 sim test loss: 7.364757299423218 human test loss 7.519128084182739
number of simulation seqeuences: 294432number of human seqeuences: 646400 sim test loss: 7.591565728187561 human test loss 7.354183614253998
number of simulation seqeuences: 294432number of human seqeuences: 652800 sim test loss: 7.510980486869812 human test loss 7.6187421679496765
number of simulation seqeuences: 294432number of human seqeuences: 659200 sim test loss: 7.393175572156906 human test loss 7.437377989292145
number of simulation seqeuences: 294432number of human seqeuences: 665600 sim test loss: 7.325902312994003 human test loss 7.337439864873886
number of simulation seqeuences: 294432number of human seqeuences: 678400 sim test loss: 7.565185844898224 human test loss 7.6464245319366455
number of simulation seqeuences: 294432number of human seqeuences: 684800 sim test loss: 7.5404596626758575 human test loss 7.314153105020523
number of simulation seqeuences: 294432number of human seqeuences: 691200 sim test loss: 7.595947176218033 human test loss 7.530815422534943
number of simulation seqeuences: 294432number of human seqeuences: 697600 sim test loss: 7.65998449921608 human test loss 7.456873416900635
number of simulation seqeuences: 294432number of human seqeuences: 704000 sim test loss: 7.497555106878281 human test loss 7.604903846979141
number of simulation seqeuences: 294432number of human seqeuences: 710400 sim test loss: 7.653756737709045 human test loss 7.583317369222641
number of simulation seqeuences: 294432number of human seqeuences: 723200 sim test loss: 7.499837100505829 human test loss 7.689485847949982
number of simulation seqeuences: 294432number of human seqeuences: 729600 sim test loss: 7.6181740164756775 human test loss 7.4512969851493835
number of simulation seqeuences: 294432number of human seqeuences: 736000 sim test loss: 7.498352289199829 human test loss 7.585449278354645
number of simulation seqeuences: 294432number of human seqeuences: 742400 sim test loss: 7.486543267965317 human test loss 7.635853588581085
number of simulation seqeuences: 294432number of human seqeuences: 748800 sim test loss: 7.599658906459808 human test loss 7.699295461177826
number of simulation seqeuences: 294432number of human seqeuences: 755200 sim test loss: 7.611929923295975 human test loss 7.759393513202667
Evaluating trained model performance
Saving the model and results
