My SLURM_ARRAY_JOB_ID is 50472967.
My SLURM_ARRAY_TASK_ID is 103
Executing on the machine: della-l01g2
{'model_name': 'Transformer', 'train_seq_part': 'fix_and_choice', 'n_simulation_sequences_train': 0, 'n_human_sequences_train': 1000000.0, 'n_sequences_test': 500, 'n_sequences_final_performance': 500, 'd_model': 256, 'n_layers': 2, 'n_head': 4, 'sim_lr': 0, 'human_lr': 1e-05, 'batch_size': 32, 'dropout': 0.1, 'run_idx': 1, 'on_cluster': True, 'test_batch_increment_sim': 200, 'test_batch_increment_human': 200, 'save_folder_name': 'Hyper_Param_Search_Sequential', 'save_file_name': 'Human_Only_fix_and_choice_ID_run_1_model_name_Transformer_d_model_256_sim_lr_0_human_lr_1e-05_n_head_4_n_layers_2', 'fix_unit': 'ID'}
<class 'int'>
Loading Data
cuda:0
Training the model
Training on simulated data
Training on human data
number of simulation seqeuences: 0number of human seqeuences: 6400 sim test loss: 5.291395843029022 human test loss 5.734567433595657
number of simulation seqeuences: 0number of human seqeuences: 12800 sim test loss: 5.549997985363007 human test loss 5.753273814916611
number of simulation seqeuences: 0number of human seqeuences: 19200 sim test loss: 5.583547025918961 human test loss 5.754338920116425
number of simulation seqeuences: 0number of human seqeuences: 25600 sim test loss: 5.524717092514038 human test loss 5.714044898748398
number of simulation seqeuences: 0number of human seqeuences: 32000 sim test loss: 5.548920035362244 human test loss 5.718399167060852
number of simulation seqeuences: 0number of human seqeuences: 38400 sim test loss: 5.489425510168076 human test loss 5.684406340122223
number of simulation seqeuences: 0number of human seqeuences: 51200 sim test loss: 5.465080589056015 human test loss 5.676597148180008
number of simulation seqeuences: 0number of human seqeuences: 57600 sim test loss: 5.443335443735123 human test loss 5.6626133024692535
number of simulation seqeuences: 0number of human seqeuences: 64000 sim test loss: 5.514177650213242 human test loss 5.698941171169281
number of simulation seqeuences: 0number of human seqeuences: 70400 sim test loss: 5.426753580570221 human test loss 5.65446612238884
number of simulation seqeuences: 0number of human seqeuences: 76800 sim test loss: 5.465543836355209 human test loss 5.678298979997635
number of simulation seqeuences: 0number of human seqeuences: 83200 sim test loss: 5.3885829746723175 human test loss 5.64867302775383
number of simulation seqeuences: 0number of human seqeuences: 96000 sim test loss: 5.416369736194611 human test loss 5.652922302484512
number of simulation seqeuences: 0number of human seqeuences: 102400 sim test loss: 5.386618882417679 human test loss 5.6431387066841125
number of simulation seqeuences: 0number of human seqeuences: 108800 sim test loss: 5.475336164236069 human test loss 5.685313045978546
number of simulation seqeuences: 0number of human seqeuences: 115200 sim test loss: 5.385479986667633 human test loss 5.639194697141647
number of simulation seqeuences: 0number of human seqeuences: 121600 sim test loss: 5.453004568815231 human test loss 5.668470412492752
number of simulation seqeuences: 0number of human seqeuences: 128000 sim test loss: 5.388395041227341 human test loss 5.6408697962760925
number of simulation seqeuences: 0number of human seqeuences: 140800 sim test loss: 5.418323189020157 human test loss 5.6552256643772125
number of simulation seqeuences: 0number of human seqeuences: 147200 sim test loss: 5.380474299192429 human test loss 5.641925275325775
number of simulation seqeuences: 0number of human seqeuences: 153600 sim test loss: 5.465708017349243 human test loss 5.691230684518814
number of simulation seqeuences: 0number of human seqeuences: 160000 sim test loss: 5.385787755250931 human test loss 5.638461023569107
number of simulation seqeuences: 0number of human seqeuences: 166400 sim test loss: 5.455558270215988 human test loss 5.672325849533081
number of simulation seqeuences: 0number of human seqeuences: 172800 sim test loss: 5.3778718411922455 human test loss 5.642484486103058
number of simulation seqeuences: 0number of human seqeuences: 185600 sim test loss: 5.421490281820297 human test loss 5.659120827913284
number of simulation seqeuences: 0number of human seqeuences: 192000 sim test loss: 5.38211864233017 human test loss 5.645263373851776
number of simulation seqeuences: 0number of human seqeuences: 198400 sim test loss: 5.481250613927841 human test loss 5.701425194740295
number of simulation seqeuences: 0number of human seqeuences: 204800 sim test loss: 5.380424439907074 human test loss 5.6474761962890625
number of simulation seqeuences: 0number of human seqeuences: 211200 sim test loss: 5.4596958458423615 human test loss 5.684049904346466
number of simulation seqeuences: 0number of human seqeuences: 217600 sim test loss: 5.399990022182465 human test loss 5.651928007602692
number of simulation seqeuences: 0number of human seqeuences: 230400 sim test loss: 5.44043692946434 human test loss 5.671682238578796
number of simulation seqeuences: 0number of human seqeuences: 236800 sim test loss: 5.406591206789017 human test loss 5.658945053815842
number of simulation seqeuences: 0number of human seqeuences: 243200 sim test loss: 5.501889526844025 human test loss 5.717621922492981
number of simulation seqeuences: 0number of human seqeuences: 249600 sim test loss: 5.392259627580643 human test loss 5.656030684709549
number of simulation seqeuences: 0number of human seqeuences: 256000 sim test loss: 5.456834763288498 human test loss 5.693673521280289
number of simulation seqeuences: 0number of human seqeuences: 262400 sim test loss: 5.4077330231666565 human test loss 5.6608902513980865
number of simulation seqeuences: 0number of human seqeuences: 275200 sim test loss: 5.452137798070908 human test loss 5.674967378377914
number of simulation seqeuences: 0number of human seqeuences: 281600 sim test loss: 5.386592119932175 human test loss 5.663280129432678
number of simulation seqeuences: 0number of human seqeuences: 288000 sim test loss: 5.5282290279865265 human test loss 5.738113731145859
number of simulation seqeuences: 0number of human seqeuences: 294400 sim test loss: 5.403359770774841 human test loss 5.667903304100037
number of simulation seqeuences: 0number of human seqeuences: 300800 sim test loss: 5.464389622211456 human test loss 5.717723697423935
number of simulation seqeuences: 0number of human seqeuences: 307200 sim test loss: 5.394472748041153 human test loss 5.677288711071014
number of simulation seqeuences: 0number of human seqeuences: 320000 sim test loss: 5.431311994791031 human test loss 5.693210422992706
number of simulation seqeuences: 0number of human seqeuences: 326400 sim test loss: 5.379345208406448 human test loss 5.679208129644394
number of simulation seqeuences: 0number of human seqeuences: 332800 sim test loss: 5.516355782747269 human test loss 5.746411234140396
number of simulation seqeuences: 0number of human seqeuences: 339200 sim test loss: 5.395613998174667 human test loss 5.682808101177216
number of simulation seqeuences: 0number of human seqeuences: 345600 sim test loss: 5.467307388782501 human test loss 5.727907955646515
number of simulation seqeuences: 0number of human seqeuences: 352000 sim test loss: 5.3903449177742 human test loss 5.684617102146149
number of simulation seqeuences: 0number of human seqeuences: 364800 sim test loss: 5.4272405207157135 human test loss 5.702290385961533
number of simulation seqeuences: 0number of human seqeuences: 371200 sim test loss: 5.378383278846741 human test loss 5.68592694401741
number of simulation seqeuences: 0number of human seqeuences: 377600 sim test loss: 5.509091943502426 human test loss 5.747621476650238
number of simulation seqeuences: 0number of human seqeuences: 384000 sim test loss: 5.3871787786483765 human test loss 5.684433668851852
number of simulation seqeuences: 0number of human seqeuences: 390400 sim test loss: 5.454141020774841 human test loss 5.726306349039078
number of simulation seqeuences: 0number of human seqeuences: 396800 sim test loss: 5.382396250963211 human test loss 5.703931272029877
number of simulation seqeuences: 0number of human seqeuences: 409600 sim test loss: 5.42627677321434 human test loss 5.716685354709625
number of simulation seqeuences: 0number of human seqeuences: 416000 sim test loss: 5.383254259824753 human test loss 5.694541245698929
number of simulation seqeuences: 0number of human seqeuences: 422400 sim test loss: 5.493331581354141 human test loss 5.748565167188644
number of simulation seqeuences: 0number of human seqeuences: 428800 sim test loss: 5.419493228197098 human test loss 5.701232969760895
number of simulation seqeuences: 0number of human seqeuences: 435200 sim test loss: 5.452520549297333 human test loss 5.731519520282745
number of simulation seqeuences: 0number of human seqeuences: 441600 sim test loss: 5.3759512305259705 human test loss 5.693713843822479
number of simulation seqeuences: 0number of human seqeuences: 454400 sim test loss: 5.4306745529174805 human test loss 5.731367230415344
number of simulation seqeuences: 0number of human seqeuences: 460800 sim test loss: 5.3417361080646515 human test loss 5.698045551776886
number of simulation seqeuences: 0number of human seqeuences: 467200 sim test loss: 5.487780898809433 human test loss 5.777657389640808
number of simulation seqeuences: 0number of human seqeuences: 473600 sim test loss: 5.364392101764679 human test loss 5.710062384605408
number of simulation seqeuences: 0number of human seqeuences: 480000 sim test loss: 5.451992928981781 human test loss 5.761192113161087
number of simulation seqeuences: 0number of human seqeuences: 486400 sim test loss: 5.3962507247924805 human test loss 5.725912779569626
number of simulation seqeuences: 0number of human seqeuences: 499200 sim test loss: 5.421619892120361 human test loss 5.76258909702301
number of simulation seqeuences: 0number of human seqeuences: 505600 sim test loss: 5.308753967285156 human test loss 5.717316001653671
number of simulation seqeuences: 0number of human seqeuences: 512000 sim test loss: 5.468237400054932 human test loss 5.788973301649094
number of simulation seqeuences: 0number of human seqeuences: 518400 sim test loss: 5.368889033794403 human test loss 5.7366291880607605
number of simulation seqeuences: 0number of human seqeuences: 524800 sim test loss: 5.425190627574921 human test loss 5.7697950303554535
number of simulation seqeuences: 0number of human seqeuences: 531200 sim test loss: 5.340571016073227 human test loss 5.749427944421768
number of simulation seqeuences: 0number of human seqeuences: 544000 sim test loss: 5.396781951189041 human test loss 5.789035886526108
number of simulation seqeuences: 0number of human seqeuences: 550400 sim test loss: 5.33415362238884 human test loss 5.75534588098526
number of simulation seqeuences: 0number of human seqeuences: 556800 sim test loss: 5.531649321317673 human test loss 5.848017156124115
number of simulation seqeuences: 0number of human seqeuences: 563200 sim test loss: 5.33173742890358 human test loss 5.766303330659866
number of simulation seqeuences: 0number of human seqeuences: 569600 sim test loss: 5.374049782752991 human test loss 5.781621634960175
number of simulation seqeuences: 0number of human seqeuences: 576000 sim test loss: 5.358092576265335 human test loss 5.767778426408768
number of simulation seqeuences: 0number of human seqeuences: 588800 sim test loss: 5.407073974609375 human test loss 5.803729742765427
number of simulation seqeuences: 0number of human seqeuences: 595200 sim test loss: 5.3004260659217834 human test loss 5.779840499162674
number of simulation seqeuences: 0number of human seqeuences: 601600 sim test loss: 5.466304272413254 human test loss 5.850039482116699
number of simulation seqeuences: 0number of human seqeuences: 608000 sim test loss: 5.3317453265190125 human test loss 5.7929955422878265
number of simulation seqeuences: 0number of human seqeuences: 614400 sim test loss: 5.403335809707642 human test loss 5.822155117988586
number of simulation seqeuences: 0number of human seqeuences: 620800 sim test loss: 5.3121728003025055 human test loss 5.7946633994579315
number of simulation seqeuences: 0number of human seqeuences: 633600 sim test loss: 5.404160112142563 human test loss 5.829628556966782
number of simulation seqeuences: 0number of human seqeuences: 640000 sim test loss: 5.345660611987114 human test loss 5.8002124428749084
number of simulation seqeuences: 0number of human seqeuences: 646400 sim test loss: 5.548101246356964 human test loss 5.885911464691162
number of simulation seqeuences: 0number of human seqeuences: 652800 sim test loss: 5.3304470628499985 human test loss 5.806374967098236
number of simulation seqeuences: 0number of human seqeuences: 659200 sim test loss: 5.400314688682556 human test loss 5.83103933930397
number of simulation seqeuences: 0number of human seqeuences: 665600 sim test loss: 5.3528794050216675 human test loss 5.803236126899719
number of simulation seqeuences: 0number of human seqeuences: 678400 sim test loss: 5.397117018699646 human test loss 5.841489106416702
number of simulation seqeuences: 0number of human seqeuences: 684800 sim test loss: 5.286430552601814 human test loss 5.802392154932022
number of simulation seqeuences: 0number of human seqeuences: 691200 sim test loss: 5.466427385807037 human test loss 5.882814884185791
number of simulation seqeuences: 0number of human seqeuences: 697600 sim test loss: 5.3521299958229065 human test loss 5.837698310613632
number of simulation seqeuences: 0number of human seqeuences: 704000 sim test loss: 5.458148509263992 human test loss 5.860449552536011
number of simulation seqeuences: 0number of human seqeuences: 710400 sim test loss: 5.340783923864365 human test loss 5.806458830833435
number of simulation seqeuences: 0number of human seqeuences: 723200 sim test loss: 5.421740770339966 human test loss 5.866248786449432
number of simulation seqeuences: 0number of human seqeuences: 729600 sim test loss: 5.332732692360878 human test loss 5.837615787982941
number of simulation seqeuences: 0number of human seqeuences: 736000 sim test loss: 5.509478598833084 human test loss 5.93903511762619
number of simulation seqeuences: 0number of human seqeuences: 742400 sim test loss: 5.313157796859741 human test loss 5.834772676229477
number of simulation seqeuences: 0number of human seqeuences: 748800 sim test loss: 5.395287394523621 human test loss 5.88776221871376
number of simulation seqeuences: 0number of human seqeuences: 755200 sim test loss: 5.345285534858704 human test loss 5.847096621990204
number of simulation seqeuences: 0number of human seqeuences: 768000 sim test loss: 5.4282117784023285 human test loss 5.881950914859772
number of simulation seqeuences: 0number of human seqeuences: 774400 sim test loss: 5.422708213329315 human test loss 5.8938314616680145
number of simulation seqeuences: 0number of human seqeuences: 780800 sim test loss: 5.56976643204689 human test loss 5.973897457122803
number of simulation seqeuences: 0number of human seqeuences: 787200 sim test loss: 5.366926342248917 human test loss 5.869569689035416
number of simulation seqeuences: 0number of human seqeuences: 793600 sim test loss: 5.415448307991028 human test loss 5.8909372091293335
number of simulation seqeuences: 0number of human seqeuences: 800000 sim test loss: 5.346150562167168 human test loss 5.889236032962799
number of simulation seqeuences: 0number of human seqeuences: 812800 sim test loss: 5.412481278181076 human test loss 5.9142424166202545
number of simulation seqeuences: 0number of human seqeuences: 819200 sim test loss: 5.359319239854813 human test loss 5.897567719221115
number of simulation seqeuences: 0number of human seqeuences: 825600 sim test loss: 5.561307579278946 human test loss 6.001617848873138
number of simulation seqeuences: 0number of human seqeuences: 832000 sim test loss: 5.4266538470983505 human test loss 5.934307962656021
number of simulation seqeuences: 0number of human seqeuences: 838400 sim test loss: 5.42396080493927 human test loss 5.938939660787582
number of simulation seqeuences: 0number of human seqeuences: 844800 sim test loss: 5.378170475363731 human test loss 5.893310695886612
number of simulation seqeuences: 0number of human seqeuences: 857600 sim test loss: 5.48377051949501 human test loss 5.960326701402664
number of simulation seqeuences: 0number of human seqeuences: 864000 sim test loss: 5.444146350026131 human test loss 5.930309176445007
number of simulation seqeuences: 0number of human seqeuences: 870400 sim test loss: 5.673368871212006 human test loss 6.029763698577881
number of simulation seqeuences: 0number of human seqeuences: 876800 sim test loss: 5.41140216588974 human test loss 5.946030914783478
number of simulation seqeuences: 0number of human seqeuences: 883200 sim test loss: 5.4588283598423 human test loss 5.971612274646759
number of simulation seqeuences: 0number of human seqeuences: 889600 sim test loss: 5.433216631412506 human test loss 5.931411623954773
number of simulation seqeuences: 0number of human seqeuences: 902400 sim test loss: 5.47036737203598 human test loss 5.945436477661133
number of simulation seqeuences: 0number of human seqeuences: 908800 sim test loss: 5.402029410004616 human test loss 5.9320917427539825
number of simulation seqeuences: 0number of human seqeuences: 915200 sim test loss: 5.573771625757217 human test loss 6.031258583068848
number of simulation seqeuences: 0number of human seqeuences: 921600 sim test loss: 5.474537089467049 human test loss 5.958880811929703
number of simulation seqeuences: 0number of human seqeuences: 928000 sim test loss: 5.4861951768398285 human test loss 5.989169389009476
number of simulation seqeuences: 0number of human seqeuences: 934400 sim test loss: 5.443474218249321 human test loss 5.936830669641495
number of simulation seqeuences: 0number of human seqeuences: 947200 sim test loss: 5.488591909408569 human test loss 5.962066024541855
number of simulation seqeuences: 0number of human seqeuences: 953600 sim test loss: 5.3939317762851715 human test loss 5.932319819927216
number of simulation seqeuences: 0number of human seqeuences: 960000 sim test loss: 5.573152959346771 human test loss 6.066421419382095
number of simulation seqeuences: 0number of human seqeuences: 966400 sim test loss: 5.4442999958992 human test loss 5.972526371479034
number of simulation seqeuences: 0number of human seqeuences: 972800 sim test loss: 5.47808413207531 human test loss 6.004309266805649
number of simulation seqeuences: 0number of human seqeuences: 979200 sim test loss: 5.477580294013023 human test loss 5.9648613929748535
number of simulation seqeuences: 0number of human seqeuences: 992000 sim test loss: 5.496223837137222 human test loss 5.987718999385834
number of simulation seqeuences: 0number of human seqeuences: 998400 sim test loss: 5.430598333477974 human test loss 5.970091164112091
number of simulation seqeuences: 0number of human seqeuences: 1004800 sim test loss: 5.558947414159775 human test loss 6.050869017839432
Evaluating trained model performance
Saving results
