My SLURM_ARRAY_JOB_ID is 50569343.
My SLURM_ARRAY_TASK_ID is 3
Executing on the machine: della-l01g2
6
{'model_name': 'LSTM', 'train_seq_part': 'fix_and_choice', 'n_simulation_sequences_train': 0, 'n_human_sequences_train': 345600, 'n_sequences_test': 500, 'n_sequences_final_performance': 500, 'd_model': 16, 'n_layers': 0, 'n_head': 0, 'sim_lr': 0, 'human_lr': 0.001, 'batch_size': 32, 'dropout': 0.1, 'run_idx': 20, 'on_cluster': True, 'test_batch_increment_sim': 200, 'test_batch_increment_human': 200, 'save_folder_name': 'Sequential_Best_Param_Results_F', 'save_file_name': 'fix_and_choice_Human_Only_LSTM_all_run_20', 'fix_unit': 'ID'}
<class 'numpy.int64'>
Loading Data
cuda:0
Training the model
Training on simulated data
Training on human data
number of simulation seqeuences: 0number of human seqeuences: 6400 sim test loss: 5.5036845952272415 human test loss 6.339140355587006
number of simulation seqeuences: 0number of human seqeuences: 12800 sim test loss: 5.476970434188843 human test loss 5.806832283735275
number of simulation seqeuences: 0number of human seqeuences: 19200 sim test loss: 5.5038743913173676 human test loss 5.808460772037506
number of simulation seqeuences: 0number of human seqeuences: 25600 sim test loss: 5.494748830795288 human test loss 5.7986389100551605
number of simulation seqeuences: 0number of human seqeuences: 32000 sim test loss: 5.499937325716019 human test loss 5.799919694662094
number of simulation seqeuences: 0number of human seqeuences: 38400 sim test loss: 5.501459389925003 human test loss 5.795564711093903
number of simulation seqeuences: 0number of human seqeuences: 51200 sim test loss: 5.500960946083069 human test loss 5.794388711452484
number of simulation seqeuences: 0number of human seqeuences: 57600 sim test loss: 5.484920561313629 human test loss 5.779889404773712
number of simulation seqeuences: 0number of human seqeuences: 64000 sim test loss: 5.497040539979935 human test loss 5.7853527665138245
number of simulation seqeuences: 0number of human seqeuences: 70400 sim test loss: 5.474531382322311 human test loss 5.770461827516556
number of simulation seqeuences: 0number of human seqeuences: 76800 sim test loss: 5.483665615320206 human test loss 5.772137761116028
number of simulation seqeuences: 0number of human seqeuences: 83200 sim test loss: 5.482499212026596 human test loss 5.764953225851059
number of simulation seqeuences: 0number of human seqeuences: 96000 sim test loss: 5.473814159631729 human test loss 5.756756246089935
number of simulation seqeuences: 0number of human seqeuences: 102400 sim test loss: 5.434184521436691 human test loss 5.7337881326675415
number of simulation seqeuences: 0number of human seqeuences: 108800 sim test loss: 5.456765234470367 human test loss 5.737790197134018
number of simulation seqeuences: 0number of human seqeuences: 115200 sim test loss: 5.417741566896439 human test loss 5.717079788446426
number of simulation seqeuences: 0number of human seqeuences: 121600 sim test loss: 5.428108900785446 human test loss 5.717079997062683
number of simulation seqeuences: 0number of human seqeuences: 128000 sim test loss: 5.425174295902252 human test loss 5.708422154188156
number of simulation seqeuences: 0number of human seqeuences: 140800 sim test loss: 5.420445412397385 human test loss 5.7039563953876495
number of simulation seqeuences: 0number of human seqeuences: 147200 sim test loss: 5.385474741458893 human test loss 5.685110092163086
number of simulation seqeuences: 0number of human seqeuences: 153600 sim test loss: 5.413965493440628 human test loss 5.694772928953171
number of simulation seqeuences: 0number of human seqeuences: 160000 sim test loss: 5.3818502724170685 human test loss 5.6794754564762115
number of simulation seqeuences: 0number of human seqeuences: 166400 sim test loss: 5.397548615932465 human test loss 5.685207843780518
number of simulation seqeuences: 0number of human seqeuences: 172800 sim test loss: 5.399567872285843 human test loss 5.6813890635967255
number of simulation seqeuences: 0number of human seqeuences: 185600 sim test loss: 5.40231865644455 human test loss 5.685226619243622
number of simulation seqeuences: 0number of human seqeuences: 192000 sim test loss: 5.372160822153091 human test loss 5.669079750776291
number of simulation seqeuences: 0number of human seqeuences: 198400 sim test loss: 5.400869190692902 human test loss 5.681440860033035
number of simulation seqeuences: 0number of human seqeuences: 204800 sim test loss: 5.371405303478241 human test loss 5.6678012907505035
number of simulation seqeuences: 0number of human seqeuences: 211200 sim test loss: 5.388574242591858 human test loss 5.6753126084804535
number of simulation seqeuences: 0number of human seqeuences: 217600 sim test loss: 5.391451567411423 human test loss 5.672614127397537
number of simulation seqeuences: 0number of human seqeuences: 230400 sim test loss: 5.395927965641022 human test loss 5.678361564874649
number of simulation seqeuences: 0number of human seqeuences: 236800 sim test loss: 5.366920858621597 human test loss 5.662515014410019
number of simulation seqeuences: 0number of human seqeuences: 243200 sim test loss: 5.3956137001514435 human test loss 5.675606518983841
number of simulation seqeuences: 0number of human seqeuences: 249600 sim test loss: 5.366500437259674 human test loss 5.662176132202148
number of simulation seqeuences: 0number of human seqeuences: 256000 sim test loss: 5.384239464998245 human test loss 5.670177310705185
number of simulation seqeuences: 0number of human seqeuences: 262400 sim test loss: 5.386932283639908 human test loss 5.667760819196701
number of simulation seqeuences: 0number of human seqeuences: 275200 sim test loss: 5.39196503162384 human test loss 5.674162000417709
number of simulation seqeuences: 0number of human seqeuences: 281600 sim test loss: 5.363293439149857 human test loss 5.658381849527359
number of simulation seqeuences: 0number of human seqeuences: 288000 sim test loss: 5.391847491264343 human test loss 5.671807825565338
number of simulation seqeuences: 0number of human seqeuences: 294400 sim test loss: 5.362758815288544 human test loss 5.658479541540146
number of simulation seqeuences: 0number of human seqeuences: 300800 sim test loss: 5.380839288234711 human test loss 5.666714370250702
number of simulation seqeuences: 0number of human seqeuences: 307200 sim test loss: 5.383258283138275 human test loss 5.664464622735977
number of simulation seqeuences: 0number of human seqeuences: 320000 sim test loss: 5.388600289821625 human test loss 5.671205908060074
number of simulation seqeuences: 0number of human seqeuences: 326400 sim test loss: 5.3602239191532135 human test loss 5.6554548144340515
number of simulation seqeuences: 0number of human seqeuences: 332800 sim test loss: 5.388622164726257 human test loss 5.669069766998291
number of simulation seqeuences: 0number of human seqeuences: 339200 sim test loss: 5.359614908695221 human test loss 5.6558011174201965
number of simulation seqeuences: 0number of human seqeuences: 345600 sim test loss: 5.378045678138733 human test loss 5.664185494184494
Evaluating trained model performance
Saving results
7
{'model_name': 'LSTM', 'train_seq_part': 'fix_and_choice', 'n_simulation_sequences_train': 998432, 'n_human_sequences_train': 256000, 'n_sequences_test': 500, 'n_sequences_final_performance': 500, 'd_model': 32, 'n_layers': 0, 'n_head': 0, 'sim_lr': 0.001, 'human_lr': 0.0001, 'batch_size': 32, 'dropout': 0.1, 'run_idx': 20, 'on_cluster': True, 'test_batch_increment_sim': 200, 'test_batch_increment_human': 200, 'save_folder_name': 'Sequential_Best_Param_Results_F', 'save_file_name': 'fix_and_choice_Simulated_and_Human_LSTM_all_run_20', 'fix_unit': 'ID'}
<class 'numpy.int64'>
Loading Data
cuda:0
Training the model
Training on simulated data
number of simulation seqeuences: 6432number of human seqeuences: 0 sim test loss: 5.334950149059296 human test loss 5.929626047611237
number of simulation seqeuences: 12832number of human seqeuences: 0 sim test loss: 5.290059834718704 human test loss 5.93360236287117
number of simulation seqeuences: 19232number of human seqeuences: 0 sim test loss: 5.285951763391495 human test loss 6.001542806625366
number of simulation seqeuences: 25632number of human seqeuences: 0 sim test loss: 5.266867786645889 human test loss 5.92770591378212
number of simulation seqeuences: 32032number of human seqeuences: 0 sim test loss: 5.242682993412018 human test loss 5.895223498344421
number of simulation seqeuences: 38432number of human seqeuences: 0 sim test loss: 5.244643121957779 human test loss 5.871209681034088
number of simulation seqeuences: 44832number of human seqeuences: 0 sim test loss: 5.245560169219971 human test loss 5.795614123344421
number of simulation seqeuences: 51232number of human seqeuences: 0 sim test loss: 5.229367911815643 human test loss 5.814562112092972
number of simulation seqeuences: 57632number of human seqeuences: 0 sim test loss: 5.195583134889603 human test loss 5.820150285959244
number of simulation seqeuences: 64032number of human seqeuences: 0 sim test loss: 5.176316678524017 human test loss 5.830665707588196
number of simulation seqeuences: 70432number of human seqeuences: 0 sim test loss: 5.126631215214729 human test loss 5.895044207572937
number of simulation seqeuences: 76832number of human seqeuences: 0 sim test loss: 5.219319254159927 human test loss 5.774277597665787
number of simulation seqeuences: 83232number of human seqeuences: 0 sim test loss: 5.130645185709 human test loss 5.908745229244232
number of simulation seqeuences: 89632number of human seqeuences: 0 sim test loss: 4.981298729777336 human test loss 5.8976075649261475
number of simulation seqeuences: 96032number of human seqeuences: 0 sim test loss: 4.968941897153854 human test loss 5.896724820137024
number of simulation seqeuences: 102432number of human seqeuences: 0 sim test loss: 4.95137183368206 human test loss 5.944014668464661
number of simulation seqeuences: 108832number of human seqeuences: 0 sim test loss: 5.066512912511826 human test loss 5.76864555478096
number of simulation seqeuences: 115232number of human seqeuences: 0 sim test loss: 4.969145372509956 human test loss 5.844324737787247
number of simulation seqeuences: 121632number of human seqeuences: 0 sim test loss: 4.951371505856514 human test loss 6.008156567811966
number of simulation seqeuences: 128032number of human seqeuences: 0 sim test loss: 4.931617572903633 human test loss 5.868124008178711
number of simulation seqeuences: 134432number of human seqeuences: 0 sim test loss: 4.934989377856255 human test loss 5.8654458820819855
number of simulation seqeuences: 140832number of human seqeuences: 0 sim test loss: 4.932614952325821 human test loss 5.882213532924652
number of simulation seqeuences: 147232number of human seqeuences: 0 sim test loss: 4.950597271323204 human test loss 6.0532383024692535
number of simulation seqeuences: 153632number of human seqeuences: 0 sim test loss: 4.921418190002441 human test loss 5.989484995603561
number of simulation seqeuences: 160032number of human seqeuences: 0 sim test loss: 4.91500586271286 human test loss 5.865444511175156
number of simulation seqeuences: 166432number of human seqeuences: 0 sim test loss: 4.924190387129784 human test loss 5.892230570316315
number of simulation seqeuences: 172832number of human seqeuences: 0 sim test loss: 4.918438568711281 human test loss 5.846716105937958
number of simulation seqeuences: 179232number of human seqeuences: 0 sim test loss: 4.909807592630386 human test loss 6.007659196853638
number of simulation seqeuences: 185632number of human seqeuences: 0 sim test loss: 5.025864958763123 human test loss 5.798335045576096
number of simulation seqeuences: 192032number of human seqeuences: 0 sim test loss: 4.917113587260246 human test loss 5.918952256441116
number of simulation seqeuences: 198432number of human seqeuences: 0 sim test loss: 4.897494167089462 human test loss 6.014311373233795
number of simulation seqeuences: 204832number of human seqeuences: 0 sim test loss: 4.901160448789597 human test loss 5.9792496263980865
number of simulation seqeuences: 211232number of human seqeuences: 0 sim test loss: 4.921798691153526 human test loss 5.840644180774689
number of simulation seqeuences: 217632number of human seqeuences: 0 sim test loss: 4.880718916654587 human test loss 5.954337149858475
number of simulation seqeuences: 224032number of human seqeuences: 0 sim test loss: 4.9044481217861176 human test loss 5.84999218583107
number of simulation seqeuences: 230432number of human seqeuences: 0 sim test loss: 4.878154829144478 human test loss 5.90561106801033
number of simulation seqeuences: 236832number of human seqeuences: 0 sim test loss: 4.878694728016853 human test loss 5.966265618801117
number of simulation seqeuences: 243232number of human seqeuences: 0 sim test loss: 4.89343236386776 human test loss 5.92419958114624
number of simulation seqeuences: 249632number of human seqeuences: 0 sim test loss: 4.881728962063789 human test loss 5.895137161016464
number of simulation seqeuences: 256032number of human seqeuences: 0 sim test loss: 4.887612700462341 human test loss 5.857219994068146
number of simulation seqeuences: 262432number of human seqeuences: 0 sim test loss: 4.869833081960678 human test loss 5.931755989789963
number of simulation seqeuences: 268832number of human seqeuences: 0 sim test loss: 4.920461401343346 human test loss 5.837475448846817
number of simulation seqeuences: 275232number of human seqeuences: 0 sim test loss: 4.886376619338989 human test loss 5.935800701379776
number of simulation seqeuences: 281632number of human seqeuences: 0 sim test loss: 4.876542240381241 human test loss 5.936946898698807
number of simulation seqeuences: 288032number of human seqeuences: 0 sim test loss: 4.886972561478615 human test loss 5.862870097160339
number of simulation seqeuences: 294432number of human seqeuences: 0 sim test loss: 4.924439147114754 human test loss 5.82756495475769
number of simulation seqeuences: 300832number of human seqeuences: 0 sim test loss: 4.854695752263069 human test loss 5.942954987287521
number of simulation seqeuences: 307232number of human seqeuences: 0 sim test loss: 4.869480848312378 human test loss 5.99747633934021
number of simulation seqeuences: 313632number of human seqeuences: 0 sim test loss: 4.888272941112518 human test loss 5.873242348432541
number of simulation seqeuences: 320032number of human seqeuences: 0 sim test loss: 4.851809158921242 human test loss 6.023471891880035
number of simulation seqeuences: 326432number of human seqeuences: 0 sim test loss: 4.8472380340099335 human test loss 5.9491177797317505
number of simulation seqeuences: 332832number of human seqeuences: 0 sim test loss: 4.877724662423134 human test loss 5.940604269504547
number of simulation seqeuences: 339232number of human seqeuences: 0 sim test loss: 4.880399838089943 human test loss 5.85378685593605
number of simulation seqeuences: 345632number of human seqeuences: 0 sim test loss: 4.875030845403671 human test loss 5.909901738166809
number of simulation seqeuences: 352032number of human seqeuences: 0 sim test loss: 4.860199153423309 human test loss 6.110473543405533
number of simulation seqeuences: 358432number of human seqeuences: 0 sim test loss: 4.894577533006668 human test loss 5.84395632147789
number of simulation seqeuences: 364832number of human seqeuences: 0 sim test loss: 4.885723680257797 human test loss 6.177680164575577
number of simulation seqeuences: 371232number of human seqeuences: 0 sim test loss: 4.86486454308033 human test loss 5.9309239983558655
number of simulation seqeuences: 377632number of human seqeuences: 0 sim test loss: 4.824546784162521 human test loss 5.998597353696823
number of simulation seqeuences: 384032number of human seqeuences: 0 sim test loss: 4.826523095369339 human test loss 6.013562887907028
number of simulation seqeuences: 390432number of human seqeuences: 0 sim test loss: 4.910046458244324 human test loss 5.853993624448776
number of simulation seqeuences: 396832number of human seqeuences: 0 sim test loss: 4.878292381763458 human test loss 5.830377489328384
number of simulation seqeuences: 403232number of human seqeuences: 0 sim test loss: 4.951786577701569 human test loss 5.855897694826126
number of simulation seqeuences: 409632number of human seqeuences: 0 sim test loss: 4.9203629195690155 human test loss 5.8370241820812225
number of simulation seqeuences: 416032number of human seqeuences: 0 sim test loss: 4.846472188830376 human test loss 5.845071792602539
number of simulation seqeuences: 422432number of human seqeuences: 0 sim test loss: 4.824303895235062 human test loss 5.996164381504059
number of simulation seqeuences: 428832number of human seqeuences: 0 sim test loss: 4.808010637760162 human test loss 5.948803246021271
number of simulation seqeuences: 435232number of human seqeuences: 0 sim test loss: 4.826826602220535 human test loss 5.877538979053497
number of simulation seqeuences: 441632number of human seqeuences: 0 sim test loss: 4.827556237578392 human test loss 6.017175406217575
number of simulation seqeuences: 448032number of human seqeuences: 0 sim test loss: 4.797155022621155 human test loss 6.037778943777084
number of simulation seqeuences: 454432number of human seqeuences: 0 sim test loss: 4.841994121670723 human test loss 5.856505900621414
number of simulation seqeuences: 460832number of human seqeuences: 0 sim test loss: 4.822887405753136 human test loss 5.997508704662323
number of simulation seqeuences: 467232number of human seqeuences: 0 sim test loss: 4.844819605350494 human test loss 6.10267037153244
number of simulation seqeuences: 473632number of human seqeuences: 0 sim test loss: 4.821024477481842 human test loss 5.8993571400642395
number of simulation seqeuences: 480032number of human seqeuences: 0 sim test loss: 4.855342194437981 human test loss 5.846253156661987
number of simulation seqeuences: 486432number of human seqeuences: 0 sim test loss: 4.826579317450523 human test loss 5.825080990791321
number of simulation seqeuences: 492832number of human seqeuences: 0 sim test loss: 4.788249164819717 human test loss 5.967946916818619
number of simulation seqeuences: 499232number of human seqeuences: 0 sim test loss: 4.843928202986717 human test loss 5.8498483300209045
number of simulation seqeuences: 505632number of human seqeuences: 0 sim test loss: 4.818668231368065 human test loss 5.957080245018005
number of simulation seqeuences: 512032number of human seqeuences: 0 sim test loss: 4.799034014344215 human test loss 5.848169028759003
number of simulation seqeuences: 518432number of human seqeuences: 0 sim test loss: 4.809213489294052 human test loss 5.970663279294968
number of simulation seqeuences: 524832number of human seqeuences: 0 sim test loss: 4.742290288209915 human test loss 5.986684232950211
number of simulation seqeuences: 531232number of human seqeuences: 0 sim test loss: 4.782675534486771 human test loss 6.098676323890686
number of simulation seqeuences: 537632number of human seqeuences: 0 sim test loss: 4.7958157658576965 human test loss 5.8752570152282715
number of simulation seqeuences: 544032number of human seqeuences: 0 sim test loss: 4.77774652838707 human test loss 5.982652127742767
number of simulation seqeuences: 550432number of human seqeuences: 0 sim test loss: 4.776892378926277 human test loss 5.873011231422424
number of simulation seqeuences: 556832number of human seqeuences: 0 sim test loss: 4.790632978081703 human test loss 5.833784461021423
number of simulation seqeuences: 563232number of human seqeuences: 0 sim test loss: 4.788911879062653 human test loss 5.917404621839523
number of simulation seqeuences: 569632number of human seqeuences: 0 sim test loss: 4.7640049904584885 human test loss 5.865663260221481
number of simulation seqeuences: 576032number of human seqeuences: 0 sim test loss: 4.737115129828453 human test loss 5.926937311887741
number of simulation seqeuences: 582432number of human seqeuences: 0 sim test loss: 4.728809863328934 human test loss 5.978391021490097
number of simulation seqeuences: 588832number of human seqeuences: 0 sim test loss: 4.7390900403261185 human test loss 5.884339332580566
number of simulation seqeuences: 595232number of human seqeuences: 0 sim test loss: 4.7451575845479965 human test loss 5.988097935914993
number of simulation seqeuences: 601632number of human seqeuences: 0 sim test loss: 4.7396242171525955 human test loss 5.9145189225673676
number of simulation seqeuences: 608032number of human seqeuences: 0 sim test loss: 4.75196573138237 human test loss 5.95175701379776
number of simulation seqeuences: 614432number of human seqeuences: 0 sim test loss: 4.732794493436813 human test loss 5.931201666593552
number of simulation seqeuences: 620832number of human seqeuences: 0 sim test loss: 4.732922166585922 human test loss 5.982313573360443
number of simulation seqeuences: 627232number of human seqeuences: 0 sim test loss: 4.8040050864219666 human test loss 5.905195623636246
number of simulation seqeuences: 633632number of human seqeuences: 0 sim test loss: 4.73879562318325 human test loss 5.880860239267349
number of simulation seqeuences: 640032number of human seqeuences: 0 sim test loss: 4.72376175224781 human test loss 6.1138482093811035
number of simulation seqeuences: 646432number of human seqeuences: 0 sim test loss: 4.818007946014404 human test loss 5.848254829645157
number of simulation seqeuences: 652832number of human seqeuences: 0 sim test loss: 4.733770340681076 human test loss 5.909653574228287
number of simulation seqeuences: 659232number of human seqeuences: 0 sim test loss: 4.725952208042145 human test loss 6.05407977104187
number of simulation seqeuences: 665632number of human seqeuences: 0 sim test loss: 4.724950417876244 human test loss 5.96770703792572
number of simulation seqeuences: 672032number of human seqeuences: 0 sim test loss: 4.719357177615166 human test loss 5.917665421962738
number of simulation seqeuences: 678432number of human seqeuences: 0 sim test loss: 4.7300665974617 human test loss 5.9162425100803375
number of simulation seqeuences: 684832number of human seqeuences: 0 sim test loss: 4.721570432186127 human test loss 5.91021403670311
number of simulation seqeuences: 691232number of human seqeuences: 0 sim test loss: 4.740911349654198 human test loss 6.059374511241913
number of simulation seqeuences: 697632number of human seqeuences: 0 sim test loss: 4.7254941910505295 human test loss 5.9828102588653564
number of simulation seqeuences: 704032number of human seqeuences: 0 sim test loss: 4.73958994448185 human test loss 5.920753061771393
number of simulation seqeuences: 710432number of human seqeuences: 0 sim test loss: 4.7143575847148895 human test loss 5.952280968427658
number of simulation seqeuences: 716832number of human seqeuences: 0 sim test loss: 4.715598896145821 human test loss 5.897981554269791
number of simulation seqeuences: 723232number of human seqeuences: 0 sim test loss: 4.724874645471573 human test loss 6.002493858337402
number of simulation seqeuences: 729632number of human seqeuences: 0 sim test loss: 4.707594484090805 human test loss 5.834349274635315
number of simulation seqeuences: 736032number of human seqeuences: 0 sim test loss: 4.693724721670151 human test loss 5.911156624555588
number of simulation seqeuences: 742432number of human seqeuences: 0 sim test loss: 4.743336841464043 human test loss 5.867861568927765
number of simulation seqeuences: 748832number of human seqeuences: 0 sim test loss: 4.72649073600769 human test loss 5.998370856046677
number of simulation seqeuences: 755232number of human seqeuences: 0 sim test loss: 4.785758227109909 human test loss 5.809560239315033
number of simulation seqeuences: 761632number of human seqeuences: 0 sim test loss: 4.726008847355843 human test loss 5.876107156276703
number of simulation seqeuences: 768032number of human seqeuences: 0 sim test loss: 4.716757357120514 human test loss 6.007209926843643
number of simulation seqeuences: 774432number of human seqeuences: 0 sim test loss: 4.724411100149155 human test loss 5.963449686765671
number of simulation seqeuences: 780832number of human seqeuences: 0 sim test loss: 4.725022464990616 human test loss 5.82989963889122
number of simulation seqeuences: 787232number of human seqeuences: 0 sim test loss: 4.711280360817909 human test loss 5.92694166302681
number of simulation seqeuences: 793632number of human seqeuences: 0 sim test loss: 4.704700857400894 human test loss 5.843982100486755
number of simulation seqeuences: 800032number of human seqeuences: 0 sim test loss: 4.714074522256851 human test loss 5.871366173028946
number of simulation seqeuences: 806432number of human seqeuences: 0 sim test loss: 4.720473617315292 human test loss 5.844682961702347
number of simulation seqeuences: 812832number of human seqeuences: 0 sim test loss: 4.731989771127701 human test loss 5.8373554944992065
number of simulation seqeuences: 819232number of human seqeuences: 0 sim test loss: 4.687115862965584 human test loss 6.02925631403923
number of simulation seqeuences: 825632number of human seqeuences: 0 sim test loss: 4.671416327357292 human test loss 5.960950016975403
number of simulation seqeuences: 832032number of human seqeuences: 0 sim test loss: 4.694809824228287 human test loss 5.915558755397797
number of simulation seqeuences: 838432number of human seqeuences: 0 sim test loss: 4.7056882828474045 human test loss 5.8960652351379395
number of simulation seqeuences: 844832number of human seqeuences: 0 sim test loss: 4.711018145084381 human test loss 5.920363366603851
number of simulation seqeuences: 851232number of human seqeuences: 0 sim test loss: 4.693849712610245 human test loss 5.965714067220688
number of simulation seqeuences: 857632number of human seqeuences: 0 sim test loss: 4.691395327448845 human test loss 5.9109638929367065
number of simulation seqeuences: 864032number of human seqeuences: 0 sim test loss: 4.716299280524254 human test loss 5.841962516307831
number of simulation seqeuences: 870432number of human seqeuences: 0 sim test loss: 4.6909399330616 human test loss 5.901437699794769
number of simulation seqeuences: 876832number of human seqeuences: 0 sim test loss: 4.703538790345192 human test loss 5.8493848741054535
number of simulation seqeuences: 883232number of human seqeuences: 0 sim test loss: 4.692443624138832 human test loss 5.932818979024887
number of simulation seqeuences: 889632number of human seqeuences: 0 sim test loss: 4.72400738298893 human test loss 5.890610754489899
number of simulation seqeuences: 896032number of human seqeuences: 0 sim test loss: 4.697098970413208 human test loss 5.949000805616379
number of simulation seqeuences: 902432number of human seqeuences: 0 sim test loss: 4.704265519976616 human test loss 5.921163439750671
number of simulation seqeuences: 908832number of human seqeuences: 0 sim test loss: 4.692098945379257 human test loss 5.852093398571014
number of simulation seqeuences: 915232number of human seqeuences: 0 sim test loss: 4.69226261973381 human test loss 5.882787853479385
number of simulation seqeuences: 921632number of human seqeuences: 0 sim test loss: 4.698172315955162 human test loss 5.896472930908203
number of simulation seqeuences: 928032number of human seqeuences: 0 sim test loss: 4.666919261217117 human test loss 5.8807549476623535
number of simulation seqeuences: 934432number of human seqeuences: 0 sim test loss: 4.67726543545723 human test loss 5.847339540719986
number of simulation seqeuences: 940832number of human seqeuences: 0 sim test loss: 4.681980475783348 human test loss 5.926308661699295
number of simulation seqeuences: 947232number of human seqeuences: 0 sim test loss: 4.693849325180054 human test loss 5.9296494126319885
number of simulation seqeuences: 953632number of human seqeuences: 0 sim test loss: 4.668159782886505 human test loss 5.923007935285568
number of simulation seqeuences: 960032number of human seqeuences: 0 sim test loss: 4.681019634008408 human test loss 5.902517318725586
number of simulation seqeuences: 966432number of human seqeuences: 0 sim test loss: 4.672513023018837 human test loss 5.8840377032756805
number of simulation seqeuences: 972832number of human seqeuences: 0 sim test loss: 4.669702991843224 human test loss 5.928568452596664
number of simulation seqeuences: 979232number of human seqeuences: 0 sim test loss: 4.674380898475647 human test loss 5.862504452466965
number of simulation seqeuences: 985632number of human seqeuences: 0 sim test loss: 4.680871292948723 human test loss 5.953630268573761
number of simulation seqeuences: 992032number of human seqeuences: 0 sim test loss: 4.664742439985275 human test loss 5.946186423301697
number of simulation seqeuences: 998432number of human seqeuences: 0 sim test loss: 4.691661015152931 human test loss 5.838781505823135
Training on human data
number of simulation seqeuences: 998432number of human seqeuences: 6400 sim test loss: 4.8963125348091125 human test loss 5.649968713521957
number of simulation seqeuences: 998432number of human seqeuences: 12800 sim test loss: 4.998516768217087 human test loss 5.61542084813118
number of simulation seqeuences: 998432number of human seqeuences: 19200 sim test loss: 5.0559262335300446 human test loss 5.604572802782059
number of simulation seqeuences: 998432number of human seqeuences: 25600 sim test loss: 5.076955497264862 human test loss 5.595729202032089
number of simulation seqeuences: 998432number of human seqeuences: 32000 sim test loss: 5.094494849443436 human test loss 5.591997534036636
number of simulation seqeuences: 998432number of human seqeuences: 38400 sim test loss: 5.09007853269577 human test loss 5.587468653917313
number of simulation seqeuences: 998432number of human seqeuences: 51200 sim test loss: 5.081513583660126 human test loss 5.583378285169601
number of simulation seqeuences: 998432number of human seqeuences: 57600 sim test loss: 5.070003420114517 human test loss 5.57988166809082
number of simulation seqeuences: 998432number of human seqeuences: 64000 sim test loss: 5.066835850477219 human test loss 5.580693602561951
number of simulation seqeuences: 998432number of human seqeuences: 70400 sim test loss: 5.045575141906738 human test loss 5.578624755144119
number of simulation seqeuences: 998432number of human seqeuences: 76800 sim test loss: 5.049402296543121 human test loss 5.579072922468185
number of simulation seqeuences: 998432number of human seqeuences: 83200 sim test loss: 5.026523530483246 human test loss 5.578895419836044
number of simulation seqeuences: 998432number of human seqeuences: 96000 sim test loss: 5.007738292217255 human test loss 5.579711973667145
number of simulation seqeuences: 998432number of human seqeuences: 102400 sim test loss: 4.984769940376282 human test loss 5.5781970620155334
number of simulation seqeuences: 998432number of human seqeuences: 108800 sim test loss: 4.985814213752747 human test loss 5.579901903867722
number of simulation seqeuences: 998432number of human seqeuences: 115200 sim test loss: 4.95866197347641 human test loss 5.579371094703674
number of simulation seqeuences: 998432number of human seqeuences: 121600 sim test loss: 4.957782119512558 human test loss 5.5800023674964905
number of simulation seqeuences: 998432number of human seqeuences: 128000 sim test loss: 4.947042942047119 human test loss 5.580601394176483
number of simulation seqeuences: 998432number of human seqeuences: 140800 sim test loss: 4.930336028337479 human test loss 5.582199543714523
