My SLURM_ARRAY_JOB_ID is 50392197.
My SLURM_ARRAY_TASK_ID is 130
Executing on the machine: della-l01g2
{'model_name': 'GRU', 'train_seq_part': 'fix_and_choice', 'n_simulation_sequences_train': 0, 'n_human_sequences_train': 1000000.0, 'n_sequences_test': 500, 'n_sequences_final_performance': 500, 'd_model': 512, 'n_layers': 0, 'n_head': 0, 'sim_lr': 0, 'human_lr': 1e-05, 'batch_size': 32, 'dropout': 0.1, 'run_idx': 1, 'on_cluster': True, 'test_batch_increment_sim': 200, 'test_batch_increment_human': 200, 'save_folder_name': 'Hyper_Param_Search_Sequential', 'save_file_name': 'Human_Only_fix_and_choice_all_run_1_model_name_GRU_d_model_512_sim_lr_0_human_lr_1e-05_n_head_0_n_layers_0', 'fix_unit': 'all'}
<class 'int'>
Loading Data
cuda:0
Training the model
Training on simulated data
Training on human data
number of simulation seqeuences: 0number of human seqeuences: 6400 sim test loss: 15.594482064247131 human test loss 17.957872986793518
number of simulation seqeuences: 0number of human seqeuences: 12800 sim test loss: 6.515155702829361 human test loss 6.522013485431671
number of simulation seqeuences: 0number of human seqeuences: 19200 sim test loss: 6.056446224451065 human test loss 6.300200998783112
number of simulation seqeuences: 0number of human seqeuences: 25600 sim test loss: 5.97761794924736 human test loss 6.24678373336792
number of simulation seqeuences: 0number of human seqeuences: 32000 sim test loss: 5.926240056753159 human test loss 6.223749399185181
number of simulation seqeuences: 0number of human seqeuences: 38400 sim test loss: 5.895156264305115 human test loss 6.194447457790375
number of simulation seqeuences: 0number of human seqeuences: 51200 sim test loss: 5.850431054830551 human test loss 6.159083694219589
number of simulation seqeuences: 0number of human seqeuences: 57600 sim test loss: 5.850541055202484 human test loss 6.140131771564484
number of simulation seqeuences: 0number of human seqeuences: 64000 sim test loss: 5.819428443908691 human test loss 6.131415605545044
number of simulation seqeuences: 0number of human seqeuences: 70400 sim test loss: 5.822664350271225 human test loss 6.110667914152145
number of simulation seqeuences: 0number of human seqeuences: 76800 sim test loss: 5.811494022607803 human test loss 6.107555001974106
number of simulation seqeuences: 0number of human seqeuences: 83200 sim test loss: 5.806538462638855 human test loss 6.091087251901627
number of simulation seqeuences: 0number of human seqeuences: 96000 sim test loss: 5.795186340808868 human test loss 6.0769190192222595
number of simulation seqeuences: 0number of human seqeuences: 102400 sim test loss: 5.805437505245209 human test loss 6.065569847822189
number of simulation seqeuences: 0number of human seqeuences: 108800 sim test loss: 5.7811446487903595 human test loss 6.063674122095108
number of simulation seqeuences: 0number of human seqeuences: 115200 sim test loss: 5.7886872589588165 human test loss 6.0477288365364075
number of simulation seqeuences: 0number of human seqeuences: 121600 sim test loss: 5.781653732061386 human test loss 6.049768626689911
number of simulation seqeuences: 0number of human seqeuences: 128000 sim test loss: 5.778908729553223 human test loss 6.0365287363529205
number of simulation seqeuences: 0number of human seqeuences: 140800 sim test loss: 5.771409660577774 human test loss 6.0288265645504
number of simulation seqeuences: 0number of human seqeuences: 147200 sim test loss: 5.782857149839401 human test loss 6.01998245716095
number of simulation seqeuences: 0number of human seqeuences: 153600 sim test loss: 5.759933739900589 human test loss 6.02037250995636
number of simulation seqeuences: 0number of human seqeuences: 160000 sim test loss: 5.767857253551483 human test loss 6.0063656866550446
number of simulation seqeuences: 0number of human seqeuences: 166400 sim test loss: 5.762304604053497 human test loss 6.0107740461826324
number of simulation seqeuences: 0number of human seqeuences: 172800 sim test loss: 5.760217010974884 human test loss 5.99920529127121
number of simulation seqeuences: 0number of human seqeuences: 185600 sim test loss: 5.754677444696426 human test loss 5.995260924100876
number of simulation seqeuences: 0number of human seqeuences: 192000 sim test loss: 5.766603261232376 human test loss 5.988020807504654
number of simulation seqeuences: 0number of human seqeuences: 198400 sim test loss: 5.744636237621307 human test loss 5.98996302485466
number of simulation seqeuences: 0number of human seqeuences: 204800 sim test loss: 5.752868294715881 human test loss 5.977313607931137
number of simulation seqeuences: 0number of human seqeuences: 211200 sim test loss: 5.748217403888702 human test loss 5.9833641946315765
number of simulation seqeuences: 0number of human seqeuences: 217600 sim test loss: 5.746578067541122 human test loss 5.972872644662857
number of simulation seqeuences: 0number of human seqeuences: 230400 sim test loss: 5.74245098233223 human test loss 5.971337825059891
number of simulation seqeuences: 0number of human seqeuences: 236800 sim test loss: 5.754694879055023 human test loss 5.964888095855713
number of simulation seqeuences: 0number of human seqeuences: 243200 sim test loss: 5.733390271663666 human test loss 5.967775076627731
number of simulation seqeuences: 0number of human seqeuences: 249600 sim test loss: 5.74183189868927 human test loss 5.955860942602158
number of simulation seqeuences: 0number of human seqeuences: 256000 sim test loss: 5.737758815288544 human test loss 5.962845265865326
number of simulation seqeuences: 0number of human seqeuences: 262400 sim test loss: 5.7364681661129 human test loss 5.953012198209763
number of simulation seqeuences: 0number of human seqeuences: 275200 sim test loss: 5.733222305774689 human test loss 5.95281907916069
number of simulation seqeuences: 0number of human seqeuences: 281600 sim test loss: 5.745411604642868 human test loss 5.946747303009033
number of simulation seqeuences: 0number of human seqeuences: 288000 sim test loss: 5.724350064992905 human test loss 5.9501888155937195
number of simulation seqeuences: 0number of human seqeuences: 294400 sim test loss: 5.73265740275383 human test loss 5.938521236181259
number of simulation seqeuences: 0number of human seqeuences: 300800 sim test loss: 5.729068964719772 human test loss 5.946160286664963
number of simulation seqeuences: 0number of human seqeuences: 307200 sim test loss: 5.727808743715286 human test loss 5.936592370271683
number of simulation seqeuences: 0number of human seqeuences: 320000 sim test loss: 5.725031346082687 human test loss 5.937266021966934
number of simulation seqeuences: 0number of human seqeuences: 326400 sim test loss: 5.737139791250229 human test loss 5.931512743234634
number of simulation seqeuences: 0number of human seqeuences: 332800 sim test loss: 5.716302067041397 human test loss 5.935348659753799
number of simulation seqeuences: 0number of human seqeuences: 339200 sim test loss: 5.724642187356949 human test loss 5.923995822668076
number of simulation seqeuences: 0number of human seqeuences: 345600 sim test loss: 5.7213314473629 human test loss 5.9322236478328705
number of simulation seqeuences: 0number of human seqeuences: 352000 sim test loss: 5.720024526119232 human test loss 5.922922253608704
number of simulation seqeuences: 0number of human seqeuences: 364800 sim test loss: 5.717774868011475 human test loss 5.924420386552811
number of simulation seqeuences: 0number of human seqeuences: 371200 sim test loss: 5.729982107877731 human test loss 5.918978780508041
number of simulation seqeuences: 0number of human seqeuences: 377600 sim test loss: 5.7090341448783875 human test loss 5.923215568065643
number of simulation seqeuences: 0number of human seqeuences: 384000 sim test loss: 5.717583745718002 human test loss 5.912020057439804
number of simulation seqeuences: 0number of human seqeuences: 390400 sim test loss: 5.714605987071991 human test loss 5.920644521713257
number of simulation seqeuences: 0number of human seqeuences: 396800 sim test loss: 5.71344068646431 human test loss 5.911460846662521
number of simulation seqeuences: 0number of human seqeuences: 409600 sim test loss: 5.711783289909363 human test loss 5.913436740636826
number of simulation seqeuences: 0number of human seqeuences: 416000 sim test loss: 5.724175125360489 human test loss 5.908030450344086
number of simulation seqeuences: 0number of human seqeuences: 422400 sim test loss: 5.703101456165314 human test loss 5.912485808134079
number of simulation seqeuences: 0number of human seqeuences: 428800 sim test loss: 5.711939305067062 human test loss 5.901321321725845
number of simulation seqeuences: 0number of human seqeuences: 435200 sim test loss: 5.709067642688751 human test loss 5.910266846418381
number of simulation seqeuences: 0number of human seqeuences: 441600 sim test loss: 5.708057105541229 human test loss 5.901222050189972
number of simulation seqeuences: 0number of human seqeuences: 454400 sim test loss: 5.7066653072834015 human test loss 5.903799265623093
number of simulation seqeuences: 0number of human seqeuences: 460800 sim test loss: 5.718933045864105 human test loss 5.8984043300151825
number of simulation seqeuences: 0number of human seqeuences: 467200 sim test loss: 5.6978088319301605 human test loss 5.9030768275260925
number of simulation seqeuences: 0number of human seqeuences: 473600 sim test loss: 5.706677138805389 human test loss 5.892046183347702
number of simulation seqeuences: 0number of human seqeuences: 480000 sim test loss: 5.703786730766296 human test loss 5.901341080665588
number of simulation seqeuences: 0number of human seqeuences: 486400 sim test loss: 5.702834188938141 human test loss 5.8924112021923065
number of simulation seqeuences: 0number of human seqeuences: 499200 sim test loss: 5.70179158449173 human test loss 5.895547598600388
number of simulation seqeuences: 0number of human seqeuences: 505600 sim test loss: 5.714133203029633 human test loss 5.890254229307175
number of simulation seqeuences: 0number of human seqeuences: 512000 sim test loss: 5.69276887178421 human test loss 5.895294219255447
number of simulation seqeuences: 0number of human seqeuences: 518400 sim test loss: 5.7017213106155396 human test loss 5.884435176849365
number of simulation seqeuences: 0number of human seqeuences: 524800 sim test loss: 5.698884129524231 human test loss 5.894170135259628
number of simulation seqeuences: 0number of human seqeuences: 531200 sim test loss: 5.698179662227631 human test loss 5.885421335697174
number of simulation seqeuences: 0number of human seqeuences: 544000 sim test loss: 5.697280198335648 human test loss 5.889158695936203
number of simulation seqeuences: 0number of human seqeuences: 550400 sim test loss: 5.709647089242935 human test loss 5.883983075618744
number of simulation seqeuences: 0number of human seqeuences: 556800 sim test loss: 5.6880645751953125 human test loss 5.88936510682106
number of simulation seqeuences: 0number of human seqeuences: 563200 sim test loss: 5.697380363941193 human test loss 5.878597438335419
number of simulation seqeuences: 0number of human seqeuences: 569600 sim test loss: 5.694422334432602 human test loss 5.888598442077637
number of simulation seqeuences: 0number of human seqeuences: 576000 sim test loss: 5.693806618452072 human test loss 5.879920095205307
number of simulation seqeuences: 0number of human seqeuences: 588800 sim test loss: 5.693106591701508 human test loss 5.884021431207657
number of simulation seqeuences: 0number of human seqeuences: 595200 sim test loss: 5.705568850040436 human test loss 5.878914177417755
number of simulation seqeuences: 0number of human seqeuences: 601600 sim test loss: 5.683474540710449 human test loss 5.884572863578796
number of simulation seqeuences: 0number of human seqeuences: 608000 sim test loss: 5.6931778490543365 human test loss 5.873795032501221
number of simulation seqeuences: 0number of human seqeuences: 614400 sim test loss: 5.690075010061264 human test loss 5.88400399684906
number of simulation seqeuences: 0number of human seqeuences: 620800 sim test loss: 5.689694315195084 human test loss 5.8753772377967834
number of simulation seqeuences: 0number of human seqeuences: 633600 sim test loss: 5.68904647231102 human test loss 5.8798341155052185
number of simulation seqeuences: 0number of human seqeuences: 640000 sim test loss: 5.701878935098648 human test loss 5.874687910079956
number of simulation seqeuences: 0number of human seqeuences: 646400 sim test loss: 5.679259747266769 human test loss 5.880518347024918
number of simulation seqeuences: 0number of human seqeuences: 652800 sim test loss: 5.689281910657883 human test loss 5.869668662548065
number of simulation seqeuences: 0number of human seqeuences: 659200 sim test loss: 5.685956180095673 human test loss 5.8801146149635315
number of simulation seqeuences: 0number of human seqeuences: 665600 sim test loss: 5.685803979635239 human test loss 5.871476083993912
number of simulation seqeuences: 0number of human seqeuences: 678400 sim test loss: 5.685211032629013 human test loss 5.8760892152786255
number of simulation seqeuences: 0number of human seqeuences: 684800 sim test loss: 5.6981794238090515 human test loss 5.870953023433685
number of simulation seqeuences: 0number of human seqeuences: 691200 sim test loss: 5.675118625164032 human test loss 5.876983076334
number of simulation seqeuences: 0number of human seqeuences: 697600 sim test loss: 5.685503423213959 human test loss 5.86605504155159
number of simulation seqeuences: 0number of human seqeuences: 704000 sim test loss: 5.681951701641083 human test loss 5.876659691333771
number of simulation seqeuences: 0number of human seqeuences: 710400 sim test loss: 5.681968033313751 human test loss 5.86801216006279
number of simulation seqeuences: 0number of human seqeuences: 723200 sim test loss: 5.681447058916092 human test loss 5.872850269079208
number of simulation seqeuences: 0number of human seqeuences: 729600 sim test loss: 5.694679498672485 human test loss 5.867571324110031
number of simulation seqeuences: 0number of human seqeuences: 736000 sim test loss: 5.6711079478263855 human test loss 5.873783826828003
number of simulation seqeuences: 0number of human seqeuences: 742400 sim test loss: 5.681915193796158 human test loss 5.862730622291565
number of simulation seqeuences: 0number of human seqeuences: 748800 sim test loss: 5.67817884683609 human test loss 5.873480439186096
number of simulation seqeuences: 0number of human seqeuences: 755200 sim test loss: 5.678314298391342 human test loss 5.8648781180381775
number of simulation seqeuences: 0number of human seqeuences: 768000 sim test loss: 5.677923232316971 human test loss 5.869946837425232
number of simulation seqeuences: 0number of human seqeuences: 774400 sim test loss: 5.691322177648544 human test loss 5.864660710096359
number of simulation seqeuences: 0number of human seqeuences: 780800 sim test loss: 5.667137086391449 human test loss 5.871087491512299
number of simulation seqeuences: 0number of human seqeuences: 787200 sim test loss: 5.678257167339325 human test loss 5.860000431537628
number of simulation seqeuences: 0number of human seqeuences: 793600 sim test loss: 5.674207240343094 human test loss 5.870905667543411
number of simulation seqeuences: 0number of human seqeuences: 800000 sim test loss: 5.6746534407138824 human test loss 5.862366110086441
number of simulation seqeuences: 0number of human seqeuences: 812800 sim test loss: 5.674115538597107 human test loss 5.867548793554306
number of simulation seqeuences: 0number of human seqeuences: 819200 sim test loss: 5.687785863876343 human test loss 5.862229436635971
number of simulation seqeuences: 0number of human seqeuences: 825600 sim test loss: 5.662965387105942 human test loss 5.868793457746506
number of simulation seqeuences: 0number of human seqeuences: 832000 sim test loss: 5.674546986818314 human test loss 5.857636898756027
number of simulation seqeuences: 0number of human seqeuences: 838400 sim test loss: 5.67002409696579 human test loss 5.868571847677231
number of simulation seqeuences: 0number of human seqeuences: 844800 sim test loss: 5.670811027288437 human test loss 5.860001742839813
number of simulation seqeuences: 0number of human seqeuences: 857600 sim test loss: 5.670366495847702 human test loss 5.865261137485504
number of simulation seqeuences: 0number of human seqeuences: 864000 sim test loss: 5.684240102767944 human test loss 5.859851837158203
number of simulation seqeuences: 0number of human seqeuences: 870400 sim test loss: 5.658585220575333 human test loss 5.86650350689888
number of simulation seqeuences: 0number of human seqeuences: 876800 sim test loss: 5.670653939247131 human test loss 5.855276554822922
number of simulation seqeuences: 0number of human seqeuences: 883200 sim test loss: 5.665754467248917 human test loss 5.866318941116333
number of simulation seqeuences: 0number of human seqeuences: 889600 sim test loss: 5.666808009147644 human test loss 5.8577147126197815
number of simulation seqeuences: 0number of human seqeuences: 902400 sim test loss: 5.666243225336075 human test loss 5.863204091787338
number of simulation seqeuences: 0number of human seqeuences: 908800 sim test loss: 5.680389493703842 human test loss 5.857757151126862
number of simulation seqeuences: 0number of human seqeuences: 915200 sim test loss: 5.654089987277985 human test loss 5.864643335342407
number of simulation seqeuences: 0number of human seqeuences: 921600 sim test loss: 5.666680485010147 human test loss 5.853329181671143
number of simulation seqeuences: 0number of human seqeuences: 928000 sim test loss: 5.6613688468933105 human test loss 5.864541947841644
number of simulation seqeuences: 0number of human seqeuences: 934400 sim test loss: 5.66273045539856 human test loss 5.856022268533707
number of simulation seqeuences: 0number of human seqeuences: 947200 sim test loss: 5.6621924340724945 human test loss 5.861678332090378
number of simulation seqeuences: 0number of human seqeuences: 953600 sim test loss: 5.676631838083267 human test loss 5.85624685883522
number of simulation seqeuences: 0number of human seqeuences: 960000 sim test loss: 5.649421453475952 human test loss 5.863326609134674
number of simulation seqeuences: 0number of human seqeuences: 966400 sim test loss: 5.662503182888031 human test loss 5.851977676153183
number of simulation seqeuences: 0number of human seqeuences: 972800 sim test loss: 5.656649827957153 human test loss 5.863317906856537
number of simulation seqeuences: 0number of human seqeuences: 979200 sim test loss: 5.658492743968964 human test loss 5.854848235845566
number of simulation seqeuences: 0number of human seqeuences: 992000 sim test loss: 5.657919138669968 human test loss 5.860683560371399
number of simulation seqeuences: 0number of human seqeuences: 998400 sim test loss: 5.6726557314395905 human test loss 5.855160176753998
number of simulation seqeuences: 0number of human seqeuences: 1004800 sim test loss: 5.6444582641124725 human test loss 5.862456440925598
Evaluating trained model performance
Saving results
