My SLURM_ARRAY_JOB_ID is 44025696.
My SLURM_ARRAY_TASK_ID is 15
Executing on the machine: della-r4c2n14
{'model_name': 'LSTM', 'train_seq_part': 'fix_and_choice', 'n_simulation_sequences_train': 1750000.0, 'n_human_epochs_train': 0, 'n_sequences_test': 1000.0, 'n_sequences_final_performance': 1000.0, 'd_model': 128, 'n_layers': 2, 'n_head': 2, 'lr': 0.001, 'batch_size': 32, 'run_idx': 2, 'on_cluster': True}
Loading Data
SimpleLSTM(
  (lstm): LSTM(6, 128, batch_first=True)
  (linear): Linear(in_features=128, out_features=3, bias=True)
)
Training the model
Training on simulated data
number of simulation seqeuences: 8032number of human seqeuences: 0 sim test loss: 5.128789117259364 human test loss 6.104001306718396
number of simulation seqeuences: 16032number of human seqeuences: 0 sim test loss: 5.041536023539882 human test loss 6.0615103014053835
number of simulation seqeuences: 24032number of human seqeuences: 0 sim test loss: 5.077433093901603 human test loss 5.857910110104468
number of simulation seqeuences: 32032number of human seqeuences: 0 sim test loss: 5.008200360882666 human test loss 5.851590741065241
number of simulation seqeuences: 40032number of human seqeuences: 0 sim test loss: 4.970789363307338 human test loss 5.886723272262081
number of simulation seqeuences: 48032number of human seqeuences: 0 sim test loss: 5.004508379966982 human test loss 5.788539102000575
number of simulation seqeuences: 56032number of human seqeuences: 0 sim test loss: 4.963608810978551 human test loss 5.925510975622362
number of simulation seqeuences: 64032number of human seqeuences: 0 sim test loss: 4.944480319176951 human test loss 5.900456628491802
number of simulation seqeuences: 72032number of human seqeuences: 0 sim test loss: 4.9482661754854265 human test loss 5.988175715169599
number of simulation seqeuences: 80032number of human seqeuences: 0 sim test loss: 4.9326114885268675 human test loss 5.945638102869833
number of simulation seqeuences: 88032number of human seqeuences: 0 sim test loss: 4.939041214604532 human test loss 5.835666379620952
number of simulation seqeuences: 96032number of human seqeuences: 0 sim test loss: 4.939969624242475 human test loss 5.972606212862076
number of simulation seqeuences: 104032number of human seqeuences: 0 sim test loss: 4.934002014898485 human test loss 5.977679637170607
number of simulation seqeuences: 112032number of human seqeuences: 0 sim test loss: 4.9263091164250525 human test loss 5.90082130124492
number of simulation seqeuences: 120032number of human seqeuences: 0 sim test loss: 4.902778433215234 human test loss 5.877767855121244
number of simulation seqeuences: 128032number of human seqeuences: 0 sim test loss: 4.8750449457476215 human test loss 5.848457905554002
number of simulation seqeuences: 136032number of human seqeuences: 0 sim test loss: 4.77449567087235 human test loss 5.935157299041748
number of simulation seqeuences: 144032number of human seqeuences: 0 sim test loss: 4.752524921970982 human test loss 6.103389939954204
number of simulation seqeuences: 152032number of human seqeuences: 0 sim test loss: 4.72576259028527 human test loss 6.205408880787511
number of simulation seqeuences: 160032number of human seqeuences: 0 sim test loss: 4.81533081300797 human test loss 6.053606079470727
number of simulation seqeuences: 168032number of human seqeuences: 0 sim test loss: 4.76152136248927 human test loss 5.965661802599507
number of simulation seqeuences: 176032number of human seqeuences: 0 sim test loss: 4.702702952969458 human test loss 6.134466340464931
number of simulation seqeuences: 184032number of human seqeuences: 0 sim test loss: 4.7053909917031564 human test loss 6.166815726987777
number of simulation seqeuences: 192032number of human seqeuences: 0 sim test loss: 4.728055961670414 human test loss 6.0367547927364225
number of simulation seqeuences: 200032number of human seqeuences: 0 sim test loss: 4.709852472428353 human test loss 6.061205602461292
number of simulation seqeuences: 208032number of human seqeuences: 0 sim test loss: 4.694698118394421 human test loss 6.256778040239888
number of simulation seqeuences: 216032number of human seqeuences: 0 sim test loss: 4.643973158251855 human test loss 6.104239540715372
number of simulation seqeuences: 224032number of human seqeuences: 0 sim test loss: 4.715455086000504 human test loss 6.034318062566942
number of simulation seqeuences: 232032number of human seqeuences: 0 sim test loss: 4.606442520695348 human test loss 6.242260563758112
number of simulation seqeuences: 240032number of human seqeuences: 0 sim test loss: 4.659315893726964 human test loss 6.096501365784676
number of simulation seqeuences: 248032number of human seqeuences: 0 sim test loss: 4.659333452101676 human test loss 6.08225808605071
number of simulation seqeuences: 256032number of human seqeuences: 0 sim test loss: 4.735651854545839 human test loss 6.138705392037669
number of simulation seqeuences: 264032number of human seqeuences: 0 sim test loss: 4.5999660799580235 human test loss 6.251671483439784
number of simulation seqeuences: 272032number of human seqeuences: 0 sim test loss: 4.630882078601468 human test loss 6.163922602130521
number of simulation seqeuences: 280032number of human seqeuences: 0 sim test loss: 4.601782052747665 human test loss 6.173538423353626
number of simulation seqeuences: 288032number of human seqeuences: 0 sim test loss: 4.616490041055987 human test loss 6.102492270931121
number of simulation seqeuences: 296032number of human seqeuences: 0 sim test loss: 4.63899859305351 human test loss 6.056422725800545
number of simulation seqeuences: 304032number of human seqeuences: 0 sim test loss: 4.599276265790386 human test loss 6.193762102434712
number of simulation seqeuences: 312032number of human seqeuences: 0 sim test loss: 4.572060069730205 human test loss 6.109326131882206
number of simulation seqeuences: 320032number of human seqeuences: 0 sim test loss: 4.5927670617257395 human test loss 6.109830702504804
number of simulation seqeuences: 328032number of human seqeuences: 0 sim test loss: 4.757760009457988 human test loss 6.01305498615388
number of simulation seqeuences: 336032number of human seqeuences: 0 sim test loss: 4.574847505938623 human test loss 6.165861529688681
number of simulation seqeuences: 344032number of human seqeuences: 0 sim test loss: 4.545713824610556 human test loss 6.223554365096554
number of simulation seqeuences: 352032number of human seqeuences: 0 sim test loss: 4.589849364372991 human test loss 6.072752260392712
number of simulation seqeuences: 360032number of human seqeuences: 0 sim test loss: 4.563010061940839 human test loss 6.144097097458378
number of simulation seqeuences: 368032number of human seqeuences: 0 sim test loss: 4.671274108271445 human test loss 5.941697935904226
number of simulation seqeuences: 376032number of human seqeuences: 0 sim test loss: 4.628574871247815 human test loss 6.045709271584788
number of simulation seqeuences: 384032number of human seqeuences: 0 sim test loss: 4.5968503336752615 human test loss 6.0265384028034825
number of simulation seqeuences: 392032number of human seqeuences: 0 sim test loss: 4.565724149827035 human test loss 6.125950305692611
number of simulation seqeuences: 400032number of human seqeuences: 0 sim test loss: 4.583818774069509 human test loss 5.99495643185031
number of simulation seqeuences: 408032number of human seqeuences: 0 sim test loss: 4.684315689148441 human test loss 5.935928790800033
number of simulation seqeuences: 416032number of human seqeuences: 0 sim test loss: 4.58989643281506 human test loss 6.028866383337205
number of simulation seqeuences: 424032number of human seqeuences: 0 sim test loss: 4.5742701253583355 human test loss 6.116392197147492
number of simulation seqeuences: 432032number of human seqeuences: 0 sim test loss: 4.5629952492252475 human test loss 5.9986990651776715
number of simulation seqeuences: 440032number of human seqeuences: 0 sim test loss: 4.547346268930743 human test loss 6.084299995053199
number of simulation seqeuences: 448032number of human seqeuences: 0 sim test loss: 4.535017621132635 human test loss 6.028855169973066
number of simulation seqeuences: 456032number of human seqeuences: 0 sim test loss: 4.543642828541417 human test loss 6.095167021597585
number of simulation seqeuences: 464032number of human seqeuences: 0 sim test loss: 4.560678197491553 human test loss 6.059994343788393
number of simulation seqeuences: 472032number of human seqeuences: 0 sim test loss: 4.5687391373418995 human test loss 6.047300723291213
number of simulation seqeuences: 480032number of human seqeuences: 0 sim test loss: 4.588482110731063 human test loss 6.027784009133616
number of simulation seqeuences: 488032number of human seqeuences: 0 sim test loss: 4.585205716471518 human test loss 6.078695404914118
number of simulation seqeuences: 496032number of human seqeuences: 0 sim test loss: 4.59635986820344 human test loss 6.058402876700124
number of simulation seqeuences: 504032number of human seqeuences: 0 sim test loss: 4.591424780507242 human test loss 5.946190557172222
number of simulation seqeuences: 512032number of human seqeuences: 0 sim test loss: 4.583589461541945 human test loss 5.935729903559531
number of simulation seqeuences: 520032number of human seqeuences: 0 sim test loss: 4.654215851137715 human test loss 5.907412667428294
number of simulation seqeuences: 528032number of human seqeuences: 0 sim test loss: 4.54021494619308 human test loss 6.053082235397831
number of simulation seqeuences: 536032number of human seqeuences: 0 sim test loss: 4.585285663604736 human test loss 5.982634329026745
number of simulation seqeuences: 544032number of human seqeuences: 0 sim test loss: 4.541185532846758 human test loss 6.075925027170489
number of simulation seqeuences: 552032number of human seqeuences: 0 sim test loss: 4.535098814195202 human test loss 6.161857897235501
number of simulation seqeuences: 560032number of human seqeuences: 0 sim test loss: 4.554351622058499 human test loss 6.0552475683150755
number of simulation seqeuences: 568032number of human seqeuences: 0 sim test loss: 4.630476559362104 human test loss 5.897506113975279
number of simulation seqeuences: 576032number of human seqeuences: 0 sim test loss: 4.638832007685015 human test loss 5.902483694015011
number of simulation seqeuences: 584032number of human seqeuences: 0 sim test loss: 4.598826231495027 human test loss 5.976034472065587
number of simulation seqeuences: 592032number of human seqeuences: 0 sim test loss: 4.5414197368006555 human test loss 6.080775276307137
number of simulation seqeuences: 600032number of human seqeuences: 0 sim test loss: 4.539013139663204 human test loss 6.00910279058641
number of simulation seqeuences: 608032number of human seqeuences: 0 sim test loss: 4.540939838655533 human test loss 6.046766050400272
number of simulation seqeuences: 616032number of human seqeuences: 0 sim test loss: 4.551943171408869 human test loss 5.961526732290944
number of simulation seqeuences: 624032number of human seqeuences: 0 sim test loss: 4.530659898634879 human test loss 6.113173330983808
number of simulation seqeuences: 632032number of human seqeuences: 0 sim test loss: 4.544288881363407 human test loss 6.062161660963489
number of simulation seqeuences: 640032number of human seqeuences: 0 sim test loss: 4.551603640279462 human test loss 5.9889386700045675
number of simulation seqeuences: 648032number of human seqeuences: 0 sim test loss: 4.5949202891319025 human test loss 6.033077855263987
number of simulation seqeuences: 656032number of human seqeuences: 0 sim test loss: 4.555527017962548 human test loss 6.026129107321462
number of simulation seqeuences: 664032number of human seqeuences: 0 sim test loss: 4.59813367935919 human test loss 5.900032535676034
number of simulation seqeuences: 672032number of human seqeuences: 0 sim test loss: 4.545257814468876 human test loss 5.9906706963816
number of simulation seqeuences: 680032number of human seqeuences: 0 sim test loss: 4.538254114889329 human test loss 6.0106078117124495
number of simulation seqeuences: 688032number of human seqeuences: 0 sim test loss: 4.518917260631438 human test loss 6.092785450720018
number of simulation seqeuences: 696032number of human seqeuences: 0 sim test loss: 4.536574955909483 human test loss 6.018733501434326
number of simulation seqeuences: 704032number of human seqeuences: 0 sim test loss: 4.582133000896823 human test loss 5.916143955722932
number of simulation seqeuences: 712032number of human seqeuences: 0 sim test loss: 4.535410250386884 human test loss 6.105661223011632
number of simulation seqeuences: 720032number of human seqeuences: 0 sim test loss: 4.580356920919111 human test loss 6.04770072813957
number of simulation seqeuences: 728032number of human seqeuences: 0 sim test loss: 4.532708637176022 human test loss 5.9821929931640625
number of simulation seqeuences: 736032number of human seqeuences: 0 sim test loss: 4.538393335957681 human test loss 6.0083805514920146
number of simulation seqeuences: 744032number of human seqeuences: 0 sim test loss: 4.516211586613809 human test loss 6.114298728204543
number of simulation seqeuences: 752032number of human seqeuences: 0 sim test loss: 4.5557427406311035 human test loss 5.954657631535684
number of simulation seqeuences: 760032number of human seqeuences: 0 sim test loss: 4.567599427315496 human test loss 6.026427868873842
number of simulation seqeuences: 768032number of human seqeuences: 0 sim test loss: 4.525252273005824 human test loss 6.022076345259143
number of simulation seqeuences: 776032number of human seqeuences: 0 sim test loss: 4.585100212404805 human test loss 5.898197158690421
number of simulation seqeuences: 784032number of human seqeuences: 0 sim test loss: 4.614593751968876 human test loss 5.880607866471814
number of simulation seqeuences: 792032number of human seqeuences: 0 sim test loss: 4.504871306880828 human test loss 6.046346956683744
number of simulation seqeuences: 800032number of human seqeuences: 0 sim test loss: 4.54454085903783 human test loss 6.149226865460796
number of simulation seqeuences: 808032number of human seqeuences: 0 sim test loss: 4.5528154373168945 human test loss 6.062947796237085
number of simulation seqeuences: 816032number of human seqeuences: 0 sim test loss: 4.549710004560409 human test loss 5.982354010305097
number of simulation seqeuences: 824032number of human seqeuences: 0 sim test loss: 4.558947609316919 human test loss 5.947454206405148
number of simulation seqeuences: 832032number of human seqeuences: 0 sim test loss: 4.594061374664307 human test loss 5.923014287025698
number of simulation seqeuences: 840032number of human seqeuences: 0 sim test loss: 4.57128643989563 human test loss 5.962592217230028
number of simulation seqeuences: 848032number of human seqeuences: 0 sim test loss: 4.586229178213304 human test loss 5.954258395779517
number of simulation seqeuences: 856032number of human seqeuences: 0 sim test loss: 4.535405474324381 human test loss 6.03585801586028
number of simulation seqeuences: 864032number of human seqeuences: 0 sim test loss: 4.527910147943804 human test loss 6.066602199308334
number of simulation seqeuences: 872032number of human seqeuences: 0 sim test loss: 4.534460106203633 human test loss 5.979154694464899
number of simulation seqeuences: 880032number of human seqeuences: 0 sim test loss: 4.53789641780238 human test loss 5.987297504178939
number of simulation seqeuences: 888032number of human seqeuences: 0 sim test loss: 4.53997508172066 human test loss 6.003674922450896
number of simulation seqeuences: 896032number of human seqeuences: 0 sim test loss: 4.555512197556034 human test loss 5.978641463864234
number of simulation seqeuences: 904032number of human seqeuences: 0 sim test loss: 4.53679334732794 human test loss 6.0222939675854095
number of simulation seqeuences: 912032number of human seqeuences: 0 sim test loss: 4.534099824966923 human test loss 6.033467092821675
number of simulation seqeuences: 920032number of human seqeuences: 0 sim test loss: 4.557221212694722 human test loss 5.9748467014681905
number of simulation seqeuences: 928032number of human seqeuences: 0 sim test loss: 4.516676664352417 human test loss 6.070873783480737
number of simulation seqeuences: 936032number of human seqeuences: 0 sim test loss: 4.542376402885683 human test loss 6.034890928576069
number of simulation seqeuences: 944032number of human seqeuences: 0 sim test loss: 4.566403688923005 human test loss 5.948775799043717
number of simulation seqeuences: 952032number of human seqeuences: 0 sim test loss: 4.556823292086201 human test loss 6.002927057204708
number of simulation seqeuences: 960032number of human seqeuences: 0 sim test loss: 4.521770854150096 human test loss 5.98546831069454
number of simulation seqeuences: 968032number of human seqeuences: 0 sim test loss: 4.544724879726287 human test loss 5.979535502772177
number of simulation seqeuences: 976032number of human seqeuences: 0 sim test loss: 4.538577472009966 human test loss 5.983316575327227
number of simulation seqeuences: 984032number of human seqeuences: 0 sim test loss: 4.544851418464415 human test loss 5.902946318349531
number of simulation seqeuences: 992032number of human seqeuences: 0 sim test loss: 4.539162651185067 human test loss 6.023505195494621
number of simulation seqeuences: 1000032number of human seqeuences: 0 sim test loss: 4.543348420050837 human test loss 6.017530995030557
number of simulation seqeuences: 1008032number of human seqeuences: 0 sim test loss: 4.5693298232170845 human test loss 5.956043089589765
number of simulation seqeuences: 1016032number of human seqeuences: 0 sim test loss: 4.578649436273882 human test loss 5.9701755431390575
number of simulation seqeuences: 1024032number of human seqeuences: 0 sim test loss: 4.533160340401434 human test loss 6.162416904203353
number of simulation seqeuences: 1032032number of human seqeuences: 0 sim test loss: 4.507466531568958 human test loss 6.0704187885407475
number of simulation seqeuences: 1040032number of human seqeuences: 0 sim test loss: 4.535327234575825 human test loss 6.099949775203582
number of simulation seqeuences: 1048032number of human seqeuences: 0 sim test loss: 4.52998488180099 human test loss 6.05501522556428
number of simulation seqeuences: 1056032number of human seqeuences: 0 sim test loss: 4.544019099204771 human test loss 6.013793437711654
number of simulation seqeuences: 1064032number of human seqeuences: 0 sim test loss: 4.5171589851379395 human test loss 5.994670221882481
number of simulation seqeuences: 1072032number of human seqeuences: 0 sim test loss: 4.532864416799238 human test loss 6.017941382623488
number of simulation seqeuences: 1080032number of human seqeuences: 0 sim test loss: 4.587936393676266 human test loss 5.9609738472969305
number of simulation seqeuences: 1088032number of human seqeuences: 0 sim test loss: 4.50482306941863 human test loss 6.031268289012294
number of simulation seqeuences: 1096032number of human seqeuences: 0 sim test loss: 4.516109674207626 human test loss 6.023651338392688
number of simulation seqeuences: 1104032number of human seqeuences: 0 sim test loss: 4.5520644649382564 human test loss 6.035255724383939
number of simulation seqeuences: 1112032number of human seqeuences: 0 sim test loss: 4.530182038584063 human test loss 6.065527885190902
number of simulation seqeuences: 1120032number of human seqeuences: 0 sim test loss: 4.547247955876012 human test loss 5.993393759573659
number of simulation seqeuences: 1128032number of human seqeuences: 0 sim test loss: 4.527673398294756 human test loss 6.1054523529544955
number of simulation seqeuences: 1136032number of human seqeuences: 0 sim test loss: 4.527021100444179 human test loss 6.050994134718372
number of simulation seqeuences: 1144032number of human seqeuences: 0 sim test loss: 4.507935370168378 human test loss 6.072558925997827
number of simulation seqeuences: 1152032number of human seqeuences: 0 sim test loss: 4.518710867051156 human test loss 6.00233805564142
number of simulation seqeuences: 1160032number of human seqeuences: 0 sim test loss: 4.521579827031782 human test loss 5.993280133893413
number of simulation seqeuences: 1168032number of human seqeuences: 0 sim test loss: 4.511767825772686 human test loss 6.085095436342301
number of simulation seqeuences: 1176032number of human seqeuences: 0 sim test loss: 4.574426435655163 human test loss 5.972409925153179
number of simulation seqeuences: 1184032number of human seqeuences: 0 sim test loss: 4.515210113217754 human test loss 6.023951069001229
number of simulation seqeuences: 1192032number of human seqeuences: 0 sim test loss: 4.5597115793535785 human test loss 5.947875084415559
number of simulation seqeuences: 1200032number of human seqeuences: 0 sim test loss: 4.5390032260648665 human test loss 5.984451586200345
number of simulation seqeuences: 1208032number of human seqeuences: 0 sim test loss: 4.53533653290041 human test loss 5.939104126345727
number of simulation seqeuences: 1216032number of human seqeuences: 0 sim test loss: 4.5495783436682915 human test loss 5.936174900301041
number of simulation seqeuences: 1224032number of human seqeuences: 0 sim test loss: 4.523534836307649 human test loss 5.95798364762337
number of simulation seqeuences: 1232032number of human seqeuences: 0 sim test loss: 4.530247711366223 human test loss 6.03906633007911
number of simulation seqeuences: 1240032number of human seqeuences: 0 sim test loss: 4.530397568979571 human test loss 6.019622033642184
number of simulation seqeuences: 1248032number of human seqeuences: 0 sim test loss: 4.546805166429089 human test loss 5.954016639340308
number of simulation seqeuences: 1256032number of human seqeuences: 0 sim test loss: 4.513450937886392 human test loss 6.048370976601878
number of simulation seqeuences: 1264032number of human seqeuences: 0 sim test loss: 4.525688748205861 human test loss 6.012177175091159
number of simulation seqeuences: 1272032number of human seqeuences: 0 sim test loss: 4.533111826066048 human test loss 6.0040567921053976
number of simulation seqeuences: 1280032number of human seqeuences: 0 sim test loss: 4.598406645559495 human test loss 5.921503236216884
number of simulation seqeuences: 1288032number of human seqeuences: 0 sim test loss: 4.503016910245342 human test loss 5.97306800657703
number of simulation seqeuences: 1296032number of human seqeuences: 0 sim test loss: 4.51824406654604 human test loss 5.961063185045796
number of simulation seqeuences: 1304032number of human seqeuences: 0 sim test loss: 4.5316848908701255 human test loss 5.970857850966915
number of simulation seqeuences: 1312032number of human seqeuences: 0 sim test loss: 4.572989740679341 human test loss 5.977457707928073
number of simulation seqeuences: 1320032number of human seqeuences: 0 sim test loss: 4.557248730813304 human test loss 5.9297785605153726
number of simulation seqeuences: 1328032number of human seqeuences: 0 sim test loss: 4.5276302983683925 human test loss 5.953050551875945
number of simulation seqeuences: 1336032number of human seqeuences: 0 sim test loss: 4.566491396196427 human test loss 5.954376851358721
number of simulation seqeuences: 1344032number of human seqeuences: 0 sim test loss: 4.522023893171741 human test loss 5.965273995553294
number of simulation seqeuences: 1352032number of human seqeuences: 0 sim test loss: 4.536969107966269 human test loss 5.995652767919725
number of simulation seqeuences: 1360032number of human seqeuences: 0 sim test loss: 4.534687134527391 human test loss 5.979397219996298
number of simulation seqeuences: 1368032number of human seqeuences: 0 sim test loss: 4.50764500710272 human test loss 6.048585984014696
number of simulation seqeuences: 1376032number of human seqeuences: 0 sim test loss: 4.514704850412184 human test loss 6.010151370879142
number of simulation seqeuences: 1384032number of human seqeuences: 0 sim test loss: 4.53348954262272 human test loss 5.906685183125157
number of simulation seqeuences: 1392032number of human seqeuences: 0 sim test loss: 4.508073699089788 human test loss 6.004108905792236
number of simulation seqeuences: 1400032number of human seqeuences: 0 sim test loss: 4.516456827040641 human test loss 6.030687624408353
number of simulation seqeuences: 1408032number of human seqeuences: 0 sim test loss: 4.506345795046899 human test loss 6.027787285466348
number of simulation seqeuences: 1416032number of human seqeuences: 0 sim test loss: 4.525956830670757 human test loss 5.984176251196092
number of simulation seqeuences: 1424032number of human seqeuences: 0 sim test loss: 4.515980697447254 human test loss 6.016848071928947
number of simulation seqeuences: 1432032number of human seqeuences: 0 sim test loss: 4.497189975553943 human test loss 6.042908176299064
number of simulation seqeuences: 1440032number of human seqeuences: 0 sim test loss: 4.5419741061425976 human test loss 5.898956944865565
number of simulation seqeuences: 1448032number of human seqeuences: 0 sim test loss: 4.549956698571482 human test loss 6.016230260172198
number of simulation seqeuences: 1456032number of human seqeuences: 0 sim test loss: 4.541140010279994 human test loss 5.989447762889247
number of simulation seqeuences: 1464032number of human seqeuences: 0 sim test loss: 4.534035528859785 human test loss 5.955171954247259
number of simulation seqeuences: 1472032number of human seqeuences: 0 sim test loss: 4.581747716472995 human test loss 5.920956396287488
number of simulation seqeuences: 1480032number of human seqeuences: 0 sim test loss: 4.53635424183261 human test loss 5.9227697772364465
number of simulation seqeuences: 1488032number of human seqeuences: 0 sim test loss: 4.557278825390723 human test loss 5.95600337366904
number of simulation seqeuences: 1496032number of human seqeuences: 0 sim test loss: 4.509340532364384 human test loss 6.003151216814595
number of simulation seqeuences: 1504032number of human seqeuences: 0 sim test loss: 4.564837332694761 human test loss 5.915258576793056
number of simulation seqeuences: 1512032number of human seqeuences: 0 sim test loss: 4.556457411858343 human test loss 5.969356459956015
number of simulation seqeuences: 1520032number of human seqeuences: 0 sim test loss: 4.564560005741734 human test loss 5.899442026692052
number of simulation seqeuences: 1528032number of human seqeuences: 0 sim test loss: 4.545717993090229 human test loss 5.9533369464259
number of simulation seqeuences: 1536032number of human seqeuences: 0 sim test loss: 4.527426996538716 human test loss 5.950582858054869
number of simulation seqeuences: 1544032number of human seqeuences: 0 sim test loss: 4.523936871559389 human test loss 5.942311271544425
number of simulation seqeuences: 1552032number of human seqeuences: 0 sim test loss: 4.513601595355619 human test loss 6.037983986639207
number of simulation seqeuences: 1560032number of human seqeuences: 0 sim test loss: 4.541553305041406 human test loss 5.9935801413751415
number of simulation seqeuences: 1568032number of human seqeuences: 0 sim test loss: 4.523020582814371 human test loss 5.96746293960079
number of simulation seqeuences: 1576032number of human seqeuences: 0 sim test loss: 4.5191828358557915 human test loss 6.061756610870361
number of simulation seqeuences: 1584032number of human seqeuences: 0 sim test loss: 4.523623743364888 human test loss 6.018243328217538
number of simulation seqeuences: 1592032number of human seqeuences: 0 sim test loss: 4.505896122224869 human test loss 6.0761906562312955
number of simulation seqeuences: 1600032number of human seqeuences: 0 sim test loss: 4.502731100205453 human test loss 6.043780296079574
number of simulation seqeuences: 1608032number of human seqeuences: 0 sim test loss: 4.510903904514928 human test loss 5.998006236168646
number of simulation seqeuences: 1616032number of human seqeuences: 0 sim test loss: 4.516886234283447 human test loss 5.991185172911613
number of simulation seqeuences: 1624032number of human seqeuences: 0 sim test loss: 4.52171601018598 human test loss 6.038101888472034
number of simulation seqeuences: 1632032number of human seqeuences: 0 sim test loss: 4.550253114392681 human test loss 5.958056219162479
number of simulation seqeuences: 1640032number of human seqeuences: 0 sim test loss: 4.491831418006651 human test loss 6.024884839211741
number of simulation seqeuences: 1648032number of human seqeuences: 0 sim test loss: 4.507820767741049 human test loss 5.972596214663598
number of simulation seqeuences: 1656032number of human seqeuences: 0 sim test loss: 4.492269208354335 human test loss 5.993597507476807
number of simulation seqeuences: 1664032number of human seqeuences: 0 sim test loss: 4.523832613422025 human test loss 5.929922642246369
number of simulation seqeuences: 1672032number of human seqeuences: 0 sim test loss: 4.511398815339612 human test loss 5.9293651426992104
number of simulation seqeuences: 1680032number of human seqeuences: 0 sim test loss: 4.538185719520815 human test loss 6.043485549188429
number of simulation seqeuences: 1688032number of human seqeuences: 0 sim test loss: 4.5547937423952165 human test loss 5.987572700746598
number of simulation seqeuences: 1696032number of human seqeuences: 0 sim test loss: 4.528494365753666 human test loss 5.944923339351531
number of simulation seqeuences: 1704032number of human seqeuences: 0 sim test loss: 4.53998641813955 human test loss 5.985106806601247
number of simulation seqeuences: 1712032number of human seqeuences: 0 sim test loss: 4.611206616124799 human test loss 5.952343033206079
number of simulation seqeuences: 1720032number of human seqeuences: 0 sim test loss: 4.5605553734687065 human test loss 5.921357862411007
number of simulation seqeuences: 1728032number of human seqeuences: 0 sim test loss: 4.5905561600962 human test loss 5.913909481417749
number of simulation seqeuences: 1736032number of human seqeuences: 0 sim test loss: 4.504439761561732 human test loss 6.051628005120062
number of simulation seqeuences: 1744032number of human seqeuences: 0 sim test loss: 4.520413606397567 human test loss 5.943778853262624
Training on human data
Evaluating trained model performance
Saving the model and results
