My SLURM_ARRAY_JOB_ID is 50472967.
My SLURM_ARRAY_TASK_ID is 99
Executing on the machine: della-l01g2
{'model_name': 'Transformer', 'train_seq_part': 'fix_and_choice', 'n_simulation_sequences_train': 0, 'n_human_sequences_train': 1000000.0, 'n_sequences_test': 500, 'n_sequences_final_performance': 500, 'd_model': 64, 'n_layers': 2, 'n_head': 4, 'sim_lr': 0, 'human_lr': 0.001, 'batch_size': 32, 'dropout': 0.1, 'run_idx': 1, 'on_cluster': True, 'test_batch_increment_sim': 200, 'test_batch_increment_human': 200, 'save_folder_name': 'Hyper_Param_Search_Sequential', 'save_file_name': 'Human_Only_fix_and_choice_ID_run_1_model_name_Transformer_d_model_64_sim_lr_0_human_lr_0.001_n_head_4_n_layers_2', 'fix_unit': 'ID'}
<class 'int'>
Loading Data
cuda:0
Training the model
Training on simulated data
Training on human data
number of simulation seqeuences: 0number of human seqeuences: 6400 sim test loss: 5.451625347137451 human test loss 5.718495339155197
number of simulation seqeuences: 0number of human seqeuences: 12800 sim test loss: 5.359805315732956 human test loss 5.737146496772766
number of simulation seqeuences: 0number of human seqeuences: 19200 sim test loss: 5.51375225186348 human test loss 5.776962876319885
number of simulation seqeuences: 0number of human seqeuences: 25600 sim test loss: 5.367249041795731 human test loss 5.688516199588776
number of simulation seqeuences: 0number of human seqeuences: 32000 sim test loss: 5.2998014986515045 human test loss 5.6567297875881195
number of simulation seqeuences: 0number of human seqeuences: 38400 sim test loss: 5.314073473215103 human test loss 5.658233255147934
number of simulation seqeuences: 0number of human seqeuences: 51200 sim test loss: 5.421236604452133 human test loss 5.694995701313019
number of simulation seqeuences: 0number of human seqeuences: 57600 sim test loss: 5.300227165222168 human test loss 5.741197228431702
number of simulation seqeuences: 0number of human seqeuences: 64000 sim test loss: 5.644091337919235 human test loss 5.796363055706024
number of simulation seqeuences: 0number of human seqeuences: 70400 sim test loss: 5.46784520149231 human test loss 5.929947018623352
number of simulation seqeuences: 0number of human seqeuences: 76800 sim test loss: 5.197610914707184 human test loss 5.745199233293533
number of simulation seqeuences: 0number of human seqeuences: 83200 sim test loss: 5.307443201541901 human test loss 5.817401349544525
number of simulation seqeuences: 0number of human seqeuences: 96000 sim test loss: 5.489054650068283 human test loss 6.0421269834041595
number of simulation seqeuences: 0number of human seqeuences: 102400 sim test loss: 5.545515239238739 human test loss 5.988324671983719
number of simulation seqeuences: 0number of human seqeuences: 108800 sim test loss: 5.889841854572296 human test loss 6.390288949012756
number of simulation seqeuences: 0number of human seqeuences: 115200 sim test loss: 5.601218998432159 human test loss 6.136160343885422
number of simulation seqeuences: 0number of human seqeuences: 121600 sim test loss: 5.556373745203018 human test loss 6.202481985092163
number of simulation seqeuences: 0number of human seqeuences: 128000 sim test loss: 5.536379098892212 human test loss 6.180670410394669
number of simulation seqeuences: 0number of human seqeuences: 140800 sim test loss: 5.737500190734863 human test loss 6.510865241289139
number of simulation seqeuences: 0number of human seqeuences: 147200 sim test loss: 6.031484007835388 human test loss 6.630015879869461
number of simulation seqeuences: 0number of human seqeuences: 153600 sim test loss: 6.03992360830307 human test loss 6.693855673074722
number of simulation seqeuences: 0number of human seqeuences: 160000 sim test loss: 6.113463312387466 human test loss 6.772333949804306
number of simulation seqeuences: 0number of human seqeuences: 166400 sim test loss: 5.86072513461113 human test loss 6.589130163192749
number of simulation seqeuences: 0number of human seqeuences: 172800 sim test loss: 6.063844680786133 human test loss 6.853196769952774
number of simulation seqeuences: 0number of human seqeuences: 185600 sim test loss: 6.332846969366074 human test loss 6.902666598558426
number of simulation seqeuences: 0number of human seqeuences: 192000 sim test loss: 6.294046878814697 human test loss 6.975092172622681
number of simulation seqeuences: 0number of human seqeuences: 198400 sim test loss: 6.642061203718185 human test loss 7.29986247420311
number of simulation seqeuences: 0number of human seqeuences: 204800 sim test loss: 6.600105434656143 human test loss 7.315791428089142
number of simulation seqeuences: 0number of human seqeuences: 211200 sim test loss: 6.184601753950119 human test loss 7.023056358098984
number of simulation seqeuences: 0number of human seqeuences: 217600 sim test loss: 6.529192924499512 human test loss 7.284454524517059
number of simulation seqeuences: 0number of human seqeuences: 230400 sim test loss: 6.493297338485718 human test loss 7.339942097663879
number of simulation seqeuences: 0number of human seqeuences: 236800 sim test loss: 6.853260666131973 human test loss 7.73805832862854
number of simulation seqeuences: 0number of human seqeuences: 243200 sim test loss: 6.78790283203125 human test loss 7.5942502617836
number of simulation seqeuences: 0number of human seqeuences: 249600 sim test loss: 6.899027615785599 human test loss 7.74586021900177
number of simulation seqeuences: 0number of human seqeuences: 256000 sim test loss: 6.745960146188736 human test loss 7.384896695613861
number of simulation seqeuences: 0number of human seqeuences: 262400 sim test loss: 6.667968958616257 human test loss 7.673812568187714
number of simulation seqeuences: 0number of human seqeuences: 275200 sim test loss: 6.827538281679153 human test loss 7.749481827020645
number of simulation seqeuences: 0number of human seqeuences: 281600 sim test loss: 6.910131365060806 human test loss 7.631559461355209
number of simulation seqeuences: 0number of human seqeuences: 288000 sim test loss: 7.120087206363678 human test loss 7.954164296388626
number of simulation seqeuences: 0number of human seqeuences: 294400 sim test loss: 7.0259522795677185 human test loss 7.8788067400455475
number of simulation seqeuences: 0number of human seqeuences: 300800 sim test loss: 6.847494035959244 human test loss 7.650312662124634
number of simulation seqeuences: 0number of human seqeuences: 307200 sim test loss: 7.300636649131775 human test loss 8.027539134025574
number of simulation seqeuences: 0number of human seqeuences: 320000 sim test loss: 7.166554808616638 human test loss 7.986488580703735
number of simulation seqeuences: 0number of human seqeuences: 326400 sim test loss: 7.150923728942871 human test loss 7.871048599481583
number of simulation seqeuences: 0number of human seqeuences: 332800 sim test loss: 7.393042147159576 human test loss 8.289512902498245
number of simulation seqeuences: 0number of human seqeuences: 339200 sim test loss: 7.096187233924866 human test loss 8.055421382188797
number of simulation seqeuences: 0number of human seqeuences: 345600 sim test loss: 7.468204438686371 human test loss 8.282856166362762
number of simulation seqeuences: 0number of human seqeuences: 352000 sim test loss: 7.203117072582245 human test loss 8.140442550182343
number of simulation seqeuences: 0number of human seqeuences: 364800 sim test loss: 7.1862099170684814 human test loss 8.299335569143295
number of simulation seqeuences: 0number of human seqeuences: 371200 sim test loss: 7.325790554285049 human test loss 8.081025272607803
number of simulation seqeuences: 0number of human seqeuences: 377600 sim test loss: 7.3262810707092285 human test loss 8.315702766180038
number of simulation seqeuences: 0number of human seqeuences: 384000 sim test loss: 7.43750461935997 human test loss 8.293856650590897
number of simulation seqeuences: 0number of human seqeuences: 390400 sim test loss: 7.2742370665073395 human test loss 8.208145022392273
number of simulation seqeuences: 0number of human seqeuences: 396800 sim test loss: 7.031395852565765 human test loss 8.110383212566376
number of simulation seqeuences: 0number of human seqeuences: 409600 sim test loss: 7.25918036699295 human test loss 8.18126517534256
number of simulation seqeuences: 0number of human seqeuences: 416000 sim test loss: 7.19988751411438 human test loss 8.301592707633972
number of simulation seqeuences: 0number of human seqeuences: 422400 sim test loss: 7.506809830665588 human test loss 8.366836726665497
number of simulation seqeuences: 0number of human seqeuences: 428800 sim test loss: 7.532856494188309 human test loss 8.500238597393036
number of simulation seqeuences: 0number of human seqeuences: 435200 sim test loss: 7.419209241867065 human test loss 8.242985010147095
number of simulation seqeuences: 0number of human seqeuences: 441600 sim test loss: 7.55783748626709 human test loss 8.46109789609909
number of simulation seqeuences: 0number of human seqeuences: 454400 sim test loss: 7.575428545475006 human test loss 8.507724046707153
number of simulation seqeuences: 0number of human seqeuences: 460800 sim test loss: 7.402969837188721 human test loss 8.405357033014297
number of simulation seqeuences: 0number of human seqeuences: 467200 sim test loss: 7.772871553897858 human test loss 8.60310372710228
number of simulation seqeuences: 0number of human seqeuences: 473600 sim test loss: 7.607343167066574 human test loss 8.354328274726868
number of simulation seqeuences: 0number of human seqeuences: 480000 sim test loss: 7.597887694835663 human test loss 8.513326555490494
number of simulation seqeuences: 0number of human seqeuences: 486400 sim test loss: 7.604202002286911 human test loss 8.466523259878159
number of simulation seqeuences: 0number of human seqeuences: 499200 sim test loss: 7.388583570718765 human test loss 8.580283164978027
number of simulation seqeuences: 0number of human seqeuences: 505600 sim test loss: 7.697521269321442 human test loss 8.578678250312805
number of simulation seqeuences: 0number of human seqeuences: 512000 sim test loss: 7.71290323138237 human test loss 8.619441032409668
number of simulation seqeuences: 0number of human seqeuences: 518400 sim test loss: 7.627382665872574 human test loss 8.55607983469963
number of simulation seqeuences: 0number of human seqeuences: 524800 sim test loss: 7.41331347823143 human test loss 8.49288234114647
number of simulation seqeuences: 0number of human seqeuences: 531200 sim test loss: 7.540194988250732 human test loss 8.54527023434639
number of simulation seqeuences: 0number of human seqeuences: 544000 sim test loss: 7.872181922197342 human test loss 8.708850920200348
number of simulation seqeuences: 0number of human seqeuences: 550400 sim test loss: 7.780343115329742 human test loss 8.651260495185852
number of simulation seqeuences: 0number of human seqeuences: 556800 sim test loss: 7.770373046398163 human test loss 8.56299951672554
number of simulation seqeuences: 0number of human seqeuences: 563200 sim test loss: 7.980806678533554 human test loss 8.650881618261337
number of simulation seqeuences: 0number of human seqeuences: 569600 sim test loss: 7.793504446744919 human test loss 8.766438454389572
number of simulation seqeuences: 0number of human seqeuences: 576000 sim test loss: 7.535513550043106 human test loss 8.62627425789833
number of simulation seqeuences: 0number of human seqeuences: 588800 sim test loss: 7.58004230260849 human test loss 8.790490210056305
number of simulation seqeuences: 0number of human seqeuences: 595200 sim test loss: 7.591458112001419 human test loss 8.643063724040985
number of simulation seqeuences: 0number of human seqeuences: 601600 sim test loss: 7.75504943728447 human test loss 8.732943147420883
number of simulation seqeuences: 0number of human seqeuences: 608000 sim test loss: 7.756038963794708 human test loss 8.585101276636124
number of simulation seqeuences: 0number of human seqeuences: 614400 sim test loss: 7.703643977642059 human test loss 8.849134385585785
number of simulation seqeuences: 0number of human seqeuences: 620800 sim test loss: 7.521725535392761 human test loss 8.712513953447342
number of simulation seqeuences: 0number of human seqeuences: 633600 sim test loss: 7.60523584485054 human test loss 8.704966872930527
number of simulation seqeuences: 0number of human seqeuences: 640000 sim test loss: 7.964724957942963 human test loss 9.036109507083893
number of simulation seqeuences: 0number of human seqeuences: 646400 sim test loss: 7.6347701251506805 human test loss 8.605056077241898
number of simulation seqeuences: 0number of human seqeuences: 652800 sim test loss: 7.707546204328537 human test loss 8.666587620973587
number of simulation seqeuences: 0number of human seqeuences: 659200 sim test loss: 7.457979708909988 human test loss 8.474665850400925
number of simulation seqeuences: 0number of human seqeuences: 665600 sim test loss: 7.637563526630402 human test loss 8.80627590417862
number of simulation seqeuences: 0number of human seqeuences: 678400 sim test loss: 7.89779195189476 human test loss 8.937401294708252
number of simulation seqeuences: 0number of human seqeuences: 684800 sim test loss: 7.951821208000183 human test loss 8.860935598611832
number of simulation seqeuences: 0number of human seqeuences: 691200 sim test loss: 7.71459686756134 human test loss 8.81724762916565
number of simulation seqeuences: 0number of human seqeuences: 697600 sim test loss: 7.9911269545555115 human test loss 8.976917326450348
number of simulation seqeuences: 0number of human seqeuences: 704000 sim test loss: 7.737744778394699 human test loss 8.78509896993637
number of simulation seqeuences: 0number of human seqeuences: 710400 sim test loss: 8.32296159863472 human test loss 9.141052633523941
number of simulation seqeuences: 0number of human seqeuences: 723200 sim test loss: 7.572303473949432 human test loss 8.761877566576004
number of simulation seqeuences: 0number of human seqeuences: 729600 sim test loss: 7.611998498439789 human test loss 8.67560675740242
number of simulation seqeuences: 0number of human seqeuences: 736000 sim test loss: 7.704179257154465 human test loss 8.736708790063858
number of simulation seqeuences: 0number of human seqeuences: 742400 sim test loss: 7.952021420001984 human test loss 8.936921030282974
number of simulation seqeuences: 0number of human seqeuences: 748800 sim test loss: 7.869498282670975 human test loss 8.68880769610405
number of simulation seqeuences: 0number of human seqeuences: 755200 sim test loss: 7.801996141672134 human test loss 9.140134453773499
number of simulation seqeuences: 0number of human seqeuences: 768000 sim test loss: 7.738758474588394 human test loss 8.954824656248093
number of simulation seqeuences: 0number of human seqeuences: 774400 sim test loss: 7.574517101049423 human test loss 8.827684611082077
number of simulation seqeuences: 0number of human seqeuences: 780800 sim test loss: 8.063508838415146 human test loss 9.081230580806732
number of simulation seqeuences: 0number of human seqeuences: 787200 sim test loss: 7.8204279243946075 human test loss 8.849883615970612
number of simulation seqeuences: 0number of human seqeuences: 793600 sim test loss: 7.817230582237244 human test loss 8.927941530942917
number of simulation seqeuences: 0number of human seqeuences: 800000 sim test loss: 8.110265254974365 human test loss 8.86182489991188
number of simulation seqeuences: 0number of human seqeuences: 812800 sim test loss: 7.980508953332901 human test loss 8.993740200996399
number of simulation seqeuences: 0number of human seqeuences: 819200 sim test loss: 7.99834930896759 human test loss 9.030404061079025
number of simulation seqeuences: 0number of human seqeuences: 825600 sim test loss: 7.912187904119492 human test loss 9.044081151485443
number of simulation seqeuences: 0number of human seqeuences: 832000 sim test loss: 7.863094627857208 human test loss 8.86135283112526
number of simulation seqeuences: 0number of human seqeuences: 838400 sim test loss: 8.075500041246414 human test loss 9.088036239147186
number of simulation seqeuences: 0number of human seqeuences: 844800 sim test loss: 7.883921056985855 human test loss 8.850894927978516
number of simulation seqeuences: 0number of human seqeuences: 857600 sim test loss: 8.151716589927673 human test loss 9.193665087223053
number of simulation seqeuences: 0number of human seqeuences: 864000 sim test loss: 8.08210664987564 human test loss 9.042662382125854
number of simulation seqeuences: 0number of human seqeuences: 870400 sim test loss: 7.982588142156601 human test loss 8.895396322011948
number of simulation seqeuences: 0number of human seqeuences: 876800 sim test loss: 7.943134158849716 human test loss 8.970073014497757
number of simulation seqeuences: 0number of human seqeuences: 883200 sim test loss: 7.790501683950424 human test loss 8.866130977869034
number of simulation seqeuences: 0number of human seqeuences: 889600 sim test loss: 7.932812333106995 human test loss 8.99583524465561
number of simulation seqeuences: 0number of human seqeuences: 902400 sim test loss: 7.981688290834427 human test loss 9.091583847999573
number of simulation seqeuences: 0number of human seqeuences: 908800 sim test loss: 7.886171758174896 human test loss 8.982983231544495
number of simulation seqeuences: 0number of human seqeuences: 915200 sim test loss: 7.919019192457199 human test loss 8.913273870944977
number of simulation seqeuences: 0number of human seqeuences: 921600 sim test loss: 7.925433427095413 human test loss 8.89728531241417
number of simulation seqeuences: 0number of human seqeuences: 928000 sim test loss: 8.003851115703583 human test loss 8.995548754930496
number of simulation seqeuences: 0number of human seqeuences: 934400 sim test loss: 8.005420833826065 human test loss 9.010146915912628
number of simulation seqeuences: 0number of human seqeuences: 947200 sim test loss: 7.9230799078941345 human test loss 9.078045427799225
number of simulation seqeuences: 0number of human seqeuences: 953600 sim test loss: 7.738026946783066 human test loss 8.91415536403656
number of simulation seqeuences: 0number of human seqeuences: 960000 sim test loss: 7.955337315797806 human test loss 9.093939542770386
number of simulation seqeuences: 0number of human seqeuences: 966400 sim test loss: 7.736106902360916 human test loss 8.808710128068924
number of simulation seqeuences: 0number of human seqeuences: 972800 sim test loss: 7.951203763484955 human test loss 9.101534575223923
number of simulation seqeuences: 0number of human seqeuences: 979200 sim test loss: 7.929193526506424 human test loss 8.849362045526505
number of simulation seqeuences: 0number of human seqeuences: 992000 sim test loss: 8.062174409627914 human test loss 9.449266284704208
number of simulation seqeuences: 0number of human seqeuences: 998400 sim test loss: 7.981941670179367 human test loss 9.002003192901611
number of simulation seqeuences: 0number of human seqeuences: 1004800 sim test loss: 8.197620660066605 human test loss 9.356611281633377
Evaluating trained model performance
Saving results
