[32m[I 2022-06-22 21:12:46,402][0m A new study created in memory with name: no-name-0962a21b-0068-4e0a-88f2-ce36aa6aadb8[0m
/home/erussek/.conda/envs/pDL/lib/python3.8/site-packages/optuna/distributions.py:560: UserWarning: The distribution is specified by [2, 200] and step=5, but the range is not divisible by `step`. It will be replaced by [2, 197].
  warnings.warn(
[32m[I 2022-06-22 21:14:53,085][0m Trial 0 finished with value: 5.106959331127196 and parameters: {'hidden_size': 77, 'lr': 0.0002591400494209278}. Best is trial 0 with value: 5.106959331127196.[0m
/home/erussek/.conda/envs/pDL/lib/python3.8/site-packages/optuna/distributions.py:560: UserWarning: The distribution is specified by [2, 200] and step=5, but the range is not divisible by `step`. It will be replaced by [2, 197].
  warnings.warn(
[32m[I 2022-06-22 21:16:44,560][0m Trial 1 finished with value: 5.071262153597709 and parameters: {'hidden_size': 72, 'lr': 0.00504649860800082}. Best is trial 1 with value: 5.071262153597709.[0m
/home/erussek/.conda/envs/pDL/lib/python3.8/site-packages/optuna/distributions.py:560: UserWarning: The distribution is specified by [2, 200] and step=5, but the range is not divisible by `step`. It will be replaced by [2, 197].
  warnings.warn(
[32m[I 2022-06-22 21:18:35,698][0m Trial 2 finished with value: 5.032282193132918 and parameters: {'hidden_size': 47, 'lr': 0.004345384218426116}. Best is trial 2 with value: 5.032282193132918.[0m
/home/erussek/.conda/envs/pDL/lib/python3.8/site-packages/optuna/distributions.py:560: UserWarning: The distribution is specified by [2, 200] and step=5, but the range is not divisible by `step`. It will be replaced by [2, 197].
  warnings.warn(
[32m[I 2022-06-22 21:20:35,447][0m Trial 3 finished with value: 5.055040843622633 and parameters: {'hidden_size': 147, 'lr': 0.0053057100899923295}. Best is trial 2 with value: 5.032282193132918.[0m
/home/erussek/.conda/envs/pDL/lib/python3.8/site-packages/optuna/distributions.py:560: UserWarning: The distribution is specified by [2, 200] and step=5, but the range is not divisible by `step`. It will be replaced by [2, 197].
  warnings.warn(
[32m[I 2022-06-22 21:22:26,138][0m Trial 4 finished with value: 5.007198613790483 and parameters: {'hidden_size': 92, 'lr': 0.002504911933761174}. Best is trial 4 with value: 5.007198613790483.[0m
/home/erussek/.conda/envs/pDL/lib/python3.8/site-packages/optuna/distributions.py:560: UserWarning: The distribution is specified by [2, 200] and step=5, but the range is not divisible by `step`. It will be replaced by [2, 197].
  warnings.warn(
[32m[I 2022-06-22 21:24:28,315][0m Trial 5 finished with value: 5.111986266437169 and parameters: {'hidden_size': 197, 'lr': 0.008950644083361213}. Best is trial 4 with value: 5.007198613790483.[0m
/home/erussek/.conda/envs/pDL/lib/python3.8/site-packages/optuna/distributions.py:560: UserWarning: The distribution is specified by [2, 200] and step=5, but the range is not divisible by `step`. It will be replaced by [2, 197].
  warnings.warn(
[32m[I 2022-06-22 21:26:19,703][0m Trial 6 finished with value: 5.070854921041774 and parameters: {'hidden_size': 82, 'lr': 0.0007862390540159364}. Best is trial 4 with value: 5.007198613790483.[0m
/home/erussek/.conda/envs/pDL/lib/python3.8/site-packages/optuna/distributions.py:560: UserWarning: The distribution is specified by [2, 200] and step=5, but the range is not divisible by `step`. It will be replaced by [2, 197].
  warnings.warn(
[32m[I 2022-06-22 21:28:11,034][0m Trial 7 finished with value: 5.213299865911925 and parameters: {'hidden_size': 87, 'lr': 0.00010869691597718244}. Best is trial 4 with value: 5.007198613790483.[0m
/home/erussek/.conda/envs/pDL/lib/python3.8/site-packages/optuna/distributions.py:560: UserWarning: The distribution is specified by [2, 200] and step=5, but the range is not divisible by `step`. It will be replaced by [2, 197].
  warnings.warn(
[32m[I 2022-06-22 21:30:13,567][0m Trial 8 finished with value: 5.050968526076721 and parameters: {'hidden_size': 197, 'lr': 0.0013182802687393628}. Best is trial 4 with value: 5.007198613790483.[0m
/home/erussek/.conda/envs/pDL/lib/python3.8/site-packages/optuna/distributions.py:560: UserWarning: The distribution is specified by [2, 200] and step=5, but the range is not divisible by `step`. It will be replaced by [2, 197].
  warnings.warn(
[32m[I 2022-06-22 21:32:08,459][0m Trial 9 finished with value: 5.041425819242809 and parameters: {'hidden_size': 117, 'lr': 0.0014785908132000168}. Best is trial 4 with value: 5.007198613790483.[0m
/home/erussek/.conda/envs/pDL/lib/python3.8/site-packages/optuna/distributions.py:560: UserWarning: The distribution is specified by [2, 200] and step=5, but the range is not divisible by `step`. It will be replaced by [2, 197].
  warnings.warn(
[32m[I 2022-06-22 21:33:59,155][0m Trial 10 finished with value: 5.275476809653064 and parameters: {'hidden_size': 2, 'lr': 0.0005674988568459653}. Best is trial 4 with value: 5.007198613790483.[0m
/home/erussek/.conda/envs/pDL/lib/python3.8/site-packages/optuna/distributions.py:560: UserWarning: The distribution is specified by [2, 200] and step=5, but the range is not divisible by `step`. It will be replaced by [2, 197].
  warnings.warn(
[32m[I 2022-06-22 21:35:49,700][0m Trial 11 finished with value: 5.036251615661359 and parameters: {'hidden_size': 32, 'lr': 0.0024497872215403244}. Best is trial 4 with value: 5.007198613790483.[0m
/home/erussek/.conda/envs/pDL/lib/python3.8/site-packages/optuna/distributions.py:560: UserWarning: The distribution is specified by [2, 200] and step=5, but the range is not divisible by `step`. It will be replaced by [2, 197].
  warnings.warn(
[32m[I 2022-06-22 21:37:41,447][0m Trial 12 finished with value: 5.027890012526786 and parameters: {'hidden_size': 42, 'lr': 0.002780576122084192}. Best is trial 4 with value: 5.007198613790483.[0m
/home/erussek/.conda/envs/pDL/lib/python3.8/site-packages/optuna/distributions.py:560: UserWarning: The distribution is specified by [2, 200] and step=5, but the range is not divisible by `step`. It will be replaced by [2, 197].
  warnings.warn(
[32m[I 2022-06-22 21:39:38,664][0m Trial 13 finished with value: 5.034475126583963 and parameters: {'hidden_size': 132, 'lr': 0.002574375376553585}. Best is trial 4 with value: 5.007198613790483.[0m
/home/erussek/.conda/envs/pDL/lib/python3.8/site-packages/optuna/distributions.py:560: UserWarning: The distribution is specified by [2, 200] and step=5, but the range is not divisible by `step`. It will be replaced by [2, 197].
  warnings.warn(
[32m[I 2022-06-22 21:41:28,541][0m Trial 14 finished with value: 5.048918397035855 and parameters: {'hidden_size': 32, 'lr': 0.0021736276296370365}. Best is trial 4 with value: 5.007198613790483.[0m
/home/erussek/.conda/envs/pDL/lib/python3.8/site-packages/optuna/distributions.py:560: UserWarning: The distribution is specified by [2, 200] and step=5, but the range is not divisible by `step`. It will be replaced by [2, 197].
  warnings.warn(
[32m[I 2022-06-22 21:43:17,509][0m Trial 15 finished with value: 5.527851661402499 and parameters: {'hidden_size': 2, 'lr': 0.0003995161956638208}. Best is trial 4 with value: 5.007198613790483.[0m
/home/erussek/.conda/envs/pDL/lib/python3.8/site-packages/optuna/distributions.py:560: UserWarning: The distribution is specified by [2, 200] and step=5, but the range is not divisible by `step`. It will be replaced by [2, 197].
  warnings.warn(
[32m[I 2022-06-22 21:45:07,908][0m Trial 16 finished with value: 5.0523474846850895 and parameters: {'hidden_size': 57, 'lr': 0.008297280050423695}. Best is trial 4 with value: 5.007198613790483.[0m
/home/erussek/.conda/envs/pDL/lib/python3.8/site-packages/optuna/distributions.py:560: UserWarning: The distribution is specified by [2, 200] and step=5, but the range is not divisible by `step`. It will be replaced by [2, 197].
  warnings.warn(
[32m[I 2022-06-22 21:47:02,329][0m Trial 17 finished with value: 5.056098724373172 and parameters: {'hidden_size': 112, 'lr': 0.0030853633348777816}. Best is trial 4 with value: 5.007198613790483.[0m
/home/erussek/.conda/envs/pDL/lib/python3.8/site-packages/optuna/distributions.py:560: UserWarning: The distribution is specified by [2, 200] and step=5, but the range is not divisible by `step`. It will be replaced by [2, 197].
  warnings.warn(
[32m[I 2022-06-22 21:48:51,538][0m Trial 18 finished with value: 5.065756447069472 and parameters: {'hidden_size': 27, 'lr': 0.0013914895377120744}. Best is trial 4 with value: 5.007198613790483.[0m
/home/erussek/.conda/envs/pDL/lib/python3.8/site-packages/optuna/distributions.py:560: UserWarning: The distribution is specified by [2, 200] and step=5, but the range is not divisible by `step`. It will be replaced by [2, 197].
  warnings.warn(
[32m[I 2022-06-22 21:50:50,811][0m Trial 19 finished with value: 5.045366630129869 and parameters: {'hidden_size': 157, 'lr': 0.0008720758578625144}. Best is trial 4 with value: 5.007198613790483.[0m
/home/erussek/.conda/envs/pDL/lib/python3.8/site-packages/optuna/distributions.py:560: UserWarning: The distribution is specified by [2, 200] and step=5, but the range is not divisible by `step`. It will be replaced by [2, 197].
  warnings.warn(
[32m[I 2022-06-22 21:52:41,749][0m Trial 20 finished with value: 5.045625517066096 and parameters: {'hidden_size': 102, 'lr': 0.0035622535793880454}. Best is trial 4 with value: 5.007198613790483.[0m
/home/erussek/.conda/envs/pDL/lib/python3.8/site-packages/optuna/distributions.py:560: UserWarning: The distribution is specified by [2, 200] and step=5, but the range is not divisible by `step`. It will be replaced by [2, 197].
  warnings.warn(
[32m[I 2022-06-22 21:54:29,760][0m Trial 21 finished with value: 5.026703758864031 and parameters: {'hidden_size': 52, 'lr': 0.005002069107457329}. Best is trial 4 with value: 5.007198613790483.[0m
/home/erussek/.conda/envs/pDL/lib/python3.8/site-packages/optuna/distributions.py:560: UserWarning: The distribution is specified by [2, 200] and step=5, but the range is not divisible by `step`. It will be replaced by [2, 197].
  warnings.warn(
[32m[I 2022-06-22 21:56:19,970][0m Trial 22 finished with value: 5.02795462274063 and parameters: {'hidden_size': 57, 'lr': 0.006137726015998854}. Best is trial 4 with value: 5.007198613790483.[0m
/home/erussek/.conda/envs/pDL/lib/python3.8/site-packages/optuna/distributions.py:560: UserWarning: The distribution is specified by [2, 200] and step=5, but the range is not divisible by `step`. It will be replaced by [2, 197].
  warnings.warn(
[32m[I 2022-06-22 21:58:08,074][0m Trial 23 finished with value: 5.039145689424266 and parameters: {'hidden_size': 52, 'lr': 0.002047462424468414}. Best is trial 4 with value: 5.007198613790483.[0m
/home/erussek/.conda/envs/pDL/lib/python3.8/site-packages/optuna/distributions.py:560: UserWarning: The distribution is specified by [2, 200] and step=5, but the range is not divisible by `step`. It will be replaced by [2, 197].
  warnings.warn(
[32m[I 2022-06-22 21:59:57,709][0m Trial 24 finished with value: 5.042045254522646 and parameters: {'hidden_size': 17, 'lr': 0.003704602492278107}. Best is trial 4 with value: 5.007198613790483.[0m
/home/erussek/.conda/envs/pDL/lib/python3.8/site-packages/optuna/distributions.py:560: UserWarning: The distribution is specified by [2, 200] and step=5, but the range is not divisible by `step`. It will be replaced by [2, 197].
  warnings.warn(
[32m[I 2022-06-22 22:01:48,873][0m Trial 25 finished with value: 5.0314212727638274 and parameters: {'hidden_size': 67, 'lr': 0.006709225342116054}. Best is trial 4 with value: 5.007198613790483.[0m
/home/erussek/.conda/envs/pDL/lib/python3.8/site-packages/optuna/distributions.py:560: UserWarning: The distribution is specified by [2, 200] and step=5, but the range is not divisible by `step`. It will be replaced by [2, 197].
  warnings.warn(
[32m[I 2022-06-22 22:03:40,230][0m Trial 26 finished with value: 5.044979180859237 and parameters: {'hidden_size': 97, 'lr': 0.0014290310253448869}. Best is trial 4 with value: 5.007198613790483.[0m
/home/erussek/.conda/envs/pDL/lib/python3.8/site-packages/optuna/distributions.py:560: UserWarning: The distribution is specified by [2, 200] and step=5, but the range is not divisible by `step`. It will be replaced by [2, 197].
  warnings.warn(
[32m[I 2022-06-22 22:05:30,961][0m Trial 27 finished with value: 5.040664457786404 and parameters: {'hidden_size': 42, 'lr': 0.0018761832016498}. Best is trial 4 with value: 5.007198613790483.[0m
/home/erussek/.conda/envs/pDL/lib/python3.8/site-packages/optuna/distributions.py:560: UserWarning: The distribution is specified by [2, 200] and step=5, but the range is not divisible by `step`. It will be replaced by [2, 197].
  warnings.warn(
[32m[I 2022-06-22 22:07:21,275][0m Trial 28 finished with value: 5.033997168270788 and parameters: {'hidden_size': 67, 'lr': 0.0032567360503917542}. Best is trial 4 with value: 5.007198613790483.[0m
/home/erussek/.conda/envs/pDL/lib/python3.8/site-packages/optuna/distributions.py:560: UserWarning: The distribution is specified by [2, 200] and step=5, but the range is not divisible by `step`. It will be replaced by [2, 197].
  warnings.warn(
[32m[I 2022-06-22 22:09:11,169][0m Trial 29 finished with value: 5.117641782562192 and parameters: {'hidden_size': 87, 'lr': 0.00027157076120885284}. Best is trial 4 with value: 5.007198613790483.[0m
/home/erussek/.conda/envs/pDL/lib/python3.8/site-packages/optuna/distributions.py:560: UserWarning: The distribution is specified by [2, 200] and step=5, but the range is not divisible by `step`. It will be replaced by [2, 197].
  warnings.warn(
[32m[I 2022-06-22 22:11:00,107][0m Trial 30 finished with value: 5.030499059663997 and parameters: {'hidden_size': 17, 'lr': 0.009513391534856076}. Best is trial 4 with value: 5.007198613790483.[0m
/home/erussek/.conda/envs/pDL/lib/python3.8/site-packages/optuna/distributions.py:560: UserWarning: The distribution is specified by [2, 200] and step=5, but the range is not divisible by `step`. It will be replaced by [2, 197].
  warnings.warn(
[32m[I 2022-06-22 22:12:50,253][0m Trial 31 finished with value: 5.042140152634488 and parameters: {'hidden_size': 57, 'lr': 0.005454425447610133}. Best is trial 4 with value: 5.007198613790483.[0m
/home/erussek/.conda/envs/pDL/lib/python3.8/site-packages/optuna/distributions.py:560: UserWarning: The distribution is specified by [2, 200] and step=5, but the range is not divisible by `step`. It will be replaced by [2, 197].
  warnings.warn(
[32m[I 2022-06-22 22:14:40,753][0m Trial 32 finished with value: 5.063131413256771 and parameters: {'hidden_size': 72, 'lr': 0.006663051696550374}. Best is trial 4 with value: 5.007198613790483.[0m
/home/erussek/.conda/envs/pDL/lib/python3.8/site-packages/optuna/distributions.py:560: UserWarning: The distribution is specified by [2, 200] and step=5, but the range is not divisible by `step`. It will be replaced by [2, 197].
  warnings.warn(
[32m[I 2022-06-22 22:16:31,004][0m Trial 33 finished with value: 5.02445363254309 and parameters: {'hidden_size': 47, 'lr': 0.0043410199241576694}. Best is trial 4 with value: 5.007198613790483.[0m
/home/erussek/.conda/envs/pDL/lib/python3.8/site-packages/optuna/distributions.py:560: UserWarning: The distribution is specified by [2, 200] and step=5, but the range is not divisible by `step`. It will be replaced by [2, 197].
  warnings.warn(
[32m[I 2022-06-22 22:18:21,395][0m Trial 34 finished with value: 5.012132065702187 and parameters: {'hidden_size': 42, 'lr': 0.004197156231010707}. Best is trial 4 with value: 5.007198613790483.[0m
/home/erussek/.conda/envs/pDL/lib/python3.8/site-packages/optuna/distributions.py:560: UserWarning: The distribution is specified by [2, 200] and step=5, but the range is not divisible by `step`. It will be replaced by [2, 197].
  warnings.warn(
[32m[I 2022-06-22 22:20:11,609][0m Trial 35 finished with value: 5.033571031769778 and parameters: {'hidden_size': 42, 'lr': 0.004393498155938904}. Best is trial 4 with value: 5.007198613790483.[0m
/home/erussek/.conda/envs/pDL/lib/python3.8/site-packages/optuna/distributions.py:560: UserWarning: The distribution is specified by [2, 200] and step=5, but the range is not divisible by `step`. It will be replaced by [2, 197].
  warnings.warn(
[32m[I 2022-06-22 22:22:00,442][0m Trial 36 finished with value: 5.026974984992024 and parameters: {'hidden_size': 17, 'lr': 0.004614015460466091}. Best is trial 4 with value: 5.007198613790483.[0m
/home/erussek/.conda/envs/pDL/lib/python3.8/site-packages/optuna/distributions.py:560: UserWarning: The distribution is specified by [2, 200] and step=5, but the range is not divisible by `step`. It will be replaced by [2, 197].
  warnings.warn(
[32m[I 2022-06-22 22:23:50,556][0m Trial 37 finished with value: 5.032620726146099 and parameters: {'hidden_size': 72, 'lr': 0.004016925172765372}. Best is trial 4 with value: 5.007198613790483.[0m
/home/erussek/.conda/envs/pDL/lib/python3.8/site-packages/optuna/distributions.py:560: UserWarning: The distribution is specified by [2, 200] and step=5, but the range is not divisible by `step`. It will be replaced by [2, 197].
  warnings.warn(
[32m[I 2022-06-22 22:25:50,140][0m Trial 38 finished with value: 5.099187129400145 and parameters: {'hidden_size': 177, 'lr': 0.006828840521384555}. Best is trial 4 with value: 5.007198613790483.[0m
/home/erussek/.conda/envs/pDL/lib/python3.8/site-packages/optuna/distributions.py:560: UserWarning: The distribution is specified by [2, 200] and step=5, but the range is not divisible by `step`. It will be replaced by [2, 197].
  warnings.warn(
[32m[I 2022-06-22 22:27:43,649][0m Trial 39 finished with value: 5.046555491362278 and parameters: {'hidden_size': 127, 'lr': 0.0017866067568359685}. Best is trial 4 with value: 5.007198613790483.[0m
/home/erussek/.conda/envs/pDL/lib/python3.8/site-packages/optuna/distributions.py:560: UserWarning: The distribution is specified by [2, 200] and step=5, but the range is not divisible by `step`. It will be replaced by [2, 197].
  warnings.warn(
[32m[I 2022-06-22 22:29:33,515][0m Trial 40 finished with value: 5.044579604714537 and parameters: {'hidden_size': 92, 'lr': 0.0010218044408823708}. Best is trial 4 with value: 5.007198613790483.[0m
/home/erussek/.conda/envs/pDL/lib/python3.8/site-packages/optuna/distributions.py:560: UserWarning: The distribution is specified by [2, 200] and step=5, but the range is not divisible by `step`. It will be replaced by [2, 197].
  warnings.warn(
[32m[I 2022-06-22 22:31:22,503][0m Trial 41 finished with value: 5.0345619494493725 and parameters: {'hidden_size': 17, 'lr': 0.004750118512406689}. Best is trial 4 with value: 5.007198613790483.[0m
/home/erussek/.conda/envs/pDL/lib/python3.8/site-packages/optuna/distributions.py:560: UserWarning: The distribution is specified by [2, 200] and step=5, but the range is not divisible by `step`. It will be replaced by [2, 197].
  warnings.warn(
[32m[I 2022-06-22 22:33:10,983][0m Trial 42 finished with value: 5.00708945566805 and parameters: {'hidden_size': 27, 'lr': 0.005118855867967107}. Best is trial 42 with value: 5.00708945566805.[0m
/home/erussek/.conda/envs/pDL/lib/python3.8/site-packages/optuna/distributions.py:560: UserWarning: The distribution is specified by [2, 200] and step=5, but the range is not divisible by `step`. It will be replaced by [2, 197].
  warnings.warn(
[32m[I 2022-06-22 22:35:01,267][0m Trial 43 finished with value: 5.046016091344909 and parameters: {'hidden_size': 47, 'lr': 0.00781542696409025}. Best is trial 42 with value: 5.00708945566805.[0m
/home/erussek/.conda/envs/pDL/lib/python3.8/site-packages/optuna/distributions.py:560: UserWarning: The distribution is specified by [2, 200] and step=5, but the range is not divisible by `step`. It will be replaced by [2, 197].
  warnings.warn(
[32m[I 2022-06-22 22:36:50,436][0m Trial 44 finished with value: 5.022249431257516 and parameters: {'hidden_size': 32, 'lr': 0.005245426723008845}. Best is trial 42 with value: 5.00708945566805.[0m
/home/erussek/.conda/envs/pDL/lib/python3.8/site-packages/optuna/distributions.py:560: UserWarning: The distribution is specified by [2, 200] and step=5, but the range is not divisible by `step`. It will be replaced by [2, 197].
  warnings.warn(
[32m[I 2022-06-22 22:38:39,886][0m Trial 45 finished with value: 5.043957159209342 and parameters: {'hidden_size': 32, 'lr': 0.0029345397585442724}. Best is trial 42 with value: 5.00708945566805.[0m
/home/erussek/.conda/envs/pDL/lib/python3.8/site-packages/optuna/distributions.py:560: UserWarning: The distribution is specified by [2, 200] and step=5, but the range is not divisible by `step`. It will be replaced by [2, 197].
  warnings.warn(
[32m[I 2022-06-22 22:40:27,940][0m Trial 46 finished with value: 5.060509157547114 and parameters: {'hidden_size': 7, 'lr': 0.005989515724854187}. Best is trial 42 with value: 5.00708945566805.[0m
/home/erussek/.conda/envs/pDL/lib/python3.8/site-packages/optuna/distributions.py:560: UserWarning: The distribution is specified by [2, 200] and step=5, but the range is not divisible by `step`. It will be replaced by [2, 197].
  warnings.warn(
[32m[I 2022-06-22 22:42:17,287][0m Trial 47 finished with value: 5.04457605182743 and parameters: {'hidden_size': 32, 'lr': 0.0023310949304667663}. Best is trial 42 with value: 5.00708945566805.[0m
/home/erussek/.conda/envs/pDL/lib/python3.8/site-packages/optuna/distributions.py:560: UserWarning: The distribution is specified by [2, 200] and step=5, but the range is not divisible by `step`. It will be replaced by [2, 197].
  warnings.warn(
[32m[I 2022-06-22 22:44:06,680][0m Trial 48 finished with value: 5.033214248249381 and parameters: {'hidden_size': 22, 'lr': 0.009824615092040122}. Best is trial 42 with value: 5.00708945566805.[0m
/home/erussek/.conda/envs/pDL/lib/python3.8/site-packages/optuna/distributions.py:560: UserWarning: The distribution is specified by [2, 200] and step=5, but the range is not divisible by `step`. It will be replaced by [2, 197].
  warnings.warn(
[32m[I 2022-06-22 22:45:54,829][0m Trial 49 finished with value: 6.556906135034928 and parameters: {'hidden_size': 7, 'lr': 0.00010809436673921132}. Best is trial 42 with value: 5.00708945566805.[0m
/home/erussek/.conda/envs/pDL/lib/python3.8/site-packages/optuna/distributions.py:560: UserWarning: The distribution is specified by [2, 200] and step=5, but the range is not divisible by `step`. It will be replaced by [2, 197].
  warnings.warn(
[32m[I 2022-06-22 22:47:53,236][0m Trial 50 finished with value: 5.044246141072577 and parameters: {'hidden_size': 142, 'lr': 0.003930991096899891}. Best is trial 42 with value: 5.00708945566805.[0m
/home/erussek/.conda/envs/pDL/lib/python3.8/site-packages/optuna/distributions.py:560: UserWarning: The distribution is specified by [2, 200] and step=5, but the range is not divisible by `step`. It will be replaced by [2, 197].
  warnings.warn(
[32m[I 2022-06-22 22:49:45,063][0m Trial 51 finished with value: 5.026740711606877 and parameters: {'hidden_size': 37, 'lr': 0.004873835346305063}. Best is trial 42 with value: 5.00708945566805.[0m
/home/erussek/.conda/envs/pDL/lib/python3.8/site-packages/optuna/distributions.py:560: UserWarning: The distribution is specified by [2, 200] and step=5, but the range is not divisible by `step`. It will be replaced by [2, 197].
  warnings.warn(
[32m[I 2022-06-22 22:51:35,648][0m Trial 52 finished with value: 5.072993158683581 and parameters: {'hidden_size': 62, 'lr': 0.007910527684727877}. Best is trial 42 with value: 5.00708945566805.[0m
/home/erussek/.conda/envs/pDL/lib/python3.8/site-packages/optuna/distributions.py:560: UserWarning: The distribution is specified by [2, 200] and step=5, but the range is not divisible by `step`. It will be replaced by [2, 197].
  warnings.warn(
[32m[I 2022-06-22 22:53:27,067][0m Trial 53 finished with value: 5.038479362498783 and parameters: {'hidden_size': 82, 'lr': 0.005371821859050257}. Best is trial 42 with value: 5.00708945566805.[0m
/home/erussek/.conda/envs/pDL/lib/python3.8/site-packages/optuna/distributions.py:560: UserWarning: The distribution is specified by [2, 200] and step=5, but the range is not divisible by `step`. It will be replaced by [2, 197].
  warnings.warn(
[32m[I 2022-06-22 22:55:17,930][0m Trial 54 finished with value: 5.0306986342547955 and parameters: {'hidden_size': 47, 'lr': 0.002758417863629013}. Best is trial 42 with value: 5.00708945566805.[0m
/home/erussek/.conda/envs/pDL/lib/python3.8/site-packages/optuna/distributions.py:560: UserWarning: The distribution is specified by [2, 200] and step=5, but the range is not divisible by `step`. It will be replaced by [2, 197].
  warnings.warn(
[32m[I 2022-06-22 22:57:07,059][0m Trial 55 finished with value: 5.022740711590393 and parameters: {'hidden_size': 27, 'lr': 0.003496057424204781}. Best is trial 42 with value: 5.00708945566805.[0m
/home/erussek/.conda/envs/pDL/lib/python3.8/site-packages/optuna/distributions.py:560: UserWarning: The distribution is specified by [2, 200] and step=5, but the range is not divisible by `step`. It will be replaced by [2, 197].
  warnings.warn(
[32m[I 2022-06-22 22:58:56,059][0m Trial 56 finished with value: 5.029734846609961 and parameters: {'hidden_size': 27, 'lr': 0.0035186047719284975}. Best is trial 42 with value: 5.00708945566805.[0m
/home/erussek/.conda/envs/pDL/lib/python3.8/site-packages/optuna/distributions.py:560: UserWarning: The distribution is specified by [2, 200] and step=5, but the range is not divisible by `step`. It will be replaced by [2, 197].
  warnings.warn(
[32m[I 2022-06-22 23:00:46,989][0m Trial 57 finished with value: 5.074440171830022 and parameters: {'hidden_size': 37, 'lr': 0.0011086468243852786}. Best is trial 42 with value: 5.00708945566805.[0m
/home/erussek/.conda/envs/pDL/lib/python3.8/site-packages/optuna/distributions.py:560: UserWarning: The distribution is specified by [2, 200] and step=5, but the range is not divisible by `step`. It will be replaced by [2, 197].
  warnings.warn(
[32m[I 2022-06-22 23:02:34,816][0m Trial 58 finished with value: 5.102584566486935 and parameters: {'hidden_size': 7, 'lr': 0.0016307905334116096}. Best is trial 42 with value: 5.00708945566805.[0m
/home/erussek/.conda/envs/pDL/lib/python3.8/site-packages/optuna/distributions.py:560: UserWarning: The distribution is specified by [2, 200] and step=5, but the range is not divisible by `step`. It will be replaced by [2, 197].
  warnings.warn(
[32m[I 2022-06-22 23:04:24,084][0m Trial 59 finished with value: 5.046539701550016 and parameters: {'hidden_size': 22, 'lr': 0.0024431897764959154}. Best is trial 42 with value: 5.00708945566805.[0m
/home/erussek/.conda/envs/pDL/lib/python3.8/site-packages/optuna/distributions.py:560: UserWarning: The distribution is specified by [2, 200] and step=5, but the range is not divisible by `step`. It will be replaced by [2, 197].
  warnings.warn(
[32m[I 2022-06-22 23:06:17,099][0m Trial 60 finished with value: 5.026956751389326 and parameters: {'hidden_size': 107, 'lr': 0.002960152672820324}. Best is trial 42 with value: 5.00708945566805.[0m
/home/erussek/.conda/envs/pDL/lib/python3.8/site-packages/optuna/distributions.py:560: UserWarning: The distribution is specified by [2, 200] and step=5, but the range is not divisible by `step`. It will be replaced by [2, 197].
  warnings.warn(
[32m[I 2022-06-22 23:08:08,041][0m Trial 61 finished with value: 5.026564368059937 and parameters: {'hidden_size': 47, 'lr': 0.00566246717628319}. Best is trial 42 with value: 5.00708945566805.[0m
/home/erussek/.conda/envs/pDL/lib/python3.8/site-packages/optuna/distributions.py:560: UserWarning: The distribution is specified by [2, 200] and step=5, but the range is not divisible by `step`. It will be replaced by [2, 197].
  warnings.warn(
[32m[I 2022-06-22 23:09:56,984][0m Trial 62 finished with value: 5.088187382216643 and parameters: {'hidden_size': 52, 'lr': 0.0005678717998564331}. Best is trial 42 with value: 5.00708945566805.[0m
/home/erussek/.conda/envs/pDL/lib/python3.8/site-packages/optuna/distributions.py:560: UserWarning: The distribution is specified by [2, 200] and step=5, but the range is not divisible by `step`. It will be replaced by [2, 197].
  warnings.warn(
[32m[I 2022-06-22 23:11:48,272][0m Trial 63 finished with value: 5.020072631318499 and parameters: {'hidden_size': 37, 'lr': 0.004025363908380914}. Best is trial 42 with value: 5.00708945566805.[0m
/home/erussek/.conda/envs/pDL/lib/python3.8/site-packages/optuna/distributions.py:560: UserWarning: The distribution is specified by [2, 200] and step=5, but the range is not divisible by `step`. It will be replaced by [2, 197].
  warnings.warn(
[32m[I 2022-06-22 23:13:39,627][0m Trial 64 finished with value: 5.014252177884423 and parameters: {'hidden_size': 37, 'lr': 0.00338267917848398}. Best is trial 42 with value: 5.00708945566805.[0m
/home/erussek/.conda/envs/pDL/lib/python3.8/site-packages/optuna/distributions.py:560: UserWarning: The distribution is specified by [2, 200] and step=5, but the range is not divisible by `step`. It will be replaced by [2, 197].
  warnings.warn(
[32m[I 2022-06-22 23:15:28,913][0m Trial 65 finished with value: 5.025053035777907 and parameters: {'hidden_size': 27, 'lr': 0.0033545972996787453}. Best is trial 42 with value: 5.00708945566805.[0m
/home/erussek/.conda/envs/pDL/lib/python3.8/site-packages/optuna/distributions.py:560: UserWarning: The distribution is specified by [2, 200] and step=5, but the range is not divisible by `step`. It will be replaced by [2, 197].
  warnings.warn(
[32m[I 2022-06-22 23:17:17,566][0m Trial 66 finished with value: 5.0419212788076315 and parameters: {'hidden_size': 12, 'lr': 0.003929616208185253}. Best is trial 42 with value: 5.00708945566805.[0m
/home/erussek/.conda/envs/pDL/lib/python3.8/site-packages/optuna/distributions.py:560: UserWarning: The distribution is specified by [2, 200] and step=5, but the range is not divisible by `step`. It will be replaced by [2, 197].
  warnings.warn(
[32m[I 2022-06-22 23:19:09,223][0m Trial 67 finished with value: 5.044824566334372 and parameters: {'hidden_size': 37, 'lr': 0.0021262581219741853}. Best is trial 42 with value: 5.00708945566805.[0m
/home/erussek/.conda/envs/pDL/lib/python3.8/site-packages/optuna/distributions.py:560: UserWarning: The distribution is specified by [2, 200] and step=5, but the range is not divisible by `step`. It will be replaced by [2, 197].
  warnings.warn(
[32m[I 2022-06-22 23:20:58,776][0m Trial 68 finished with value: 5.216760752486511 and parameters: {'hidden_size': 22, 'lr': 0.00017459382970906167}. Best is trial 42 with value: 5.00708945566805.[0m
/home/erussek/.conda/envs/pDL/lib/python3.8/site-packages/optuna/distributions.py:560: UserWarning: The distribution is specified by [2, 200] and step=5, but the range is not divisible by `step`. It will be replaced by [2, 197].
  warnings.warn(
[32m[I 2022-06-22 23:22:48,683][0m Trial 69 finished with value: 5.064989954958194 and parameters: {'hidden_size': 62, 'lr': 0.0071712371204235075}. Best is trial 42 with value: 5.00708945566805.[0m
/home/erussek/.conda/envs/pDL/lib/python3.8/site-packages/optuna/distributions.py:560: UserWarning: The distribution is specified by [2, 200] and step=5, but the range is not divisible by `step`. It will be replaced by [2, 197].
  warnings.warn(
[32m[I 2022-06-22 23:24:48,592][0m Trial 70 finished with value: 5.066244756786222 and parameters: {'hidden_size': 162, 'lr': 0.003230817005073717}. Best is trial 42 with value: 5.00708945566805.[0m
/home/erussek/.conda/envs/pDL/lib/python3.8/site-packages/optuna/distributions.py:560: UserWarning: The distribution is specified by [2, 200] and step=5, but the range is not divisible by `step`. It will be replaced by [2, 197].
  warnings.warn(
[32m[I 2022-06-22 23:26:39,327][0m Trial 71 finished with value: 5.045639613450108 and parameters: {'hidden_size': 42, 'lr': 0.004255300569560605}. Best is trial 42 with value: 5.00708945566805.[0m
/home/erussek/.conda/envs/pDL/lib/python3.8/site-packages/optuna/distributions.py:560: UserWarning: The distribution is specified by [2, 200] and step=5, but the range is not divisible by `step`. It will be replaced by [2, 197].
  warnings.warn(
[32m[I 2022-06-22 23:28:27,926][0m Trial 72 finished with value: 5.040761027232328 and parameters: {'hidden_size': 27, 'lr': 0.0026974564292147523}. Best is trial 42 with value: 5.00708945566805.[0m
/home/erussek/.conda/envs/pDL/lib/python3.8/site-packages/optuna/distributions.py:560: UserWarning: The distribution is specified by [2, 200] and step=5, but the range is not divisible by `step`. It will be replaced by [2, 197].
  warnings.warn(
[32m[I 2022-06-22 23:30:17,066][0m Trial 73 finished with value: 5.02553221839033 and parameters: {'hidden_size': 32, 'lr': 0.00492075346107696}. Best is trial 42 with value: 5.00708945566805.[0m
/home/erussek/.conda/envs/pDL/lib/python3.8/site-packages/optuna/distributions.py:560: UserWarning: The distribution is specified by [2, 200] and step=5, but the range is not divisible by `step`. It will be replaced by [2, 197].
  warnings.warn(
[32m[I 2022-06-22 23:32:07,523][0m Trial 74 finished with value: 5.03256316610854 and parameters: {'hidden_size': 42, 'lr': 0.006129710285527607}. Best is trial 42 with value: 5.00708945566805.[0m
/home/erussek/.conda/envs/pDL/lib/python3.8/site-packages/optuna/distributions.py:560: UserWarning: The distribution is specified by [2, 200] and step=5, but the range is not divisible by `step`. It will be replaced by [2, 197].
  warnings.warn(
[32m[I 2022-06-22 23:33:55,733][0m Trial 75 finished with value: 5.043644248179987 and parameters: {'hidden_size': 52, 'lr': 0.003667291003170934}. Best is trial 42 with value: 5.00708945566805.[0m
/home/erussek/.conda/envs/pDL/lib/python3.8/site-packages/optuna/distributions.py:560: UserWarning: The distribution is specified by [2, 200] and step=5, but the range is not divisible by `step`. It will be replaced by [2, 197].
  warnings.warn(
[32m[I 2022-06-22 23:35:47,146][0m Trial 76 finished with value: 5.0003676164165505 and parameters: {'hidden_size': 37, 'lr': 0.0044066090959512735}. Best is trial 76 with value: 5.0003676164165505.[0m
/home/erussek/.conda/envs/pDL/lib/python3.8/site-packages/optuna/distributions.py:560: UserWarning: The distribution is specified by [2, 200] and step=5, but the range is not divisible by `step`. It will be replaced by [2, 197].
  warnings.warn(
[32m[I 2022-06-22 23:37:35,808][0m Trial 77 finished with value: 5.1191841133425395 and parameters: {'hidden_size': 2, 'lr': 0.005354884914404711}. Best is trial 76 with value: 5.0003676164165505.[0m
/home/erussek/.conda/envs/pDL/lib/python3.8/site-packages/optuna/distributions.py:560: UserWarning: The distribution is specified by [2, 200] and step=5, but the range is not divisible by `step`. It will be replaced by [2, 197].
  warnings.warn(
[32m[I 2022-06-22 23:39:26,473][0m Trial 78 finished with value: 5.003177707196809 and parameters: {'hidden_size': 37, 'lr': 0.004342545580883637}. Best is trial 76 with value: 5.0003676164165505.[0m
/home/erussek/.conda/envs/pDL/lib/python3.8/site-packages/optuna/distributions.py:560: UserWarning: The distribution is specified by [2, 200] and step=5, but the range is not divisible by `step`. It will be replaced by [2, 197].
  warnings.warn(
[32m[I 2022-06-22 23:41:17,795][0m Trial 79 finished with value: 5.00967985200821 and parameters: {'hidden_size': 37, 'lr': 0.004403662100757577}. Best is trial 76 with value: 5.0003676164165505.[0m
/home/erussek/.conda/envs/pDL/lib/python3.8/site-packages/optuna/distributions.py:560: UserWarning: The distribution is specified by [2, 200] and step=5, but the range is not divisible by `step`. It will be replaced by [2, 197].
  warnings.warn(
[32m[I 2022-06-22 23:43:07,326][0m Trial 80 finished with value: 5.038300478198922 and parameters: {'hidden_size': 62, 'lr': 0.00440117250939307}. Best is trial 76 with value: 5.0003676164165505.[0m
/home/erussek/.conda/envs/pDL/lib/python3.8/site-packages/optuna/distributions.py:560: UserWarning: The distribution is specified by [2, 200] and step=5, but the range is not divisible by `step`. It will be replaced by [2, 197].
  warnings.warn(
[32m[I 2022-06-22 23:44:57,971][0m Trial 81 finished with value: 5.025755983613975 and parameters: {'hidden_size': 37, 'lr': 0.006497463602251116}. Best is trial 76 with value: 5.0003676164165505.[0m
/home/erussek/.conda/envs/pDL/lib/python3.8/site-packages/optuna/distributions.py:560: UserWarning: The distribution is specified by [2, 200] and step=5, but the range is not divisible by `step`. It will be replaced by [2, 197].
  warnings.warn(
[32m[I 2022-06-22 23:46:46,294][0m Trial 82 finished with value: 5.040418929464534 and parameters: {'hidden_size': 12, 'lr': 0.004046566893057334}. Best is trial 76 with value: 5.0003676164165505.[0m
/home/erussek/.conda/envs/pDL/lib/python3.8/site-packages/optuna/distributions.py:560: UserWarning: The distribution is specified by [2, 200] and step=5, but the range is not divisible by `step`. It will be replaced by [2, 197].
  warnings.warn(
[32m[I 2022-06-22 23:48:39,758][0m Trial 83 finished with value: 5.05365528030829 and parameters: {'hidden_size': 122, 'lr': 0.008665979680307197}. Best is trial 76 with value: 5.0003676164165505.[0m
/home/erussek/.conda/envs/pDL/lib/python3.8/site-packages/optuna/distributions.py:560: UserWarning: The distribution is specified by [2, 200] and step=5, but the range is not divisible by `step`. It will be replaced by [2, 197].
  warnings.warn(
[32m[I 2022-06-22 23:50:31,084][0m Trial 84 finished with value: 5.015396501663858 and parameters: {'hidden_size': 37, 'lr': 0.003096479903131979}. Best is trial 76 with value: 5.0003676164165505.[0m
/home/erussek/.conda/envs/pDL/lib/python3.8/site-packages/optuna/distributions.py:560: UserWarning: The distribution is specified by [2, 200] and step=5, but the range is not divisible by `step`. It will be replaced by [2, 197].
  warnings.warn(
[32m[I 2022-06-22 23:52:19,948][0m Trial 85 finished with value: 5.031273370859107 and parameters: {'hidden_size': 52, 'lr': 0.003011126573460395}. Best is trial 76 with value: 5.0003676164165505.[0m
/home/erussek/.conda/envs/pDL/lib/python3.8/site-packages/optuna/distributions.py:560: UserWarning: The distribution is specified by [2, 200] and step=5, but the range is not divisible by `step`. It will be replaced by [2, 197].
  warnings.warn(
[32m[I 2022-06-22 23:54:11,465][0m Trial 86 finished with value: 5.032086438848786 and parameters: {'hidden_size': 37, 'lr': 0.0025923538881094514}. Best is trial 76 with value: 5.0003676164165505.[0m
/home/erussek/.conda/envs/pDL/lib/python3.8/site-packages/optuna/distributions.py:560: UserWarning: The distribution is specified by [2, 200] and step=5, but the range is not divisible by `step`. It will be replaced by [2, 197].
  warnings.warn(
[32m[I 2022-06-22 23:56:01,238][0m Trial 87 finished with value: 5.057644452770907 and parameters: {'hidden_size': 22, 'lr': 0.0018555179396847294}. Best is trial 76 with value: 5.0003676164165505.[0m
/home/erussek/.conda/envs/pDL/lib/python3.8/site-packages/optuna/distributions.py:560: UserWarning: The distribution is specified by [2, 200] and step=5, but the range is not divisible by `step`. It will be replaced by [2, 197].
  warnings.warn(
[32m[I 2022-06-22 23:57:52,031][0m Trial 88 finished with value: 5.017817174350407 and parameters: {'hidden_size': 57, 'lr': 0.0022310500928458673}. Best is trial 76 with value: 5.0003676164165505.[0m
/home/erussek/.conda/envs/pDL/lib/python3.8/site-packages/optuna/distributions.py:560: UserWarning: The distribution is specified by [2, 200] and step=5, but the range is not divisible by `step`. It will be replaced by [2, 197].
  warnings.warn(
[32m[I 2022-06-22 23:59:43,228][0m Trial 89 finished with value: 5.029251369334061 and parameters: {'hidden_size': 77, 'lr': 0.0022487352415444836}. Best is trial 76 with value: 5.0003676164165505.[0m
/home/erussek/.conda/envs/pDL/lib/python3.8/site-packages/optuna/distributions.py:560: UserWarning: The distribution is specified by [2, 200] and step=5, but the range is not divisible by `step`. It will be replaced by [2, 197].
  warnings.warn(
[32m[I 2022-06-23 00:01:33,939][0m Trial 90 finished with value: 5.0666568726110395 and parameters: {'hidden_size': 57, 'lr': 0.0011929230482177215}. Best is trial 76 with value: 5.0003676164165505.[0m
/home/erussek/.conda/envs/pDL/lib/python3.8/site-packages/optuna/distributions.py:560: UserWarning: The distribution is specified by [2, 200] and step=5, but the range is not divisible by `step`. It will be replaced by [2, 197].
  warnings.warn(
[32m[I 2022-06-23 00:03:25,035][0m Trial 91 finished with value: 5.036408498024666 and parameters: {'hidden_size': 47, 'lr': 0.003244657692992099}. Best is trial 76 with value: 5.0003676164165505.[0m
/home/erussek/.conda/envs/pDL/lib/python3.8/site-packages/optuna/distributions.py:560: UserWarning: The distribution is specified by [2, 200] and step=5, but the range is not divisible by `step`. It will be replaced by [2, 197].
  warnings.warn(
[32m[I 2022-06-23 00:05:16,961][0m Trial 92 finished with value: 5.01843883228821 and parameters: {'hidden_size': 42, 'lr': 0.004545386353438093}. Best is trial 76 with value: 5.0003676164165505.[0m
/home/erussek/.conda/envs/pDL/lib/python3.8/site-packages/optuna/distributions.py:560: UserWarning: The distribution is specified by [2, 200] and step=5, but the range is not divisible by `step`. It will be replaced by [2, 197].
  warnings.warn(
[32m[I 2022-06-23 00:07:08,672][0m Trial 93 finished with value: 5.037250353798518 and parameters: {'hidden_size': 67, 'lr': 0.0015914804329721622}. Best is trial 76 with value: 5.0003676164165505.[0m
/home/erussek/.conda/envs/pDL/lib/python3.8/site-packages/optuna/distributions.py:560: UserWarning: The distribution is specified by [2, 200] and step=5, but the range is not divisible by `step`. It will be replaced by [2, 197].
  warnings.warn(
[32m[I 2022-06-23 00:09:00,067][0m Trial 94 finished with value: 5.020548127753786 and parameters: {'hidden_size': 42, 'lr': 0.004552208745627821}. Best is trial 76 with value: 5.0003676164165505.[0m
/home/erussek/.conda/envs/pDL/lib/python3.8/site-packages/optuna/distributions.py:560: UserWarning: The distribution is specified by [2, 200] and step=5, but the range is not divisible by `step`. It will be replaced by [2, 197].
  warnings.warn(
[32m[I 2022-06-23 00:10:49,953][0m Trial 95 finished with value: 5.011367944153872 and parameters: {'hidden_size': 32, 'lr': 0.003654070679582494}. Best is trial 76 with value: 5.0003676164165505.[0m
/home/erussek/.conda/envs/pDL/lib/python3.8/site-packages/optuna/distributions.py:560: UserWarning: The distribution is specified by [2, 200] and step=5, but the range is not divisible by `step`. It will be replaced by [2, 197].
  warnings.warn(
[32m[I 2022-06-23 00:12:40,211][0m Trial 96 finished with value: 5.00562279229738 and parameters: {'hidden_size': 32, 'lr': 0.0037319154428505337}. Best is trial 76 with value: 5.0003676164165505.[0m
/home/erussek/.conda/envs/pDL/lib/python3.8/site-packages/optuna/distributions.py:560: UserWarning: The distribution is specified by [2, 200] and step=5, but the range is not divisible by `step`. It will be replaced by [2, 197].
  warnings.warn(
[32m[I 2022-06-23 00:14:30,756][0m Trial 97 finished with value: 5.040927347773627 and parameters: {'hidden_size': 17, 'lr': 0.003639617961971934}. Best is trial 76 with value: 5.0003676164165505.[0m
/home/erussek/.conda/envs/pDL/lib/python3.8/site-packages/optuna/distributions.py:560: UserWarning: The distribution is specified by [2, 200] and step=5, but the range is not divisible by `step`. It will be replaced by [2, 197].
  warnings.warn(
[32m[I 2022-06-23 00:16:20,891][0m Trial 98 finished with value: 5.02901560934344 and parameters: {'hidden_size': 32, 'lr': 0.007400925948726065}. Best is trial 76 with value: 5.0003676164165505.[0m
/home/erussek/.conda/envs/pDL/lib/python3.8/site-packages/optuna/distributions.py:560: UserWarning: The distribution is specified by [2, 200] and step=5, but the range is not divisible by `step`. It will be replaced by [2, 197].
  warnings.warn(
[32m[I 2022-06-23 00:18:10,037][0m Trial 99 finished with value: 5.0407208455356844 and parameters: {'hidden_size': 12, 'lr': 0.005666954490563892}. Best is trial 76 with value: 5.0003676164165505.[0m
/home/erussek/.conda/envs/pDL/lib/python3.8/site-packages/optuna/distributions.py:560: UserWarning: The distribution is specified by [2, 200] and step=5, but the range is not divisible by `step`. It will be replaced by [2, 197].
  warnings.warn(
[32m[I 2022-06-23 00:19:59,983][0m Trial 100 finished with value: 5.034361883826201 and parameters: {'hidden_size': 27, 'lr': 0.002809324772732103}. Best is trial 76 with value: 5.0003676164165505.[0m
/home/erussek/.conda/envs/pDL/lib/python3.8/site-packages/optuna/distributions.py:560: UserWarning: The distribution is specified by [2, 200] and step=5, but the range is not divisible by `step`. It will be replaced by [2, 197].
  warnings.warn(
[32m[I 2022-06-23 00:21:49,809][0m Trial 101 finished with value: 5.054155949899085 and parameters: {'hidden_size': 32, 'lr': 0.0019978982648054264}. Best is trial 76 with value: 5.0003676164165505.[0m
/home/erussek/.conda/envs/pDL/lib/python3.8/site-packages/optuna/distributions.py:560: UserWarning: The distribution is specified by [2, 200] and step=5, but the range is not divisible by `step`. It will be replaced by [2, 197].
  warnings.warn(
[32m[I 2022-06-23 00:23:39,682][0m Trial 102 finished with value: 5.052137602154026 and parameters: {'hidden_size': 22, 'lr': 0.0025031689906640352}. Best is trial 76 with value: 5.0003676164165505.[0m
/home/erussek/.conda/envs/pDL/lib/python3.8/site-packages/optuna/distributions.py:560: UserWarning: The distribution is specified by [2, 200] and step=5, but the range is not divisible by `step`. It will be replaced by [2, 197].
  warnings.warn(
[32m[I 2022-06-23 00:25:30,484][0m Trial 103 finished with value: 5.027737742158728 and parameters: {'hidden_size': 57, 'lr': 0.0031382633389672896}. Best is trial 76 with value: 5.0003676164165505.[0m
/home/erussek/.conda/envs/pDL/lib/python3.8/site-packages/optuna/distributions.py:560: UserWarning: The distribution is specified by [2, 200] and step=5, but the range is not divisible by `step`. It will be replaced by [2, 197].
  warnings.warn(
[32m[I 2022-06-23 00:27:21,719][0m Trial 104 finished with value: 5.032762172318298 and parameters: {'hidden_size': 47, 'lr': 0.00496630304264921}. Best is trial 76 with value: 5.0003676164165505.[0m
/home/erussek/.conda/envs/pDL/lib/python3.8/site-packages/optuna/distributions.py:560: UserWarning: The distribution is specified by [2, 200] and step=5, but the range is not divisible by `step`. It will be replaced by [2, 197].
  warnings.warn(
[32m[I 2022-06-23 00:29:13,671][0m Trial 105 finished with value: 5.041520670418856 and parameters: {'hidden_size': 42, 'lr': 0.0037813591930766274}. Best is trial 76 with value: 5.0003676164165505.[0m
/home/erussek/.conda/envs/pDL/lib/python3.8/site-packages/optuna/distributions.py:560: UserWarning: The distribution is specified by [2, 200] and step=5, but the range is not divisible by `step`. It will be replaced by [2, 197].
  warnings.warn(
[32m[I 2022-06-23 00:31:05,741][0m Trial 106 finished with value: 5.074628914745761 and parameters: {'hidden_size': 37, 'lr': 0.0008155794539363168}. Best is trial 76 with value: 5.0003676164165505.[0m
/home/erussek/.conda/envs/pDL/lib/python3.8/site-packages/optuna/distributions.py:560: UserWarning: The distribution is specified by [2, 200] and step=5, but the range is not divisible by `step`. It will be replaced by [2, 197].
  warnings.warn(
[32m[I 2022-06-23 00:32:57,875][0m Trial 107 finished with value: 5.042847857127269 and parameters: {'hidden_size': 97, 'lr': 0.003391523152216082}. Best is trial 76 with value: 5.0003676164165505.[0m
/home/erussek/.conda/envs/pDL/lib/python3.8/site-packages/optuna/distributions.py:560: UserWarning: The distribution is specified by [2, 200] and step=5, but the range is not divisible by `step`. It will be replaced by [2, 197].
  warnings.warn(
[32m[I 2022-06-23 00:34:47,305][0m Trial 108 finished with value: 5.017039071277223 and parameters: {'hidden_size': 32, 'lr': 0.004158695777553609}. Best is trial 76 with value: 5.0003676164165505.[0m
/home/erussek/.conda/envs/pDL/lib/python3.8/site-packages/optuna/distributions.py:560: UserWarning: The distribution is specified by [2, 200] and step=5, but the range is not divisible by `step`. It will be replaced by [2, 197].
  warnings.warn(
[32m[I 2022-06-23 00:36:36,630][0m Trial 109 finished with value: 5.0220271930499205 and parameters: {'hidden_size': 27, 'lr': 0.006102650603259671}. Best is trial 76 with value: 5.0003676164165505.[0m
/home/erussek/.conda/envs/pDL/lib/python3.8/site-packages/optuna/distributions.py:560: UserWarning: The distribution is specified by [2, 200] and step=5, but the range is not divisible by `step`. It will be replaced by [2, 197].
  warnings.warn(
[32m[I 2022-06-23 00:38:26,048][0m Trial 110 finished with value: 5.021667872249088 and parameters: {'hidden_size': 32, 'lr': 0.00508283158059646}. Best is trial 76 with value: 5.0003676164165505.[0m
/home/erussek/.conda/envs/pDL/lib/python3.8/site-packages/optuna/distributions.py:560: UserWarning: The distribution is specified by [2, 200] and step=5, but the range is not divisible by `step`. It will be replaced by [2, 197].
  warnings.warn(
[32m[I 2022-06-23 00:40:17,463][0m Trial 111 finished with value: 5.027857864406747 and parameters: {'hidden_size': 47, 'lr': 0.004113942109004848}. Best is trial 76 with value: 5.0003676164165505.[0m
/home/erussek/.conda/envs/pDL/lib/python3.8/site-packages/optuna/distributions.py:560: UserWarning: The distribution is specified by [2, 200] and step=5, but the range is not divisible by `step`. It will be replaced by [2, 197].
  warnings.warn(
[32m[I 2022-06-23 00:42:07,007][0m Trial 112 finished with value: 5.0467877455923835 and parameters: {'hidden_size': 22, 'lr': 0.0029333320707653774}. Best is trial 76 with value: 5.0003676164165505.[0m
/home/erussek/.conda/envs/pDL/lib/python3.8/site-packages/optuna/distributions.py:560: UserWarning: The distribution is specified by [2, 200] and step=5, but the range is not divisible by `step`. It will be replaced by [2, 197].
  warnings.warn(
[32m[I 2022-06-23 00:43:58,589][0m Trial 113 finished with value: 5.018659967390127 and parameters: {'hidden_size': 37, 'lr': 0.0036277179833585083}. Best is trial 76 with value: 5.0003676164165505.[0m
/home/erussek/.conda/envs/pDL/lib/python3.8/site-packages/optuna/distributions.py:560: UserWarning: The distribution is specified by [2, 200] and step=5, but the range is not divisible by `step`. It will be replaced by [2, 197].
  warnings.warn(
[32m[I 2022-06-23 00:45:47,968][0m Trial 114 finished with value: 5.040894922617913 and parameters: {'hidden_size': 32, 'lr': 0.0023729950680576603}. Best is trial 76 with value: 5.0003676164165505.[0m
/home/erussek/.conda/envs/pDL/lib/python3.8/site-packages/optuna/distributions.py:560: UserWarning: The distribution is specified by [2, 200] and step=5, but the range is not divisible by `step`. It will be replaced by [2, 197].
  warnings.warn(
[32m[I 2022-06-23 00:47:45,408][0m Trial 115 finished with value: 5.049350532503959 and parameters: {'hidden_size': 192, 'lr': 0.0043865689716380924}. Best is trial 76 with value: 5.0003676164165505.[0m
/home/erussek/.conda/envs/pDL/lib/python3.8/site-packages/optuna/distributions.py:560: UserWarning: The distribution is specified by [2, 200] and step=5, but the range is not divisible by `step`. It will be replaced by [2, 197].
  warnings.warn(
[32m[I 2022-06-23 00:49:33,824][0m Trial 116 finished with value: 5.036162925628938 and parameters: {'hidden_size': 52, 'lr': 0.003179770190130282}. Best is trial 76 with value: 5.0003676164165505.[0m
/home/erussek/.conda/envs/pDL/lib/python3.8/site-packages/optuna/distributions.py:560: UserWarning: The distribution is specified by [2, 200] and step=5, but the range is not divisible by `step`. It will be replaced by [2, 197].
  warnings.warn(
[32m[I 2022-06-23 00:51:23,511][0m Trial 117 finished with value: 5.038644254818158 and parameters: {'hidden_size': 17, 'lr': 0.003939284509185269}. Best is trial 76 with value: 5.0003676164165505.[0m
/home/erussek/.conda/envs/pDL/lib/python3.8/site-packages/optuna/distributions.py:560: UserWarning: The distribution is specified by [2, 200] and step=5, but the range is not divisible by `step`. It will be replaced by [2, 197].
  warnings.warn(
[32m[I 2022-06-23 00:53:12,707][0m Trial 118 finished with value: 5.001187079580126 and parameters: {'hidden_size': 27, 'lr': 0.004719911257214032}. Best is trial 76 with value: 5.0003676164165505.[0m
/home/erussek/.conda/envs/pDL/lib/python3.8/site-packages/optuna/distributions.py:560: UserWarning: The distribution is specified by [2, 200] and step=5, but the range is not divisible by `step`. It will be replaced by [2, 197].
  warnings.warn(
[32m[I 2022-06-23 00:55:10,916][0m Trial 119 finished with value: 5.058408642051773 and parameters: {'hidden_size': 137, 'lr': 0.005716835751027823}. Best is trial 76 with value: 5.0003676164165505.[0m
/home/erussek/.conda/envs/pDL/lib/python3.8/site-packages/optuna/distributions.py:560: UserWarning: The distribution is specified by [2, 200] and step=5, but the range is not divisible by `step`. It will be replaced by [2, 197].
  warnings.warn(
[32m[I 2022-06-23 00:57:00,038][0m Trial 120 finished with value: 5.005305182956703 and parameters: {'hidden_size': 27, 'lr': 0.004868543214529286}. Best is trial 76 with value: 5.0003676164165505.[0m
/home/erussek/.conda/envs/pDL/lib/python3.8/site-packages/optuna/distributions.py:560: UserWarning: The distribution is specified by [2, 200] and step=5, but the range is not divisible by `step`. It will be replaced by [2, 197].
  warnings.warn(
[32m[I 2022-06-23 00:58:48,543][0m Trial 121 finished with value: 5.025699687179622 and parameters: {'hidden_size': 27, 'lr': 0.005022560108693202}. Best is trial 76 with value: 5.0003676164165505.[0m
/home/erussek/.conda/envs/pDL/lib/python3.8/site-packages/optuna/distributions.py:560: UserWarning: The distribution is specified by [2, 200] and step=5, but the range is not divisible by `step`. It will be replaced by [2, 197].
  warnings.warn(
[32m[I 2022-06-23 01:00:39,152][0m Trial 122 finished with value: 5.012092915295639 and parameters: {'hidden_size': 42, 'lr': 0.004637271801269354}. Best is trial 76 with value: 5.0003676164165505.[0m
/home/erussek/.conda/envs/pDL/lib/python3.8/site-packages/optuna/distributions.py:560: UserWarning: The distribution is specified by [2, 200] and step=5, but the range is not divisible by `step`. It will be replaced by [2, 197].
  warnings.warn(
[32m[I 2022-06-23 01:02:30,797][0m Trial 123 finished with value: 5.01931275261349 and parameters: {'hidden_size': 42, 'lr': 0.0046808324771805895}. Best is trial 76 with value: 5.0003676164165505.[0m
/home/erussek/.conda/envs/pDL/lib/python3.8/site-packages/optuna/distributions.py:560: UserWarning: The distribution is specified by [2, 200] and step=5, but the range is not divisible by `step`. It will be replaced by [2, 197].
  warnings.warn(
[32m[I 2022-06-23 01:04:21,156][0m Trial 124 finished with value: 5.031359354146158 and parameters: {'hidden_size': 22, 'lr': 0.005479257200708104}. Best is trial 76 with value: 5.0003676164165505.[0m
/home/erussek/.conda/envs/pDL/lib/python3.8/site-packages/optuna/distributions.py:560: UserWarning: The distribution is specified by [2, 200] and step=5, but the range is not divisible by `step`. It will be replaced by [2, 197].
  warnings.warn(
[32m[I 2022-06-23 01:06:09,323][0m Trial 125 finished with value: 5.035892155770303 and parameters: {'hidden_size': 12, 'lr': 0.006532499825296285}. Best is trial 76 with value: 5.0003676164165505.[0m
/home/erussek/.conda/envs/pDL/lib/python3.8/site-packages/optuna/distributions.py:560: UserWarning: The distribution is specified by [2, 200] and step=5, but the range is not divisible by `step`. It will be replaced by [2, 197].
  warnings.warn(
[32m[I 2022-06-23 01:07:59,976][0m Trial 126 finished with value: 5.0179030296133975 and parameters: {'hidden_size': 37, 'lr': 0.003527027450685561}. Best is trial 76 with value: 5.0003676164165505.[0m
/home/erussek/.conda/envs/pDL/lib/python3.8/site-packages/optuna/distributions.py:560: UserWarning: The distribution is specified by [2, 200] and step=5, but the range is not divisible by `step`. It will be replaced by [2, 197].
  warnings.warn(
[32m[I 2022-06-23 01:09:48,282][0m Trial 127 finished with value: 5.001181727182239 and parameters: {'hidden_size': 27, 'lr': 0.0046023406082247986}. Best is trial 76 with value: 5.0003676164165505.[0m
/home/erussek/.conda/envs/pDL/lib/python3.8/site-packages/optuna/distributions.py:560: UserWarning: The distribution is specified by [2, 200] and step=5, but the range is not divisible by `step`. It will be replaced by [2, 197].
  warnings.warn(
[32m[I 2022-06-23 01:11:37,624][0m Trial 128 finished with value: 5.017626117576253 and parameters: {'hidden_size': 27, 'lr': 0.00449130390071039}. Best is trial 76 with value: 5.0003676164165505.[0m
/home/erussek/.conda/envs/pDL/lib/python3.8/site-packages/optuna/distributions.py:560: UserWarning: The distribution is specified by [2, 200] and step=5, but the range is not divisible by `step`. It will be replaced by [2, 197].
  warnings.warn(
[32m[I 2022-06-23 01:13:26,933][0m Trial 129 finished with value: 5.034646966622215 and parameters: {'hidden_size': 17, 'lr': 0.005203250653225304}. Best is trial 76 with value: 5.0003676164165505.[0m
/home/erussek/.conda/envs/pDL/lib/python3.8/site-packages/optuna/distributions.py:560: UserWarning: The distribution is specified by [2, 200] and step=5, but the range is not divisible by `step`. It will be replaced by [2, 197].
  warnings.warn(
[32m[I 2022-06-23 01:15:15,605][0m Trial 130 finished with value: 5.01605670327719 and parameters: {'hidden_size': 27, 'lr': 0.006961918962511707}. Best is trial 76 with value: 5.0003676164165505.[0m
/home/erussek/.conda/envs/pDL/lib/python3.8/site-packages/optuna/distributions.py:560: UserWarning: The distribution is specified by [2, 200] and step=5, but the range is not divisible by `step`. It will be replaced by [2, 197].
  warnings.warn(
[32m[I 2022-06-23 01:17:06,019][0m Trial 131 finished with value: 5.003833472308978 and parameters: {'hidden_size': 37, 'lr': 0.003860263480828057}. Best is trial 76 with value: 5.0003676164165505.[0m
/home/erussek/.conda/envs/pDL/lib/python3.8/site-packages/optuna/distributions.py:560: UserWarning: The distribution is specified by [2, 200] and step=5, but the range is not divisible by `step`. It will be replaced by [2, 197].
  warnings.warn(
[32m[I 2022-06-23 01:18:54,368][0m Trial 132 finished with value: 5.026059087885785 and parameters: {'hidden_size': 32, 'lr': 0.003817016008248955}. Best is trial 76 with value: 5.0003676164165505.[0m
/home/erussek/.conda/envs/pDL/lib/python3.8/site-packages/optuna/distributions.py:560: UserWarning: The distribution is specified by [2, 200] and step=5, but the range is not divisible by `step`. It will be replaced by [2, 197].
  warnings.warn(
[32m[I 2022-06-23 01:20:44,036][0m Trial 133 finished with value: 5.0062255216392755 and parameters: {'hidden_size': 42, 'lr': 0.004174952874361014}. Best is trial 76 with value: 5.0003676164165505.[0m
/home/erussek/.conda/envs/pDL/lib/python3.8/site-packages/optuna/distributions.py:560: UserWarning: The distribution is specified by [2, 200] and step=5, but the range is not divisible by `step`. It will be replaced by [2, 197].
  warnings.warn(
[32m[I 2022-06-23 01:22:33,306][0m Trial 134 finished with value: 5.024547735379386 and parameters: {'hidden_size': 47, 'lr': 0.00482689397677373}. Best is trial 76 with value: 5.0003676164165505.[0m
/home/erussek/.conda/envs/pDL/lib/python3.8/site-packages/optuna/distributions.py:560: UserWarning: The distribution is specified by [2, 200] and step=5, but the range is not divisible by `step`. It will be replaced by [2, 197].
  warnings.warn(
[32m[I 2022-06-23 01:24:22,789][0m Trial 135 finished with value: 5.086565470000998 and parameters: {'hidden_size': 42, 'lr': 0.0006648284046400457}. Best is trial 76 with value: 5.0003676164165505.[0m
/home/erussek/.conda/envs/pDL/lib/python3.8/site-packages/optuna/distributions.py:560: UserWarning: The distribution is specified by [2, 200] and step=5, but the range is not divisible by `step`. It will be replaced by [2, 197].
  warnings.warn(
[32m[I 2022-06-23 01:26:09,876][0m Trial 136 finished with value: 5.019176555771224 and parameters: {'hidden_size': 52, 'lr': 0.004338675945089953}. Best is trial 76 with value: 5.0003676164165505.[0m
/home/erussek/.conda/envs/pDL/lib/python3.8/site-packages/optuna/distributions.py:560: UserWarning: The distribution is specified by [2, 200] and step=5, but the range is not divisible by `step`. It will be replaced by [2, 197].
  warnings.warn(
[32m[I 2022-06-23 01:27:58,066][0m Trial 137 finished with value: 5.016039915258845 and parameters: {'hidden_size': 22, 'lr': 0.006312482135072749}. Best is trial 76 with value: 5.0003676164165505.[0m
/home/erussek/.conda/envs/pDL/lib/python3.8/site-packages/optuna/distributions.py:560: UserWarning: The distribution is specified by [2, 200] and step=5, but the range is not divisible by `step`. It will be replaced by [2, 197].
  warnings.warn(
[32m[I 2022-06-23 01:29:48,520][0m Trial 138 finished with value: 5.1185335154417375 and parameters: {'hidden_size': 42, 'lr': 0.00031730737564017854}. Best is trial 76 with value: 5.0003676164165505.[0m
/home/erussek/.conda/envs/pDL/lib/python3.8/site-packages/optuna/distributions.py:560: UserWarning: The distribution is specified by [2, 200] and step=5, but the range is not divisible by `step`. It will be replaced by [2, 197].
  warnings.warn(
[32m[I 2022-06-23 01:31:37,119][0m Trial 139 finished with value: 5.02532010900379 and parameters: {'hidden_size': 32, 'lr': 0.005511796988353937}. Best is trial 76 with value: 5.0003676164165505.[0m
/home/erussek/.conda/envs/pDL/lib/python3.8/site-packages/optuna/distributions.py:560: UserWarning: The distribution is specified by [2, 200] and step=5, but the range is not divisible by `step`. It will be replaced by [2, 197].
  warnings.warn(
[32m[I 2022-06-23 01:33:33,517][0m Trial 140 finished with value: 5.045099287385672 and parameters: {'hidden_size': 152, 'lr': 0.004774107680352001}. Best is trial 76 with value: 5.0003676164165505.[0m
/home/erussek/.conda/envs/pDL/lib/python3.8/site-packages/optuna/distributions.py:560: UserWarning: The distribution is specified by [2, 200] and step=5, but the range is not divisible by `step`. It will be replaced by [2, 197].
  warnings.warn(
[32m[I 2022-06-23 01:35:24,839][0m Trial 141 finished with value: 5.012939404739155 and parameters: {'hidden_size': 37, 'lr': 0.004016435396367545}. Best is trial 76 with value: 5.0003676164165505.[0m
/home/erussek/.conda/envs/pDL/lib/python3.8/site-packages/optuna/distributions.py:560: UserWarning: The distribution is specified by [2, 200] and step=5, but the range is not divisible by `step`. It will be replaced by [2, 197].
  warnings.warn(
[32m[I 2022-06-23 01:37:16,550][0m Trial 142 finished with value: 5.010233360925802 and parameters: {'hidden_size': 37, 'lr': 0.004076635012751228}. Best is trial 76 with value: 5.0003676164165505.[0m
/home/erussek/.conda/envs/pDL/lib/python3.8/site-packages/optuna/distributions.py:560: UserWarning: The distribution is specified by [2, 200] and step=5, but the range is not divisible by `step`. It will be replaced by [2, 197].
  warnings.warn(
[32m[I 2022-06-23 01:39:05,757][0m Trial 143 finished with value: 5.021857388346204 and parameters: {'hidden_size': 27, 'lr': 0.004220522307204647}. Best is trial 76 with value: 5.0003676164165505.[0m
/home/erussek/.conda/envs/pDL/lib/python3.8/site-packages/optuna/distributions.py:560: UserWarning: The distribution is specified by [2, 200] and step=5, but the range is not divisible by `step`. It will be replaced by [2, 197].
  warnings.warn(
[32m[I 2022-06-23 01:40:56,282][0m Trial 144 finished with value: 5.020115582112618 and parameters: {'hidden_size': 47, 'lr': 0.0037718864228314455}. Best is trial 76 with value: 5.0003676164165505.[0m
/home/erussek/.conda/envs/pDL/lib/python3.8/site-packages/optuna/distributions.py:560: UserWarning: The distribution is specified by [2, 200] and step=5, but the range is not divisible by `step`. It will be replaced by [2, 197].
  warnings.warn(
[32m[I 2022-06-23 01:42:47,596][0m Trial 145 finished with value: 5.02685774364789 and parameters: {'hidden_size': 37, 'lr': 0.005209887314065663}. Best is trial 76 with value: 5.0003676164165505.[0m
/home/erussek/.conda/envs/pDL/lib/python3.8/site-packages/optuna/distributions.py:560: UserWarning: The distribution is specified by [2, 200] and step=5, but the range is not divisible by `step`. It will be replaced by [2, 197].
  warnings.warn(
[32m[I 2022-06-23 01:44:38,275][0m Trial 146 finished with value: 5.042169391383893 and parameters: {'hidden_size': 42, 'lr': 0.005853582267788008}. Best is trial 76 with value: 5.0003676164165505.[0m
/home/erussek/.conda/envs/pDL/lib/python3.8/site-packages/optuna/distributions.py:560: UserWarning: The distribution is specified by [2, 200] and step=5, but the range is not divisible by `step`. It will be replaced by [2, 197].
  warnings.warn(
[32m[I 2022-06-23 01:46:27,909][0m Trial 147 finished with value: 5.003666714921346 and parameters: {'hidden_size': 32, 'lr': 0.004378021705305703}. Best is trial 76 with value: 5.0003676164165505.[0m
/home/erussek/.conda/envs/pDL/lib/python3.8/site-packages/optuna/distributions.py:560: UserWarning: The distribution is specified by [2, 200] and step=5, but the range is not divisible by `step`. It will be replaced by [2, 197].
  warnings.warn(
[32m[I 2022-06-23 01:48:17,306][0m Trial 148 finished with value: 5.0270443993326035 and parameters: {'hidden_size': 22, 'lr': 0.0044202461181236125}. Best is trial 76 with value: 5.0003676164165505.[0m
/home/erussek/.conda/envs/pDL/lib/python3.8/site-packages/optuna/distributions.py:560: UserWarning: The distribution is specified by [2, 200] and step=5, but the range is not divisible by `step`. It will be replaced by [2, 197].
  warnings.warn(
[32m[I 2022-06-23 01:50:06,551][0m Trial 149 finished with value: 5.023331392131908 and parameters: {'hidden_size': 27, 'lr': 0.003428654196935135}. Best is trial 76 with value: 5.0003676164165505.[0m
train_setting: 1
0
1
2
3
0
1
2
3
0
1
2
3
0
1
2
3
0
1
2
3
0
1
2
3
0
1
2
3
0
1
2
3
0
1
2
3
0
1
2
3
0
1
2
3
0
1
2
3
0
1
2
3
0
1
2
3
0
1
2
3
0
1
2
3
0
1
2
3
0
1
2
3
0
1
2
3
0
1
2
3
0
1
2
3
0
1
2
3
0
1
2
3
0
1
2
3
0
1
2
3
0
1
2
3
0
1
2
3
0
1
2
3
0
1
2
3
0
1
2
3
0
1
2
3
0
1
2
3
0
1
2
3
0
1
2
3
0
1
2
3
0
1
2
3
0
1
2
3
0
1
2
3
0
1
2
3
0
1
2
3
0
1
2
3
0
1
2
3
0
1
2
3
0
1
2
3
0
1
2
3
0
1
2
3
0
1
2
3
0
1
2
3
0
1
2
3
0
1
2
3
0
1
2
3
0
1
2
3
0
1
2
3
0
1
2
3
0
1
2
3
0
1
2
3
0
1
2
3
0
1
2
3
0
1
2
3
0
1
2
3
0
1
2
3
0
1
2
3
0
1
2
3
0
1
2
3
0
1
2
3
0
1
2
3
0
1
2
3
0
1
2
3
0
1
2
3
0
1
2
3
0
1
2
3
0
1
2
3
0
1
2
3
0
1
2
3
0
1
2
3
0
1
2
3
0
1
2
3
0
1
2
3
0
1
2
3
0
1
2
3
0
1
2
3
0
1
2
3
0
1
2
3
0
1
2
3
0
1
2
3
0
1
2
3
0
1
2
3
0
1
2
3
0
1
2
3
0
1
2
3
0
1
2
3
0
1
2
3
0
1
2
3
0
1
2
3
0
1
2
3
0
1
2
3
0
1
2
3
0
1
2
3
0
1
2
3
0
1
2
3
0
1
2
3
0
1
2
3
0
1
2
3
0
1
2
3
0
1
2
3
0
1
2
3
0
1
2
3
0
1
2
3
0
1
2
3
0
1
2
3
0
1
2
3
0
1
2
3
0
1
2
3
0
1
2
3
0
1
2
3
0
1
2
3
0
1
2
3
0
1
2
3
0
1
2
3
0
1
2
3
0
1
2
3
0
1
2
3
0
1
2
3
0
1
2
3
0
1
2
3
0
1
2
3
0
1
2
3
0
1
2
3
0
1
2
3
0
1
2
3
0
1
2
3
0
1
2
3
0
1
2
3
0
1
2
3
0
1
2
3
0
1
2
3
0
1
2
3
0
1
2
3
0
1
2
3
0
1
2
3
0
1
2
3
0
1
2
3
0
1
2
3
0
1
2
3
0
1
2
3
0
1
2
3
0
1
2
3
0
1
2
3
0
1
2
3
0
1
2
3
--- 16640.148646831512 seconds ---
