My SLURM_ARRAY_JOB_ID is 50360299.
My SLURM_ARRAY_TASK_ID is 148
Executing on the machine: della-l01g2
588
{'model_name': 'LSTM', 'train_seq_part': 'fix_and_choice', 'n_simulation_sequences_train': 0, 'n_human_sequences_train': 697600, 'n_sequences_test': 500, 'n_sequences_final_performance': 500, 'd_model': 512, 'n_layers': 0, 'n_head': 0, 'sim_lr': 0, 'human_lr': 0.0001, 'batch_size': 32, 'dropout': 0.1, 'run_idx': 49, 'on_cluster': True, 'test_batch_increment_sim': 200, 'test_batch_increment_human': 200, 'save_folder_name': 'Sequential_Best_Param_Results', 'save_file_name': 'fix_and_choice_Human_Only_LSTM_ID_run_49', 'fix_unit': 'ID'}
<class 'numpy.int64'>
Loading Data
cuda:0
Training the model
Training on simulated data
Training on human data
number of simulation seqeuences: 0number of human seqeuences: 6400 sim test loss: 5.516946583986282 human test loss 6.014782011508942
number of simulation seqeuences: 0number of human seqeuences: 12800 sim test loss: 5.456063151359558 human test loss 5.974632382392883
number of simulation seqeuences: 0number of human seqeuences: 19200 sim test loss: 5.437186598777771 human test loss 5.9295874536037445
number of simulation seqeuences: 0number of human seqeuences: 25600 sim test loss: 5.481209546327591 human test loss 5.914508014917374
number of simulation seqeuences: 0number of human seqeuences: 32000 sim test loss: 5.3922387063503265 human test loss 5.882925450801849
number of simulation seqeuences: 0number of human seqeuences: 38400 sim test loss: 5.460604220628738 human test loss 5.856191247701645
number of simulation seqeuences: 0number of human seqeuences: 51200 sim test loss: 5.404803454875946 human test loss 5.8267862200737
number of simulation seqeuences: 0number of human seqeuences: 57600 sim test loss: 5.387204587459564 human test loss 5.823069214820862
number of simulation seqeuences: 0number of human seqeuences: 64000 sim test loss: 5.337565720081329 human test loss 5.8032786548137665
number of simulation seqeuences: 0number of human seqeuences: 70400 sim test loss: 5.414013057947159 human test loss 5.7944819033145905
number of simulation seqeuences: 0number of human seqeuences: 76800 sim test loss: 5.3177169263362885 human test loss 5.800445407629013
number of simulation seqeuences: 0number of human seqeuences: 83200 sim test loss: 5.402118235826492 human test loss 5.767381340265274
number of simulation seqeuences: 0number of human seqeuences: 96000 sim test loss: 5.336623102426529 human test loss 5.755237698554993
number of simulation seqeuences: 0number of human seqeuences: 102400 sim test loss: 5.331074953079224 human test loss 5.748983472585678
number of simulation seqeuences: 0number of human seqeuences: 108800 sim test loss: 5.28274929523468 human test loss 5.742513030767441
number of simulation seqeuences: 0number of human seqeuences: 115200 sim test loss: 5.356070935726166 human test loss 5.735750794410706
number of simulation seqeuences: 0number of human seqeuences: 121600 sim test loss: 5.2770015597343445 human test loss 5.748822063207626
number of simulation seqeuences: 0number of human seqeuences: 128000 sim test loss: 5.363650560379028 human test loss 5.722985923290253
number of simulation seqeuences: 0number of human seqeuences: 140800 sim test loss: 5.311960935592651 human test loss 5.7198620438575745
number of simulation seqeuences: 0number of human seqeuences: 147200 sim test loss: 5.29958763718605 human test loss 5.717559188604355
number of simulation seqeuences: 0number of human seqeuences: 153600 sim test loss: 5.264976918697357 human test loss 5.7149989902973175
number of simulation seqeuences: 0number of human seqeuences: 160000 sim test loss: 5.330337107181549 human test loss 5.707878023386002
number of simulation seqeuences: 0number of human seqeuences: 166400 sim test loss: 5.257121443748474 human test loss 5.718051463365555
number of simulation seqeuences: 0number of human seqeuences: 172800 sim test loss: 5.350327491760254 human test loss 5.701588928699493
number of simulation seqeuences: 0number of human seqeuences: 185600 sim test loss: 5.297174960374832 human test loss 5.698399394750595
number of simulation seqeuences: 0number of human seqeuences: 192000 sim test loss: 5.279591113328934 human test loss 5.697029232978821
number of simulation seqeuences: 0number of human seqeuences: 198400 sim test loss: 5.2550815641880035 human test loss 5.697179824113846
number of simulation seqeuences: 0number of human seqeuences: 204800 sim test loss: 5.316006779670715 human test loss 5.690638065338135
number of simulation seqeuences: 0number of human seqeuences: 211200 sim test loss: 5.24657079577446 human test loss 5.69731479883194
number of simulation seqeuences: 0number of human seqeuences: 217600 sim test loss: 5.343535125255585 human test loss 5.68983057141304
number of simulation seqeuences: 0number of human seqeuences: 230400 sim test loss: 5.290973097085953 human test loss 5.684242933988571
number of simulation seqeuences: 0number of human seqeuences: 236800 sim test loss: 5.279666513204575 human test loss 5.684221178293228
number of simulation seqeuences: 0number of human seqeuences: 243200 sim test loss: 5.241969078779221 human test loss 5.687359720468521
number of simulation seqeuences: 0number of human seqeuences: 249600 sim test loss: 5.291685789823532 human test loss 5.683711022138596
number of simulation seqeuences: 0number of human seqeuences: 256000 sim test loss: 5.234087347984314 human test loss 5.688765615224838
number of simulation seqeuences: 0number of human seqeuences: 262400 sim test loss: 5.32940948009491 human test loss 5.677596598863602
number of simulation seqeuences: 0number of human seqeuences: 275200 sim test loss: 5.279889523983002 human test loss 5.6864155530929565
number of simulation seqeuences: 0number of human seqeuences: 281600 sim test loss: 5.3197357058525085 human test loss 5.694329082965851
number of simulation seqeuences: 0number of human seqeuences: 288000 sim test loss: 5.2280891835689545 human test loss 5.693037033081055
number of simulation seqeuences: 0number of human seqeuences: 294400 sim test loss: 5.327195584774017 human test loss 5.691217452287674
number of simulation seqeuences: 0number of human seqeuences: 300800 sim test loss: 5.233049392700195 human test loss 5.70538854598999
number of simulation seqeuences: 0number of human seqeuences: 307200 sim test loss: 5.315739274024963 human test loss 5.67902198433876
number of simulation seqeuences: 0number of human seqeuences: 320000 sim test loss: 5.285411089658737 human test loss 5.6828460693359375
number of simulation seqeuences: 0number of human seqeuences: 326400 sim test loss: 5.299309462308884 human test loss 5.6997999250888824
number of simulation seqeuences: 0number of human seqeuences: 332800 sim test loss: 5.243051379919052 human test loss 5.685047209262848
number of simulation seqeuences: 0number of human seqeuences: 339200 sim test loss: 5.307408422231674 human test loss 5.688076853752136
number of simulation seqeuences: 0number of human seqeuences: 345600 sim test loss: 5.209497421979904 human test loss 5.704365521669388
number of simulation seqeuences: 0number of human seqeuences: 352000 sim test loss: 5.281159549951553 human test loss 5.6709771156311035
number of simulation seqeuences: 0number of human seqeuences: 364800 sim test loss: 5.269634574651718 human test loss 5.670257240533829
number of simulation seqeuences: 0number of human seqeuences: 371200 sim test loss: 5.303445219993591 human test loss 5.675259828567505
number of simulation seqeuences: 0number of human seqeuences: 377600 sim test loss: 5.201107412576675 human test loss 5.68618980050087
number of simulation seqeuences: 0number of human seqeuences: 384000 sim test loss: 5.292471647262573 human test loss 5.692396908998489
number of simulation seqeuences: 0number of human seqeuences: 390400 sim test loss: 5.218419432640076 human test loss 5.692330062389374
number of simulation seqeuences: 0number of human seqeuences: 396800 sim test loss: 5.300310969352722 human test loss 5.671877533197403
number of simulation seqeuences: 0number of human seqeuences: 409600 sim test loss: 5.263491272926331 human test loss 5.679067403078079
number of simulation seqeuences: 0number of human seqeuences: 416000 sim test loss: 5.360063254833221 human test loss 5.686912775039673
number of simulation seqeuences: 0number of human seqeuences: 422400 sim test loss: 5.216794401407242 human test loss 5.689447611570358
number of simulation seqeuences: 0number of human seqeuences: 428800 sim test loss: 5.300941973924637 human test loss 5.697580844163895
number of simulation seqeuences: 0number of human seqeuences: 435200 sim test loss: 5.2195121347904205 human test loss 5.697209119796753
number of simulation seqeuences: 0number of human seqeuences: 441600 sim test loss: 5.29676029086113 human test loss 5.691966414451599
number of simulation seqeuences: 0number of human seqeuences: 454400 sim test loss: 5.263890862464905 human test loss 5.6940281093120575
number of simulation seqeuences: 0number of human seqeuences: 460800 sim test loss: 5.324957966804504 human test loss 5.685870409011841
number of simulation seqeuences: 0number of human seqeuences: 467200 sim test loss: 5.211422085762024 human test loss 5.704337120056152
number of simulation seqeuences: 0number of human seqeuences: 473600 sim test loss: 5.3654040694236755 human test loss 5.722249656915665
number of simulation seqeuences: 0number of human seqeuences: 480000 sim test loss: 5.169997066259384 human test loss 5.717882484197617
number of simulation seqeuences: 0number of human seqeuences: 486400 sim test loss: 5.3675830364227295 human test loss 5.690455794334412
number of simulation seqeuences: 0number of human seqeuences: 499200 sim test loss: 5.344983369112015 human test loss 5.680039614439011
number of simulation seqeuences: 0number of human seqeuences: 505600 sim test loss: 5.316093415021896 human test loss 5.724337875843048
number of simulation seqeuences: 0number of human seqeuences: 512000 sim test loss: 5.2204292714595795 human test loss 5.718850404024124
number of simulation seqeuences: 0number of human seqeuences: 518400 sim test loss: 5.360841453075409 human test loss 5.739558011293411
number of simulation seqeuences: 0number of human seqeuences: 524800 sim test loss: 5.20129469037056 human test loss 5.72169229388237
number of simulation seqeuences: 0number of human seqeuences: 531200 sim test loss: 5.374121904373169 human test loss 5.660274356603622
number of simulation seqeuences: 0number of human seqeuences: 544000 sim test loss: 5.309619158506393 human test loss 5.670260161161423
number of simulation seqeuences: 0number of human seqeuences: 550400 sim test loss: 5.267084389925003 human test loss 5.699765503406525
number of simulation seqeuences: 0number of human seqeuences: 556800 sim test loss: 5.239310324192047 human test loss 5.667292535305023
number of simulation seqeuences: 0number of human seqeuences: 563200 sim test loss: 5.302840441465378 human test loss 5.731881201267242
number of simulation seqeuences: 0number of human seqeuences: 569600 sim test loss: 5.222571223974228 human test loss 5.685415476560593
number of simulation seqeuences: 0number of human seqeuences: 576000 sim test loss: 5.423827916383743 human test loss 5.772713720798492
number of simulation seqeuences: 0number of human seqeuences: 588800 sim test loss: 5.350480884313583 human test loss 5.66128996014595
number of simulation seqeuences: 0number of human seqeuences: 595200 sim test loss: 5.300699055194855 human test loss 5.736766904592514
number of simulation seqeuences: 0number of human seqeuences: 601600 sim test loss: 5.222128480672836 human test loss 5.776975929737091
number of simulation seqeuences: 0number of human seqeuences: 608000 sim test loss: 5.336745172739029 human test loss 5.722477823495865
number of simulation seqeuences: 0number of human seqeuences: 614400 sim test loss: 5.252303659915924 human test loss 5.733063906431198
number of simulation seqeuences: 0number of human seqeuences: 620800 sim test loss: 5.299587786197662 human test loss 5.740358352661133
number of simulation seqeuences: 0number of human seqeuences: 633600 sim test loss: 5.322947859764099 human test loss 5.809833973646164
number of simulation seqeuences: 0number of human seqeuences: 640000 sim test loss: 5.4762323796749115 human test loss 5.798150718212128
number of simulation seqeuences: 0number of human seqeuences: 646400 sim test loss: 5.249729573726654 human test loss 5.83146795630455
number of simulation seqeuences: 0number of human seqeuences: 652800 sim test loss: 5.472557723522186 human test loss 5.802108317613602
number of simulation seqeuences: 0number of human seqeuences: 659200 sim test loss: 5.426508694887161 human test loss 5.8275405168533325
number of simulation seqeuences: 0number of human seqeuences: 665600 sim test loss: 5.388554483652115 human test loss 5.794631093740463
number of simulation seqeuences: 0number of human seqeuences: 678400 sim test loss: 5.28058734536171 human test loss 5.661515712738037
number of simulation seqeuences: 0number of human seqeuences: 684800 sim test loss: 5.325944185256958 human test loss 5.657289981842041
number of simulation seqeuences: 0number of human seqeuences: 691200 sim test loss: 5.189104855060577 human test loss 5.664057791233063
number of simulation seqeuences: 0number of human seqeuences: 697600 sim test loss: 5.224293142557144 human test loss 5.675915777683258
Evaluating trained model performance
Saving results
589
{'model_name': 'LSTM', 'train_seq_part': 'fix_and_choice', 'n_simulation_sequences_train': 499232, 'n_human_sequences_train': 966400, 'n_sequences_test': 500, 'n_sequences_final_performance': 500, 'd_model': 128, 'n_layers': 0, 'n_head': 0, 'sim_lr': 0.001, 'human_lr': 1e-05, 'batch_size': 32, 'dropout': 0.1, 'run_idx': 49, 'on_cluster': True, 'test_batch_increment_sim': 200, 'test_batch_increment_human': 200, 'save_folder_name': 'Sequential_Best_Param_Results', 'save_file_name': 'fix_and_choice_Simulated_and_Human_LSTM_ID_run_49', 'fix_unit': 'ID'}
<class 'numpy.int64'>
Loading Data
cuda:0
Training the model
Training on simulated data
number of simulation seqeuences: 6432number of human seqeuences: 0 sim test loss: 5.289003819227219 human test loss 6.062395423650742
number of simulation seqeuences: 12832number of human seqeuences: 0 sim test loss: 5.270767778158188 human test loss 6.019920200109482
number of simulation seqeuences: 19232number of human seqeuences: 0 sim test loss: 5.230122774839401 human test loss 6.05171737074852
number of simulation seqeuences: 25632number of human seqeuences: 0 sim test loss: 5.320839822292328 human test loss 6.158863037824631
number of simulation seqeuences: 32032number of human seqeuences: 0 sim test loss: 5.18188701570034 human test loss 6.046028167009354
number of simulation seqeuences: 38432number of human seqeuences: 0 sim test loss: 5.199447512626648 human test loss 5.985146462917328
number of simulation seqeuences: 44832number of human seqeuences: 0 sim test loss: 5.160440534353256 human test loss 5.907013088464737
number of simulation seqeuences: 51232number of human seqeuences: 0 sim test loss: 5.226816713809967 human test loss 5.755969047546387
number of simulation seqeuences: 57632number of human seqeuences: 0 sim test loss: 5.132847860455513 human test loss 5.8684422969818115
number of simulation seqeuences: 64032number of human seqeuences: 0 sim test loss: 5.124589666724205 human test loss 5.867393404245377
number of simulation seqeuences: 70432number of human seqeuences: 0 sim test loss: 5.126625120639801 human test loss 5.924319237470627
number of simulation seqeuences: 76832number of human seqeuences: 0 sim test loss: 5.127762258052826 human test loss 5.854527860879898
number of simulation seqeuences: 83232number of human seqeuences: 0 sim test loss: 5.117356613278389 human test loss 5.9509177803993225
number of simulation seqeuences: 89632number of human seqeuences: 0 sim test loss: 5.124584451317787 human test loss 6.026020407676697
number of simulation seqeuences: 96032number of human seqeuences: 0 sim test loss: 5.022901311516762 human test loss 5.944634646177292
number of simulation seqeuences: 102432number of human seqeuences: 0 sim test loss: 5.0272476226091385 human test loss 6.112205117940903
number of simulation seqeuences: 108832number of human seqeuences: 0 sim test loss: 5.030985891819 human test loss 6.0131435096263885
number of simulation seqeuences: 115232number of human seqeuences: 0 sim test loss: 4.995352104306221 human test loss 6.096908718347549
number of simulation seqeuences: 121632number of human seqeuences: 0 sim test loss: 4.988298267126083 human test loss 5.950756639242172
number of simulation seqeuences: 128032number of human seqeuences: 0 sim test loss: 4.990973010659218 human test loss 6.08289697766304
number of simulation seqeuences: 134432number of human seqeuences: 0 sim test loss: 4.99589903652668 human test loss 6.219984471797943
number of simulation seqeuences: 140832number of human seqeuences: 0 sim test loss: 4.980274498462677 human test loss 6.032541573047638
number of simulation seqeuences: 147232number of human seqeuences: 0 sim test loss: 5.06054225564003 human test loss 5.830862611532211
number of simulation seqeuences: 153632number of human seqeuences: 0 sim test loss: 4.998661622405052 human test loss 6.298417419195175
number of simulation seqeuences: 160032number of human seqeuences: 0 sim test loss: 4.95526859164238 human test loss 5.976515144109726
number of simulation seqeuences: 166432number of human seqeuences: 0 sim test loss: 4.982647642493248 human test loss 6.039109587669373
number of simulation seqeuences: 172832number of human seqeuences: 0 sim test loss: 4.90461041033268 human test loss 6.122692853212357
number of simulation seqeuences: 179232number of human seqeuences: 0 sim test loss: 4.938538908958435 human test loss 6.153900921344757
number of simulation seqeuences: 185632number of human seqeuences: 0 sim test loss: 4.930375471711159 human test loss 6.135878175497055
number of simulation seqeuences: 192032number of human seqeuences: 0 sim test loss: 4.878001689910889 human test loss 6.090382665395737
number of simulation seqeuences: 198432number of human seqeuences: 0 sim test loss: 4.9191881120204926 human test loss 6.071957051753998
number of simulation seqeuences: 204832number of human seqeuences: 0 sim test loss: 4.932399466633797 human test loss 5.951701909303665
number of simulation seqeuences: 211232number of human seqeuences: 0 sim test loss: 4.9225631058216095 human test loss 6.188066154718399
number of simulation seqeuences: 217632number of human seqeuences: 0 sim test loss: 4.8960655480623245 human test loss 6.16126349568367
number of simulation seqeuences: 224032number of human seqeuences: 0 sim test loss: 4.868895247578621 human test loss 6.239166051149368
number of simulation seqeuences: 230432number of human seqeuences: 0 sim test loss: 4.910778373479843 human test loss 6.244812071323395
number of simulation seqeuences: 236832number of human seqeuences: 0 sim test loss: 4.881770506501198 human test loss 6.411062240600586
number of simulation seqeuences: 243232number of human seqeuences: 0 sim test loss: 4.840646371245384 human test loss 6.150034815073013
number of simulation seqeuences: 249632number of human seqeuences: 0 sim test loss: 4.849100053310394 human test loss 6.145557999610901
number of simulation seqeuences: 256032number of human seqeuences: 0 sim test loss: 4.82015272974968 human test loss 6.128894567489624
number of simulation seqeuences: 262432number of human seqeuences: 0 sim test loss: 4.95388787984848 human test loss 6.124644309282303
number of simulation seqeuences: 268832number of human seqeuences: 0 sim test loss: 4.8219722509384155 human test loss 6.280315339565277
number of simulation seqeuences: 275232number of human seqeuences: 0 sim test loss: 4.829960882663727 human test loss 6.16284567117691
number of simulation seqeuences: 281632number of human seqeuences: 0 sim test loss: 4.819533288478851 human test loss 6.125602871179581
number of simulation seqeuences: 288032number of human seqeuences: 0 sim test loss: 4.799031376838684 human test loss 6.122503906488419
number of simulation seqeuences: 294432number of human seqeuences: 0 sim test loss: 4.844916149973869 human test loss 6.2104500234127045
number of simulation seqeuences: 300832number of human seqeuences: 0 sim test loss: 4.823662877082825 human test loss 6.039478123188019
number of simulation seqeuences: 307232number of human seqeuences: 0 sim test loss: 4.848613679409027 human test loss 6.063407480716705
number of simulation seqeuences: 313632number of human seqeuences: 0 sim test loss: 4.824339032173157 human test loss 6.186493307352066
number of simulation seqeuences: 320032number of human seqeuences: 0 sim test loss: 4.863496720790863 human test loss 5.934276044368744
number of simulation seqeuences: 326432number of human seqeuences: 0 sim test loss: 4.830777004361153 human test loss 6.207995384931564
number of simulation seqeuences: 332832number of human seqeuences: 0 sim test loss: 4.805450290441513 human test loss 6.198596149682999
number of simulation seqeuences: 339232number of human seqeuences: 0 sim test loss: 4.778624713420868 human test loss 6.186705559492111
number of simulation seqeuences: 345632number of human seqeuences: 0 sim test loss: 4.780490681529045 human test loss 5.996665924787521
number of simulation seqeuences: 352032number of human seqeuences: 0 sim test loss: 4.844313070178032 human test loss 6.261859238147736
number of simulation seqeuences: 358432number of human seqeuences: 0 sim test loss: 4.803227588534355 human test loss 6.078477323055267
number of simulation seqeuences: 364832number of human seqeuences: 0 sim test loss: 4.792394787073135 human test loss 6.107691735029221
number of simulation seqeuences: 371232number of human seqeuences: 0 sim test loss: 4.798308804631233 human test loss 6.024526238441467
number of simulation seqeuences: 377632number of human seqeuences: 0 sim test loss: 4.785511240363121 human test loss 6.091040462255478
number of simulation seqeuences: 384032number of human seqeuences: 0 sim test loss: 4.844921991229057 human test loss 6.155729919672012
number of simulation seqeuences: 390432number of human seqeuences: 0 sim test loss: 4.807953551411629 human test loss 6.20895329117775
number of simulation seqeuences: 396832number of human seqeuences: 0 sim test loss: 4.802820220589638 human test loss 6.241873174905777
number of simulation seqeuences: 403232number of human seqeuences: 0 sim test loss: 4.840015307068825 human test loss 6.077261656522751
number of simulation seqeuences: 409632number of human seqeuences: 0 sim test loss: 4.790974855422974 human test loss 6.125122636556625
number of simulation seqeuences: 416032number of human seqeuences: 0 sim test loss: 4.8459765911102295 human test loss 6.211386680603027
number of simulation seqeuences: 422432number of human seqeuences: 0 sim test loss: 4.765124931931496 human test loss 6.119537532329559
number of simulation seqeuences: 428832number of human seqeuences: 0 sim test loss: 4.7970487624406815 human test loss 6.110019534826279
number of simulation seqeuences: 435232number of human seqeuences: 0 sim test loss: 4.769261032342911 human test loss 6.114451080560684
number of simulation seqeuences: 441632number of human seqeuences: 0 sim test loss: 4.763385787606239 human test loss 6.1435516476631165
number of simulation seqeuences: 448032number of human seqeuences: 0 sim test loss: 4.789840444922447 human test loss 6.098086714744568
number of simulation seqeuences: 454432number of human seqeuences: 0 sim test loss: 4.789058938622475 human test loss 6.122141093015671
number of simulation seqeuences: 460832number of human seqeuences: 0 sim test loss: 4.761215701699257 human test loss 6.056469589471817
number of simulation seqeuences: 467232number of human seqeuences: 0 sim test loss: 4.755722060799599 human test loss 6.1096943616867065
number of simulation seqeuences: 473632number of human seqeuences: 0 sim test loss: 4.774043470621109 human test loss 6.074797064065933
number of simulation seqeuences: 480032number of human seqeuences: 0 sim test loss: 4.784122005105019 human test loss 6.025130271911621
number of simulation seqeuences: 486432number of human seqeuences: 0 sim test loss: 4.748728901147842 human test loss 6.101785957813263
number of simulation seqeuences: 492832number of human seqeuences: 0 sim test loss: 4.763826757669449 human test loss 6.02005597949028
number of simulation seqeuences: 499232number of human seqeuences: 0 sim test loss: 4.747678130865097 human test loss 5.913520783185959
Training on human data
number of simulation seqeuences: 499232number of human seqeuences: 6400 sim test loss: 4.757964059710503 human test loss 5.864035576581955
number of simulation seqeuences: 499232number of human seqeuences: 12800 sim test loss: 4.772788777947426 human test loss 5.826378256082535
number of simulation seqeuences: 499232number of human seqeuences: 19200 sim test loss: 4.791943714022636 human test loss 5.795318186283112
number of simulation seqeuences: 499232number of human seqeuences: 25600 sim test loss: 4.811987280845642 human test loss 5.771030217409134
number of simulation seqeuences: 499232number of human seqeuences: 32000 sim test loss: 4.830869123339653 human test loss 5.752916753292084
number of simulation seqeuences: 499232number of human seqeuences: 38400 sim test loss: 4.847102642059326 human test loss 5.739513099193573
number of simulation seqeuences: 499232number of human seqeuences: 51200 sim test loss: 4.87626738846302 human test loss 5.720382809638977
number of simulation seqeuences: 499232number of human seqeuences: 57600 sim test loss: 4.888525143265724 human test loss 5.712996244430542
number of simulation seqeuences: 499232number of human seqeuences: 64000 sim test loss: 4.90110969543457 human test loss 5.706610947847366
number of simulation seqeuences: 499232number of human seqeuences: 70400 sim test loss: 4.910541146993637 human test loss 5.701893508434296
number of simulation seqeuences: 499232number of human seqeuences: 76800 sim test loss: 4.919375836849213 human test loss 5.697944819927216
number of simulation seqeuences: 499232number of human seqeuences: 83200 sim test loss: 4.9264465272426605 human test loss 5.694937825202942
number of simulation seqeuences: 499232number of human seqeuences: 96000 sim test loss: 4.938149005174637 human test loss 5.690094918012619
number of simulation seqeuences: 499232number of human seqeuences: 102400 sim test loss: 4.941364720463753 human test loss 5.688480734825134
number of simulation seqeuences: 499232number of human seqeuences: 108800 sim test loss: 4.946474462747574 human test loss 5.686734616756439
number of simulation seqeuences: 499232number of human seqeuences: 115200 sim test loss: 4.949427291750908 human test loss 5.685433626174927
number of simulation seqeuences: 499232number of human seqeuences: 121600 sim test loss: 4.953167051076889 human test loss 5.683978974819183
number of simulation seqeuences: 499232number of human seqeuences: 128000 sim test loss: 4.956020712852478 human test loss 5.682918965816498
number of simulation seqeuences: 499232number of human seqeuences: 140800 sim test loss: 4.961331829428673 human test loss 5.680731445550919
number of simulation seqeuences: 499232number of human seqeuences: 147200 sim test loss: 4.962063729763031 human test loss 5.680031985044479
number of simulation seqeuences: 499232number of human seqeuences: 153600 sim test loss: 4.9654316157102585 human test loss 5.678934425115585
number of simulation seqeuences: 499232number of human seqeuences: 160000 sim test loss: 4.966921269893646 human test loss 5.678247421979904
number of simulation seqeuences: 499232number of human seqeuences: 166400 sim test loss: 4.968952149152756 human test loss 5.677293300628662
number of simulation seqeuences: 499232number of human seqeuences: 172800 sim test loss: 4.970870688557625 human test loss 5.676608324050903
number of simulation seqeuences: 499232number of human seqeuences: 185600 sim test loss: 4.973990559577942 human test loss 5.675092309713364
number of simulation seqeuences: 499232number of human seqeuences: 192000 sim test loss: 4.974129423499107 human test loss 5.674615263938904
number of simulation seqeuences: 499232number of human seqeuences: 198400 sim test loss: 4.976748004555702 human test loss 5.6737105548381805
number of simulation seqeuences: 499232number of human seqeuences: 204800 sim test loss: 4.97780205309391 human test loss 5.673221468925476
number of simulation seqeuences: 499232number of human seqeuences: 211200 sim test loss: 4.979285761713982 human test loss 5.672414004802704
number of simulation seqeuences: 499232number of human seqeuences: 217600 sim test loss: 4.9809035658836365 human test loss 5.671861112117767
number of simulation seqeuences: 499232number of human seqeuences: 230400 sim test loss: 4.983723446726799 human test loss 5.670564740896225
number of simulation seqeuences: 499232number of human seqeuences: 236800 sim test loss: 4.983490362763405 human test loss 5.670179724693298
number of simulation seqeuences: 499232number of human seqeuences: 243200 sim test loss: 4.9859374314546585 human test loss 5.6694008111953735
number of simulation seqeuences: 499232number of human seqeuences: 249600 sim test loss: 4.986831903457642 human test loss 5.668982088565826
number of simulation seqeuences: 499232number of human seqeuences: 256000 sim test loss: 4.988186925649643 human test loss 5.668353378772736
number of simulation seqeuences: 499232number of human seqeuences: 262400 sim test loss: 4.989203289151192 human test loss 5.667939722537994
number of simulation seqeuences: 499232number of human seqeuences: 275200 sim test loss: 4.991400718688965 human test loss 5.666767597198486
number of simulation seqeuences: 499232number of human seqeuences: 281600 sim test loss: 4.990455657243729 human test loss 5.666447222232819
number of simulation seqeuences: 499232number of human seqeuences: 288000 sim test loss: 4.992466107010841 human test loss 5.66565066576004
number of simulation seqeuences: 499232number of human seqeuences: 294400 sim test loss: 4.992644429206848 human test loss 5.665306717157364
number of simulation seqeuences: 499232number of human seqeuences: 300800 sim test loss: 4.993804931640625 human test loss 5.664655297994614
number of simulation seqeuences: 499232number of human seqeuences: 307200 sim test loss: 4.9944071769714355 human test loss 5.6642783880233765
number of simulation seqeuences: 499232number of human seqeuences: 320000 sim test loss: 4.99601936340332 human test loss 5.663323551416397
number of simulation seqeuences: 499232number of human seqeuences: 326400 sim test loss: 4.995018154382706 human test loss 5.663179397583008
number of simulation seqeuences: 499232number of human seqeuences: 332800 sim test loss: 4.996773898601532 human test loss 5.662539511919022
number of simulation seqeuences: 499232number of human seqeuences: 339200 sim test loss: 4.996683090925217 human test loss 5.66235876083374
number of simulation seqeuences: 499232number of human seqeuences: 345600 sim test loss: 4.997311994433403 human test loss 5.661847621202469
number of simulation seqeuences: 499232number of human seqeuences: 352000 sim test loss: 4.99763597548008 human test loss 5.661593466997147
number of simulation seqeuences: 499232number of human seqeuences: 364800 sim test loss: 4.99862901866436 human test loss 5.660827934741974
number of simulation seqeuences: 499232number of human seqeuences: 371200 sim test loss: 4.997284233570099 human test loss 5.660775005817413
number of simulation seqeuences: 499232number of human seqeuences: 377600 sim test loss: 4.999008804559708 human test loss 5.6602082550525665
number of simulation seqeuences: 499232number of human seqeuences: 384000 sim test loss: 4.998539984226227 human test loss 5.660118401050568
number of simulation seqeuences: 499232number of human seqeuences: 390400 sim test loss: 4.998992502689362 human test loss 5.659676551818848
number of simulation seqeuences: 499232number of human seqeuences: 396800 sim test loss: 4.9991589188575745 human test loss 5.659488081932068
number of simulation seqeuences: 499232number of human seqeuences: 409600 sim test loss: 5.000257894396782 human test loss 5.6587958335876465
number of simulation seqeuences: 499232number of human seqeuences: 416000 sim test loss: 4.999153330922127 human test loss 5.658773303031921
number of simulation seqeuences: 499232number of human seqeuences: 422400 sim test loss: 5.000832438468933 human test loss 5.658235877752304
number of simulation seqeuences: 499232number of human seqeuences: 428800 sim test loss: 5.000619605183601 human test loss 5.65813010931015
number of simulation seqeuences: 499232number of human seqeuences: 435200 sim test loss: 5.001377627253532 human test loss 5.657731592655182
number of simulation seqeuences: 499232number of human seqeuences: 441600 sim test loss: 5.001562252640724 human test loss 5.657476037740707
number of simulation seqeuences: 499232number of human seqeuences: 454400 sim test loss: 5.002836301922798 human test loss 5.6566808223724365
number of simulation seqeuences: 499232number of human seqeuences: 460800 sim test loss: 5.001803368330002 human test loss 5.656640708446503
number of simulation seqeuences: 499232number of human seqeuences: 467200 sim test loss: 5.003551244735718 human test loss 5.656057775020599
number of simulation seqeuences: 499232number of human seqeuences: 473600 sim test loss: 5.003609672188759 human test loss 5.655849069356918
number of simulation seqeuences: 499232number of human seqeuences: 480000 sim test loss: 5.004369035363197 human test loss 5.655398577451706
number of simulation seqeuences: 499232number of human seqeuences: 486400 sim test loss: 5.004715621471405 human test loss 5.655112713575363
number of simulation seqeuences: 499232number of human seqeuences: 499200 sim test loss: 5.006133630871773 human test loss 5.654337167739868
number of simulation seqeuences: 499232number of human seqeuences: 505600 sim test loss: 5.00504544377327 human test loss 5.654328018426895
number of simulation seqeuences: 499232number of human seqeuences: 512000 sim test loss: 5.006844475865364 human test loss 5.653717249631882
number of simulation seqeuences: 499232number of human seqeuences: 518400 sim test loss: 5.00642503798008 human test loss 5.653614699840546
number of simulation seqeuences: 499232number of human seqeuences: 524800 sim test loss: 5.00727716088295 human test loss 5.653169125318527
number of simulation seqeuences: 499232number of human seqeuences: 531200 sim test loss: 5.00754289329052 human test loss 5.652900248765945
number of simulation seqeuences: 499232number of human seqeuences: 544000 sim test loss: 5.008962705731392 human test loss 5.652143567800522
number of simulation seqeuences: 499232number of human seqeuences: 550400 sim test loss: 5.007435664534569 human test loss 5.652195453643799
number of simulation seqeuences: 499232number of human seqeuences: 556800 sim test loss: 5.0093261152505875 human test loss 5.651552498340607
number of simulation seqeuences: 499232number of human seqeuences: 563200 sim test loss: 5.0088533610105515 human test loss 5.651480257511139
number of simulation seqeuences: 499232number of human seqeuences: 569600 sim test loss: 5.009718030691147 human test loss 5.651051700115204
number of simulation seqeuences: 499232number of human seqeuences: 576000 sim test loss: 5.0098651349544525 human test loss 5.650766909122467
number of simulation seqeuences: 499232number of human seqeuences: 588800 sim test loss: 5.011175632476807 human test loss 5.650019407272339
number of simulation seqeuences: 499232number of human seqeuences: 595200 sim test loss: 5.009542182087898 human test loss 5.650078177452087
number of simulation seqeuences: 499232number of human seqeuences: 601600 sim test loss: 5.011645406484604 human test loss 5.64940670132637
number of simulation seqeuences: 499232number of human seqeuences: 608000 sim test loss: 5.010795414447784 human test loss 5.649375468492508
number of simulation seqeuences: 499232number of human seqeuences: 614400 sim test loss: 5.011614963412285 human test loss 5.64894500374794
number of simulation seqeuences: 499232number of human seqeuences: 620800 sim test loss: 5.01173323392868 human test loss 5.648659139871597
number of simulation seqeuences: 499232number of human seqeuences: 633600 sim test loss: 5.013065204024315 human test loss 5.64793735742569
number of simulation seqeuences: 499232number of human seqeuences: 640000 sim test loss: 5.0112960040569305 human test loss 5.648053765296936
number of simulation seqeuences: 499232number of human seqeuences: 646400 sim test loss: 5.013224184513092 human test loss 5.647431910037994
number of simulation seqeuences: 499232number of human seqeuences: 652800 sim test loss: 5.012557834386826 human test loss 5.647387772798538
number of simulation seqeuences: 499232number of human seqeuences: 659200 sim test loss: 5.013378992676735 human test loss 5.646948397159576
number of simulation seqeuences: 499232number of human seqeuences: 665600 sim test loss: 5.013540953397751 human test loss 5.646727204322815
number of simulation seqeuences: 499232number of human seqeuences: 678400 sim test loss: 5.014570623636246 human test loss 5.645985871553421
number of simulation seqeuences: 499232number of human seqeuences: 684800 sim test loss: 5.0126273185014725 human test loss 5.64615061879158
number of simulation seqeuences: 499232number of human seqeuences: 691200 sim test loss: 5.014707386493683 human test loss 5.645476162433624
number of simulation seqeuences: 499232number of human seqeuences: 697600 sim test loss: 5.01380954682827 human test loss 5.645469486713409
number of simulation seqeuences: 499232number of human seqeuences: 704000 sim test loss: 5.014686718583107 human test loss 5.644986301660538
number of simulation seqeuences: 499232number of human seqeuences: 710400 sim test loss: 5.014687150716782 human test loss 5.644751399755478
number of simulation seqeuences: 499232number of human seqeuences: 723200 sim test loss: 5.015827611088753 human test loss 5.644005119800568
number of simulation seqeuences: 499232number of human seqeuences: 729600 sim test loss: 5.013784259557724 human test loss 5.6441790163517
number of simulation seqeuences: 499232number of human seqeuences: 736000 sim test loss: 5.0159271359443665 human test loss 5.643518269062042
number of simulation seqeuences: 499232number of human seqeuences: 742400 sim test loss: 5.014835029840469 human test loss 5.64348366856575
number of simulation seqeuences: 499232number of human seqeuences: 748800 sim test loss: 5.015683829784393 human test loss 5.6430602967739105
number of simulation seqeuences: 499232number of human seqeuences: 755200 sim test loss: 5.015674740076065 human test loss 5.642807692289352
number of simulation seqeuences: 499232number of human seqeuences: 768000 sim test loss: 5.01673649251461 human test loss 5.642042368650436
number of simulation seqeuences: 499232number of human seqeuences: 774400 sim test loss: 5.014824330806732 human test loss 5.642239212989807
number of simulation seqeuences: 499232number of human seqeuences: 780800 sim test loss: 5.016858071088791 human test loss 5.641530305147171
number of simulation seqeuences: 499232number of human seqeuences: 787200 sim test loss: 5.0158039927482605 human test loss 5.641521602869034
number of simulation seqeuences: 499232number of human seqeuences: 793600 sim test loss: 5.016590565443039 human test loss 5.641068130731583
number of simulation seqeuences: 499232number of human seqeuences: 800000 sim test loss: 5.016530692577362 human test loss 5.64083269238472
number of simulation seqeuences: 499232number of human seqeuences: 812800 sim test loss: 5.017524778842926 human test loss 5.64009302854538
number of simulation seqeuences: 499232number of human seqeuences: 819200 sim test loss: 5.015514820814133 human test loss 5.640310853719711
number of simulation seqeuences: 499232number of human seqeuences: 825600 sim test loss: 5.017724916338921 human test loss 5.639572381973267
number of simulation seqeuences: 499232number of human seqeuences: 832000 sim test loss: 5.016526505351067 human test loss 5.639638423919678
number of simulation seqeuences: 499232number of human seqeuences: 838400 sim test loss: 5.017327278852463 human test loss 5.639183163642883
number of simulation seqeuences: 499232number of human seqeuences: 844800 sim test loss: 5.017299458384514 human test loss 5.638958185911179
number of simulation seqeuences: 499232number of human seqeuences: 857600 sim test loss: 5.018377959728241 human test loss 5.63826847076416
number of simulation seqeuences: 499232number of human seqeuences: 864000 sim test loss: 5.016140177845955 human test loss 5.638550400733948
number of simulation seqeuences: 499232number of human seqeuences: 870400 sim test loss: 5.018268331885338 human test loss 5.637848377227783
number of simulation seqeuences: 499232number of human seqeuences: 876800 sim test loss: 5.01699860394001 human test loss 5.637960076332092
number of simulation seqeuences: 499232number of human seqeuences: 883200 sim test loss: 5.017909213900566 human test loss 5.6375479102134705
number of simulation seqeuences: 499232number of human seqeuences: 889600 sim test loss: 5.017797872424126 human test loss 5.6373797953128815
number of simulation seqeuences: 499232number of human seqeuences: 902400 sim test loss: 5.018682062625885 human test loss 5.636819034814835
number of simulation seqeuences: 499232number of human seqeuences: 908800 sim test loss: 5.016527935862541 human test loss 5.637140572071075
number of simulation seqeuences: 499232number of human seqeuences: 915200 sim test loss: 5.0185627937316895 human test loss 5.636536419391632
number of simulation seqeuences: 499232number of human seqeuences: 921600 sim test loss: 5.017428249120712 human test loss 5.636667102575302
number of simulation seqeuences: 499232number of human seqeuences: 928000 sim test loss: 5.018266722559929 human test loss 5.636289477348328
number of simulation seqeuences: 499232number of human seqeuences: 934400 sim test loss: 5.018108084797859 human test loss 5.636128932237625
number of simulation seqeuences: 499232number of human seqeuences: 947200 sim test loss: 5.019173622131348 human test loss 5.635655224323273
number of simulation seqeuences: 499232number of human seqeuences: 953600 sim test loss: 5.016991749405861 human test loss 5.635956972837448
number of simulation seqeuences: 499232number of human seqeuences: 960000 sim test loss: 5.019151031970978 human test loss 5.635338991880417
number of simulation seqeuences: 499232number of human seqeuences: 966400 sim test loss: 5.018006771802902 human test loss 5.635517209768295
number of simulation seqeuences: 499232number of human seqeuences: 972800 sim test loss: 5.019025772809982 human test loss 5.635093957185745
Evaluating trained model performance
Saving results
590
{'model_name': 'GRU', 'train_seq_part': 'fix_and_choice', 'n_simulation_sequences_train': 0, 'n_human_sequences_train': 281600, 'n_sequences_test': 500, 'n_sequences_final_performance': 500, 'd_model': 64, 'n_layers': 0, 'n_head': 0, 'sim_lr': 0, 'human_lr': 0.001, 'batch_size': 32, 'dropout': 0.1, 'run_idx': 49, 'on_cluster': True, 'test_batch_increment_sim': 200, 'test_batch_increment_human': 200, 'save_folder_name': 'Sequential_Best_Param_Results', 'save_file_name': 'fix_and_choice_Human_Only_GRU_ID_run_49', 'fix_unit': 'ID'}
<class 'numpy.int64'>
Loading Data
cuda:0
Training the model
Training on simulated data
Training on human data
number of simulation seqeuences: 0number of human seqeuences: 6400 sim test loss: 5.430452823638916 human test loss 5.820347338914871
number of simulation seqeuences: 0number of human seqeuences: 12800 sim test loss: 5.378450036048889 human test loss 5.811491906642914
number of simulation seqeuences: 0number of human seqeuences: 19200 sim test loss: 5.359034478664398 human test loss 5.762223064899445
number of simulation seqeuences: 0number of human seqeuences: 25600 sim test loss: 5.347986221313477 human test loss 5.744066923856735
number of simulation seqeuences: 0number of human seqeuences: 32000 sim test loss: 5.2859266102313995 human test loss 5.71239373087883
number of simulation seqeuences: 0number of human seqeuences: 38400 sim test loss: 5.332992404699326 human test loss 5.697590112686157
number of simulation seqeuences: 0number of human seqeuences: 51200 sim test loss: 5.319168448448181 human test loss 5.690584242343903
number of simulation seqeuences: 0number of human seqeuences: 57600 sim test loss: 5.275433331727982 human test loss 5.706127464771271
number of simulation seqeuences: 0number of human seqeuences: 64000 sim test loss: 5.292706668376923 human test loss 5.690292418003082
number of simulation seqeuences: 0number of human seqeuences: 70400 sim test loss: 5.310921162366867 human test loss 5.703508615493774
number of simulation seqeuences: 0number of human seqeuences: 76800 sim test loss: 5.265727669000626 human test loss 5.6861076056957245
number of simulation seqeuences: 0number of human seqeuences: 83200 sim test loss: 5.313935786485672 human test loss 5.678667575120926
number of simulation seqeuences: 0number of human seqeuences: 96000 sim test loss: 5.302434742450714 human test loss 5.6701919734478
number of simulation seqeuences: 0number of human seqeuences: 102400 sim test loss: 5.2575622498989105 human test loss 5.685596138238907
number of simulation seqeuences: 0number of human seqeuences: 108800 sim test loss: 5.274802565574646 human test loss 5.667291194200516
number of simulation seqeuences: 0number of human seqeuences: 115200 sim test loss: 5.287806212902069 human test loss 5.6762984693050385
number of simulation seqeuences: 0number of human seqeuences: 121600 sim test loss: 5.245139718055725 human test loss 5.65743562579155
number of simulation seqeuences: 0number of human seqeuences: 128000 sim test loss: 5.292223900556564 human test loss 5.648747593164444
number of simulation seqeuences: 0number of human seqeuences: 140800 sim test loss: 5.2898809015750885 human test loss 5.652621030807495
number of simulation seqeuences: 0number of human seqeuences: 147200 sim test loss: 5.284967124462128 human test loss 5.66844579577446
number of simulation seqeuences: 0number of human seqeuences: 153600 sim test loss: 5.2762675285339355 human test loss 5.659986704587936
number of simulation seqeuences: 0number of human seqeuences: 160000 sim test loss: 5.328232765197754 human test loss 5.666934579610825
number of simulation seqeuences: 0number of human seqeuences: 166400 sim test loss: 5.262123912572861 human test loss 5.661875128746033
number of simulation seqeuences: 0number of human seqeuences: 172800 sim test loss: 5.322583347558975 human test loss 5.649621278047562
number of simulation seqeuences: 0number of human seqeuences: 185600 sim test loss: 5.310299962759018 human test loss 5.655489921569824
number of simulation seqeuences: 0number of human seqeuences: 192000 sim test loss: 5.319892317056656 human test loss 5.668855309486389
number of simulation seqeuences: 0number of human seqeuences: 198400 sim test loss: 5.288626730442047 human test loss 5.6691893339157104
number of simulation seqeuences: 0number of human seqeuences: 204800 sim test loss: 5.359138041734695 human test loss 5.670757174491882
number of simulation seqeuences: 0number of human seqeuences: 211200 sim test loss: 5.275295555591583 human test loss 5.676616013050079
number of simulation seqeuences: 0number of human seqeuences: 217600 sim test loss: 5.348403960466385 human test loss 5.657187342643738
number of simulation seqeuences: 0number of human seqeuences: 230400 sim test loss: 5.32583412528038 human test loss 5.659901469945908
number of simulation seqeuences: 0number of human seqeuences: 236800 sim test loss: 5.335674077272415 human test loss 5.671028971672058
number of simulation seqeuences: 0number of human seqeuences: 243200 sim test loss: 5.294905453920364 human test loss 5.6722314059734344
number of simulation seqeuences: 0number of human seqeuences: 249600 sim test loss: 5.374354898929596 human test loss 5.672642767429352
number of simulation seqeuences: 0number of human seqeuences: 256000 sim test loss: 5.280238717794418 human test loss 5.686240345239639
number of simulation seqeuences: 0number of human seqeuences: 262400 sim test loss: 5.369014203548431 human test loss 5.663280218839645
number of simulation seqeuences: 0number of human seqeuences: 275200 sim test loss: 5.335811972618103 human test loss 5.664292097091675
number of simulation seqeuences: 0number of human seqeuences: 281600 sim test loss: 5.3400894701480865 human test loss 5.673890471458435
Evaluating trained model performance
Saving results
591
{'model_name': 'GRU', 'train_seq_part': 'fix_and_choice', 'n_simulation_sequences_train': 499232, 'n_human_sequences_train': 998400, 'n_sequences_test': 500, 'n_sequences_final_performance': 500, 'd_model': 256, 'n_layers': 0, 'n_head': 0, 'sim_lr': 0.001, 'human_lr': 1e-05, 'batch_size': 32, 'dropout': 0.1, 'run_idx': 49, 'on_cluster': True, 'test_batch_increment_sim': 200, 'test_batch_increment_human': 200, 'save_folder_name': 'Sequential_Best_Param_Results', 'save_file_name': 'fix_and_choice_Simulated_and_Human_GRU_ID_run_49', 'fix_unit': 'ID'}
<class 'numpy.int64'>
Loading Data
cuda:0
Training the model
Training on simulated data
number of simulation seqeuences: 6432number of human seqeuences: 0 sim test loss: 5.225327372550964 human test loss 5.951377660036087
number of simulation seqeuences: 12832number of human seqeuences: 0 sim test loss: 5.175657510757446 human test loss 6.0584312081336975
number of simulation seqeuences: 19232number of human seqeuences: 0 sim test loss: 5.132222428917885 human test loss 6.025724411010742
number of simulation seqeuences: 25632number of human seqeuences: 0 sim test loss: 5.230623096227646 human test loss 6.28348895907402
number of simulation seqeuences: 32032number of human seqeuences: 0 sim test loss: 5.042550012469292 human test loss 6.090928345918655
number of simulation seqeuences: 38432number of human seqeuences: 0 sim test loss: 5.098299115896225 human test loss 6.315182447433472
number of simulation seqeuences: 44832number of human seqeuences: 0 sim test loss: 5.005523040890694 human test loss 6.016502648591995
number of simulation seqeuences: 51232number of human seqeuences: 0 sim test loss: 5.1170734167099 human test loss 5.853712797164917
number of simulation seqeuences: 57632number of human seqeuences: 0 sim test loss: 4.9597900956869125 human test loss 5.956981301307678
number of simulation seqeuences: 64032number of human seqeuences: 0 sim test loss: 4.932770639657974 human test loss 6.003654599189758
number of simulation seqeuences: 70432number of human seqeuences: 0 sim test loss: 4.9473037123680115 human test loss 6.126208007335663
number of simulation seqeuences: 76832number of human seqeuences: 0 sim test loss: 4.932731479406357 human test loss 6.189847767353058
number of simulation seqeuences: 83232number of human seqeuences: 0 sim test loss: 4.9609649032354355 human test loss 6.232483386993408
number of simulation seqeuences: 89632number of human seqeuences: 0 sim test loss: 4.906470626592636 human test loss 6.066819876432419
number of simulation seqeuences: 96032number of human seqeuences: 0 sim test loss: 4.911470860242844 human test loss 6.008607596158981
number of simulation seqeuences: 102432number of human seqeuences: 0 sim test loss: 4.9195200353860855 human test loss 6.220898360013962
number of simulation seqeuences: 108832number of human seqeuences: 0 sim test loss: 4.899689570069313 human test loss 5.992703557014465
number of simulation seqeuences: 115232number of human seqeuences: 0 sim test loss: 4.8946834951639175 human test loss 6.056062281131744
number of simulation seqeuences: 121632number of human seqeuences: 0 sim test loss: 4.8917176425457 human test loss 5.953363835811615
number of simulation seqeuences: 128032number of human seqeuences: 0 sim test loss: 4.885396108031273 human test loss 6.083395093679428
number of simulation seqeuences: 134432number of human seqeuences: 0 sim test loss: 4.886070251464844 human test loss 6.1858018934726715
number of simulation seqeuences: 140832number of human seqeuences: 0 sim test loss: 4.88050702214241 human test loss 6.001150459051132
number of simulation seqeuences: 147232number of human seqeuences: 0 sim test loss: 5.0736819207668304 human test loss 5.876437932252884
number of simulation seqeuences: 153632number of human seqeuences: 0 sim test loss: 4.935371950268745 human test loss 6.422283262014389
number of simulation seqeuences: 160032number of human seqeuences: 0 sim test loss: 4.93380244076252 human test loss 5.961758077144623
number of simulation seqeuences: 166432number of human seqeuences: 0 sim test loss: 4.866134777665138 human test loss 6.005294591188431
number of simulation seqeuences: 172832number of human seqeuences: 0 sim test loss: 4.867888897657394 human test loss 6.0506491959095
number of simulation seqeuences: 179232number of human seqeuences: 0 sim test loss: 4.897384792566299 human test loss 6.231764048337936
number of simulation seqeuences: 185632number of human seqeuences: 0 sim test loss: 4.844026759266853 human test loss 6.014859259128571
number of simulation seqeuences: 192032number of human seqeuences: 0 sim test loss: 4.915892392396927 human test loss 6.359396547079086
number of simulation seqeuences: 198432number of human seqeuences: 0 sim test loss: 4.801368713378906 human test loss 6.056143194437027
number of simulation seqeuences: 204832number of human seqeuences: 0 sim test loss: 4.939852491021156 human test loss 5.9471282958984375
number of simulation seqeuences: 211232number of human seqeuences: 0 sim test loss: 4.868565693497658 human test loss 6.080081790685654
number of simulation seqeuences: 217632number of human seqeuences: 0 sim test loss: 4.773538246750832 human test loss 6.045077383518219
number of simulation seqeuences: 224032number of human seqeuences: 0 sim test loss: 4.79352642595768 human test loss 6.0852992832660675
number of simulation seqeuences: 230432number of human seqeuences: 0 sim test loss: 4.83606792986393 human test loss 6.197451591491699
number of simulation seqeuences: 236832number of human seqeuences: 0 sim test loss: 4.806707367300987 human test loss 6.204182833433151
number of simulation seqeuences: 243232number of human seqeuences: 0 sim test loss: 4.788805693387985 human test loss 6.1431549191474915
number of simulation seqeuences: 249632number of human seqeuences: 0 sim test loss: 4.760035499930382 human test loss 5.996792644262314
number of simulation seqeuences: 256032number of human seqeuences: 0 sim test loss: 4.762755930423737 human test loss 6.065114915370941
number of simulation seqeuences: 262432number of human seqeuences: 0 sim test loss: 4.769530385732651 human test loss 5.921633541584015
number of simulation seqeuences: 268832number of human seqeuences: 0 sim test loss: 4.788887545466423 human test loss 6.181366920471191
number of simulation seqeuences: 275232number of human seqeuences: 0 sim test loss: 4.769123911857605 human test loss 6.01952999830246
number of simulation seqeuences: 281632number of human seqeuences: 0 sim test loss: 4.774591356515884 human test loss 5.979020655155182
number of simulation seqeuences: 288032number of human seqeuences: 0 sim test loss: 4.774284064769745 human test loss 5.955587655305862
number of simulation seqeuences: 294432number of human seqeuences: 0 sim test loss: 4.766636207699776 human test loss 6.027006298303604
number of simulation seqeuences: 300832number of human seqeuences: 0 sim test loss: 4.771580874919891 human test loss 6.012033820152283
number of simulation seqeuences: 307232number of human seqeuences: 0 sim test loss: 4.771733686327934 human test loss 6.095154315233231
number of simulation seqeuences: 313632number of human seqeuences: 0 sim test loss: 4.777261301875114 human test loss 5.957874685525894
number of simulation seqeuences: 320032number of human seqeuences: 0 sim test loss: 4.7875774800777435 human test loss 5.928127229213715
number of simulation seqeuences: 326432number of human seqeuences: 0 sim test loss: 4.749901711940765 human test loss 6.0442938804626465
number of simulation seqeuences: 332832number of human seqeuences: 0 sim test loss: 4.733007550239563 human test loss 6.098261386156082
number of simulation seqeuences: 339232number of human seqeuences: 0 sim test loss: 4.77861613035202 human test loss 6.187432885169983
number of simulation seqeuences: 345632number of human seqeuences: 0 sim test loss: 4.731124565005302 human test loss 5.938060015439987
number of simulation seqeuences: 352032number of human seqeuences: 0 sim test loss: 4.784146562218666 human test loss 6.033887356519699
number of simulation seqeuences: 358432number of human seqeuences: 0 sim test loss: 4.850443810224533 human test loss 6.0529806315898895
number of simulation seqeuences: 364832number of human seqeuences: 0 sim test loss: 4.7641917914152145 human test loss 6.087936073541641
number of simulation seqeuences: 371232number of human seqeuences: 0 sim test loss: 4.798527464270592 human test loss 6.00016176700592
number of simulation seqeuences: 377632number of human seqeuences: 0 sim test loss: 4.751965641975403 human test loss 5.933655023574829
number of simulation seqeuences: 384032number of human seqeuences: 0 sim test loss: 4.8389905244112015 human test loss 6.1630038022994995
number of simulation seqeuences: 390432number of human seqeuences: 0 sim test loss: 4.7402627766132355 human test loss 6.064804702997208
number of simulation seqeuences: 396832number of human seqeuences: 0 sim test loss: 4.752615451812744 human test loss 6.089384943246841
number of simulation seqeuences: 403232number of human seqeuences: 0 sim test loss: 4.763861522078514 human test loss 6.001815289258957
number of simulation seqeuences: 409632number of human seqeuences: 0 sim test loss: 4.719928681850433 human test loss 5.947381347417831
number of simulation seqeuences: 416032number of human seqeuences: 0 sim test loss: 4.855833366513252 human test loss 6.114008724689484
number of simulation seqeuences: 422432number of human seqeuences: 0 sim test loss: 4.776624456048012 human test loss 6.104302018880844
number of simulation seqeuences: 428832number of human seqeuences: 0 sim test loss: 4.741022378206253 human test loss 6.102460950613022
number of simulation seqeuences: 435232number of human seqeuences: 0 sim test loss: 4.722294017672539 human test loss 5.9919773042202
number of simulation seqeuences: 441632number of human seqeuences: 0 sim test loss: 4.734353721141815 human test loss 5.948131412267685
number of simulation seqeuences: 448032number of human seqeuences: 0 sim test loss: 4.791103109717369 human test loss 6.057988256216049
number of simulation seqeuences: 454432number of human seqeuences: 0 sim test loss: 4.788532942533493 human test loss 6.101806730031967
number of simulation seqeuences: 460832number of human seqeuences: 0 sim test loss: 4.741839557886124 human test loss 6.0203830897808075
number of simulation seqeuences: 467232number of human seqeuences: 0 sim test loss: 4.764457628130913 human test loss 6.1352004408836365
number of simulation seqeuences: 473632number of human seqeuences: 0 sim test loss: 4.77932471036911 human test loss 6.161358505487442
number of simulation seqeuences: 480032number of human seqeuences: 0 sim test loss: 4.782974511384964 human test loss 6.055272310972214
number of simulation seqeuences: 486432number of human seqeuences: 0 sim test loss: 4.767880365252495 human test loss 6.16515451669693
number of simulation seqeuences: 492832number of human seqeuences: 0 sim test loss: 4.763998240232468 human test loss 5.947330683469772
number of simulation seqeuences: 499232number of human seqeuences: 0 sim test loss: 4.792345270514488 human test loss 5.888316482305527
Training on human data
number of simulation seqeuences: 499232number of human seqeuences: 6400 sim test loss: 4.780664876103401 human test loss 5.82920441031456
number of simulation seqeuences: 499232number of human seqeuences: 12800 sim test loss: 4.786185398697853 human test loss 5.7892328798770905
number of simulation seqeuences: 499232number of human seqeuences: 19200 sim test loss: 4.804181545972824 human test loss 5.762025892734528
number of simulation seqeuences: 499232number of human seqeuences: 25600 sim test loss: 4.823767796158791 human test loss 5.742432594299316
number of simulation seqeuences: 499232number of human seqeuences: 32000 sim test loss: 4.846888169646263 human test loss 5.728092700242996
number of simulation seqeuences: 499232number of human seqeuences: 38400 sim test loss: 4.866771221160889 human test loss 5.7169786393642426
number of simulation seqeuences: 499232number of human seqeuences: 51200 sim test loss: 4.902510344982147 human test loss 5.70017346739769
number of simulation seqeuences: 499232number of human seqeuences: 57600 sim test loss: 4.913939982652664 human test loss 5.693792402744293
number of simulation seqeuences: 499232number of human seqeuences: 64000 sim test loss: 4.926839232444763 human test loss 5.688471436500549
number of simulation seqeuences: 499232number of human seqeuences: 70400 sim test loss: 4.93424928188324 human test loss 5.68370708823204
number of simulation seqeuences: 499232number of human seqeuences: 76800 sim test loss: 4.94306954741478 human test loss 5.679462313652039
number of simulation seqeuences: 499232number of human seqeuences: 83200 sim test loss: 4.9487026035785675 human test loss 5.675911039113998
number of simulation seqeuences: 499232number of human seqeuences: 96000 sim test loss: 4.959454447031021 human test loss 5.66966986656189
number of simulation seqeuences: 499232number of human seqeuences: 102400 sim test loss: 4.9614686369895935 human test loss 5.6670081615448
number of simulation seqeuences: 499232number of human seqeuences: 108800 sim test loss: 4.967221915721893 human test loss 5.664703071117401
number of simulation seqeuences: 499232number of human seqeuences: 115200 sim test loss: 4.969311863183975 human test loss 5.662741184234619
number of simulation seqeuences: 499232number of human seqeuences: 121600 sim test loss: 4.973739981651306 human test loss 5.660701751708984
number of simulation seqeuences: 499232number of human seqeuences: 128000 sim test loss: 4.976188063621521 human test loss 5.659219592809677
number of simulation seqeuences: 499232number of human seqeuences: 140800 sim test loss: 4.98241400718689 human test loss 5.656257063150406
number of simulation seqeuences: 499232number of human seqeuences: 147200 sim test loss: 4.9827989637851715 human test loss 5.654961049556732
number of simulation seqeuences: 499232number of human seqeuences: 153600 sim test loss: 4.986840099096298 human test loss 5.653808116912842
number of simulation seqeuences: 499232number of human seqeuences: 160000 sim test loss: 4.987975478172302 human test loss 5.652847439050674
number of simulation seqeuences: 499232number of human seqeuences: 166400 sim test loss: 4.990904897451401 human test loss 5.651757091283798
number of simulation seqeuences: 499232number of human seqeuences: 172800 sim test loss: 4.992265433073044 human test loss 5.65112042427063
number of simulation seqeuences: 499232number of human seqeuences: 185600 sim test loss: 4.996632486581802 human test loss 5.649494260549545
number of simulation seqeuences: 499232number of human seqeuences: 192000 sim test loss: 4.996090829372406 human test loss 5.648713141679764
number of simulation seqeuences: 499232number of human seqeuences: 198400 sim test loss: 4.99945542216301 human test loss 5.648219794034958
number of simulation seqeuences: 499232number of human seqeuences: 204800 sim test loss: 4.9999039471149445 human test loss 5.647785514593124
number of simulation seqeuences: 499232number of human seqeuences: 211200 sim test loss: 5.002179712057114 human test loss 5.647077769041061
number of simulation seqeuences: 499232number of human seqeuences: 217600 sim test loss: 5.0029434859752655 human test loss 5.646962195634842
number of simulation seqeuences: 499232number of human seqeuences: 230400 sim test loss: 5.006240278482437 human test loss 5.646103322505951
number of simulation seqeuences: 499232number of human seqeuences: 236800 sim test loss: 5.005351930856705 human test loss 5.645608335733414
number of simulation seqeuences: 499232number of human seqeuences: 243200 sim test loss: 5.008502900600433 human test loss 5.645318865776062
number of simulation seqeuences: 499232number of human seqeuences: 249600 sim test loss: 5.008403718471527 human test loss 5.645027846097946
number of simulation seqeuences: 499232number of human seqeuences: 256000 sim test loss: 5.010708838701248 human test loss 5.644395798444748
number of simulation seqeuences: 499232number of human seqeuences: 262400 sim test loss: 5.011380046606064 human test loss 5.644346326589584
number of simulation seqeuences: 499232number of human seqeuences: 275200 sim test loss: 5.014259576797485 human test loss 5.643460839986801
number of simulation seqeuences: 499232number of human seqeuences: 281600 sim test loss: 5.0133057832717896 human test loss 5.643139123916626
number of simulation seqeuences: 499232number of human seqeuences: 288000 sim test loss: 5.016269862651825 human test loss 5.642834365367889
number of simulation seqeuences: 499232number of human seqeuences: 294400 sim test loss: 5.016357868909836 human test loss 5.6427163779735565
number of simulation seqeuences: 499232number of human seqeuences: 300800 sim test loss: 5.018192380666733 human test loss 5.642208069562912
number of simulation seqeuences: 499232number of human seqeuences: 307200 sim test loss: 5.018899738788605 human test loss 5.642145156860352
number of simulation seqeuences: 499232number of human seqeuences: 320000 sim test loss: 5.021705120801926 human test loss 5.641473591327667
number of simulation seqeuences: 499232number of human seqeuences: 326400 sim test loss: 5.020552337169647 human test loss 5.641238063573837
number of simulation seqeuences: 499232number of human seqeuences: 332800 sim test loss: 5.023370057344437 human test loss 5.640968203544617
number of simulation seqeuences: 499232number of human seqeuences: 339200 sim test loss: 5.02325901389122 human test loss 5.640822350978851
number of simulation seqeuences: 499232number of human seqeuences: 345600 sim test loss: 5.025205075740814 human test loss 5.640433460474014
number of simulation seqeuences: 499232number of human seqeuences: 352000 sim test loss: 5.0258097648620605 human test loss 5.640423953533173
number of simulation seqeuences: 499232number of human seqeuences: 364800 sim test loss: 5.0285510420799255 human test loss 5.6398696303367615
number of simulation seqeuences: 499232number of human seqeuences: 371200 sim test loss: 5.02715989947319 human test loss 5.63961923122406
number of simulation seqeuences: 499232number of human seqeuences: 377600 sim test loss: 5.030079275369644 human test loss 5.639427840709686
number of simulation seqeuences: 499232number of human seqeuences: 384000 sim test loss: 5.029853522777557 human test loss 5.639410346746445
number of simulation seqeuences: 499232number of human seqeuences: 390400 sim test loss: 5.031650483608246 human test loss 5.638968050479889
number of simulation seqeuences: 499232number of human seqeuences: 396800 sim test loss: 5.032459706068039 human test loss 5.639023303985596
number of simulation seqeuences: 499232number of human seqeuences: 409600 sim test loss: 5.034669607877731 human test loss 5.6385529935359955
number of simulation seqeuences: 499232number of human seqeuences: 416000 sim test loss: 5.033022880554199 human test loss 5.638377606868744
number of simulation seqeuences: 499232number of human seqeuences: 422400 sim test loss: 5.036330819129944 human test loss 5.638275921344757
number of simulation seqeuences: 499232number of human seqeuences: 428800 sim test loss: 5.035767704248428 human test loss 5.638356059789658
number of simulation seqeuences: 499232number of human seqeuences: 435200 sim test loss: 5.03760901093483 human test loss 5.637950450181961
number of simulation seqeuences: 499232number of human seqeuences: 441600 sim test loss: 5.037915349006653 human test loss 5.6380957663059235
number of simulation seqeuences: 499232number of human seqeuences: 454400 sim test loss: 5.04055455327034 human test loss 5.637901812791824
number of simulation seqeuences: 499232number of human seqeuences: 460800 sim test loss: 5.038528800010681 human test loss 5.637754917144775
number of simulation seqeuences: 499232number of human seqeuences: 467200 sim test loss: 5.0420505702495575 human test loss 5.637671202421188
number of simulation seqeuences: 499232number of human seqeuences: 473600 sim test loss: 5.041253566741943 human test loss 5.637883096933365
number of simulation seqeuences: 499232number of human seqeuences: 480000 sim test loss: 5.043096214532852 human test loss 5.637529253959656
number of simulation seqeuences: 499232number of human seqeuences: 486400 sim test loss: 5.043620616197586 human test loss 5.637882620096207
number of simulation seqeuences: 499232number of human seqeuences: 499200 sim test loss: 5.0457402765750885 human test loss 5.637828379869461
number of simulation seqeuences: 499232number of human seqeuences: 505600 sim test loss: 5.04328066110611 human test loss 5.637724071741104
number of simulation seqeuences: 499232number of human seqeuences: 512000 sim test loss: 5.0471994280815125 human test loss 5.637858420610428
number of simulation seqeuences: 499232number of human seqeuences: 518400 sim test loss: 5.0462788343429565 human test loss 5.638063579797745
number of simulation seqeuences: 499232number of human seqeuences: 524800 sim test loss: 5.047808885574341 human test loss 5.637916475534439
number of simulation seqeuences: 499232number of human seqeuences: 531200 sim test loss: 5.0483401119709015 human test loss 5.638233691453934
number of simulation seqeuences: 499232number of human seqeuences: 544000 sim test loss: 5.050784796476364 human test loss 5.638348370790482
number of simulation seqeuences: 499232number of human seqeuences: 550400 sim test loss: 5.048274904489517 human test loss 5.638379514217377
number of simulation seqeuences: 499232number of human seqeuences: 556800 sim test loss: 5.051325410604477 human test loss 5.638443320989609
number of simulation seqeuences: 499232number of human seqeuences: 563200 sim test loss: 5.050644189119339 human test loss 5.638781189918518
number of simulation seqeuences: 499232number of human seqeuences: 569600 sim test loss: 5.051766932010651 human test loss 5.638667672872543
number of simulation seqeuences: 499232number of human seqeuences: 576000 sim test loss: 5.0523762702941895 human test loss 5.63912370800972
number of simulation seqeuences: 499232number of human seqeuences: 588800 sim test loss: 5.054528772830963 human test loss 5.639337927103043
number of simulation seqeuences: 499232number of human seqeuences: 595200 sim test loss: 5.051949888467789 human test loss 5.639402985572815
number of simulation seqeuences: 499232number of human seqeuences: 601600 sim test loss: 5.0552617609500885 human test loss 5.639637112617493
number of simulation seqeuences: 499232number of human seqeuences: 608000 sim test loss: 5.053630977869034 human test loss 5.639887899160385
number of simulation seqeuences: 499232number of human seqeuences: 614400 sim test loss: 5.055346846580505 human test loss 5.639805376529694
number of simulation seqeuences: 499232number of human seqeuences: 620800 sim test loss: 5.0556314289569855 human test loss 5.640294641256332
number of simulation seqeuences: 499232number of human seqeuences: 633600 sim test loss: 5.057608515024185 human test loss 5.640592068433762
number of simulation seqeuences: 499232number of human seqeuences: 640000 sim test loss: 5.054282933473587 human test loss 5.6407767832279205
number of simulation seqeuences: 499232number of human seqeuences: 646400 sim test loss: 5.057439297437668 human test loss 5.640835285186768
number of simulation seqeuences: 499232number of human seqeuences: 652800 sim test loss: 5.056246131658554 human test loss 5.641279608011246
number of simulation seqeuences: 499232number of human seqeuences: 659200 sim test loss: 5.057238727807999 human test loss 5.6412825882434845
number of simulation seqeuences: 499232number of human seqeuences: 665600 sim test loss: 5.057634592056274 human test loss 5.64168456196785
number of simulation seqeuences: 499232number of human seqeuences: 678400 sim test loss: 5.059402644634247 human test loss 5.64207398891449
number of simulation seqeuences: 499232number of human seqeuences: 684800 sim test loss: 5.055811583995819 human test loss 5.642305999994278
number of simulation seqeuences: 499232number of human seqeuences: 691200 sim test loss: 5.058572173118591 human test loss 5.642399430274963
number of simulation seqeuences: 499232number of human seqeuences: 697600 sim test loss: 5.0571494698524475 human test loss 5.642743498086929
number of simulation seqeuences: 499232number of human seqeuences: 704000 sim test loss: 5.0582534968853 human test loss 5.64273327589035
number of simulation seqeuences: 499232number of human seqeuences: 710400 sim test loss: 5.057960331439972 human test loss 5.643296271562576
number of simulation seqeuences: 499232number of human seqeuences: 723200 sim test loss: 5.058734744787216 human test loss 5.643440514802933
number of simulation seqeuences: 499232number of human seqeuences: 729600 sim test loss: 5.055721968412399 human test loss 5.643788635730743
number of simulation seqeuences: 499232number of human seqeuences: 736000 sim test loss: 5.058756202459335 human test loss 5.6438349187374115
number of simulation seqeuences: 499232number of human seqeuences: 742400 sim test loss: 5.056447327136993 human test loss 5.644402176141739
number of simulation seqeuences: 499232number of human seqeuences: 748800 sim test loss: 5.057385563850403 human test loss 5.6442906856536865
number of simulation seqeuences: 499232number of human seqeuences: 755200 sim test loss: 5.057203590869904 human test loss 5.644841104745865
number of simulation seqeuences: 499232number of human seqeuences: 768000 sim test loss: 5.057581007480621 human test loss 5.645052254199982
number of simulation seqeuences: 499232number of human seqeuences: 774400 sim test loss: 5.05443263053894 human test loss 5.645591229200363
number of simulation seqeuences: 499232number of human seqeuences: 780800 sim test loss: 5.057033896446228 human test loss 5.645499169826508
number of simulation seqeuences: 499232number of human seqeuences: 787200 sim test loss: 5.054728299379349 human test loss 5.6460932195186615
number of simulation seqeuences: 499232number of human seqeuences: 793600 sim test loss: 5.055651128292084 human test loss 5.646115064620972
number of simulation seqeuences: 499232number of human seqeuences: 800000 sim test loss: 5.054837107658386 human test loss 5.64669331908226
number of simulation seqeuences: 499232number of human seqeuences: 812800 sim test loss: 5.054945886135101 human test loss 5.646862983703613
number of simulation seqeuences: 499232number of human seqeuences: 819200 sim test loss: 5.051561266183853 human test loss 5.647380709648132
number of simulation seqeuences: 499232number of human seqeuences: 825600 sim test loss: 5.054304420948029 human test loss 5.647329330444336
number of simulation seqeuences: 499232number of human seqeuences: 832000 sim test loss: 5.051239907741547 human test loss 5.648052632808685
number of simulation seqeuences: 499232number of human seqeuences: 838400 sim test loss: 5.052583873271942 human test loss 5.6478868424892426
number of simulation seqeuences: 499232number of human seqeuences: 844800 sim test loss: 5.051199376583099 human test loss 5.648411422967911
number of simulation seqeuences: 499232number of human seqeuences: 857600 sim test loss: 5.051463603973389 human test loss 5.648815274238586
number of simulation seqeuences: 499232number of human seqeuences: 864000 sim test loss: 5.047632783651352 human test loss 5.649352192878723
number of simulation seqeuences: 499232number of human seqeuences: 870400 sim test loss: 5.050145506858826 human test loss 5.649185627698898
number of simulation seqeuences: 499232number of human seqeuences: 876800 sim test loss: 5.046600133180618 human test loss 5.6499263048172
number of simulation seqeuences: 499232number of human seqeuences: 883200 sim test loss: 5.048583418130875 human test loss 5.649782121181488
number of simulation seqeuences: 499232number of human seqeuences: 889600 sim test loss: 5.0465836226940155 human test loss 5.650310456752777
number of simulation seqeuences: 499232number of human seqeuences: 902400 sim test loss: 5.046950697898865 human test loss 5.650593519210815
number of simulation seqeuences: 499232number of human seqeuences: 908800 sim test loss: 5.043475478887558 human test loss 5.651185005903244
number of simulation seqeuences: 499232number of human seqeuences: 915200 sim test loss: 5.046390265226364 human test loss 5.6509440541267395
number of simulation seqeuences: 499232number of human seqeuences: 921600 sim test loss: 5.042703062295914 human test loss 5.651560336351395
number of simulation seqeuences: 499232number of human seqeuences: 928000 sim test loss: 5.045354515314102 human test loss 5.651448905467987
number of simulation seqeuences: 499232number of human seqeuences: 934400 sim test loss: 5.0432330667972565 human test loss 5.651888400316238
number of simulation seqeuences: 499232number of human seqeuences: 947200 sim test loss: 5.04385444521904 human test loss 5.652104079723358
number of simulation seqeuences: 499232number of human seqeuences: 953600 sim test loss: 5.04032775759697 human test loss 5.652587324380875
number of simulation seqeuences: 499232number of human seqeuences: 960000 sim test loss: 5.0439335107803345 human test loss 5.652399778366089
number of simulation seqeuences: 499232number of human seqeuences: 966400 sim test loss: 5.040168225765228 human test loss 5.652943998575211
number of simulation seqeuences: 499232number of human seqeuences: 972800 sim test loss: 5.0428688526153564 human test loss 5.65248966217041
number of simulation seqeuences: 499232number of human seqeuences: 979200 sim test loss: 5.040812104940414 human test loss 5.652945697307587
number of simulation seqeuences: 499232number of human seqeuences: 992000 sim test loss: 5.042496681213379 human test loss 5.652946025133133
number of simulation seqeuences: 499232number of human seqeuences: 998400 sim test loss: 5.03884169459343 human test loss 5.65327975153923
number of simulation seqeuences: 499232number of human seqeuences: 1004800 sim test loss: 5.042538017034531 human test loss 5.652898222208023
Evaluating trained model performance
Saving results
