My SLURM_ARRAY_JOB_ID is 50562949.
My SLURM_ARRAY_TASK_ID is 1
Executing on the machine: della-l01g2
0
{'model_name': 'LSTM', 'train_seq_part': 'fix_and_choice', 'n_simulation_sequences_train': 0, 'n_human_sequences_train': 2009600, 'n_sequences_test': 500, 'n_sequences_final_performance': 500, 'd_model': 64, 'n_layers': 0, 'n_head': 0, 'sim_lr': 0, 'human_lr': 0.0001, 'batch_size': 32, 'dropout': 0.1, 'run_idx': 0, 'on_cluster': True, 'test_batch_increment_sim': 200, 'test_batch_increment_human': 200, 'save_folder_name': 'Sequential_Best_Param_Results_F', 'save_file_name': 'fix_and_choice_Human_Only_LSTM_ID_run_0', 'fix_unit': 'ID'}
<class 'numpy.int64'>
Loading Data
cuda:0
Training the model
Training on simulated data
Training on human data
number of simulation seqeuences: 0number of human seqeuences: 6400 sim test loss: 8.500325381755829 human test loss 10.625774800777435
number of simulation seqeuences: 0number of human seqeuences: 12800 sim test loss: 5.54286402463913 human test loss 6.178896874189377
number of simulation seqeuences: 0number of human seqeuences: 19200 sim test loss: 5.672900468111038 human test loss 6.000491559505463
number of simulation seqeuences: 0number of human seqeuences: 25600 sim test loss: 5.711768716573715 human test loss 5.988700330257416
number of simulation seqeuences: 0number of human seqeuences: 32000 sim test loss: 5.718608945608139 human test loss 5.9786407351493835
number of simulation seqeuences: 0number of human seqeuences: 38400 sim test loss: 5.715377122163773 human test loss 5.965691685676575
number of simulation seqeuences: 0number of human seqeuences: 51200 sim test loss: 5.711722105741501 human test loss 5.943109422922134
number of simulation seqeuences: 0number of human seqeuences: 57600 sim test loss: 5.696654319763184 human test loss 5.939773708581924
number of simulation seqeuences: 0number of human seqeuences: 64000 sim test loss: 5.702300786972046 human test loss 5.9239121079444885
number of simulation seqeuences: 0number of human seqeuences: 70400 sim test loss: 5.693877279758453 human test loss 5.915962785482407
number of simulation seqeuences: 0number of human seqeuences: 76800 sim test loss: 5.694331735372543 human test loss 5.918523401021957
number of simulation seqeuences: 0number of human seqeuences: 83200 sim test loss: 5.692686051130295 human test loss 5.899086624383926
number of simulation seqeuences: 0number of human seqeuences: 96000 sim test loss: 5.689145267009735 human test loss 5.886191099882126
number of simulation seqeuences: 0number of human seqeuences: 102400 sim test loss: 5.684306412935257 human test loss 5.887977868318558
number of simulation seqeuences: 0number of human seqeuences: 108800 sim test loss: 5.687884151935577 human test loss 5.876159340143204
number of simulation seqeuences: 0number of human seqeuences: 115200 sim test loss: 5.680621892213821 human test loss 5.872277617454529
number of simulation seqeuences: 0number of human seqeuences: 121600 sim test loss: 5.6900273859500885 human test loss 5.8772172927856445
number of simulation seqeuences: 0number of human seqeuences: 128000 sim test loss: 5.678569316864014 human test loss 5.860314041376114
number of simulation seqeuences: 0number of human seqeuences: 140800 sim test loss: 5.677012473344803 human test loss 5.851294815540314
number of simulation seqeuences: 0number of human seqeuences: 147200 sim test loss: 5.678300112485886 human test loss 5.8557309210300446
number of simulation seqeuences: 0number of human seqeuences: 153600 sim test loss: 5.6795408725738525 human test loss 5.844468384981155
number of simulation seqeuences: 0number of human seqeuences: 160000 sim test loss: 5.672826796770096 human test loss 5.842086136341095
number of simulation seqeuences: 0number of human seqeuences: 166400 sim test loss: 5.685935884714127 human test loss 5.848975837230682
number of simulation seqeuences: 0number of human seqeuences: 172800 sim test loss: 5.669611394405365 human test loss 5.831689417362213
number of simulation seqeuences: 0number of human seqeuences: 185600 sim test loss: 5.668072044849396 human test loss 5.824296176433563
number of simulation seqeuences: 0number of human seqeuences: 192000 sim test loss: 5.6724627912044525 human test loss 5.830239653587341
number of simulation seqeuences: 0number of human seqeuences: 198400 sim test loss: 5.672508478164673 human test loss 5.8191832304000854
number of simulation seqeuences: 0number of human seqeuences: 204800 sim test loss: 5.666006028652191 human test loss 5.8176954090595245
number of simulation seqeuences: 0number of human seqeuences: 211200 sim test loss: 5.681676656007767 human test loss 5.826794445514679
number of simulation seqeuences: 0number of human seqeuences: 217600 sim test loss: 5.662008732557297 human test loss 5.808179587125778
number of simulation seqeuences: 0number of human seqeuences: 230400 sim test loss: 5.660185217857361 human test loss 5.801817387342453
number of simulation seqeuences: 0number of human seqeuences: 236800 sim test loss: 5.6661229729652405 human test loss 5.808834880590439
number of simulation seqeuences: 0number of human seqeuences: 243200 sim test loss: 5.665859758853912 human test loss 5.7979947328567505
number of simulation seqeuences: 0number of human seqeuences: 249600 sim test loss: 5.6589139103889465 human test loss 5.796990394592285
number of simulation seqeuences: 0number of human seqeuences: 256000 sim test loss: 5.676804184913635 human test loss 5.8085179924964905
number of simulation seqeuences: 0number of human seqeuences: 262400 sim test loss: 5.654531568288803 human test loss 5.788195163011551
number of simulation seqeuences: 0number of human seqeuences: 275200 sim test loss: 5.652611970901489 human test loss 5.7825305461883545
number of simulation seqeuences: 0number of human seqeuences: 281600 sim test loss: 5.659016996622086 human test loss 5.790184319019318
number of simulation seqeuences: 0number of human seqeuences: 288000 sim test loss: 5.658974796533585 human test loss 5.77974671125412
number of simulation seqeuences: 0number of human seqeuences: 294400 sim test loss: 5.65151172876358 human test loss 5.778998553752899
number of simulation seqeuences: 0number of human seqeuences: 300800 sim test loss: 5.671481281518936 human test loss 5.793038338422775
number of simulation seqeuences: 0number of human seqeuences: 307200 sim test loss: 5.6470301151275635 human test loss 5.770797848701477
number of simulation seqeuences: 0number of human seqeuences: 320000 sim test loss: 5.645133286714554 human test loss 5.76565158367157
number of simulation seqeuences: 0number of human seqeuences: 326400 sim test loss: 5.651495784521103 human test loss 5.773556977510452
number of simulation seqeuences: 0number of human seqeuences: 332800 sim test loss: 5.652003139257431 human test loss 5.763761937618256
number of simulation seqeuences: 0number of human seqeuences: 339200 sim test loss: 5.643852740526199 human test loss 5.763016104698181
number of simulation seqeuences: 0number of human seqeuences: 345600 sim test loss: 5.665719389915466 human test loss 5.779127269983292
number of simulation seqeuences: 0number of human seqeuences: 352000 sim test loss: 5.6396982073783875 human test loss 5.755553722381592
number of simulation seqeuences: 0number of human seqeuences: 364800 sim test loss: 5.637722373008728 human test loss 5.75083789229393
number of simulation seqeuences: 0number of human seqeuences: 371200 sim test loss: 5.644012421369553 human test loss 5.758776038885117
number of simulation seqeuences: 0number of human seqeuences: 377600 sim test loss: 5.645529240369797 human test loss 5.749851495027542
number of simulation seqeuences: 0number of human seqeuences: 384000 sim test loss: 5.636577248573303 human test loss 5.748987525701523
number of simulation seqeuences: 0number of human seqeuences: 390400 sim test loss: 5.660611301660538 human test loss 5.767300337553024
number of simulation seqeuences: 0number of human seqeuences: 396800 sim test loss: 5.632788181304932 human test loss 5.742185682058334
number of simulation seqeuences: 0number of human seqeuences: 409600 sim test loss: 5.6308079063892365 human test loss 5.737803936004639
number of simulation seqeuences: 0number of human seqeuences: 416000 sim test loss: 5.636815905570984 human test loss 5.745490223169327
number of simulation seqeuences: 0number of human seqeuences: 422400 sim test loss: 5.639389216899872 human test loss 5.737615644931793
number of simulation seqeuences: 0number of human seqeuences: 428800 sim test loss: 5.629824161529541 human test loss 5.736753821372986
number of simulation seqeuences: 0number of human seqeuences: 435200 sim test loss: 5.655691206455231 human test loss 5.756652325391769
number of simulation seqeuences: 0number of human seqeuences: 441600 sim test loss: 5.62640455365181 human test loss 5.7305556535720825
number of simulation seqeuences: 0number of human seqeuences: 454400 sim test loss: 5.624353468418121 human test loss 5.726518958806992
number of simulation seqeuences: 0number of human seqeuences: 460800 sim test loss: 5.630344390869141 human test loss 5.734088838100433
number of simulation seqeuences: 0number of human seqeuences: 467200 sim test loss: 5.634243667125702 human test loss 5.727217823266983
number of simulation seqeuences: 0number of human seqeuences: 473600 sim test loss: 5.623709291219711 human test loss 5.72616508603096
number of simulation seqeuences: 0number of human seqeuences: 480000 sim test loss: 5.651705503463745 human test loss 5.747870862483978
number of simulation seqeuences: 0number of human seqeuences: 486400 sim test loss: 5.620767116546631 human test loss 5.72052788734436
number of simulation seqeuences: 0number of human seqeuences: 499200 sim test loss: 5.618878394365311 human test loss 5.716827362775803
number of simulation seqeuences: 0number of human seqeuences: 505600 sim test loss: 5.624270021915436 human test loss 5.724069029092789
number of simulation seqeuences: 0number of human seqeuences: 512000 sim test loss: 5.629651486873627 human test loss 5.718380153179169
number of simulation seqeuences: 0number of human seqeuences: 518400 sim test loss: 5.618257373571396 human test loss 5.717067331075668
number of simulation seqeuences: 0number of human seqeuences: 524800 sim test loss: 5.647955238819122 human test loss 5.740064650774002
number of simulation seqeuences: 0number of human seqeuences: 531200 sim test loss: 5.6159892082214355 human test loss 5.712050229310989
number of simulation seqeuences: 0number of human seqeuences: 544000 sim test loss: 5.614143043756485 human test loss 5.7085296511650085
number of simulation seqeuences: 0number of human seqeuences: 550400 sim test loss: 5.618999391794205 human test loss 5.715549468994141
number of simulation seqeuences: 0number of human seqeuences: 556800 sim test loss: 5.626032918691635 human test loss 5.710918456315994
number of simulation seqeuences: 0number of human seqeuences: 563200 sim test loss: 5.613734722137451 human test loss 5.709337115287781
number of simulation seqeuences: 0number of human seqeuences: 569600 sim test loss: 5.645588248968124 human test loss 5.734087109565735
number of simulation seqeuences: 0number of human seqeuences: 576000 sim test loss: 5.611870259046555 human test loss 5.704766631126404
number of simulation seqeuences: 0number of human seqeuences: 588800 sim test loss: 5.610078126192093 human test loss 5.701492607593536
number of simulation seqeuences: 0number of human seqeuences: 595200 sim test loss: 5.613958775997162 human test loss 5.707849621772766
number of simulation seqeuences: 0number of human seqeuences: 601600 sim test loss: 5.62341895699501 human test loss 5.704853117465973
number of simulation seqeuences: 0number of human seqeuences: 608000 sim test loss: 5.6099322736263275 human test loss 5.702773183584213
number of simulation seqeuences: 0number of human seqeuences: 614400 sim test loss: 5.643597513437271 human test loss 5.728857338428497
number of simulation seqeuences: 0number of human seqeuences: 620800 sim test loss: 5.609213501214981 human test loss 5.698873698711395
number of simulation seqeuences: 0number of human seqeuences: 633600 sim test loss: 5.607389479875565 human test loss 5.695601314306259
number of simulation seqeuences: 0number of human seqeuences: 640000 sim test loss: 5.609472095966339 human test loss 5.701181173324585
number of simulation seqeuences: 0number of human seqeuences: 646400 sim test loss: 5.622121572494507 human test loss 5.7002814412117
number of simulation seqeuences: 0number of human seqeuences: 652800 sim test loss: 5.607144087553024 human test loss 5.69737184047699
number of simulation seqeuences: 0number of human seqeuences: 659200 sim test loss: 5.64307227730751 human test loss 5.725187510251999
number of simulation seqeuences: 0number of human seqeuences: 665600 sim test loss: 5.607099652290344 human test loss 5.694023489952087
number of simulation seqeuences: 0number of human seqeuences: 678400 sim test loss: 5.60545226931572 human test loss 5.690987855195999
number of simulation seqeuences: 0number of human seqeuences: 684800 sim test loss: 5.6048930287361145 human test loss 5.69551357626915
number of simulation seqeuences: 0number of human seqeuences: 691200 sim test loss: 5.622086197137833 human test loss 5.697159558534622
number of simulation seqeuences: 0number of human seqeuences: 697600 sim test loss: 5.604316085577011 human test loss 5.692836880683899
number of simulation seqeuences: 0number of human seqeuences: 704000 sim test loss: 5.643157184123993 human test loss 5.722902178764343
number of simulation seqeuences: 0number of human seqeuences: 710400 sim test loss: 5.606427371501923 human test loss 5.690491944551468
number of simulation seqeuences: 0number of human seqeuences: 723200 sim test loss: 5.604044079780579 human test loss 5.687284290790558
number of simulation seqeuences: 0number of human seqeuences: 729600 sim test loss: 5.599835395812988 human test loss 5.690534681081772
number of simulation seqeuences: 0number of human seqeuences: 736000 sim test loss: 5.620460152626038 human test loss 5.69380196928978
number of simulation seqeuences: 0number of human seqeuences: 742400 sim test loss: 5.601179987192154 human test loss 5.688789904117584
number of simulation seqeuences: 0number of human seqeuences: 748800 sim test loss: 5.640579044818878 human test loss 5.718895852565765
number of simulation seqeuences: 0number of human seqeuences: 755200 sim test loss: 5.604024201631546 human test loss 5.686889201402664
number of simulation seqeuences: 0number of human seqeuences: 768000 sim test loss: 5.6005933582782745 human test loss 5.683808267116547
number of simulation seqeuences: 0number of human seqeuences: 774400 sim test loss: 5.593019217252731 human test loss 5.686196118593216
number of simulation seqeuences: 0number of human seqeuences: 780800 sim test loss: 5.616881549358368 human test loss 5.689379066228867
number of simulation seqeuences: 0number of human seqeuences: 787200 sim test loss: 5.5959999561309814 human test loss 5.6858358681201935
number of simulation seqeuences: 0number of human seqeuences: 793600 sim test loss: 5.637711733579636 human test loss 5.716586202383041
number of simulation seqeuences: 0number of human seqeuences: 800000 sim test loss: 5.598294973373413 human test loss 5.685014069080353
number of simulation seqeuences: 0number of human seqeuences: 812800 sim test loss: 5.593345761299133 human test loss 5.6829401552677155
number of simulation seqeuences: 0number of human seqeuences: 819200 sim test loss: 5.582945287227631 human test loss 5.685117602348328
number of simulation seqeuences: 0number of human seqeuences: 825600 sim test loss: 5.613310366868973 human test loss 5.689537703990936
number of simulation seqeuences: 0number of human seqeuences: 832000 sim test loss: 5.588567733764648 human test loss 5.6839554607868195
number of simulation seqeuences: 0number of human seqeuences: 838400 sim test loss: 5.634140580892563 human test loss 5.7176670134067535
number of simulation seqeuences: 0number of human seqeuences: 844800 sim test loss: 5.59219017624855 human test loss 5.68225359916687
number of simulation seqeuences: 0number of human seqeuences: 857600 sim test loss: 5.58953595161438 human test loss 5.680051147937775
number of simulation seqeuences: 0number of human seqeuences: 864000 sim test loss: 5.577694207429886 human test loss 5.682513236999512
number of simulation seqeuences: 0number of human seqeuences: 870400 sim test loss: 5.609050422906876 human test loss 5.687408775091171
number of simulation seqeuences: 0number of human seqeuences: 876800 sim test loss: 5.583967357873917 human test loss 5.681160420179367
number of simulation seqeuences: 0number of human seqeuences: 883200 sim test loss: 5.629918664693832 human test loss 5.718390315771103
number of simulation seqeuences: 0number of human seqeuences: 889600 sim test loss: 5.589671760797501 human test loss 5.680267304182053
number of simulation seqeuences: 0number of human seqeuences: 902400 sim test loss: 5.586393266916275 human test loss 5.678039133548737
number of simulation seqeuences: 0number of human seqeuences: 908800 sim test loss: 5.573349088430405 human test loss 5.681410223245621
number of simulation seqeuences: 0number of human seqeuences: 915200 sim test loss: 5.606530725955963 human test loss 5.686474293470383
number of simulation seqeuences: 0number of human seqeuences: 921600 sim test loss: 5.579684108495712 human test loss 5.679480999708176
number of simulation seqeuences: 0number of human seqeuences: 928000 sim test loss: 5.630037635564804 human test loss 5.72125980257988
number of simulation seqeuences: 0number of human seqeuences: 934400 sim test loss: 5.5842768251895905 human test loss 5.678063005208969
number of simulation seqeuences: 0number of human seqeuences: 947200 sim test loss: 5.581211566925049 human test loss 5.677142143249512
number of simulation seqeuences: 0number of human seqeuences: 953600 sim test loss: 5.571913838386536 human test loss 5.679956644773483
number of simulation seqeuences: 0number of human seqeuences: 960000 sim test loss: 5.601242423057556 human test loss 5.682754546403885
number of simulation seqeuences: 0number of human seqeuences: 966400 sim test loss: 5.575553148984909 human test loss 5.678100824356079
number of simulation seqeuences: 0number of human seqeuences: 972800 sim test loss: 5.627821773290634 human test loss 5.719986766576767
number of simulation seqeuences: 0number of human seqeuences: 979200 sim test loss: 5.578329235315323 human test loss 5.676150411367416
number of simulation seqeuences: 0number of human seqeuences: 992000 sim test loss: 5.574515700340271 human test loss 5.677593439817429
number of simulation seqeuences: 0number of human seqeuences: 998400 sim test loss: 5.572864592075348 human test loss 5.678192913532257
number of simulation seqeuences: 0number of human seqeuences: 1004800 sim test loss: 5.59288015961647 human test loss 5.67703104019165
number of simulation seqeuences: 0number of human seqeuences: 1011200 sim test loss: 5.5721041560173035 human test loss 5.677315413951874
number of simulation seqeuences: 0number of human seqeuences: 1017600 sim test loss: 5.622674077749252 human test loss 5.7110419273376465
number of simulation seqeuences: 0number of human seqeuences: 1024000 sim test loss: 5.571940869092941 human test loss 5.676326543092728
number of simulation seqeuences: 0number of human seqeuences: 1036800 sim test loss: 5.570269465446472 human test loss 5.678780913352966
number of simulation seqeuences: 0number of human seqeuences: 1043200 sim test loss: 5.5792363584041595 human test loss 5.6768118143081665
number of simulation seqeuences: 0number of human seqeuences: 1049600 sim test loss: 5.585422664880753 human test loss 5.6744615733623505
number of simulation seqeuences: 0number of human seqeuences: 1056000 sim test loss: 5.571082323789597 human test loss 5.675855308771133
number of simulation seqeuences: 0number of human seqeuences: 1062400 sim test loss: 5.615070939064026 human test loss 5.695865482091904
number of simulation seqeuences: 0number of human seqeuences: 1068800 sim test loss: 5.5713158547878265 human test loss 5.675455778837204
number of simulation seqeuences: 0number of human seqeuences: 1081600 sim test loss: 5.569633215665817 human test loss 5.68186742067337
number of simulation seqeuences: 0number of human seqeuences: 1088000 sim test loss: 5.59149232506752 human test loss 5.679073095321655
number of simulation seqeuences: 0number of human seqeuences: 1094400 sim test loss: 5.57835379242897 human test loss 5.679937660694122
number of simulation seqeuences: 0number of human seqeuences: 1100800 sim test loss: 5.5821883380413055 human test loss 5.6771160364151
number of simulation seqeuences: 0number of human seqeuences: 1107200 sim test loss: 5.594316065311432 human test loss 5.679724425077438
number of simulation seqeuences: 0number of human seqeuences: 1113600 sim test loss: 5.578158050775528 human test loss 5.680494070053101
number of simulation seqeuences: 0number of human seqeuences: 1126400 sim test loss: 5.569664686918259 human test loss 5.683816909790039
number of simulation seqeuences: 0number of human seqeuences: 1132800 sim test loss: 5.575027018785477 human test loss 5.684193253517151
number of simulation seqeuences: 0number of human seqeuences: 1139200 sim test loss: 5.5780560076236725 human test loss 5.682654023170471
number of simulation seqeuences: 0number of human seqeuences: 1145600 sim test loss: 5.569250226020813 human test loss 5.682942986488342
number of simulation seqeuences: 0number of human seqeuences: 1152000 sim test loss: 5.593751400709152 human test loss 5.6875699162483215
number of simulation seqeuences: 0number of human seqeuences: 1158400 sim test loss: 5.5689377784729 human test loss 5.6814244389534
number of simulation seqeuences: 0number of human seqeuences: 1171200 sim test loss: 5.56353160738945 human test loss 5.681468099355698
number of simulation seqeuences: 0number of human seqeuences: 1177600 sim test loss: 5.554926633834839 human test loss 5.684470683336258
number of simulation seqeuences: 0number of human seqeuences: 1184000 sim test loss: 5.581664890050888 human test loss 5.680974841117859
number of simulation seqeuences: 0number of human seqeuences: 1190400 sim test loss: 5.550812870264053 human test loss 5.682870954275131
number of simulation seqeuences: 0number of human seqeuences: 1196800 sim test loss: 5.633699357509613 human test loss 5.7256525456905365
number of simulation seqeuences: 0number of human seqeuences: 1203200 sim test loss: 5.560966849327087 human test loss 5.679237067699432
number of simulation seqeuences: 0number of human seqeuences: 1216000 sim test loss: 5.564182847738266 human test loss 5.67728865146637
number of simulation seqeuences: 0number of human seqeuences: 1222400 sim test loss: 5.563336551189423 human test loss 5.6798737943172455
number of simulation seqeuences: 0number of human seqeuences: 1228800 sim test loss: 5.575602054595947 human test loss 5.678078770637512
number of simulation seqeuences: 0number of human seqeuences: 1235200 sim test loss: 5.548810690641403 human test loss 5.682673156261444
number of simulation seqeuences: 0number of human seqeuences: 1241600 sim test loss: 5.602568089962006 human test loss 5.694773316383362
number of simulation seqeuences: 0number of human seqeuences: 1248000 sim test loss: 5.5531560480594635 human test loss 5.678978770971298
number of simulation seqeuences: 0number of human seqeuences: 1260800 sim test loss: 5.565149277448654 human test loss 5.677623897790909
number of simulation seqeuences: 0number of human seqeuences: 1267200 sim test loss: 5.565358102321625 human test loss 5.6802100241184235
number of simulation seqeuences: 0number of human seqeuences: 1273600 sim test loss: 5.573815673589706 human test loss 5.678797245025635
number of simulation seqeuences: 0number of human seqeuences: 1280000 sim test loss: 5.5507912039756775 human test loss 5.684074193239212
number of simulation seqeuences: 0number of human seqeuences: 1286400 sim test loss: 5.606110692024231 human test loss 5.691542208194733
number of simulation seqeuences: 0number of human seqeuences: 1292800 sim test loss: 5.559021323919296 human test loss 5.677687346935272
number of simulation seqeuences: 0number of human seqeuences: 1305600 sim test loss: 5.563074946403503 human test loss 5.6773921847343445
number of simulation seqeuences: 0number of human seqeuences: 1312000 sim test loss: 5.565752297639847 human test loss 5.679260671138763
number of simulation seqeuences: 0number of human seqeuences: 1318400 sim test loss: 5.579567521810532 human test loss 5.677643984556198
number of simulation seqeuences: 0number of human seqeuences: 1324800 sim test loss: 5.550795882940292 human test loss 5.683794558048248
number of simulation seqeuences: 0number of human seqeuences: 1331200 sim test loss: 5.603362411260605 human test loss 5.687743782997131
number of simulation seqeuences: 0number of human seqeuences: 1337600 sim test loss: 5.559000194072723 human test loss 5.677058696746826
number of simulation seqeuences: 0number of human seqeuences: 1350400 sim test loss: 5.57123276591301 human test loss 5.676415354013443
number of simulation seqeuences: 0number of human seqeuences: 1356800 sim test loss: 5.5654959082603455 human test loss 5.67790150642395
number of simulation seqeuences: 0number of human seqeuences: 1363200 sim test loss: 5.5838747918605804 human test loss 5.676413208246231
number of simulation seqeuences: 0number of human seqeuences: 1369600 sim test loss: 5.552460670471191 human test loss 5.680918902158737
number of simulation seqeuences: 0number of human seqeuences: 1376000 sim test loss: 5.605777829885483 human test loss 5.688824772834778
number of simulation seqeuences: 0number of human seqeuences: 1382400 sim test loss: 5.560485363006592 human test loss 5.67544561624527
number of simulation seqeuences: 0number of human seqeuences: 1395200 sim test loss: 5.57439261674881 human test loss 5.675296723842621
number of simulation seqeuences: 0number of human seqeuences: 1401600 sim test loss: 5.565361708402634 human test loss 5.676133632659912
number of simulation seqeuences: 0number of human seqeuences: 1408000 sim test loss: 5.587520748376846 human test loss 5.671375632286072
number of simulation seqeuences: 0number of human seqeuences: 1414400 sim test loss: 5.552927702665329 human test loss 5.679669052362442
number of simulation seqeuences: 0number of human seqeuences: 1420800 sim test loss: 5.612689346075058 human test loss 5.695190072059631
number of simulation seqeuences: 0number of human seqeuences: 1427200 sim test loss: 5.5609637796878815 human test loss 5.6735111474990845
number of simulation seqeuences: 0number of human seqeuences: 1440000 sim test loss: 5.575378477573395 human test loss 5.6731278002262115
number of simulation seqeuences: 0number of human seqeuences: 1446400 sim test loss: 5.5648967027664185 human test loss 5.673970937728882
number of simulation seqeuences: 0number of human seqeuences: 1452800 sim test loss: 5.589959889650345 human test loss 5.669731229543686
number of simulation seqeuences: 0number of human seqeuences: 1459200 sim test loss: 5.55287691950798 human test loss 5.67785519361496
number of simulation seqeuences: 0number of human seqeuences: 1465600 sim test loss: 5.618721842765808 human test loss 5.702165305614471
number of simulation seqeuences: 0number of human seqeuences: 1472000 sim test loss: 5.560245960950851 human test loss 5.671571999788284
number of simulation seqeuences: 0number of human seqeuences: 1484800 sim test loss: 5.575503617525101 human test loss 5.670538932085037
number of simulation seqeuences: 0number of human seqeuences: 1491200 sim test loss: 5.5644161105155945 human test loss 5.672091215848923
number of simulation seqeuences: 0number of human seqeuences: 1497600 sim test loss: 5.592905133962631 human test loss 5.6699453592300415
number of simulation seqeuences: 0number of human seqeuences: 1504000 sim test loss: 5.5522522032260895 human test loss 5.676320850849152
number of simulation seqeuences: 0number of human seqeuences: 1510400 sim test loss: 5.624174505472183 human test loss 5.709607124328613
number of simulation seqeuences: 0number of human seqeuences: 1516800 sim test loss: 5.558746784925461 human test loss 5.670067578554153
number of simulation seqeuences: 0number of human seqeuences: 1529600 sim test loss: 5.574743241071701 human test loss 5.665983140468597
number of simulation seqeuences: 0number of human seqeuences: 1536000 sim test loss: 5.566242158412933 human test loss 5.670159935951233
number of simulation seqeuences: 0number of human seqeuences: 1542400 sim test loss: 5.598079025745392 human test loss 5.671237409114838
number of simulation seqeuences: 0number of human seqeuences: 1548800 sim test loss: 5.5493486523628235 human test loss 5.675040632486343
number of simulation seqeuences: 0number of human seqeuences: 1555200 sim test loss: 5.627323716878891 human test loss 5.711416035890579
number of simulation seqeuences: 0number of human seqeuences: 1561600 sim test loss: 5.557153910398483 human test loss 5.669395744800568
number of simulation seqeuences: 0number of human seqeuences: 1574400 sim test loss: 5.576137900352478 human test loss 5.664206117391586
number of simulation seqeuences: 0number of human seqeuences: 1580800 sim test loss: 5.568193167448044 human test loss 5.670595109462738
number of simulation seqeuences: 0number of human seqeuences: 1587200 sim test loss: 5.5955051481723785 human test loss 5.6707039177417755
number of simulation seqeuences: 0number of human seqeuences: 1593600 sim test loss: 5.550976186990738 human test loss 5.67337241768837
number of simulation seqeuences: 0number of human seqeuences: 1600000 sim test loss: 5.620666176080704 human test loss 5.705963432788849
number of simulation seqeuences: 0number of human seqeuences: 1606400 sim test loss: 5.555976629257202 human test loss 5.669286787509918
number of simulation seqeuences: 0number of human seqeuences: 1619200 sim test loss: 5.567892700433731 human test loss 5.6704612374305725
number of simulation seqeuences: 0number of human seqeuences: 1625600 sim test loss: 5.566964000463486 human test loss 5.671097934246063
number of simulation seqeuences: 0number of human seqeuences: 1632000 sim test loss: 5.590853184461594 human test loss 5.668005973100662
number of simulation seqeuences: 0number of human seqeuences: 1638400 sim test loss: 5.549411356449127 human test loss 5.674078941345215
number of simulation seqeuences: 0number of human seqeuences: 1644800 sim test loss: 5.619833737611771 human test loss 5.704513788223267
number of simulation seqeuences: 0number of human seqeuences: 1651200 sim test loss: 5.554426729679108 human test loss 5.669307351112366
number of simulation seqeuences: 0number of human seqeuences: 1664000 sim test loss: 5.574404776096344 human test loss 5.66932213306427
number of simulation seqeuences: 0number of human seqeuences: 1670400 sim test loss: 5.565929263830185 human test loss 5.671793609857559
number of simulation seqeuences: 0number of human seqeuences: 1676800 sim test loss: 5.585041373968124 human test loss 5.6702054142951965
number of simulation seqeuences: 0number of human seqeuences: 1683200 sim test loss: 5.546838313341141 human test loss 5.673249691724777
number of simulation seqeuences: 0number of human seqeuences: 1689600 sim test loss: 5.622474014759064 human test loss 5.713294476270676
number of simulation seqeuences: 0number of human seqeuences: 1696000 sim test loss: 5.555262416601181 human test loss 5.669581592082977
number of simulation seqeuences: 0number of human seqeuences: 1708800 sim test loss: 5.5754342675209045 human test loss 5.669627904891968
number of simulation seqeuences: 0number of human seqeuences: 1715200 sim test loss: 5.566018134355545 human test loss 5.669952481985092
number of simulation seqeuences: 0number of human seqeuences: 1721600 sim test loss: 5.583547234535217 human test loss 5.671935856342316
number of simulation seqeuences: 0number of human seqeuences: 1728000 sim test loss: 5.547728449106216 human test loss 5.67224258184433
number of simulation seqeuences: 0number of human seqeuences: 1734400 sim test loss: 5.617259383201599 human test loss 5.704843878746033
number of simulation seqeuences: 0number of human seqeuences: 1740800 sim test loss: 5.55663675069809 human test loss 5.668586403131485
number of simulation seqeuences: 0number of human seqeuences: 1753600 sim test loss: 5.57835191488266 human test loss 5.670455127954483
number of simulation seqeuences: 0number of human seqeuences: 1760000 sim test loss: 5.555395603179932 human test loss 5.674876302480698
number of simulation seqeuences: 0number of human seqeuences: 1766400 sim test loss: 5.589030981063843 human test loss 5.669434189796448
number of simulation seqeuences: 0number of human seqeuences: 1772800 sim test loss: 5.548067182302475 human test loss 5.672903120517731
number of simulation seqeuences: 0number of human seqeuences: 1779200 sim test loss: 5.625319868326187 human test loss 5.724715441465378
number of simulation seqeuences: 0number of human seqeuences: 1785600 sim test loss: 5.554640978574753 human test loss 5.670585870742798
number of simulation seqeuences: 0number of human seqeuences: 1798400 sim test loss: 5.566351026296616 human test loss 5.666727274656296
number of simulation seqeuences: 0number of human seqeuences: 1804800 sim test loss: 5.568806767463684 human test loss 5.669798851013184
number of simulation seqeuences: 0number of human seqeuences: 1811200 sim test loss: 5.579423010349274 human test loss 5.669010400772095
number of simulation seqeuences: 0number of human seqeuences: 1817600 sim test loss: 5.552279740571976 human test loss 5.671162247657776
number of simulation seqeuences: 0number of human seqeuences: 1824000 sim test loss: 5.594253093004227 human test loss 5.674376755952835
number of simulation seqeuences: 0number of human seqeuences: 1830400 sim test loss: 5.55231100320816 human test loss 5.666178286075592
number of simulation seqeuences: 0number of human seqeuences: 1843200 sim test loss: 5.559170067310333 human test loss 5.665119886398315
number of simulation seqeuences: 0number of human seqeuences: 1849600 sim test loss: 5.561425805091858 human test loss 5.668307244777679
number of simulation seqeuences: 0number of human seqeuences: 1856000 sim test loss: 5.574832499027252 human test loss 5.668885916471481
number of simulation seqeuences: 0number of human seqeuences: 1862400 sim test loss: 5.551933914422989 human test loss 5.669854521751404
number of simulation seqeuences: 0number of human seqeuences: 1868800 sim test loss: 5.600361406803131 human test loss 5.680774301290512
number of simulation seqeuences: 0number of human seqeuences: 1875200 sim test loss: 5.5540556609630585 human test loss 5.6615422666072845
number of simulation seqeuences: 0number of human seqeuences: 1888000 sim test loss: 5.552755892276764 human test loss 5.664213001728058
number of simulation seqeuences: 0number of human seqeuences: 1894400 sim test loss: 5.587014049291611 human test loss 5.66607928276062
number of simulation seqeuences: 0number of human seqeuences: 1900800 sim test loss: 5.563616842031479 human test loss 5.661658972501755
number of simulation seqeuences: 0number of human seqeuences: 1907200 sim test loss: 5.573143154382706 human test loss 5.663748681545258
number of simulation seqeuences: 0number of human seqeuences: 1913600 sim test loss: 5.5761798620224 human test loss 5.669575542211533
number of simulation seqeuences: 0number of human seqeuences: 1920000 sim test loss: 5.566076308488846 human test loss 5.6599245965480804
number of simulation seqeuences: 0number of human seqeuences: 1932800 sim test loss: 5.55958953499794 human test loss 5.658095896244049
number of simulation seqeuences: 0number of human seqeuences: 1939200 sim test loss: 5.578883528709412 human test loss 5.660665988922119
number of simulation seqeuences: 0number of human seqeuences: 1945600 sim test loss: 5.566731691360474 human test loss 5.659699857234955
number of simulation seqeuences: 0number of human seqeuences: 1952000 sim test loss: 5.57709127664566 human test loss 5.656039088964462
number of simulation seqeuences: 0number of human seqeuences: 1958400 sim test loss: 5.586157560348511 human test loss 5.661753624677658
number of simulation seqeuences: 0number of human seqeuences: 1964800 sim test loss: 5.576324939727783 human test loss 5.660768449306488
number of simulation seqeuences: 0number of human seqeuences: 1977600 sim test loss: 5.5684106051921844 human test loss 5.65993669629097
number of simulation seqeuences: 0number of human seqeuences: 1984000 sim test loss: 5.581600785255432 human test loss 5.6591106951236725
number of simulation seqeuences: 0number of human seqeuences: 1990400 sim test loss: 5.576700329780579 human test loss 5.663337588310242
number of simulation seqeuences: 0number of human seqeuences: 1996800 sim test loss: 5.573347985744476 human test loss 5.66487181186676
number of simulation seqeuences: 0number of human seqeuences: 2003200 sim test loss: 5.587274074554443 human test loss 5.667403966188431
number of simulation seqeuences: 0number of human seqeuences: 2009600 sim test loss: 5.574044078588486 human test loss 5.663595974445343
number of simulation seqeuences: 0number of human seqeuences: 2022400 sim test loss: 5.5847088396549225 human test loss 5.664837002754211
Evaluating trained model performance
Saving results
1
{'model_name': 'LSTM', 'train_seq_part': 'fix_and_choice', 'n_simulation_sequences_train': 998432, 'n_human_sequences_train': 774400, 'n_sequences_test': 500, 'n_sequences_final_performance': 500, 'd_model': 128, 'n_layers': 0, 'n_head': 0, 'sim_lr': 0.001, 'human_lr': 1e-05, 'batch_size': 32, 'dropout': 0.1, 'run_idx': 0, 'on_cluster': True, 'test_batch_increment_sim': 200, 'test_batch_increment_human': 200, 'save_folder_name': 'Sequential_Best_Param_Results_F', 'save_file_name': 'fix_and_choice_Simulated_and_Human_LSTM_ID_run_0', 'fix_unit': 'ID'}
<class 'numpy.int64'>
Loading Data
cuda:0
Training the model
Training on simulated data
number of simulation seqeuences: 6432number of human seqeuences: 0 sim test loss: 5.575476437807083 human test loss 5.968087077140808
number of simulation seqeuences: 12832number of human seqeuences: 0 sim test loss: 5.525210276246071 human test loss 6.13808411359787
number of simulation seqeuences: 19232number of human seqeuences: 0 sim test loss: 5.495088949799538 human test loss 6.0042406022548676
number of simulation seqeuences: 25632number of human seqeuences: 0 sim test loss: 5.440910309553146 human test loss 5.967741250991821
number of simulation seqeuences: 32032number of human seqeuences: 0 sim test loss: 5.4396913051605225 human test loss 5.872387230396271
number of simulation seqeuences: 38432number of human seqeuences: 0 sim test loss: 5.390422448515892 human test loss 5.936298429965973
number of simulation seqeuences: 44832number of human seqeuences: 0 sim test loss: 5.43567518889904 human test loss 5.80880406498909
number of simulation seqeuences: 51232number of human seqeuences: 0 sim test loss: 5.392967417836189 human test loss 6.183982282876968
number of simulation seqeuences: 57632number of human seqeuences: 0 sim test loss: 5.389692053198814 human test loss 5.921462029218674
number of simulation seqeuences: 64032number of human seqeuences: 0 sim test loss: 5.412648215889931 human test loss 5.863391727209091
number of simulation seqeuences: 70432number of human seqeuences: 0 sim test loss: 5.33734230697155 human test loss 5.896419823169708
number of simulation seqeuences: 76832number of human seqeuences: 0 sim test loss: 5.385738790035248 human test loss 6.050299137830734
number of simulation seqeuences: 83232number of human seqeuences: 0 sim test loss: 5.38647523522377 human test loss 5.967442721128464
number of simulation seqeuences: 89632number of human seqeuences: 0 sim test loss: 5.356500044465065 human test loss 5.837160259485245
number of simulation seqeuences: 96032number of human seqeuences: 0 sim test loss: 5.337846949696541 human test loss 5.921815007925034
number of simulation seqeuences: 102432number of human seqeuences: 0 sim test loss: 5.3740875869989395 human test loss 5.923799216747284
number of simulation seqeuences: 108832number of human seqeuences: 0 sim test loss: 5.339741304516792 human test loss 5.839553326368332
number of simulation seqeuences: 115232number of human seqeuences: 0 sim test loss: 5.354365721344948 human test loss 5.874277204275131
number of simulation seqeuences: 121632number of human seqeuences: 0 sim test loss: 5.374411061406136 human test loss 5.8305902779102325
number of simulation seqeuences: 128032number of human seqeuences: 0 sim test loss: 5.3659084141254425 human test loss 5.8799711763858795
number of simulation seqeuences: 134432number of human seqeuences: 0 sim test loss: 5.169023543596268 human test loss 6.045036673545837
number of simulation seqeuences: 140832number of human seqeuences: 0 sim test loss: 5.396542549133301 human test loss 6.10906720161438
number of simulation seqeuences: 147232number of human seqeuences: 0 sim test loss: 5.157737120985985 human test loss 5.98465883731842
number of simulation seqeuences: 153632number of human seqeuences: 0 sim test loss: 5.209883078932762 human test loss 5.874105662107468
number of simulation seqeuences: 160032number of human seqeuences: 0 sim test loss: 5.1136749386787415 human test loss 6.141581654548645
number of simulation seqeuences: 166432number of human seqeuences: 0 sim test loss: 5.214116916060448 human test loss 6.369526535272598
number of simulation seqeuences: 172832number of human seqeuences: 0 sim test loss: 5.181274205446243 human test loss 6.039687961339951
number of simulation seqeuences: 179232number of human seqeuences: 0 sim test loss: 5.122696086764336 human test loss 6.056529223918915
number of simulation seqeuences: 185632number of human seqeuences: 0 sim test loss: 5.142397686839104 human test loss 5.966437786817551
number of simulation seqeuences: 192032number of human seqeuences: 0 sim test loss: 5.11426168680191 human test loss 5.989481866359711
number of simulation seqeuences: 198432number of human seqeuences: 0 sim test loss: 5.112393632531166 human test loss 5.96360969543457
number of simulation seqeuences: 204832number of human seqeuences: 0 sim test loss: 5.053980797529221 human test loss 6.091189324855804
number of simulation seqeuences: 211232number of human seqeuences: 0 sim test loss: 5.095232427120209 human test loss 6.127762347459793
number of simulation seqeuences: 217632number of human seqeuences: 0 sim test loss: 5.069305881857872 human test loss 6.10764217376709
number of simulation seqeuences: 224032number of human seqeuences: 0 sim test loss: 5.068796679377556 human test loss 6.06204679608345
number of simulation seqeuences: 230432number of human seqeuences: 0 sim test loss: 5.042752504348755 human test loss 6.115614801645279
number of simulation seqeuences: 236832number of human seqeuences: 0 sim test loss: 5.06683386862278 human test loss 6.1521154046058655
number of simulation seqeuences: 243232number of human seqeuences: 0 sim test loss: 5.099286571145058 human test loss 5.965269297361374
number of simulation seqeuences: 249632number of human seqeuences: 0 sim test loss: 5.027022123336792 human test loss 6.234828591346741
number of simulation seqeuences: 256032number of human seqeuences: 0 sim test loss: 5.002918004989624 human test loss 6.162433981895447
number of simulation seqeuences: 262432number of human seqeuences: 0 sim test loss: 5.006164953112602 human test loss 6.069497376680374
number of simulation seqeuences: 268832number of human seqeuences: 0 sim test loss: 5.119480028748512 human test loss 5.960146456956863
number of simulation seqeuences: 275232number of human seqeuences: 0 sim test loss: 4.967040225863457 human test loss 6.43041530251503
number of simulation seqeuences: 281632number of human seqeuences: 0 sim test loss: 5.198299884796143 human test loss 5.9860036969184875
number of simulation seqeuences: 288032number of human seqeuences: 0 sim test loss: 5.042660132050514 human test loss 6.434543430805206
number of simulation seqeuences: 294432number of human seqeuences: 0 sim test loss: 4.974026560783386 human test loss 6.111860781908035
number of simulation seqeuences: 300832number of human seqeuences: 0 sim test loss: 4.95801454782486 human test loss 6.139972537755966
number of simulation seqeuences: 307232number of human seqeuences: 0 sim test loss: 5.028337329626083 human test loss 6.071556866168976
number of simulation seqeuences: 313632number of human seqeuences: 0 sim test loss: 4.9803899228572845 human test loss 6.086968570947647
number of simulation seqeuences: 320032number of human seqeuences: 0 sim test loss: 4.94635696709156 human test loss 6.172160595655441
number of simulation seqeuences: 326432number of human seqeuences: 0 sim test loss: 4.966430336236954 human test loss 6.179328173398972
number of simulation seqeuences: 332832number of human seqeuences: 0 sim test loss: 4.967429205775261 human test loss 6.148724913597107
number of simulation seqeuences: 339232number of human seqeuences: 0 sim test loss: 4.964957803487778 human test loss 6.09530445933342
number of simulation seqeuences: 345632number of human seqeuences: 0 sim test loss: 5.064977586269379 human test loss 5.959568113088608
number of simulation seqeuences: 352032number of human seqeuences: 0 sim test loss: 4.965255618095398 human test loss 6.102023720741272
number of simulation seqeuences: 358432number of human seqeuences: 0 sim test loss: 4.923851236701012 human test loss 6.279388755559921
number of simulation seqeuences: 364832number of human seqeuences: 0 sim test loss: 4.966618537902832 human test loss 6.196761816740036
number of simulation seqeuences: 371232number of human seqeuences: 0 sim test loss: 4.940422341227531 human test loss 6.163393497467041
number of simulation seqeuences: 377632number of human seqeuences: 0 sim test loss: 4.967364892363548 human test loss 5.996569335460663
number of simulation seqeuences: 384032number of human seqeuences: 0 sim test loss: 4.9308625012636185 human test loss 6.126876175403595
number of simulation seqeuences: 390432number of human seqeuences: 0 sim test loss: 5.012251928448677 human test loss 5.993089258670807
number of simulation seqeuences: 396832number of human seqeuences: 0 sim test loss: 4.930294618010521 human test loss 6.0885778069496155
number of simulation seqeuences: 403232number of human seqeuences: 0 sim test loss: 4.8888202756643295 human test loss 6.235298454761505
number of simulation seqeuences: 409632number of human seqeuences: 0 sim test loss: 4.9357383251190186 human test loss 6.016809493303299
number of simulation seqeuences: 416032number of human seqeuences: 0 sim test loss: 4.893801167607307 human test loss 6.057192832231522
number of simulation seqeuences: 422432number of human seqeuences: 0 sim test loss: 4.930248662829399 human test loss 6.028921335935593
number of simulation seqeuences: 428832number of human seqeuences: 0 sim test loss: 4.918689742684364 human test loss 5.965675711631775
number of simulation seqeuences: 435232number of human seqeuences: 0 sim test loss: 4.87839312851429 human test loss 6.255365431308746
number of simulation seqeuences: 441632number of human seqeuences: 0 sim test loss: 4.840529918670654 human test loss 6.128672629594803
number of simulation seqeuences: 448032number of human seqeuences: 0 sim test loss: 4.900526583194733 human test loss 5.99162232875824
number of simulation seqeuences: 454432number of human seqeuences: 0 sim test loss: 4.875498726963997 human test loss 6.056842714548111
number of simulation seqeuences: 460832number of human seqeuences: 0 sim test loss: 4.872017100453377 human test loss 6.0775259137153625
number of simulation seqeuences: 467232number of human seqeuences: 0 sim test loss: 4.835456416010857 human test loss 6.100623339414597
number of simulation seqeuences: 473632number of human seqeuences: 0 sim test loss: 4.887795329093933 human test loss 6.003557503223419
number of simulation seqeuences: 480032number of human seqeuences: 0 sim test loss: 4.903755456209183 human test loss 6.055600970983505
number of simulation seqeuences: 486432number of human seqeuences: 0 sim test loss: 4.845297768712044 human test loss 6.157788991928101
number of simulation seqeuences: 492832number of human seqeuences: 0 sim test loss: 4.860621064901352 human test loss 6.001323878765106
number of simulation seqeuences: 499232number of human seqeuences: 0 sim test loss: 4.801601365208626 human test loss 6.0804131627082825
number of simulation seqeuences: 505632number of human seqeuences: 0 sim test loss: 4.822172656655312 human test loss 6.068453222513199
number of simulation seqeuences: 512032number of human seqeuences: 0 sim test loss: 4.875041425228119 human test loss 6.094853937625885
number of simulation seqeuences: 518432number of human seqeuences: 0 sim test loss: 4.85714927315712 human test loss 6.02070876955986
number of simulation seqeuences: 524832number of human seqeuences: 0 sim test loss: 4.8359629809856415 human test loss 6.2785502672195435
number of simulation seqeuences: 531232number of human seqeuences: 0 sim test loss: 4.904979318380356 human test loss 6.005566447973251
number of simulation seqeuences: 537632number of human seqeuences: 0 sim test loss: 4.832530438899994 human test loss 6.150315880775452
number of simulation seqeuences: 544032number of human seqeuences: 0 sim test loss: 4.862351283431053 human test loss 6.049453288316727
number of simulation seqeuences: 550432number of human seqeuences: 0 sim test loss: 4.91575500369072 human test loss 6.02562615275383
number of simulation seqeuences: 556832number of human seqeuences: 0 sim test loss: 4.888474926352501 human test loss 6.034716635942459
number of simulation seqeuences: 563232number of human seqeuences: 0 sim test loss: 4.867609664797783 human test loss 6.054347217082977
number of simulation seqeuences: 569632number of human seqeuences: 0 sim test loss: 4.818953096866608 human test loss 6.093489915132523
number of simulation seqeuences: 576032number of human seqeuences: 0 sim test loss: 4.843270465731621 human test loss 6.026263028383255
number of simulation seqeuences: 582432number of human seqeuences: 0 sim test loss: 4.820357456803322 human test loss 6.108871817588806
number of simulation seqeuences: 588832number of human seqeuences: 0 sim test loss: 4.788549840450287 human test loss 6.218664616346359
number of simulation seqeuences: 595232number of human seqeuences: 0 sim test loss: 4.820091992616653 human test loss 6.038132518529892
number of simulation seqeuences: 601632number of human seqeuences: 0 sim test loss: 4.833885803818703 human test loss 6.086954355239868
number of simulation seqeuences: 608032number of human seqeuences: 0 sim test loss: 4.814123272895813 human test loss 6.11656066775322
number of simulation seqeuences: 614432number of human seqeuences: 0 sim test loss: 4.836025089025497 human test loss 6.00884410738945
number of simulation seqeuences: 620832number of human seqeuences: 0 sim test loss: 4.904011249542236 human test loss 5.99120905995369
number of simulation seqeuences: 627232number of human seqeuences: 0 sim test loss: 4.9388701766729355 human test loss 5.972610294818878
number of simulation seqeuences: 633632number of human seqeuences: 0 sim test loss: 4.811876818537712 human test loss 6.050341218709946
number of simulation seqeuences: 640032number of human seqeuences: 0 sim test loss: 4.83744390308857 human test loss 6.022815674543381
number of simulation seqeuences: 646432number of human seqeuences: 0 sim test loss: 4.812446773052216 human test loss 6.1012303829193115
number of simulation seqeuences: 652832number of human seqeuences: 0 sim test loss: 4.824783116579056 human test loss 6.1017487943172455
number of simulation seqeuences: 659232number of human seqeuences: 0 sim test loss: 4.853701949119568 human test loss 6.139321446418762
number of simulation seqeuences: 665632number of human seqeuences: 0 sim test loss: 4.814575508236885 human test loss 6.04563108086586
number of simulation seqeuences: 672032number of human seqeuences: 0 sim test loss: 4.79996420443058 human test loss 6.109734147787094
number of simulation seqeuences: 678432number of human seqeuences: 0 sim test loss: 4.803566083312035 human test loss 6.050819218158722
number of simulation seqeuences: 684832number of human seqeuences: 0 sim test loss: 4.855189636349678 human test loss 6.069203734397888
number of simulation seqeuences: 691232number of human seqeuences: 0 sim test loss: 4.8345558643341064 human test loss 5.996713876724243
number of simulation seqeuences: 697632number of human seqeuences: 0 sim test loss: 4.797641396522522 human test loss 6.070291697978973
number of simulation seqeuences: 704032number of human seqeuences: 0 sim test loss: 4.829935640096664 human test loss 6.040506988763809
number of simulation seqeuences: 710432number of human seqeuences: 0 sim test loss: 4.833903729915619 human test loss 6.049711972475052
number of simulation seqeuences: 716832number of human seqeuences: 0 sim test loss: 4.875276878476143 human test loss 5.96425786614418
number of simulation seqeuences: 723232number of human seqeuences: 0 sim test loss: 4.816057324409485 human test loss 6.0367445051670074
number of simulation seqeuences: 729632number of human seqeuences: 0 sim test loss: 4.818162575364113 human test loss 6.072381496429443
number of simulation seqeuences: 736032number of human seqeuences: 0 sim test loss: 4.803213879466057 human test loss 6.044835269451141
number of simulation seqeuences: 742432number of human seqeuences: 0 sim test loss: 4.830596342682838 human test loss 6.054736167192459
number of simulation seqeuences: 748832number of human seqeuences: 0 sim test loss: 4.83869768679142 human test loss 6.03016397356987
number of simulation seqeuences: 755232number of human seqeuences: 0 sim test loss: 4.802416622638702 human test loss 6.025444269180298
number of simulation seqeuences: 761632number of human seqeuences: 0 sim test loss: 4.821190223097801 human test loss 5.998582661151886
number of simulation seqeuences: 768032number of human seqeuences: 0 sim test loss: 4.9686514139175415 human test loss 5.9837808310985565
number of simulation seqeuences: 774432number of human seqeuences: 0 sim test loss: 4.783898890018463 human test loss 6.166463613510132
number of simulation seqeuences: 780832number of human seqeuences: 0 sim test loss: 4.83675192296505 human test loss 6.038550943136215
number of simulation seqeuences: 787232number of human seqeuences: 0 sim test loss: 4.871812716126442 human test loss 5.955306172370911
number of simulation seqeuences: 793632number of human seqeuences: 0 sim test loss: 4.773434028029442 human test loss 6.066139996051788
number of simulation seqeuences: 800032number of human seqeuences: 0 sim test loss: 4.792992025613785 human test loss 6.024901568889618
number of simulation seqeuences: 806432number of human seqeuences: 0 sim test loss: 4.775278598070145 human test loss 6.067753225564957
number of simulation seqeuences: 812832number of human seqeuences: 0 sim test loss: 4.853540241718292 human test loss 6.007907330989838
number of simulation seqeuences: 819232number of human seqeuences: 0 sim test loss: 4.795671373605728 human test loss 6.005971074104309
number of simulation seqeuences: 825632number of human seqeuences: 0 sim test loss: 4.8187045603990555 human test loss 6.076318621635437
number of simulation seqeuences: 832032number of human seqeuences: 0 sim test loss: 4.82034108042717 human test loss 6.051320642232895
number of simulation seqeuences: 838432number of human seqeuences: 0 sim test loss: 4.813673287630081 human test loss 6.041778117418289
number of simulation seqeuences: 844832number of human seqeuences: 0 sim test loss: 4.78759990632534 human test loss 6.077902108430862
number of simulation seqeuences: 851232number of human seqeuences: 0 sim test loss: 4.82829362154007 human test loss 6.047989130020142
number of simulation seqeuences: 857632number of human seqeuences: 0 sim test loss: 4.806067496538162 human test loss 6.080309122800827
number of simulation seqeuences: 864032number of human seqeuences: 0 sim test loss: 4.783969506621361 human test loss 6.011534720659256
number of simulation seqeuences: 870432number of human seqeuences: 0 sim test loss: 4.82754285633564 human test loss 5.952120989561081
number of simulation seqeuences: 876832number of human seqeuences: 0 sim test loss: 4.829461947083473 human test loss 6.01925328373909
number of simulation seqeuences: 883232number of human seqeuences: 0 sim test loss: 4.791874706745148 human test loss 6.111296474933624
number of simulation seqeuences: 889632number of human seqeuences: 0 sim test loss: 4.809908047318459 human test loss 6.035183966159821
number of simulation seqeuences: 896032number of human seqeuences: 0 sim test loss: 4.860194027423859 human test loss 5.917316496372223
