My SLURM_ARRAY_JOB_ID is 47390883.
My SLURM_ARRAY_TASK_ID is 485
Executing on the machine: della-r2c4n14
{'model_name': 'Transformer', 'train_seq_part': 'fix_and_choice', 'n_simulation_sequences_train': 300000.0, 'n_human_sequences_train': 500000.0, 'n_sequences_test': 500, 'n_sequences_final_performance': 500, 'd_model': 128, 'n_layers': 4, 'n_head': 4, 'sim_lr': 0, 'human_lr': 0.001, 'batch_size': 32, 'run_idx': 2, 'on_cluster': True, 'test_batch_increment_sim': 1000.0, 'test_batch_increment_human': 1000.0, 'save_folder_name': 'Hyper_Param_Search1', 'save_file_name': 'run_2_model_name_Transformer_d_model_128_sim_lr_0_human_lr_0.001_n_head_4_n_layers_4_nsim_300000.0_nhum_500000.0'}
<class 'float'>
Loading Data
SimpleTransformer(
  (encoder): Linear(in_features=6, out_features=128, bias=True)
  (pos_encoder): PositionalEncoding(
    (dropout): Dropout(p=0, inplace=False)
  )
  (transformer_encoder): TransformerEncoder(
    (layers): ModuleList(
      (0): TransformerEncoderLayer(
        (self_attn): MultiheadAttention(
          (out_proj): NonDynamicallyQuantizableLinear(in_features=128, out_features=128, bias=True)
        )
        (linear1): Linear(in_features=128, out_features=512, bias=True)
        (dropout): Dropout(p=0, inplace=False)
        (linear2): Linear(in_features=512, out_features=128, bias=True)
        (norm1): LayerNorm((128,), eps=1e-05, elementwise_affine=True)
        (norm2): LayerNorm((128,), eps=1e-05, elementwise_affine=True)
        (dropout1): Dropout(p=0, inplace=False)
        (dropout2): Dropout(p=0, inplace=False)
      )
      (1): TransformerEncoderLayer(
        (self_attn): MultiheadAttention(
          (out_proj): NonDynamicallyQuantizableLinear(in_features=128, out_features=128, bias=True)
        )
        (linear1): Linear(in_features=128, out_features=512, bias=True)
        (dropout): Dropout(p=0, inplace=False)
        (linear2): Linear(in_features=512, out_features=128, bias=True)
        (norm1): LayerNorm((128,), eps=1e-05, elementwise_affine=True)
        (norm2): LayerNorm((128,), eps=1e-05, elementwise_affine=True)
        (dropout1): Dropout(p=0, inplace=False)
        (dropout2): Dropout(p=0, inplace=False)
      )
      (2): TransformerEncoderLayer(
        (self_attn): MultiheadAttention(
          (out_proj): NonDynamicallyQuantizableLinear(in_features=128, out_features=128, bias=True)
        )
        (linear1): Linear(in_features=128, out_features=512, bias=True)
        (dropout): Dropout(p=0, inplace=False)
        (linear2): Linear(in_features=512, out_features=128, bias=True)
        (norm1): LayerNorm((128,), eps=1e-05, elementwise_affine=True)
        (norm2): LayerNorm((128,), eps=1e-05, elementwise_affine=True)
        (dropout1): Dropout(p=0, inplace=False)
        (dropout2): Dropout(p=0, inplace=False)
      )
      (3): TransformerEncoderLayer(
        (self_attn): MultiheadAttention(
          (out_proj): NonDynamicallyQuantizableLinear(in_features=128, out_features=128, bias=True)
        )
        (linear1): Linear(in_features=128, out_features=512, bias=True)
        (dropout): Dropout(p=0, inplace=False)
        (linear2): Linear(in_features=512, out_features=128, bias=True)
        (norm1): LayerNorm((128,), eps=1e-05, elementwise_affine=True)
        (norm2): LayerNorm((128,), eps=1e-05, elementwise_affine=True)
        (dropout1): Dropout(p=0, inplace=False)
        (dropout2): Dropout(p=0, inplace=False)
      )
    )
  )
  (decoder): Linear(in_features=128, out_features=3, bias=True)
)
Training the model
Training on simulated data
number of simulation seqeuences: 32032number of human seqeuences: 0 sim test loss: 25.002416253089905 human test loss 28.47160518169403
number of simulation seqeuences: 64032number of human seqeuences: 0 sim test loss: 25.002416253089905 human test loss 28.47160518169403
number of simulation seqeuences: 96032number of human seqeuences: 0 sim test loss: 25.002416253089905 human test loss 28.47160518169403
number of simulation seqeuences: 128032number of human seqeuences: 0 sim test loss: 25.002416253089905 human test loss 28.47160518169403
number of simulation seqeuences: 160032number of human seqeuences: 0 sim test loss: 25.002416253089905 human test loss 28.47160518169403
number of simulation seqeuences: 192032number of human seqeuences: 0 sim test loss: 25.002416253089905 human test loss 28.47160518169403
number of simulation seqeuences: 224032number of human seqeuences: 0 sim test loss: 25.002416253089905 human test loss 28.47160518169403
number of simulation seqeuences: 256032number of human seqeuences: 0 sim test loss: 25.002416253089905 human test loss 28.47160518169403
number of simulation seqeuences: 288032number of human seqeuences: 0 sim test loss: 25.002416253089905 human test loss 28.47160518169403
Training on human data
number of simulation seqeuences: 288032number of human seqeuences: 32000 sim test loss: 5.291360110044479 human test loss 5.711017668247223
number of simulation seqeuences: 288032number of human seqeuences: 64000 sim test loss: 5.331349432468414 human test loss 5.711552754044533
number of simulation seqeuences: 288032number of human seqeuences: 96000 sim test loss: 5.488904744386673 human test loss 5.737617149949074
number of simulation seqeuences: 288032number of human seqeuences: 128000 sim test loss: 5.54592889547348 human test loss 5.747538983821869
number of simulation seqeuences: 288032number of human seqeuences: 160000 sim test loss: 5.519419223070145 human test loss 5.73207201063633
number of simulation seqeuences: 288032number of human seqeuences: 192000 sim test loss: 5.397908091545105 human test loss 5.7080052345991135
number of simulation seqeuences: 288032number of human seqeuences: 256000 sim test loss: 5.334992557764053 human test loss 5.695507779717445
number of simulation seqeuences: 288032number of human seqeuences: 288000 sim test loss: 5.367057025432587 human test loss 5.686117917299271
number of simulation seqeuences: 288032number of human seqeuences: 320000 sim test loss: 5.508658021688461 human test loss 5.732390522956848
number of simulation seqeuences: 288032number of human seqeuences: 352000 sim test loss: 5.530071824789047 human test loss 5.754433572292328
number of simulation seqeuences: 288032number of human seqeuences: 384000 sim test loss: 5.491780161857605 human test loss 5.719980597496033
number of simulation seqeuences: 288032number of human seqeuences: 416000 sim test loss: 5.352594166994095 human test loss 5.719510167837143
number of simulation seqeuences: 288032number of human seqeuences: 480000 sim test loss: 5.3172783851623535 human test loss 5.693939968943596
