My SLURM_ARRAY_JOB_ID is 50293857.
My SLURM_ARRAY_TASK_ID is 1
Executing on the machine: della-l01g2
{'model_name': 'LSTM', 'train_seq_part': 'fix_only', 'n_simulation_sequences_train': 1000000.0, 'n_human_sequences_train': 0, 'n_sequences_test': 500, 'n_sequences_final_performance': 500, 'd_model': 256, 'n_layers': 0, 'n_head': 0, 'sim_lr': 0.001, 'human_lr': 0, 'batch_size': 32, 'dropout': 0.1, 'run_idx': 0, 'on_cluster': True, 'test_batch_increment_sim': 200, 'test_batch_increment_human': 200, 'save_folder_name': 'Sequential_Best_Param_Results', 'save_file_name': 'fix_only_Simulated_Only_LSTM_ID_run_0', 'fix_unit': 'ID'}
<class 'float'>
Loading Data
cuda:0
Training the model
Training on simulated data
number of simulation seqeuences: 6432number of human seqeuences: 0 sim test loss: 4.968819946050644 human test loss 5.6577580869197845
number of simulation seqeuences: 12832number of human seqeuences: 0 sim test loss: 5.016418963670731 human test loss 5.635479301214218
number of simulation seqeuences: 19232number of human seqeuences: 0 sim test loss: 4.816537111997604 human test loss 5.741869211196899
number of simulation seqeuences: 25632number of human seqeuences: 0 sim test loss: 4.805455178022385 human test loss 5.716564983129501
number of simulation seqeuences: 32032number of human seqeuences: 0 sim test loss: 4.799206495285034 human test loss 5.821698904037476
number of simulation seqeuences: 38432number of human seqeuences: 0 sim test loss: 4.834708005189896 human test loss 5.804240792989731
number of simulation seqeuences: 44832number of human seqeuences: 0 sim test loss: 4.806650146842003 human test loss 5.747209817171097
number of simulation seqeuences: 51232number of human seqeuences: 0 sim test loss: 4.86813685297966 human test loss 5.618309527635574
number of simulation seqeuences: 57632number of human seqeuences: 0 sim test loss: 4.786218166351318 human test loss 5.668500244617462
number of simulation seqeuences: 64032number of human seqeuences: 0 sim test loss: 4.780194252729416 human test loss 5.639894127845764
number of simulation seqeuences: 70432number of human seqeuences: 0 sim test loss: 4.90480774641037 human test loss 5.567375093698502
number of simulation seqeuences: 76832number of human seqeuences: 0 sim test loss: 4.827338129281998 human test loss 5.608954966068268
number of simulation seqeuences: 83232number of human seqeuences: 0 sim test loss: 4.813768088817596 human test loss 5.579462110996246
number of simulation seqeuences: 89632number of human seqeuences: 0 sim test loss: 4.728344142436981 human test loss 5.7260783314704895
number of simulation seqeuences: 96032number of human seqeuences: 0 sim test loss: 4.71631084382534 human test loss 5.797898083925247
number of simulation seqeuences: 102432number of human seqeuences: 0 sim test loss: 4.639496758580208 human test loss 5.833891868591309
number of simulation seqeuences: 108832number of human seqeuences: 0 sim test loss: 4.814907908439636 human test loss 5.489900052547455
number of simulation seqeuences: 115232number of human seqeuences: 0 sim test loss: 4.678169891238213 human test loss 5.522460728883743
number of simulation seqeuences: 121632number of human seqeuences: 0 sim test loss: 4.7603232860565186 human test loss 5.717933565378189
number of simulation seqeuences: 128032number of human seqeuences: 0 sim test loss: 4.6234849244356155 human test loss 5.648165762424469
number of simulation seqeuences: 134432number of human seqeuences: 0 sim test loss: 4.572452813386917 human test loss 5.657000958919525
number of simulation seqeuences: 140832number of human seqeuences: 0 sim test loss: 4.512074738740921 human test loss 5.706730246543884
number of simulation seqeuences: 147232number of human seqeuences: 0 sim test loss: 4.551184698939323 human test loss 5.588600009679794
number of simulation seqeuences: 153632number of human seqeuences: 0 sim test loss: 4.500084817409515 human test loss 5.708148837089539
number of simulation seqeuences: 160032number of human seqeuences: 0 sim test loss: 4.462630823254585 human test loss 5.876264542341232
number of simulation seqeuences: 166432number of human seqeuences: 0 sim test loss: 4.486421376466751 human test loss 5.809791922569275
number of simulation seqeuences: 172832number of human seqeuences: 0 sim test loss: 4.570533096790314 human test loss 5.568082481622696
number of simulation seqeuences: 179232number of human seqeuences: 0 sim test loss: 4.480500355362892 human test loss 5.705608516931534
number of simulation seqeuences: 185632number of human seqeuences: 0 sim test loss: 4.479133248329163 human test loss 5.728433847427368
number of simulation seqeuences: 192032number of human seqeuences: 0 sim test loss: 4.40874320268631 human test loss 5.888574481010437
number of simulation seqeuences: 198432number of human seqeuences: 0 sim test loss: 4.4638978987932205 human test loss 5.784887582063675
number of simulation seqeuences: 204832number of human seqeuences: 0 sim test loss: 4.461179971694946 human test loss 5.670265942811966
number of simulation seqeuences: 211232number of human seqeuences: 0 sim test loss: 4.444360792636871 human test loss 5.821910321712494
number of simulation seqeuences: 217632number of human seqeuences: 0 sim test loss: 4.413533002138138 human test loss 5.685943186283112
number of simulation seqeuences: 224032number of human seqeuences: 0 sim test loss: 4.498743996024132 human test loss 5.636437565088272
number of simulation seqeuences: 230432number of human seqeuences: 0 sim test loss: 4.39846695959568 human test loss 5.671526372432709
number of simulation seqeuences: 236832number of human seqeuences: 0 sim test loss: 4.5144838988780975 human test loss 5.6218747198581696
number of simulation seqeuences: 243232number of human seqeuences: 0 sim test loss: 4.470130920410156 human test loss 5.581975340843201
number of simulation seqeuences: 249632number of human seqeuences: 0 sim test loss: 4.422487139701843 human test loss 5.655515909194946
number of simulation seqeuences: 256032number of human seqeuences: 0 sim test loss: 4.433547779917717 human test loss 5.680767178535461
number of simulation seqeuences: 262432number of human seqeuences: 0 sim test loss: 4.487361133098602 human test loss 5.579453378915787
number of simulation seqeuences: 268832number of human seqeuences: 0 sim test loss: 4.3903618901968 human test loss 5.711157381534576
number of simulation seqeuences: 275232number of human seqeuences: 0 sim test loss: 4.464565604925156 human test loss 5.670455574989319
number of simulation seqeuences: 281632number of human seqeuences: 0 sim test loss: 4.424515560269356 human test loss 5.700439870357513
number of simulation seqeuences: 288032number of human seqeuences: 0 sim test loss: 4.364770889282227 human test loss 5.764895856380463
number of simulation seqeuences: 294432number of human seqeuences: 0 sim test loss: 4.4023533165454865 human test loss 5.6611389219760895
number of simulation seqeuences: 300832number of human seqeuences: 0 sim test loss: 4.344898134469986 human test loss 5.7628922164440155
number of simulation seqeuences: 307232number of human seqeuences: 0 sim test loss: 4.399904578924179 human test loss 5.65859055519104
number of simulation seqeuences: 313632number of human seqeuences: 0 sim test loss: 4.385648548603058 human test loss 5.651520013809204
number of simulation seqeuences: 320032number of human seqeuences: 0 sim test loss: 4.393265143036842 human test loss 5.627567946910858
number of simulation seqeuences: 326432number of human seqeuences: 0 sim test loss: 4.38617217540741 human test loss 5.616894036531448
number of simulation seqeuences: 332832number of human seqeuences: 0 sim test loss: 4.384462803602219 human test loss 5.655933320522308
number of simulation seqeuences: 339232number of human seqeuences: 0 sim test loss: 4.376516476273537 human test loss 5.64525631070137
number of simulation seqeuences: 345632number of human seqeuences: 0 sim test loss: 4.3850457072258 human test loss 5.600151777267456
number of simulation seqeuences: 352032number of human seqeuences: 0 sim test loss: 4.328497931361198 human test loss 5.707718938589096
number of simulation seqeuences: 358432number of human seqeuences: 0 sim test loss: 4.349650293588638 human test loss 5.673211842775345
number of simulation seqeuences: 364832number of human seqeuences: 0 sim test loss: 4.366525486111641 human test loss 5.6255806386470795
number of simulation seqeuences: 371232number of human seqeuences: 0 sim test loss: 4.386729285120964 human test loss 5.643138766288757
number of simulation seqeuences: 377632number of human seqeuences: 0 sim test loss: 4.345586359500885 human test loss 5.6794154942035675
number of simulation seqeuences: 384032number of human seqeuences: 0 sim test loss: 4.335089385509491 human test loss 5.650863617658615
number of simulation seqeuences: 390432number of human seqeuences: 0 sim test loss: 4.414146229624748 human test loss 5.580165714025497
number of simulation seqeuences: 396832number of human seqeuences: 0 sim test loss: 4.373994156718254 human test loss 5.611892431974411
number of simulation seqeuences: 403232number of human seqeuences: 0 sim test loss: 4.3226533979177475 human test loss 5.679903447628021
number of simulation seqeuences: 409632number of human seqeuences: 0 sim test loss: 4.307543143630028 human test loss 5.747310906648636
number of simulation seqeuences: 416032number of human seqeuences: 0 sim test loss: 4.346641808748245 human test loss 5.658457279205322
number of simulation seqeuences: 422432number of human seqeuences: 0 sim test loss: 4.340452969074249 human test loss 5.626286953687668
number of simulation seqeuences: 428832number of human seqeuences: 0 sim test loss: 4.3146567195653915 human test loss 5.6798931658267975
number of simulation seqeuences: 435232number of human seqeuences: 0 sim test loss: 4.351778507232666 human test loss 5.646509617567062
number of simulation seqeuences: 441632number of human seqeuences: 0 sim test loss: 4.296273231506348 human test loss 5.711181342601776
number of simulation seqeuences: 448032number of human seqeuences: 0 sim test loss: 4.419715881347656 human test loss 5.524580717086792
number of simulation seqeuences: 454432number of human seqeuences: 0 sim test loss: 4.345739722251892 human test loss 5.567989736795425
number of simulation seqeuences: 460832number of human seqeuences: 0 sim test loss: 4.377849951386452 human test loss 5.573490560054779
number of simulation seqeuences: 467232number of human seqeuences: 0 sim test loss: 4.43929947912693 human test loss 5.559872657060623
number of simulation seqeuences: 473632number of human seqeuences: 0 sim test loss: 4.328873857855797 human test loss 5.637193560600281
number of simulation seqeuences: 480032number of human seqeuences: 0 sim test loss: 4.343692734837532 human test loss 5.57133811712265
number of simulation seqeuences: 486432number of human seqeuences: 0 sim test loss: 4.3295223116874695 human test loss 5.61447012424469
number of simulation seqeuences: 492832number of human seqeuences: 0 sim test loss: 4.366804748773575 human test loss 5.632830023765564
number of simulation seqeuences: 499232number of human seqeuences: 0 sim test loss: 4.310004368424416 human test loss 5.661121249198914
number of simulation seqeuences: 505632number of human seqeuences: 0 sim test loss: 4.337164282798767 human test loss 5.619400322437286
number of simulation seqeuences: 512032number of human seqeuences: 0 sim test loss: 4.323036536574364 human test loss 5.598439067602158
number of simulation seqeuences: 518432number of human seqeuences: 0 sim test loss: 4.398420140147209 human test loss 5.550668627023697
number of simulation seqeuences: 524832number of human seqeuences: 0 sim test loss: 4.354206129908562 human test loss 5.5426410138607025
number of simulation seqeuences: 531232number of human seqeuences: 0 sim test loss: 4.338493883609772 human test loss 5.589079737663269
number of simulation seqeuences: 537632number of human seqeuences: 0 sim test loss: 4.3275920152664185 human test loss 5.633384674787521
number of simulation seqeuences: 544032number of human seqeuences: 0 sim test loss: 4.2824011743068695 human test loss 5.64797642827034
number of simulation seqeuences: 550432number of human seqeuences: 0 sim test loss: 4.303512588143349 human test loss 5.6817459762096405
number of simulation seqeuences: 556832number of human seqeuences: 0 sim test loss: 4.338180810213089 human test loss 5.557212740182877
number of simulation seqeuences: 563232number of human seqeuences: 0 sim test loss: 4.268447741866112 human test loss 5.634566783905029
number of simulation seqeuences: 569632number of human seqeuences: 0 sim test loss: 4.299460515379906 human test loss 5.646024852991104
number of simulation seqeuences: 576032number of human seqeuences: 0 sim test loss: 4.292026877403259 human test loss 5.609720945358276
number of simulation seqeuences: 582432number of human seqeuences: 0 sim test loss: 4.291236832737923 human test loss 5.6508569419384
number of simulation seqeuences: 588832number of human seqeuences: 0 sim test loss: 4.306258112192154 human test loss 5.654778748750687
number of simulation seqeuences: 595232number of human seqeuences: 0 sim test loss: 4.302221268415451 human test loss 5.609402805566788
number of simulation seqeuences: 601632number of human seqeuences: 0 sim test loss: 4.2804882526397705 human test loss 5.715585827827454
number of simulation seqeuences: 608032number of human seqeuences: 0 sim test loss: 4.3000640124082565 human test loss 5.575493723154068
number of simulation seqeuences: 614432number of human seqeuences: 0 sim test loss: 4.351764559745789 human test loss 5.560008019208908
number of simulation seqeuences: 620832number of human seqeuences: 0 sim test loss: 4.326348066329956 human test loss 5.595786452293396
number of simulation seqeuences: 627232number of human seqeuences: 0 sim test loss: 4.29398450255394 human test loss 5.596437960863113
number of simulation seqeuences: 633632number of human seqeuences: 0 sim test loss: 4.298983663320541 human test loss 5.671256572008133
number of simulation seqeuences: 640032number of human seqeuences: 0 sim test loss: 4.313971191644669 human test loss 5.63750347495079
number of simulation seqeuences: 646432number of human seqeuences: 0 sim test loss: 4.292605832219124 human test loss 5.654556959867477
number of simulation seqeuences: 652832number of human seqeuences: 0 sim test loss: 4.312402307987213 human test loss 5.575401604175568
number of simulation seqeuences: 659232number of human seqeuences: 0 sim test loss: 4.324410855770111 human test loss 5.589576244354248
number of simulation seqeuences: 665632number of human seqeuences: 0 sim test loss: 4.25976088643074 human test loss 5.72583732008934
number of simulation seqeuences: 672032number of human seqeuences: 0 sim test loss: 4.349877402186394 human test loss 5.576280772686005
number of simulation seqeuences: 678432number of human seqeuences: 0 sim test loss: 4.332036420702934 human test loss 5.5778555274009705
number of simulation seqeuences: 684832number of human seqeuences: 0 sim test loss: 4.281346634030342 human test loss 5.624310195446014
number of simulation seqeuences: 691232number of human seqeuences: 0 sim test loss: 4.319525897502899 human test loss 5.571817189455032
number of simulation seqeuences: 697632number of human seqeuences: 0 sim test loss: 4.272862866520882 human test loss 5.627079576253891
number of simulation seqeuences: 704032number of human seqeuences: 0 sim test loss: 4.27583247423172 human test loss 5.649870544672012
number of simulation seqeuences: 710432number of human seqeuences: 0 sim test loss: 4.343289777636528 human test loss 5.647349387407303
number of simulation seqeuences: 716832number of human seqeuences: 0 sim test loss: 4.274603545665741 human test loss 5.6281664073467255
number of simulation seqeuences: 723232number of human seqeuences: 0 sim test loss: 4.297511041164398 human test loss 5.6262840032577515
number of simulation seqeuences: 729632number of human seqeuences: 0 sim test loss: 4.347652181982994 human test loss 5.644941449165344
number of simulation seqeuences: 736032number of human seqeuences: 0 sim test loss: 4.354667499661446 human test loss 5.538189142942429
number of simulation seqeuences: 742432number of human seqeuences: 0 sim test loss: 4.273587912321091 human test loss 5.700543284416199
number of simulation seqeuences: 748832number of human seqeuences: 0 sim test loss: 4.294205024838448 human test loss 5.630919188261032
number of simulation seqeuences: 755232number of human seqeuences: 0 sim test loss: 4.29576201736927 human test loss 5.60686782002449
number of simulation seqeuences: 761632number of human seqeuences: 0 sim test loss: 4.307931944727898 human test loss 5.550899356603622
number of simulation seqeuences: 768032number of human seqeuences: 0 sim test loss: 4.395545959472656 human test loss 5.555422127246857
number of simulation seqeuences: 774432number of human seqeuences: 0 sim test loss: 4.283088654279709 human test loss 5.679902970790863
number of simulation seqeuences: 780832number of human seqeuences: 0 sim test loss: 4.307384237647057 human test loss 5.602431774139404
number of simulation seqeuences: 787232number of human seqeuences: 0 sim test loss: 4.335056826472282 human test loss 5.598205238580704
number of simulation seqeuences: 793632number of human seqeuences: 0 sim test loss: 4.311464905738831 human test loss 5.610841691493988
number of simulation seqeuences: 800032number of human seqeuences: 0 sim test loss: 4.257839113473892 human test loss 5.603733062744141
number of simulation seqeuences: 806432number of human seqeuences: 0 sim test loss: 4.274600476026535 human test loss 5.611943542957306
number of simulation seqeuences: 812832number of human seqeuences: 0 sim test loss: 4.295679613947868 human test loss 5.627006322145462
number of simulation seqeuences: 819232number of human seqeuences: 0 sim test loss: 4.271144419908524 human test loss 5.619437366724014
number of simulation seqeuences: 825632number of human seqeuences: 0 sim test loss: 4.324274897575378 human test loss 5.56282764673233
number of simulation seqeuences: 832032number of human seqeuences: 0 sim test loss: 4.314975619316101 human test loss 5.617801636457443
number of simulation seqeuences: 838432number of human seqeuences: 0 sim test loss: 4.333052635192871 human test loss 5.577505648136139
number of simulation seqeuences: 844832number of human seqeuences: 0 sim test loss: 4.362184897065163 human test loss 5.52711620926857
number of simulation seqeuences: 851232number of human seqeuences: 0 sim test loss: 4.2463134080171585 human test loss 5.677471905946732
number of simulation seqeuences: 857632number of human seqeuences: 0 sim test loss: 4.388660162687302 human test loss 5.604700535535812
number of simulation seqeuences: 864032number of human seqeuences: 0 sim test loss: 4.297280058264732 human test loss 5.599254220724106
