My SLURM_ARRAY_JOB_ID is 50569343.
My SLURM_ARRAY_TASK_ID is 2
Executing on the machine: della-l01g2
3
{'model_name': 'GRU', 'train_seq_part': 'fix_and_choice', 'n_simulation_sequences_train': 998432, 'n_human_sequences_train': 1004800, 'n_sequences_test': 500, 'n_sequences_final_performance': 500, 'd_model': 64, 'n_layers': 0, 'n_head': 0, 'sim_lr': 0.001, 'human_lr': 1e-05, 'batch_size': 32, 'dropout': 0.1, 'run_idx': 20, 'on_cluster': True, 'test_batch_increment_sim': 200, 'test_batch_increment_human': 200, 'save_folder_name': 'Sequential_Best_Param_Results_F', 'save_file_name': 'fix_and_choice_Simulated_and_Human_GRU_ID_run_20', 'fix_unit': 'ID'}
<class 'numpy.int64'>
Loading Data
cuda:0
Training the model
Training on simulated data
number of simulation seqeuences: 6432number of human seqeuences: 0 sim test loss: 5.31963112950325 human test loss 5.9549916088581085
number of simulation seqeuences: 12832number of human seqeuences: 0 sim test loss: 5.210207015275955 human test loss 5.86549636721611
number of simulation seqeuences: 19232number of human seqeuences: 0 sim test loss: 5.158252269029617 human test loss 5.90684649348259
number of simulation seqeuences: 25632number of human seqeuences: 0 sim test loss: 5.14461025595665 human test loss 5.936495423316956
number of simulation seqeuences: 32032number of human seqeuences: 0 sim test loss: 5.077521666884422 human test loss 5.85930135846138
number of simulation seqeuences: 38432number of human seqeuences: 0 sim test loss: 5.0787084102630615 human test loss 5.9263995587825775
number of simulation seqeuences: 44832number of human seqeuences: 0 sim test loss: 5.004626929759979 human test loss 5.798157334327698
number of simulation seqeuences: 51232number of human seqeuences: 0 sim test loss: 4.973117724061012 human test loss 5.86560195684433
number of simulation seqeuences: 57632number of human seqeuences: 0 sim test loss: 4.922987446188927 human test loss 5.849688351154327
number of simulation seqeuences: 64032number of human seqeuences: 0 sim test loss: 4.925031006336212 human test loss 5.875910103321075
number of simulation seqeuences: 70432number of human seqeuences: 0 sim test loss: 4.918963044881821 human test loss 5.9891349375247955
number of simulation seqeuences: 76832number of human seqeuences: 0 sim test loss: 4.931644976139069 human test loss 5.792822450399399
number of simulation seqeuences: 83232number of human seqeuences: 0 sim test loss: 4.936104282736778 human test loss 6.048693001270294
number of simulation seqeuences: 89632number of human seqeuences: 0 sim test loss: 4.879320532083511 human test loss 5.9244018495082855
number of simulation seqeuences: 96032number of human seqeuences: 0 sim test loss: 4.880675137042999 human test loss 5.8998435735702515
number of simulation seqeuences: 102432number of human seqeuences: 0 sim test loss: 4.887059301137924 human test loss 5.888379782438278
number of simulation seqeuences: 108832number of human seqeuences: 0 sim test loss: 4.9215535670518875 human test loss 5.809038281440735
number of simulation seqeuences: 115232number of human seqeuences: 0 sim test loss: 4.871091157197952 human test loss 5.832755357027054
number of simulation seqeuences: 121632number of human seqeuences: 0 sim test loss: 4.896799013018608 human test loss 5.962903767824173
number of simulation seqeuences: 128032number of human seqeuences: 0 sim test loss: 4.864880815148354 human test loss 5.853422254323959
number of simulation seqeuences: 134432number of human seqeuences: 0 sim test loss: 4.875224173069 human test loss 5.862655371427536
number of simulation seqeuences: 140832number of human seqeuences: 0 sim test loss: 4.867180421948433 human test loss 5.883102893829346
number of simulation seqeuences: 147232number of human seqeuences: 0 sim test loss: 4.893849790096283 human test loss 6.065035313367844
number of simulation seqeuences: 153632number of human seqeuences: 0 sim test loss: 4.849692240357399 human test loss 5.976513892412186
number of simulation seqeuences: 160032number of human seqeuences: 0 sim test loss: 4.846794009208679 human test loss 5.86842080950737
number of simulation seqeuences: 166432number of human seqeuences: 0 sim test loss: 4.844461157917976 human test loss 5.8973060846328735
number of simulation seqeuences: 172832number of human seqeuences: 0 sim test loss: 4.847162291407585 human test loss 5.874082535505295
number of simulation seqeuences: 179232number of human seqeuences: 0 sim test loss: 4.81927689909935 human test loss 5.9548240303993225
number of simulation seqeuences: 185632number of human seqeuences: 0 sim test loss: 4.869802623987198 human test loss 5.859204441308975
number of simulation seqeuences: 192032number of human seqeuences: 0 sim test loss: 4.8013850301504135 human test loss 5.98097437620163
number of simulation seqeuences: 198432number of human seqeuences: 0 sim test loss: 4.805040284991264 human test loss 6.000341445207596
number of simulation seqeuences: 204832number of human seqeuences: 0 sim test loss: 4.803962454199791 human test loss 5.963770478963852
number of simulation seqeuences: 211232number of human seqeuences: 0 sim test loss: 4.8246301263570786 human test loss 5.84676405787468
number of simulation seqeuences: 217632number of human seqeuences: 0 sim test loss: 4.7806218564510345 human test loss 5.970525830984116
number of simulation seqeuences: 224032number of human seqeuences: 0 sim test loss: 4.795637100934982 human test loss 5.879342555999756
number of simulation seqeuences: 230432number of human seqeuences: 0 sim test loss: 4.762706771492958 human test loss 5.931030064821243
number of simulation seqeuences: 236832number of human seqeuences: 0 sim test loss: 4.756689235568047 human test loss 6.023199439048767
number of simulation seqeuences: 243232number of human seqeuences: 0 sim test loss: 4.778261974453926 human test loss 5.968557298183441
number of simulation seqeuences: 249632number of human seqeuences: 0 sim test loss: 4.751840233802795 human test loss 5.925380319356918
number of simulation seqeuences: 256032number of human seqeuences: 0 sim test loss: 4.748606130480766 human test loss 5.932908445596695
number of simulation seqeuences: 262432number of human seqeuences: 0 sim test loss: 4.71804116666317 human test loss 6.015932857990265
number of simulation seqeuences: 268832number of human seqeuences: 0 sim test loss: 4.818312734365463 human test loss 5.925960898399353
number of simulation seqeuences: 275232number of human seqeuences: 0 sim test loss: 4.775506377220154 human test loss 5.983141601085663
number of simulation seqeuences: 281632number of human seqeuences: 0 sim test loss: 4.726750805974007 human test loss 5.949717491865158
number of simulation seqeuences: 288032number of human seqeuences: 0 sim test loss: 4.75024251639843 human test loss 5.937441527843475
number of simulation seqeuences: 294432number of human seqeuences: 0 sim test loss: 4.767643451690674 human test loss 5.883359283208847
number of simulation seqeuences: 300832number of human seqeuences: 0 sim test loss: 4.699693351984024 human test loss 5.966646194458008
number of simulation seqeuences: 307232number of human seqeuences: 0 sim test loss: 4.709361165761948 human test loss 5.983699560165405
number of simulation seqeuences: 313632number of human seqeuences: 0 sim test loss: 4.752229273319244 human test loss 5.946815997362137
number of simulation seqeuences: 320032number of human seqeuences: 0 sim test loss: 4.747780010104179 human test loss 6.083865225315094
number of simulation seqeuences: 326432number of human seqeuences: 0 sim test loss: 4.671025514602661 human test loss 6.002411782741547
number of simulation seqeuences: 332832number of human seqeuences: 0 sim test loss: 4.719293013215065 human test loss 5.962827146053314
number of simulation seqeuences: 339232number of human seqeuences: 0 sim test loss: 4.759748160839081 human test loss 5.849553257226944
number of simulation seqeuences: 345632number of human seqeuences: 0 sim test loss: 4.739632681012154 human test loss 5.882376283407211
number of simulation seqeuences: 352032number of human seqeuences: 0 sim test loss: 4.654036283493042 human test loss 6.123238563537598
number of simulation seqeuences: 358432number of human seqeuences: 0 sim test loss: 4.708315014839172 human test loss 5.878376692533493
number of simulation seqeuences: 364832number of human seqeuences: 0 sim test loss: 4.693714365363121 human test loss 6.119012534618378
number of simulation seqeuences: 371232number of human seqeuences: 0 sim test loss: 4.688130661845207 human test loss 5.918313205242157
number of simulation seqeuences: 377632number of human seqeuences: 0 sim test loss: 4.644848316907883 human test loss 6.001496136188507
number of simulation seqeuences: 384032number of human seqeuences: 0 sim test loss: 4.666623473167419 human test loss 5.987703651189804
number of simulation seqeuences: 390432number of human seqeuences: 0 sim test loss: 4.8087702095508575 human test loss 5.87078258395195
number of simulation seqeuences: 396832number of human seqeuences: 0 sim test loss: 4.7172529101371765 human test loss 5.8517051339149475
number of simulation seqeuences: 403232number of human seqeuences: 0 sim test loss: 4.834281533956528 human test loss 5.8464129865169525
number of simulation seqeuences: 409632number of human seqeuences: 0 sim test loss: 4.8322140872478485 human test loss 5.8324181735515594
number of simulation seqeuences: 416032number of human seqeuences: 0 sim test loss: 4.716671049594879 human test loss 5.832272380590439
number of simulation seqeuences: 422432number of human seqeuences: 0 sim test loss: 4.686655879020691 human test loss 5.901023030281067
number of simulation seqeuences: 428832number of human seqeuences: 0 sim test loss: 4.652874708175659 human test loss 6.015034019947052
number of simulation seqeuences: 435232number of human seqeuences: 0 sim test loss: 4.69430248439312 human test loss 5.882846236228943
number of simulation seqeuences: 441632number of human seqeuences: 0 sim test loss: 4.6872518211603165 human test loss 5.89572548866272
number of simulation seqeuences: 448032number of human seqeuences: 0 sim test loss: 4.656669616699219 human test loss 6.038797557353973
number of simulation seqeuences: 454432number of human seqeuences: 0 sim test loss: 4.728579565882683 human test loss 5.911784082651138
number of simulation seqeuences: 460832number of human seqeuences: 0 sim test loss: 4.687271401286125 human test loss 5.929741948843002
number of simulation seqeuences: 467232number of human seqeuences: 0 sim test loss: 4.674633160233498 human test loss 6.026759922504425
number of simulation seqeuences: 473632number of human seqeuences: 0 sim test loss: 4.687749311327934 human test loss 5.894330739974976
number of simulation seqeuences: 480032number of human seqeuences: 0 sim test loss: 4.662810772657394 human test loss 5.860366106033325
number of simulation seqeuences: 486432number of human seqeuences: 0 sim test loss: 4.711813852190971 human test loss 5.851238012313843
number of simulation seqeuences: 492832number of human seqeuences: 0 sim test loss: 4.688916265964508 human test loss 5.9521863758563995
number of simulation seqeuences: 499232number of human seqeuences: 0 sim test loss: 4.732814773917198 human test loss 5.801028400659561
number of simulation seqeuences: 505632number of human seqeuences: 0 sim test loss: 4.724031835794449 human test loss 5.916997879743576
number of simulation seqeuences: 512032number of human seqeuences: 0 sim test loss: 4.690262392163277 human test loss 5.8619754910469055
number of simulation seqeuences: 518432number of human seqeuences: 0 sim test loss: 4.635471895337105 human test loss 6.0024473965168
number of simulation seqeuences: 524832number of human seqeuences: 0 sim test loss: 4.643622264266014 human test loss 5.916760444641113
number of simulation seqeuences: 531232number of human seqeuences: 0 sim test loss: 4.671115458011627 human test loss 5.9739119708538055
number of simulation seqeuences: 537632number of human seqeuences: 0 sim test loss: 4.6904792338609695 human test loss 5.851407438516617
number of simulation seqeuences: 544032number of human seqeuences: 0 sim test loss: 4.656466171145439 human test loss 5.916211903095245
number of simulation seqeuences: 550432number of human seqeuences: 0 sim test loss: 4.708991006016731 human test loss 5.833826065063477
number of simulation seqeuences: 556832number of human seqeuences: 0 sim test loss: 4.73357318341732 human test loss 5.790715843439102
number of simulation seqeuences: 563232number of human seqeuences: 0 sim test loss: 4.675522342324257 human test loss 5.864668548107147
number of simulation seqeuences: 569632number of human seqeuences: 0 sim test loss: 4.6925962418317795 human test loss 5.825731664896011
number of simulation seqeuences: 576032number of human seqeuences: 0 sim test loss: 4.662599712610245 human test loss 5.942930310964584
number of simulation seqeuences: 582432number of human seqeuences: 0 sim test loss: 4.641463443636894 human test loss 5.933169901371002
number of simulation seqeuences: 588832number of human seqeuences: 0 sim test loss: 4.678400099277496 human test loss 5.842734664678574
number of simulation seqeuences: 595232number of human seqeuences: 0 sim test loss: 4.684350535273552 human test loss 5.914649158716202
number of simulation seqeuences: 601632number of human seqeuences: 0 sim test loss: 4.699844881892204 human test loss 5.863592833280563
number of simulation seqeuences: 608032number of human seqeuences: 0 sim test loss: 4.712751671671867 human test loss 5.832348495721817
number of simulation seqeuences: 614432number of human seqeuences: 0 sim test loss: 4.722139596939087 human test loss 5.817917197942734
number of simulation seqeuences: 620832number of human seqeuences: 0 sim test loss: 4.671520248055458 human test loss 5.891637474298477
number of simulation seqeuences: 627232number of human seqeuences: 0 sim test loss: 4.7420241087675095 human test loss 5.815284192562103
number of simulation seqeuences: 633632number of human seqeuences: 0 sim test loss: 4.648968666791916 human test loss 5.852532356977463
number of simulation seqeuences: 640032number of human seqeuences: 0 sim test loss: 4.651767626404762 human test loss 5.980965852737427
number of simulation seqeuences: 646432number of human seqeuences: 0 sim test loss: 4.7705283761024475 human test loss 5.838847041130066
number of simulation seqeuences: 652832number of human seqeuences: 0 sim test loss: 4.66926683485508 human test loss 5.8572472631931305
number of simulation seqeuences: 659232number of human seqeuences: 0 sim test loss: 4.617495521903038 human test loss 5.9874319434165955
number of simulation seqeuences: 665632number of human seqeuences: 0 sim test loss: 4.68779581785202 human test loss 5.874229073524475
number of simulation seqeuences: 672032number of human seqeuences: 0 sim test loss: 4.6584237068891525 human test loss 5.8840983510017395
number of simulation seqeuences: 678432number of human seqeuences: 0 sim test loss: 4.676732629537582 human test loss 5.908221125602722
number of simulation seqeuences: 684832number of human seqeuences: 0 sim test loss: 4.6772588193416595 human test loss 5.88319993019104
number of simulation seqeuences: 691232number of human seqeuences: 0 sim test loss: 4.718649238348007 human test loss 6.039538860321045
number of simulation seqeuences: 697632number of human seqeuences: 0 sim test loss: 4.67786231637001 human test loss 5.929251670837402
number of simulation seqeuences: 704032number of human seqeuences: 0 sim test loss: 4.69452366232872 human test loss 5.865153551101685
number of simulation seqeuences: 710432number of human seqeuences: 0 sim test loss: 4.655550584197044 human test loss 5.906257390975952
number of simulation seqeuences: 716832number of human seqeuences: 0 sim test loss: 4.667321547865868 human test loss 5.851237952709198
number of simulation seqeuences: 723232number of human seqeuences: 0 sim test loss: 4.681242793798447 human test loss 5.873261630535126
number of simulation seqeuences: 729632number of human seqeuences: 0 sim test loss: 4.692711919546127 human test loss 5.8309314250946045
number of simulation seqeuences: 736032number of human seqeuences: 0 sim test loss: 4.669999748468399 human test loss 5.844035506248474
number of simulation seqeuences: 742432number of human seqeuences: 0 sim test loss: 4.692848712205887 human test loss 5.806968808174133
number of simulation seqeuences: 748832number of human seqeuences: 0 sim test loss: 4.660483554005623 human test loss 5.950715273618698
number of simulation seqeuences: 755232number of human seqeuences: 0 sim test loss: 4.726980775594711 human test loss 5.775568068027496
number of simulation seqeuences: 761632number of human seqeuences: 0 sim test loss: 4.693123206496239 human test loss 5.8116224110126495
number of simulation seqeuences: 768032number of human seqeuences: 0 sim test loss: 4.639750242233276 human test loss 5.980669140815735
number of simulation seqeuences: 774432number of human seqeuences: 0 sim test loss: 4.654949560761452 human test loss 5.924121052026749
number of simulation seqeuences: 780832number of human seqeuences: 0 sim test loss: 4.658649981021881 human test loss 5.83507114648819
number of simulation seqeuences: 787232number of human seqeuences: 0 sim test loss: 4.65703646838665 human test loss 5.840007662773132
number of simulation seqeuences: 793632number of human seqeuences: 0 sim test loss: 4.6988420486450195 human test loss 5.806047111749649
number of simulation seqeuences: 800032number of human seqeuences: 0 sim test loss: 4.678742066025734 human test loss 5.831891894340515
number of simulation seqeuences: 806432number of human seqeuences: 0 sim test loss: 4.677969679236412 human test loss 5.825002312660217
number of simulation seqeuences: 812832number of human seqeuences: 0 sim test loss: 4.6951135993003845 human test loss 5.805811524391174
number of simulation seqeuences: 819232number of human seqeuences: 0 sim test loss: 4.636757582426071 human test loss 6.009555786848068
number of simulation seqeuences: 825632number of human seqeuences: 0 sim test loss: 4.623136654496193 human test loss 5.884123921394348
number of simulation seqeuences: 832032number of human seqeuences: 0 sim test loss: 4.6360271871089935 human test loss 5.861704081296921
number of simulation seqeuences: 838432number of human seqeuences: 0 sim test loss: 4.716947376728058 human test loss 5.833915203809738
number of simulation seqeuences: 844832number of human seqeuences: 0 sim test loss: 4.668149396777153 human test loss 5.853511989116669
number of simulation seqeuences: 851232number of human seqeuences: 0 sim test loss: 4.664352834224701 human test loss 5.9820795357227325
number of simulation seqeuences: 857632number of human seqeuences: 0 sim test loss: 4.670956119894981 human test loss 5.919461578130722
number of simulation seqeuences: 864032number of human seqeuences: 0 sim test loss: 4.673636376857758 human test loss 5.852157652378082
number of simulation seqeuences: 870432number of human seqeuences: 0 sim test loss: 4.6650290340185165 human test loss 5.815007150173187
number of simulation seqeuences: 876832number of human seqeuences: 0 sim test loss: 4.680783897638321 human test loss 5.808046907186508
number of simulation seqeuences: 883232number of human seqeuences: 0 sim test loss: 4.625918433070183 human test loss 5.890656411647797
number of simulation seqeuences: 889632number of human seqeuences: 0 sim test loss: 4.684783324599266 human test loss 5.849305063486099
number of simulation seqeuences: 896032number of human seqeuences: 0 sim test loss: 4.648523360490799 human test loss 5.910648345947266
number of simulation seqeuences: 902432number of human seqeuences: 0 sim test loss: 4.671122282743454 human test loss 5.874869734048843
number of simulation seqeuences: 908832number of human seqeuences: 0 sim test loss: 4.682231932878494 human test loss 5.837815046310425
number of simulation seqeuences: 915232number of human seqeuences: 0 sim test loss: 4.663496404886246 human test loss 5.8617092072963715
number of simulation seqeuences: 921632number of human seqeuences: 0 sim test loss: 4.663073644042015 human test loss 5.83919233083725
number of simulation seqeuences: 928032number of human seqeuences: 0 sim test loss: 4.64795508980751 human test loss 5.833082735538483
number of simulation seqeuences: 934432number of human seqeuences: 0 sim test loss: 4.6662787944078445 human test loss 5.823490917682648
number of simulation seqeuences: 940832number of human seqeuences: 0 sim test loss: 4.6721289455890656 human test loss 5.8741967380046844
number of simulation seqeuences: 947232number of human seqeuences: 0 sim test loss: 4.689749017357826 human test loss 5.863400816917419
number of simulation seqeuences: 953632number of human seqeuences: 0 sim test loss: 4.631369024515152 human test loss 5.879486918449402
number of simulation seqeuences: 960032number of human seqeuences: 0 sim test loss: 4.650029242038727 human test loss 5.830186605453491
number of simulation seqeuences: 966432number of human seqeuences: 0 sim test loss: 4.631303131580353 human test loss 5.799014002084732
number of simulation seqeuences: 972832number of human seqeuences: 0 sim test loss: 4.644764453172684 human test loss 5.822481036186218
number of simulation seqeuences: 979232number of human seqeuences: 0 sim test loss: 4.657338619232178 human test loss 5.8205399215221405
number of simulation seqeuences: 985632number of human seqeuences: 0 sim test loss: 4.6507406532764435 human test loss 5.87494632601738
number of simulation seqeuences: 992032number of human seqeuences: 0 sim test loss: 4.6445213705301285 human test loss 5.882852017879486
number of simulation seqeuences: 998432number of human seqeuences: 0 sim test loss: 4.66935758292675 human test loss 5.8051436841487885
Training on human data
number of simulation seqeuences: 998432number of human seqeuences: 6400 sim test loss: 4.6922669261693954 human test loss 5.771312773227692
number of simulation seqeuences: 998432number of human seqeuences: 12800 sim test loss: 4.716607049107552 human test loss 5.744892090559006
number of simulation seqeuences: 998432number of human seqeuences: 19200 sim test loss: 4.74117448925972 human test loss 5.724654465913773
number of simulation seqeuences: 998432number of human seqeuences: 25600 sim test loss: 4.764450579881668 human test loss 5.707931876182556
number of simulation seqeuences: 998432number of human seqeuences: 32000 sim test loss: 4.787346214056015 human test loss 5.694494158029556
number of simulation seqeuences: 998432number of human seqeuences: 38400 sim test loss: 4.808477103710175 human test loss 5.682969391345978
number of simulation seqeuences: 998432number of human seqeuences: 51200 sim test loss: 4.846550643444061 human test loss 5.664598196744919
number of simulation seqeuences: 998432number of human seqeuences: 57600 sim test loss: 4.863161355257034 human test loss 5.656627506017685
number of simulation seqeuences: 998432number of human seqeuences: 64000 sim test loss: 4.87911120057106 human test loss 5.650135636329651
number of simulation seqeuences: 998432number of human seqeuences: 70400 sim test loss: 4.8928548991680145 human test loss 5.6437123119831085
number of simulation seqeuences: 998432number of human seqeuences: 76800 sim test loss: 4.906139999628067 human test loss 5.638373225927353
number of simulation seqeuences: 998432number of human seqeuences: 83200 sim test loss: 4.917725056409836 human test loss 5.633296936750412
number of simulation seqeuences: 998432number of human seqeuences: 96000 sim test loss: 4.938581317663193 human test loss 5.624653369188309
number of simulation seqeuences: 998432number of human seqeuences: 102400 sim test loss: 4.947405695915222 human test loss 5.620417058467865
number of simulation seqeuences: 998432number of human seqeuences: 108800 sim test loss: 4.956404775381088 human test loss 5.617155760526657
number of simulation seqeuences: 998432number of human seqeuences: 115200 sim test loss: 4.963739305734634 human test loss 5.613521337509155
number of simulation seqeuences: 998432number of human seqeuences: 121600 sim test loss: 4.971526473760605 human test loss 5.610617846250534
number of simulation seqeuences: 998432number of human seqeuences: 128000 sim test loss: 4.978242427110672 human test loss 5.607687562704086
number of simulation seqeuences: 998432number of human seqeuences: 140800 sim test loss: 4.9907209277153015 human test loss 5.602488845586777
number of simulation seqeuences: 998432number of human seqeuences: 147200 sim test loss: 4.995921164751053 human test loss 5.599631905555725
number of simulation seqeuences: 998432number of human seqeuences: 153600 sim test loss: 5.001700282096863 human test loss 5.597589045763016
number of simulation seqeuences: 998432number of human seqeuences: 160000 sim test loss: 5.00600728392601 human test loss 5.595036864280701
number of simulation seqeuences: 998432number of human seqeuences: 166400 sim test loss: 5.010994553565979 human test loss 5.593070924282074
number of simulation seqeuences: 998432number of human seqeuences: 172800 sim test loss: 5.015159428119659 human test loss 5.591009736061096
number of simulation seqeuences: 998432number of human seqeuences: 185600 sim test loss: 5.023311227560043 human test loss 5.5873828530311584
number of simulation seqeuences: 998432number of human seqeuences: 192000 sim test loss: 5.026632398366928 human test loss 5.585270255804062
number of simulation seqeuences: 998432number of human seqeuences: 198400 sim test loss: 5.0307357609272 human test loss 5.583923488855362
number of simulation seqeuences: 998432number of human seqeuences: 204800 sim test loss: 5.033582538366318 human test loss 5.582059949636459
number of simulation seqeuences: 998432number of human seqeuences: 211200 sim test loss: 5.037226915359497 human test loss 5.580747604370117
number of simulation seqeuences: 998432number of human seqeuences: 217600 sim test loss: 5.0402436554431915 human test loss 5.5793182253837585
number of simulation seqeuences: 998432number of human seqeuences: 230400 sim test loss: 5.046294122934341 human test loss 5.5768119394779205
number of simulation seqeuences: 998432number of human seqeuences: 236800 sim test loss: 5.048761039972305 human test loss 5.5752251744270325
number of simulation seqeuences: 998432number of human seqeuences: 243200 sim test loss: 5.052015244960785 human test loss 5.574352145195007
number of simulation seqeuences: 998432number of human seqeuences: 249600 sim test loss: 5.054120421409607 human test loss 5.572961211204529
number of simulation seqeuences: 998432number of human seqeuences: 256000 sim test loss: 5.0570337772369385 human test loss 5.572077363729477
number of simulation seqeuences: 998432number of human seqeuences: 262400 sim test loss: 5.059386819601059 human test loss 5.571032106876373
number of simulation seqeuences: 998432number of human seqeuences: 275200 sim test loss: 5.064217269420624 human test loss 5.569272696971893
number of simulation seqeuences: 998432number of human seqeuences: 281600 sim test loss: 5.066125214099884 human test loss 5.5680111944675446
number of simulation seqeuences: 998432number of human seqeuences: 288000 sim test loss: 5.0688139498233795 human test loss 5.567459017038345
number of simulation seqeuences: 998432number of human seqeuences: 294400 sim test loss: 5.0704081654548645 human test loss 5.566355228424072
number of simulation seqeuences: 998432number of human seqeuences: 300800 sim test loss: 5.072849452495575 human test loss 5.565757632255554
number of simulation seqeuences: 998432number of human seqeuences: 307200 sim test loss: 5.074720084667206 human test loss 5.5649802684783936
number of simulation seqeuences: 998432number of human seqeuences: 320000 sim test loss: 5.078628957271576 human test loss 5.563699901103973
number of simulation seqeuences: 998432number of human seqeuences: 326400 sim test loss: 5.080106258392334 human test loss 5.562657028436661
number of simulation seqeuences: 998432number of human seqeuences: 332800 sim test loss: 5.082397907972336 human test loss 5.562325119972229
number of simulation seqeuences: 998432number of human seqeuences: 339200 sim test loss: 5.08359831571579 human test loss 5.561407625675201
number of simulation seqeuences: 998432number of human seqeuences: 345600 sim test loss: 5.085629522800446 human test loss 5.561005413532257
number of simulation seqeuences: 998432number of human seqeuences: 352000 sim test loss: 5.087168604135513 human test loss 5.560401022434235
number of simulation seqeuences: 998432number of human seqeuences: 364800 sim test loss: 5.090378552675247 human test loss 5.5594474375247955
number of simulation seqeuences: 998432number of human seqeuences: 371200 sim test loss: 5.091535061597824 human test loss 5.5585644245147705
number of simulation seqeuences: 998432number of human seqeuences: 377600 sim test loss: 5.0934688448905945 human test loss 5.55836021900177
number of simulation seqeuences: 998432number of human seqeuences: 384000 sim test loss: 5.094371527433395 human test loss 5.5575752556324005
number of simulation seqeuences: 998432number of human seqeuences: 390400 sim test loss: 5.096066176891327 human test loss 5.557307809591293
number of simulation seqeuences: 998432number of human seqeuences: 396800 sim test loss: 5.09730663895607 human test loss 5.556818664073944
number of simulation seqeuences: 998432number of human seqeuences: 409600 sim test loss: 5.099923521280289 human test loss 5.556090444326401
number of simulation seqeuences: 998432number of human seqeuences: 416000 sim test loss: 5.100791543722153 human test loss 5.555303454399109
